=== STDOUT ===
[CLIENT] Starting transfer: server=10.153.27.102:7735, file=demo_input.bin, N=64, MSS=500, total_segments=2401
[CLIENT] Sent data seq=0
[CLIENT] Sent data seq=1
[CLIENT] Sent data seq=2
[CLIENT] Sent data seq=3
[CLIENT] Sent data seq=4
[CLIENT] Received ACK seq=0
[CLIENT] Received ACK seq=1
Timeout, sequence number = 2
[CLIENT] Received ACK seq=2
[CLIENT] Received ACK seq=3
[CLIENT] Received ACK seq=4
Timeout, sequence number = 21
[CLIENT] Sent data seq=100
Timeout, sequence number = 66
Timeout, sequence number = 70
Timeout, sequence number = 73
Timeout, sequence number = 74
[CLIENT] Received ACK seq=100
Timeout, sequence number = 124
[CLIENT] Sent data seq=200
Timeout, sequence number = 139
Timeout, sequence number = 152
Timeout, sequence number = 165
Timeout, sequence number = 165
[CLIENT] Received ACK seq=200
Timeout, sequence number = 209
[CLIENT] Sent data seq=300
Timeout, sequence number = 279
[CLIENT] Received ACK seq=300
Timeout, sequence number = 301
Timeout, sequence number = 329
[CLIENT] Sent data seq=400
Timeout, sequence number = 374
Timeout, sequence number = 386
[CLIENT] Received ACK seq=400
Timeout, sequence number = 408
Timeout, sequence number = 412
Timeout, sequence number = 429
[CLIENT] Sent data seq=500
Timeout, sequence number = 448
Timeout, sequence number = 464
[CLIENT] Received ACK seq=500
Timeout, sequence number = 529
[CLIENT] Sent data seq=600
Timeout, sequence number = 539
Timeout, sequence number = 568
Timeout, sequence number = 597
[CLIENT] Received ACK seq=600
Timeout, sequence number = 609
Timeout, sequence number = 620
[CLIENT] Sent data seq=700
Timeout, sequence number = 641
Timeout, sequence number = 669
[CLIENT] Received ACK seq=700
Timeout, sequence number = 709
Timeout, sequence number = 710
Timeout, sequence number = 722
[CLIENT] Sent data seq=800
Timeout, sequence number = 752
Timeout, sequence number = 765
Timeout, sequence number = 769
Timeout, sequence number = 780
Timeout, sequence number = 783
[CLIENT] Received ACK seq=800
[CLIENT] Sent data seq=900
Timeout, sequence number = 845
[CLIENT] Received ACK seq=900
Timeout, sequence number = 907
[CLIENT] Sent data seq=1000
[CLIENT] Received ACK seq=1000
Timeout, sequence number = 1007
Timeout, sequence number = 1008
[CLIENT] Sent data seq=1100
Timeout, sequence number = 1080
Timeout, sequence number = 1085
Timeout, sequence number = 1086
[CLIENT] Received ACK seq=1100
Timeout, sequence number = 1112
Timeout, sequence number = 1117
Timeout, sequence number = 1128
Timeout, sequence number = 1134
Timeout, sequence number = 1134
[CLIENT] Sent data seq=1200
Timeout, sequence number = 1143
Timeout, sequence number = 1156
Timeout, sequence number = 1177
Timeout, sequence number = 1177
Timeout, sequence number = 1191
Timeout, sequence number = 1198
Timeout, sequence number = 1199
[CLIENT] Received ACK seq=1200
Timeout, sequence number = 1211
[CLIENT] Sent data seq=1300
Timeout, sequence number = 1292
[CLIENT] Received ACK seq=1300
Timeout, sequence number = 1308
Timeout, sequence number = 1316
[CLIENT] Sent data seq=1400
Timeout, sequence number = 1370
Timeout, sequence number = 1373
Timeout, sequence number = 1375
[CLIENT] Received ACK seq=1400
Timeout, sequence number = 1410
Timeout, sequence number = 1421
[CLIENT] Sent data seq=1500
Timeout, sequence number = 1466
Timeout, sequence number = 1476
Timeout, sequence number = 1492
[CLIENT] Received ACK seq=1500
Timeout, sequence number = 1521
Timeout, sequence number = 1532
Timeout, sequence number = 1534
Timeout, sequence number = 1535
[CLIENT] Sent data seq=1600
Timeout, sequence number = 1542
Timeout, sequence number = 1590
Timeout, sequence number = 1590
[CLIENT] Received ACK seq=1600
[CLIENT] Sent data seq=1700
Timeout, sequence number = 1639
Timeout, sequence number = 1648
[CLIENT] Received ACK seq=1700
Timeout, sequence number = 1708
Timeout, sequence number = 1708
Timeout, sequence number = 1725
Timeout, sequence number = 1729
[CLIENT] Sent data seq=1800
Timeout, sequence number = 1739
Timeout, sequence number = 1782
[CLIENT] Received ACK seq=1800
Timeout, sequence number = 1803
Timeout, sequence number = 1807
Timeout, sequence number = 1831
[CLIENT] Sent data seq=1900
Timeout, sequence number = 1858
Timeout, sequence number = 1862
Timeout, sequence number = 1863
Timeout, sequence number = 1864
Timeout, sequence number = 1870
Timeout, sequence number = 1886
[CLIENT] Received ACK seq=1900
Timeout, sequence number = 1903
Timeout, sequence number = 1904
[CLIENT] Sent data seq=2000
Timeout, sequence number = 1951
Timeout, sequence number = 1980
Timeout, sequence number = 1989
Timeout, sequence number = 1998
[CLIENT] Received ACK seq=2000
[CLIENT] Sent data seq=2100
Timeout, sequence number = 2099
[CLIENT] Received ACK seq=2100
Timeout, sequence number = 2125
Timeout, sequence number = 2132
[CLIENT] Sent data seq=2200
Timeout, sequence number = 2143
Timeout, sequence number = 2172
Timeout, sequence number = 2191
[CLIENT] Received ACK seq=2200
Timeout, sequence number = 2227
[CLIENT] Sent data seq=2300
Timeout, sequence number = 2239
Timeout, sequence number = 2245
Timeout, sequence number = 2259
Timeout, sequence number = 2294
Timeout, sequence number = 2295
[CLIENT] Received ACK seq=2300
Timeout, sequence number = 2311
Timeout, sequence number = 2323
[CLIENT] Sent data seq=2400
Timeout, sequence number = 2338
Timeout, sequence number = 2359
Timeout, sequence number = 2369
Timeout, sequence number = 2390
Timeout, sequence number = 2397
[CLIENT] Received ACK seq=2400
[CLIENT] Summary: sent_packets=2401, ack_packets=2401, retransmitted_packets=7384, timeout_events=118
Transfer complete. Delay = 61.896221 seconds

=== STDERR ===
