=== STDOUT ===
[CLIENT] Starting transfer: server=10.153.27.102:7735, file=demo_input.bin, N=64, MSS=100, total_segments=12001
[CLIENT] Sent data seq=0
[CLIENT] Sent data seq=1
[CLIENT] Sent data seq=2
[CLIENT] Sent data seq=3
[CLIENT] Sent data seq=4
Timeout, sequence number = 0
Timeout, sequence number = 0
Timeout, sequence number = 0
Timeout, sequence number = 0
Timeout, sequence number = 0
Timeout, sequence number = 0
Timeout, sequence number = 0
[CLIENT] Received ACK seq=0
[CLIENT] Received ACK seq=1
[CLIENT] Received ACK seq=2
[CLIENT] Received ACK seq=3
[CLIENT] Received ACK seq=4
Timeout, sequence number = 20
[CLIENT] Sent data seq=100
Timeout, sequence number = 46
Timeout, sequence number = 60
Timeout, sequence number = 60
Timeout, sequence number = 62
Timeout, sequence number = 69
Timeout, sequence number = 76
[CLIENT] Received ACK seq=100
Timeout, sequence number = 112
Timeout, sequence number = 122
[CLIENT] Sent data seq=200
Timeout, sequence number = 141
Timeout, sequence number = 178
[CLIENT] Received ACK seq=200
Timeout, sequence number = 201
Timeout, sequence number = 204
Timeout, sequence number = 209
Timeout, sequence number = 209
Timeout, sequence number = 211
[CLIENT] Sent data seq=300
Timeout, sequence number = 242
Timeout, sequence number = 264
[CLIENT] Received ACK seq=300
Timeout, sequence number = 302
Timeout, sequence number = 332
[CLIENT] Sent data seq=400
Timeout, sequence number = 364
Timeout, sequence number = 390
[CLIENT] Received ACK seq=400
Timeout, sequence number = 404
Timeout, sequence number = 406
Timeout, sequence number = 432
[CLIENT] Sent data seq=500
Timeout, sequence number = 470
Timeout, sequence number = 471
[CLIENT] Received ACK seq=500
Timeout, sequence number = 525
[CLIENT] Sent data seq=600
Timeout, sequence number = 549
Timeout, sequence number = 584
[CLIENT] Received ACK seq=600
Timeout, sequence number = 606
Timeout, sequence number = 621
Timeout, sequence number = 632
[CLIENT] Sent data seq=700
Timeout, sequence number = 639
Timeout, sequence number = 639
Timeout, sequence number = 673
Timeout, sequence number = 690
[CLIENT] Received ACK seq=700
Timeout, sequence number = 701
Timeout, sequence number = 702
Timeout, sequence number = 707
Timeout, sequence number = 712
Timeout, sequence number = 722
[CLIENT] Sent data seq=800
Timeout, sequence number = 755
Timeout, sequence number = 778
Timeout, sequence number = 785
Timeout, sequence number = 786
Timeout, sequence number = 800
[CLIENT] Received ACK seq=800
Timeout, sequence number = 811
Timeout, sequence number = 819
Timeout, sequence number = 829
Timeout, sequence number = 829
Timeout, sequence number = 833
[CLIENT] Sent data seq=900
Timeout, sequence number = 852
Timeout, sequence number = 858
Timeout, sequence number = 862
Timeout, sequence number = 863
Timeout, sequence number = 888
[CLIENT] Received ACK seq=900
Timeout, sequence number = 904
Timeout, sequence number = 914
Timeout, sequence number = 921
[CLIENT] Sent data seq=1000
Timeout, sequence number = 953
Timeout, sequence number = 964
Timeout, sequence number = 965
Timeout, sequence number = 974
Timeout, sequence number = 979
Timeout, sequence number = 995
[CLIENT] Received ACK seq=1000
Timeout, sequence number = 1004
Timeout, sequence number = 1010
[CLIENT] Sent data seq=1100
Timeout, sequence number = 1092
[CLIENT] Received ACK seq=1100
Timeout, sequence number = 1133
[CLIENT] Sent data seq=1200
Timeout, sequence number = 1139
Timeout, sequence number = 1140
Timeout, sequence number = 1146
Timeout, sequence number = 1159
Timeout, sequence number = 1162
Timeout, sequence number = 1170
Timeout, sequence number = 1173
Timeout, sequence number = 1182
[CLIENT] Received ACK seq=1200
Timeout, sequence number = 1202
Timeout, sequence number = 1202
Timeout, sequence number = 1202
Timeout, sequence number = 1236
[CLIENT] Sent data seq=1300
Timeout, sequence number = 1297
[CLIENT] Received ACK seq=1300
Timeout, sequence number = 1305
[CLIENT] Sent data seq=1400
Timeout, sequence number = 1350
Timeout, sequence number = 1355
Timeout, sequence number = 1356
Timeout, sequence number = 1386
[CLIENT] Received ACK seq=1400
Timeout, sequence number = 1428
[CLIENT] Sent data seq=1500
Timeout, sequence number = 1439
Timeout, sequence number = 1452
Timeout, sequence number = 1455
Timeout, sequence number = 1499
[CLIENT] Received ACK seq=1500
Timeout, sequence number = 1517
[CLIENT] Sent data seq=1600
Timeout, sequence number = 1538
Timeout, sequence number = 1549
Timeout, sequence number = 1551
[CLIENT] Received ACK seq=1600
Timeout, sequence number = 1616
Timeout, sequence number = 1623
Timeout, sequence number = 1624
[CLIENT] Sent data seq=1700
Timeout, sequence number = 1645
Timeout, sequence number = 1646
Timeout, sequence number = 1668
Timeout, sequence number = 1672
[CLIENT] Received ACK seq=1700
Timeout, sequence number = 1710
Timeout, sequence number = 1711
[CLIENT] Sent data seq=1800
Timeout, sequence number = 1737
Timeout, sequence number = 1762
Timeout, sequence number = 1764
Timeout, sequence number = 1797
[CLIENT] Received ACK seq=1800
Timeout, sequence number = 1832
Timeout, sequence number = 1835
Timeout, sequence number = 1836
[CLIENT] Sent data seq=1900
Timeout, sequence number = 1864
Timeout, sequence number = 1883
Timeout, sequence number = 1889
Timeout, sequence number = 1900
[CLIENT] Received ACK seq=1900
Timeout, sequence number = 1902
Timeout, sequence number = 1910
[CLIENT] Sent data seq=2000
Timeout, sequence number = 1939
Timeout, sequence number = 1964
Timeout, sequence number = 1974
Timeout, sequence number = 1989
Timeout, sequence number = 1997
[CLIENT] Received ACK seq=2000
Timeout, sequence number = 2006
Timeout, sequence number = 2010
Timeout, sequence number = 2026
Timeout, sequence number = 2029
[CLIENT] Sent data seq=2100
Timeout, sequence number = 2050
Timeout, sequence number = 2087
Timeout, sequence number = 2099
[CLIENT] Received ACK seq=2100
Timeout, sequence number = 2103
[CLIENT] Sent data seq=2200
Timeout, sequence number = 2145
Timeout, sequence number = 2151
Timeout, sequence number = 2166
Timeout, sequence number = 2171
Timeout, sequence number = 2200
[CLIENT] Received ACK seq=2200
Timeout, sequence number = 2213
[CLIENT] Sent data seq=2300
Timeout, sequence number = 2257
Timeout, sequence number = 2261
[CLIENT] Received ACK seq=2300
Timeout, sequence number = 2308
Timeout, sequence number = 2316
[CLIENT] Sent data seq=2400
Timeout, sequence number = 2352
Timeout, sequence number = 2379
Timeout, sequence number = 2391
Timeout, sequence number = 2399
[CLIENT] Received ACK seq=2400
Timeout, sequence number = 2404
Timeout, sequence number = 2406
Timeout, sequence number = 2409
Timeout, sequence number = 2423
[CLIENT] Sent data seq=2500
Timeout, sequence number = 2439
Timeout, sequence number = 2461
Timeout, sequence number = 2475
Timeout, sequence number = 2482
Timeout, sequence number = 2489
[CLIENT] Received ACK seq=2500
Timeout, sequence number = 2522
Timeout, sequence number = 2526
[CLIENT] Sent data seq=2600
Timeout, sequence number = 2559
Timeout, sequence number = 2564
Timeout, sequence number = 2583
Timeout, sequence number = 2600
[CLIENT] Received ACK seq=2600
Timeout, sequence number = 2625
[CLIENT] Sent data seq=2700
Timeout, sequence number = 2660
Timeout, sequence number = 2694
[CLIENT] Received ACK seq=2700
Timeout, sequence number = 2704
Timeout, sequence number = 2712
Timeout, sequence number = 2732
Timeout, sequence number = 2734
[CLIENT] Sent data seq=2800
Timeout, sequence number = 2738
Timeout, sequence number = 2744
Timeout, sequence number = 2764
Timeout, sequence number = 2765
Timeout, sequence number = 2775
Timeout, sequence number = 2775
[CLIENT] Received ACK seq=2800
Timeout, sequence number = 2801
Timeout, sequence number = 2817
[CLIENT] Sent data seq=2900
[CLIENT] Received ACK seq=2900
[CLIENT] Sent data seq=3000
Timeout, sequence number = 2949
Timeout, sequence number = 2956
Timeout, sequence number = 2979
Timeout, sequence number = 2979
Timeout, sequence number = 2999
[CLIENT] Received ACK seq=3000
Timeout, sequence number = 3016
Timeout, sequence number = 3035
Timeout, sequence number = 3036
[CLIENT] Sent data seq=3100
[CLIENT] Received ACK seq=3100
Timeout, sequence number = 3102
[CLIENT] Sent data seq=3200
Timeout, sequence number = 3147
Timeout, sequence number = 3195
Timeout, sequence number = 3199
[CLIENT] Received ACK seq=3200
Timeout, sequence number = 3216
Timeout, sequence number = 3230
Timeout, sequence number = 3230
[CLIENT] Sent data seq=3300
Timeout, sequence number = 3269
Timeout, sequence number = 3300
[CLIENT] Received ACK seq=3300
Timeout, sequence number = 3327
Timeout, sequence number = 3334
[CLIENT] Sent data seq=3400
Timeout, sequence number = 3346
Timeout, sequence number = 3351
Timeout, sequence number = 3353
Timeout, sequence number = 3383
Timeout, sequence number = 3390
[CLIENT] Received ACK seq=3400
Timeout, sequence number = 3408
[CLIENT] Sent data seq=3500
Timeout, sequence number = 3447
Timeout, sequence number = 3475
Timeout, sequence number = 3478
Timeout, sequence number = 3495
[CLIENT] Received ACK seq=3500
Timeout, sequence number = 3524
Timeout, sequence number = 3525
[CLIENT] Sent data seq=3600
Timeout, sequence number = 3546
[CLIENT] Received ACK seq=3600
Timeout, sequence number = 3626
[CLIENT] Sent data seq=3700
Timeout, sequence number = 3651
Timeout, sequence number = 3653
Timeout, sequence number = 3665
Timeout, sequence number = 3678
Timeout, sequence number = 3696
Timeout, sequence number = 3698
[CLIENT] Received ACK seq=3700
Timeout, sequence number = 3704
Timeout, sequence number = 3711
Timeout, sequence number = 3721
Timeout, sequence number = 3727
[CLIENT] Sent data seq=3800
Timeout, sequence number = 3762
Timeout, sequence number = 3774
[CLIENT] Received ACK seq=3800
Timeout, sequence number = 3832
[CLIENT] Sent data seq=3900
Timeout, sequence number = 3859
Timeout, sequence number = 3878
Timeout, sequence number = 3885
Timeout, sequence number = 3890
[CLIENT] Received ACK seq=3900
Timeout, sequence number = 3904
Timeout, sequence number = 3910
Timeout, sequence number = 3910
Timeout, sequence number = 3910
Timeout, sequence number = 3920
Timeout, sequence number = 3934
[CLIENT] Sent data seq=4000
Timeout, sequence number = 3993
[CLIENT] Received ACK seq=4000
Timeout, sequence number = 4011
Timeout, sequence number = 4013
Timeout, sequence number = 4015
[CLIENT] Sent data seq=4100
Timeout, sequence number = 4041
Timeout, sequence number = 4055
Timeout, sequence number = 4063
Timeout, sequence number = 4065
Timeout, sequence number = 4073
Timeout, sequence number = 4094
[CLIENT] Received ACK seq=4100
Timeout, sequence number = 4121
Timeout, sequence number = 4123
Timeout, sequence number = 4123
[CLIENT] Sent data seq=4200
Timeout, sequence number = 4159
Timeout, sequence number = 4182
Timeout, sequence number = 4183
[CLIENT] Received ACK seq=4200
[CLIENT] Sent data seq=4300
Timeout, sequence number = 4241
Timeout, sequence number = 4261
Timeout, sequence number = 4269
Timeout, sequence number = 4277
Timeout, sequence number = 4283
[CLIENT] Received ACK seq=4300
Timeout, sequence number = 4318
Timeout, sequence number = 4334
Timeout, sequence number = 4334
[CLIENT] Sent data seq=4400
Timeout, sequence number = 4359
Timeout, sequence number = 4378
[CLIENT] Received ACK seq=4400
Timeout, sequence number = 4429
[CLIENT] Sent data seq=4500
Timeout, sequence number = 4438
Timeout, sequence number = 4456
Timeout, sequence number = 4478
[CLIENT] Received ACK seq=4500
Timeout, sequence number = 4515
Timeout, sequence number = 4531
[CLIENT] Sent data seq=4600
Timeout, sequence number = 4545
[CLIENT] Received ACK seq=4600
Timeout, sequence number = 4627
[CLIENT] Sent data seq=4700
Timeout, sequence number = 4651
Timeout, sequence number = 4665
Timeout, sequence number = 4672
Timeout, sequence number = 4681
[CLIENT] Received ACK seq=4700
Timeout, sequence number = 4703
Timeout, sequence number = 4706
Timeout, sequence number = 4715
Timeout, sequence number = 4732
[CLIENT] Sent data seq=4800
Timeout, sequence number = 4761
[CLIENT] Received ACK seq=4800
Timeout, sequence number = 4806
Timeout, sequence number = 4836
[CLIENT] Sent data seq=4900
Timeout, sequence number = 4847
Timeout, sequence number = 4874
Timeout, sequence number = 4874
Timeout, sequence number = 4883
[CLIENT] Received ACK seq=4900
Timeout, sequence number = 4903
Timeout, sequence number = 4919
Timeout, sequence number = 4922
Timeout, sequence number = 4927
Timeout, sequence number = 4934
[CLIENT] Sent data seq=5000
Timeout, sequence number = 4940
Timeout, sequence number = 4958
Timeout, sequence number = 4980
[CLIENT] Received ACK seq=5000
Timeout, sequence number = 5030
[CLIENT] Sent data seq=5100
Timeout, sequence number = 5044
Timeout, sequence number = 5057
Timeout, sequence number = 5079
Timeout, sequence number = 5086
Timeout, sequence number = 5086
Timeout, sequence number = 5098
[CLIENT] Received ACK seq=5100
Timeout, sequence number = 5113
Timeout, sequence number = 5121
Timeout, sequence number = 5126
[CLIENT] Sent data seq=5200
Timeout, sequence number = 5146
Timeout, sequence number = 5164
Timeout, sequence number = 5186
[CLIENT] Received ACK seq=5200
Timeout, sequence number = 5207
Timeout, sequence number = 5215
Timeout, sequence number = 5232
Timeout, sequence number = 5235
[CLIENT] Sent data seq=5300
Timeout, sequence number = 5239
Timeout, sequence number = 5266
Timeout, sequence number = 5278
[CLIENT] Received ACK seq=5300
Timeout, sequence number = 5325
[CLIENT] Sent data seq=5400
Timeout, sequence number = 5350
Timeout, sequence number = 5362
Timeout, sequence number = 5364
Timeout, sequence number = 5369
Timeout, sequence number = 5372
Timeout, sequence number = 5384
[CLIENT] Received ACK seq=5400
Timeout, sequence number = 5425
[CLIENT] Sent data seq=5500
Timeout, sequence number = 5443
Timeout, sequence number = 5471
[CLIENT] Received ACK seq=5500
[CLIENT] Sent data seq=5600
Timeout, sequence number = 5547
Timeout, sequence number = 5548
Timeout, sequence number = 5560
Timeout, sequence number = 5588
[CLIENT] Received ACK seq=5600
Timeout, sequence number = 5602
Timeout, sequence number = 5633
Timeout, sequence number = 5634
Timeout, sequence number = 5635
[CLIENT] Sent data seq=5700
Timeout, sequence number = 5659
Timeout, sequence number = 5696
[CLIENT] Received ACK seq=5700
Timeout, sequence number = 5707
[CLIENT] Sent data seq=5800
Timeout, sequence number = 5740
Timeout, sequence number = 5769
Timeout, sequence number = 5796
[CLIENT] Received ACK seq=5800
Timeout, sequence number = 5807
Timeout, sequence number = 5831
[CLIENT] Sent data seq=5900
Timeout, sequence number = 5862
Timeout, sequence number = 5864
Timeout, sequence number = 5870
[CLIENT] Received ACK seq=5900
[CLIENT] Sent data seq=6000
Timeout, sequence number = 5937
Timeout, sequence number = 5939
Timeout, sequence number = 5948
Timeout, sequence number = 5949
Timeout, sequence number = 5955
Timeout, sequence number = 5967
Timeout, sequence number = 5976
Timeout, sequence number = 5998
[CLIENT] Received ACK seq=6000
Timeout, sequence number = 6004
Timeout, sequence number = 6011
Timeout, sequence number = 6020
[CLIENT] Sent data seq=6100
Timeout, sequence number = 6045
Timeout, sequence number = 6079
Timeout, sequence number = 6084
[CLIENT] Received ACK seq=6100
Timeout, sequence number = 6127
[CLIENT] Sent data seq=6200
Timeout, sequence number = 6185
[CLIENT] Received ACK seq=6200
Timeout, sequence number = 6203
Timeout, sequence number = 6219
Timeout, sequence number = 6230
[CLIENT] Sent data seq=6300
Timeout, sequence number = 6289
[CLIENT] Received ACK seq=6300
Timeout, sequence number = 6333
[CLIENT] Sent data seq=6400
Timeout, sequence number = 6345
Timeout, sequence number = 6355
Timeout, sequence number = 6375
Timeout, sequence number = 6383
[CLIENT] Received ACK seq=6400
Timeout, sequence number = 6401
Timeout, sequence number = 6434
[CLIENT] Sent data seq=6500
Timeout, sequence number = 6443
Timeout, sequence number = 6443
Timeout, sequence number = 6482
Timeout, sequence number = 6490
Timeout, sequence number = 6496
[CLIENT] Received ACK seq=6500
Timeout, sequence number = 6503
Timeout, sequence number = 6506
Timeout, sequence number = 6513
Timeout, sequence number = 6522
[CLIENT] Sent data seq=6600
Timeout, sequence number = 6552
Timeout, sequence number = 6560
Timeout, sequence number = 6573
Timeout, sequence number = 6582
Timeout, sequence number = 6599
[CLIENT] Received ACK seq=6600
Timeout, sequence number = 6610
Timeout, sequence number = 6613
[CLIENT] Sent data seq=6700
Timeout, sequence number = 6690
[CLIENT] Received ACK seq=6700
Timeout, sequence number = 6707
Timeout, sequence number = 6717
Timeout, sequence number = 6729
Timeout, sequence number = 6735
[CLIENT] Sent data seq=6800
Timeout, sequence number = 6745
Timeout, sequence number = 6745
Timeout, sequence number = 6765
Timeout, sequence number = 6798
[CLIENT] Received ACK seq=6800
[CLIENT] Sent data seq=6900
Timeout, sequence number = 6839
Timeout, sequence number = 6865
Timeout, sequence number = 6869
Timeout, sequence number = 6882
Timeout, sequence number = 6888
[CLIENT] Received ACK seq=6900
[CLIENT] Sent data seq=7000
Timeout, sequence number = 6952
Timeout, sequence number = 6961
Timeout, sequence number = 6961
Timeout, sequence number = 6968
Timeout, sequence number = 6984
[CLIENT] Received ACK seq=7000
Timeout, sequence number = 7006
Timeout, sequence number = 7006
Timeout, sequence number = 7024
Timeout, sequence number = 7025
[CLIENT] Sent data seq=7100
Timeout, sequence number = 7040
Timeout, sequence number = 7065
Timeout, sequence number = 7068
[CLIENT] Received ACK seq=7100
Timeout, sequence number = 7109
[CLIENT] Sent data seq=7200
Timeout, sequence number = 7154
Timeout, sequence number = 7178
[CLIENT] Received ACK seq=7200
[CLIENT] Sent data seq=7300
Timeout, sequence number = 7250
Timeout, sequence number = 7280
[CLIENT] Received ACK seq=7300
Timeout, sequence number = 7304
Timeout, sequence number = 7304
[CLIENT] Sent data seq=7400
Timeout, sequence number = 7359
Timeout, sequence number = 7359
Timeout, sequence number = 7366
Timeout, sequence number = 7370
Timeout, sequence number = 7371
Timeout, sequence number = 7400
[CLIENT] Received ACK seq=7400
Timeout, sequence number = 7402
Timeout, sequence number = 7402
Timeout, sequence number = 7406
[CLIENT] Sent data seq=7500
Timeout, sequence number = 7448
Timeout, sequence number = 7457
Timeout, sequence number = 7461
Timeout, sequence number = 7477
[CLIENT] Received ACK seq=7500
Timeout, sequence number = 7516
Timeout, sequence number = 7525
Timeout, sequence number = 7532
[CLIENT] Sent data seq=7600
Timeout, sequence number = 7551
Timeout, sequence number = 7566
Timeout, sequence number = 7574
Timeout, sequence number = 7587
Timeout, sequence number = 7594
[CLIENT] Received ACK seq=7600
Timeout, sequence number = 7606
Timeout, sequence number = 7628
[CLIENT] Sent data seq=7700
Timeout, sequence number = 7647
Timeout, sequence number = 7658
Timeout, sequence number = 7667
Timeout, sequence number = 7672
Timeout, sequence number = 7679
Timeout, sequence number = 7686
[CLIENT] Received ACK seq=7700
[CLIENT] Sent data seq=7800
Timeout, sequence number = 7754
Timeout, sequence number = 7758
Timeout, sequence number = 7780
Timeout, sequence number = 7788
Timeout, sequence number = 7799
[CLIENT] Received ACK seq=7800
[CLIENT] Sent data seq=7900
Timeout, sequence number = 7842
Timeout, sequence number = 7845
Timeout, sequence number = 7861
Timeout, sequence number = 7897
Timeout, sequence number = 7897
[CLIENT] Received ACK seq=7900
Timeout, sequence number = 7931
[CLIENT] Sent data seq=8000
[CLIENT] Received ACK seq=8000
[CLIENT] Sent data seq=8100
Timeout, sequence number = 8044
Timeout, sequence number = 8086
Timeout, sequence number = 8088
Timeout, sequence number = 8091
[CLIENT] Received ACK seq=8100
[CLIENT] Sent data seq=8200
Timeout, sequence number = 8146
[CLIENT] Received ACK seq=8200
Timeout, sequence number = 8217
Timeout, sequence number = 8231
[CLIENT] Sent data seq=8300
Timeout, sequence number = 8252
Timeout, sequence number = 8253
Timeout, sequence number = 8260
Timeout, sequence number = 8284
Timeout, sequence number = 8287
Timeout, sequence number = 8298
[CLIENT] Received ACK seq=8300
Timeout, sequence number = 8310
Timeout, sequence number = 8310
Timeout, sequence number = 8323
[CLIENT] Sent data seq=8400
Timeout, sequence number = 8398
Timeout, sequence number = 8399
[CLIENT] Received ACK seq=8400
Timeout, sequence number = 8430
Timeout, sequence number = 8435
[CLIENT] Sent data seq=8500
Timeout, sequence number = 8466
Timeout, sequence number = 8473
[CLIENT] Received ACK seq=8500
[CLIENT] Sent data seq=8600
Timeout, sequence number = 8568
Timeout, sequence number = 8600
[CLIENT] Received ACK seq=8600
Timeout, sequence number = 8633
[CLIENT] Sent data seq=8700
Timeout, sequence number = 8643
Timeout, sequence number = 8645
Timeout, sequence number = 8664
Timeout, sequence number = 8671
Timeout, sequence number = 8692
Timeout, sequence number = 8692
[CLIENT] Received ACK seq=8700
Timeout, sequence number = 8723
[CLIENT] Sent data seq=8800
Timeout, sequence number = 8776
Timeout, sequence number = 8784
Timeout, sequence number = 8800
[CLIENT] Received ACK seq=8800
Timeout, sequence number = 8808
Timeout, sequence number = 8824
Timeout, sequence number = 8829
[CLIENT] Sent data seq=8900
Timeout, sequence number = 8848
Timeout, sequence number = 8857
Timeout, sequence number = 8888
Timeout, sequence number = 8893
[CLIENT] Received ACK seq=8900
Timeout, sequence number = 8916
[CLIENT] Sent data seq=9000
Timeout, sequence number = 8979
Timeout, sequence number = 8994
[CLIENT] Received ACK seq=9000
Timeout, sequence number = 9005
Timeout, sequence number = 9036
[CLIENT] Sent data seq=9100
Timeout, sequence number = 9068
Timeout, sequence number = 9082
[CLIENT] Received ACK seq=9100
Timeout, sequence number = 9114
[CLIENT] Sent data seq=9200
Timeout, sequence number = 9161
Timeout, sequence number = 9171
Timeout, sequence number = 9200
[CLIENT] Received ACK seq=9200
Timeout, sequence number = 9219
Timeout, sequence number = 9235
[CLIENT] Sent data seq=9300
Timeout, sequence number = 9244
Timeout, sequence number = 9288
Timeout, sequence number = 9288
Timeout, sequence number = 9288
[CLIENT] Received ACK seq=9300
Timeout, sequence number = 9323
Timeout, sequence number = 9324
Timeout, sequence number = 9330
Timeout, sequence number = 9331
[CLIENT] Sent data seq=9400
Timeout, sequence number = 9340
Timeout, sequence number = 9350
Timeout, sequence number = 9399
[CLIENT] Received ACK seq=9400
Timeout, sequence number = 9424
Timeout, sequence number = 9424
[CLIENT] Sent data seq=9500
Timeout, sequence number = 9462
Timeout, sequence number = 9494
[CLIENT] Received ACK seq=9500
Timeout, sequence number = 9524
[CLIENT] Sent data seq=9600
Timeout, sequence number = 9556
Timeout, sequence number = 9596
[CLIENT] Received ACK seq=9600
Timeout, sequence number = 9601
Timeout, sequence number = 9610
Timeout, sequence number = 9616
Timeout, sequence number = 9634
[CLIENT] Sent data seq=9700
Timeout, sequence number = 9675
Timeout, sequence number = 9677
Timeout, sequence number = 9686
[CLIENT] Received ACK seq=9700
Timeout, sequence number = 9723
[CLIENT] Sent data seq=9800
[CLIENT] Received ACK seq=9800
Timeout, sequence number = 9817
[CLIENT] Sent data seq=9900
Timeout, sequence number = 9868
Timeout, sequence number = 9882
Timeout, sequence number = 9894
[CLIENT] Received ACK seq=9900
Timeout, sequence number = 9902
Timeout, sequence number = 9905
Timeout, sequence number = 9910
[CLIENT] Sent data seq=10000
Timeout, sequence number = 9940
Timeout, sequence number = 9950
[CLIENT] Received ACK seq=10000
Timeout, sequence number = 10020
Timeout, sequence number = 10023
Timeout, sequence number = 10033
[CLIENT] Sent data seq=10100
[CLIENT] Received ACK seq=10100
[CLIENT] Sent data seq=10200
Timeout, sequence number = 10150
Timeout, sequence number = 10176
Timeout, sequence number = 10191
[CLIENT] Received ACK seq=10200
Timeout, sequence number = 10226
Timeout, sequence number = 10230
[CLIENT] Sent data seq=10300
Timeout, sequence number = 10243
Timeout, sequence number = 10254
Timeout, sequence number = 10258
Timeout, sequence number = 10261
Timeout, sequence number = 10263
Timeout, sequence number = 10272
Timeout, sequence number = 10289
Timeout, sequence number = 10300
[CLIENT] Received ACK seq=10300
Timeout, sequence number = 10306
Timeout, sequence number = 10311
Timeout, sequence number = 10327
Timeout, sequence number = 10336
[CLIENT] Sent data seq=10400
Timeout, sequence number = 10344
[CLIENT] Received ACK seq=10400
Timeout, sequence number = 10430
[CLIENT] Sent data seq=10500
Timeout, sequence number = 10440
Timeout, sequence number = 10490
[CLIENT] Received ACK seq=10500
[CLIENT] Sent data seq=10600
Timeout, sequence number = 10600
[CLIENT] Received ACK seq=10600
Timeout, sequence number = 10627
Timeout, sequence number = 10629
Timeout, sequence number = 10631
[CLIENT] Sent data seq=10700
Timeout, sequence number = 10697
[CLIENT] Received ACK seq=10700
Timeout, sequence number = 10726
Timeout, sequence number = 10729
[CLIENT] Sent data seq=10800
Timeout, sequence number = 10790
[CLIENT] Received ACK seq=10800
Timeout, sequence number = 10820
[CLIENT] Sent data seq=10900
[CLIENT] Received ACK seq=10900
Timeout, sequence number = 10932
[CLIENT] Sent data seq=11000
Timeout, sequence number = 10986
[CLIENT] Received ACK seq=11000
Timeout, sequence number = 11001
[CLIENT] Sent data seq=11100
Timeout, sequence number = 11069
Timeout, sequence number = 11081
Timeout, sequence number = 11083
Timeout, sequence number = 11094
[CLIENT] Received ACK seq=11100
Timeout, sequence number = 11103
Timeout, sequence number = 11104
Timeout, sequence number = 11117
Timeout, sequence number = 11129
[CLIENT] Sent data seq=11200
Timeout, sequence number = 11151
[CLIENT] Received ACK seq=11200
Timeout, sequence number = 11206
Timeout, sequence number = 11215
Timeout, sequence number = 11224
Timeout, sequence number = 11233
[CLIENT] Sent data seq=11300
Timeout, sequence number = 11249
Timeout, sequence number = 11259
Timeout, sequence number = 11293
Timeout, sequence number = 11293
[CLIENT] Received ACK seq=11300
Timeout, sequence number = 11302
[CLIENT] Sent data seq=11400
Timeout, sequence number = 11338
Timeout, sequence number = 11343
Timeout, sequence number = 11345
Timeout, sequence number = 11360
Timeout, sequence number = 11375
Timeout, sequence number = 11397
[CLIENT] Received ACK seq=11400
Timeout, sequence number = 11404
Timeout, sequence number = 11405
Timeout, sequence number = 11407
Timeout, sequence number = 11408
[CLIENT] Sent data seq=11500
Timeout, sequence number = 11456
Timeout, sequence number = 11459
Timeout, sequence number = 11489
Timeout, sequence number = 11499
[CLIENT] Received ACK seq=11500
Timeout, sequence number = 11507
Timeout, sequence number = 11512
[CLIENT] Sent data seq=11600
Timeout, sequence number = 11547
Timeout, sequence number = 11559
Timeout, sequence number = 11562
Timeout, sequence number = 11593
[CLIENT] Received ACK seq=11600
[CLIENT] Sent data seq=11700
Timeout, sequence number = 11670
Timeout, sequence number = 11680
Timeout, sequence number = 11680
[CLIENT] Received ACK seq=11700
Timeout, sequence number = 11710
Timeout, sequence number = 11723
[CLIENT] Sent data seq=11800
Timeout, sequence number = 11753
Timeout, sequence number = 11754
[CLIENT] Received ACK seq=11800
Timeout, sequence number = 11821
[CLIENT] Sent data seq=11900
Timeout, sequence number = 11882
[CLIENT] Received ACK seq=11900
Timeout, sequence number = 11902
[CLIENT] Sent data seq=12000
Timeout, sequence number = 11942
[CLIENT] Received ACK seq=12000
[CLIENT] Summary: sent_packets=12001, ack_packets=12001, retransmitted_packets=40699, timeout_events=636
Transfer complete. Delay = 345.763931 seconds

=== STDERR ===
