=== STDOUT ===
[CLIENT] Starting transfer: server=10.153.27.102:7735, file=demo_input.bin, N=64, MSS=900, total_segments=1335
[CLIENT] Sent data seq=0
[CLIENT] Sent data seq=1
[CLIENT] Sent data seq=2
[CLIENT] Sent data seq=3
[CLIENT] Sent data seq=4
[CLIENT] Received ACK seq=0
[CLIENT] Received ACK seq=1
[CLIENT] Received ACK seq=2
[CLIENT] Received ACK seq=3
[CLIENT] Received ACK seq=4
Timeout, sequence number = 13
Timeout, sequence number = 29
[CLIENT] Sent data seq=100
Timeout, sequence number = 52
Timeout, sequence number = 82
Timeout, sequence number = 96
[CLIENT] Received ACK seq=100
Timeout, sequence number = 108
Timeout, sequence number = 132
[CLIENT] Sent data seq=200
Timeout, sequence number = 146
Timeout, sequence number = 156
Timeout, sequence number = 170
Timeout, sequence number = 179
[CLIENT] Received ACK seq=200
Timeout, sequence number = 215
Timeout, sequence number = 225
[CLIENT] Sent data seq=300
Timeout, sequence number = 292
Timeout, sequence number = 298
[CLIENT] Received ACK seq=300
Timeout, sequence number = 307
Timeout, sequence number = 327
[CLIENT] Sent data seq=400
Timeout, sequence number = 341
Timeout, sequence number = 360
Timeout, sequence number = 364
Timeout, sequence number = 367
Timeout, sequence number = 376
[CLIENT] Received ACK seq=400
Timeout, sequence number = 429
Timeout, sequence number = 434
[CLIENT] Sent data seq=500
Timeout, sequence number = 455
Timeout, sequence number = 493
[CLIENT] Received ACK seq=500
Timeout, sequence number = 502
Timeout, sequence number = 516
Timeout, sequence number = 517
Timeout, sequence number = 528
[CLIENT] Sent data seq=600
Timeout, sequence number = 550
Timeout, sequence number = 555
Timeout, sequence number = 556
Timeout, sequence number = 558
Timeout, sequence number = 577
[CLIENT] Received ACK seq=600
[CLIENT] Sent data seq=700
Timeout, sequence number = 637
Timeout, sequence number = 649
Timeout, sequence number = 669
[CLIENT] Received ACK seq=700
Timeout, sequence number = 722
[CLIENT] Sent data seq=800
Timeout, sequence number = 768
Timeout, sequence number = 773
[CLIENT] Received ACK seq=800
Timeout, sequence number = 814
Timeout, sequence number = 819
Timeout, sequence number = 822
Timeout, sequence number = 827
[CLIENT] Sent data seq=900
Timeout, sequence number = 857
Timeout, sequence number = 863
Timeout, sequence number = 863
Timeout, sequence number = 895
Timeout, sequence number = 895
[CLIENT] Received ACK seq=900
Timeout, sequence number = 930
[CLIENT] Sent data seq=1000
Timeout, sequence number = 950
Timeout, sequence number = 962
Timeout, sequence number = 972
Timeout, sequence number = 977
Timeout, sequence number = 998
[CLIENT] Received ACK seq=1000
Timeout, sequence number = 1018
Timeout, sequence number = 1032
[CLIENT] Sent data seq=1100
Timeout, sequence number = 1053
Timeout, sequence number = 1074
[CLIENT] Received ACK seq=1100
Timeout, sequence number = 1115
Timeout, sequence number = 1119
Timeout, sequence number = 1129
[CLIENT] Sent data seq=1200
Timeout, sequence number = 1139
Timeout, sequence number = 1156
Timeout, sequence number = 1163
Timeout, sequence number = 1175
Timeout, sequence number = 1180
Timeout, sequence number = 1194
Timeout, sequence number = 1200
[CLIENT] Received ACK seq=1200
Timeout, sequence number = 1210
[CLIENT] Sent data seq=1300
Timeout, sequence number = 1245
Timeout, sequence number = 1255
Timeout, sequence number = 1255
Timeout, sequence number = 1260
Timeout, sequence number = 1286
[CLIENT] Received ACK seq=1300
Timeout, sequence number = 1314
[CLIENT] Summary: sent_packets=1335, ack_packets=1335, retransmitted_packets=4870, timeout_events=77
Transfer complete. Delay = 40.577369 seconds

=== STDERR ===
