=== STDOUT ===
[CLIENT] Starting transfer: server=10.153.27.102:7735, file=demo_input.bin, N=64, MSS=500, total_segments=2401
[CLIENT] Sent data seq=0
[CLIENT] Sent data seq=1
[CLIENT] Sent data seq=2
[CLIENT] Sent data seq=3
[CLIENT] Sent data seq=4
[CLIENT] Received ACK seq=0
[CLIENT] Received ACK seq=1
Timeout, sequence number = 2
[CLIENT] Received ACK seq=2
[CLIENT] Received ACK seq=3
[CLIENT] Received ACK seq=4
Timeout, sequence number = 22
Timeout, sequence number = 36
[CLIENT] Sent data seq=100
Timeout, sequence number = 39
Timeout, sequence number = 46
Timeout, sequence number = 54
Timeout, sequence number = 94
[CLIENT] Received ACK seq=100
Timeout, sequence number = 131
[CLIENT] Sent data seq=200
Timeout, sequence number = 137
Timeout, sequence number = 139
Timeout, sequence number = 150
Timeout, sequence number = 161
Timeout, sequence number = 164
Timeout, sequence number = 175
Timeout, sequence number = 176
[CLIENT] Received ACK seq=200
[CLIENT] Sent data seq=300
Timeout, sequence number = 240
Timeout, sequence number = 280
Timeout, sequence number = 282
[CLIENT] Received ACK seq=300
Timeout, sequence number = 313
[CLIENT] Sent data seq=400
Timeout, sequence number = 371
[CLIENT] Received ACK seq=400
[CLIENT] Sent data seq=500
[CLIENT] Received ACK seq=500
[CLIENT] Sent data seq=600
Timeout, sequence number = 548
Timeout, sequence number = 561
Timeout, sequence number = 577
[CLIENT] Received ACK seq=600
Timeout, sequence number = 626
[CLIENT] Sent data seq=700
Timeout, sequence number = 642
[CLIENT] Received ACK seq=700
Timeout, sequence number = 733
[CLIENT] Sent data seq=800
Timeout, sequence number = 744
Timeout, sequence number = 749
Timeout, sequence number = 779
Timeout, sequence number = 799
[CLIENT] Received ACK seq=800
[CLIENT] Sent data seq=900
Timeout, sequence number = 861
[CLIENT] Received ACK seq=900
Timeout, sequence number = 908
[CLIENT] Sent data seq=1000
Timeout, sequence number = 959
Timeout, sequence number = 961
Timeout, sequence number = 977
Timeout, sequence number = 983
Timeout, sequence number = 997
[CLIENT] Received ACK seq=1000
Timeout, sequence number = 1020
[CLIENT] Sent data seq=1100
Timeout, sequence number = 1086
Timeout, sequence number = 1096
Timeout, sequence number = 1098
[CLIENT] Received ACK seq=1100
[CLIENT] Sent data seq=1200
Timeout, sequence number = 1149
Timeout, sequence number = 1150
Timeout, sequence number = 1187
Timeout, sequence number = 1196
[CLIENT] Received ACK seq=1200
Timeout, sequence number = 1202
Timeout, sequence number = 1208
[CLIENT] Sent data seq=1300
Timeout, sequence number = 1274
Timeout, sequence number = 1294
[CLIENT] Received ACK seq=1300
Timeout, sequence number = 1301
Timeout, sequence number = 1310
Timeout, sequence number = 1330
[CLIENT] Sent data seq=1400
[CLIENT] Received ACK seq=1400
[CLIENT] Sent data seq=1500
Timeout, sequence number = 1438
Timeout, sequence number = 1455
[CLIENT] Received ACK seq=1500
Timeout, sequence number = 1523
Timeout, sequence number = 1532
[CLIENT] Sent data seq=1600
Timeout, sequence number = 1551
Timeout, sequence number = 1570
Timeout, sequence number = 1592
[CLIENT] Received ACK seq=1600
[CLIENT] Sent data seq=1700
Timeout, sequence number = 1638
Timeout, sequence number = 1695
[CLIENT] Received ACK seq=1700
Timeout, sequence number = 1705
Timeout, sequence number = 1720
[CLIENT] Sent data seq=1800
Timeout, sequence number = 1743
Timeout, sequence number = 1756
Timeout, sequence number = 1772
Timeout, sequence number = 1777
[CLIENT] Received ACK seq=1800
[CLIENT] Sent data seq=1900
Timeout, sequence number = 1837
Timeout, sequence number = 1843
[CLIENT] Received ACK seq=1900
[CLIENT] Sent data seq=2000
Timeout, sequence number = 1941
Timeout, sequence number = 1951
Timeout, sequence number = 1973
Timeout, sequence number = 1992
[CLIENT] Received ACK seq=2000
Timeout, sequence number = 2018
[CLIENT] Sent data seq=2100
Timeout, sequence number = 2092
[CLIENT] Received ACK seq=2100
[CLIENT] Sent data seq=2200
Timeout, sequence number = 2153
[CLIENT] Received ACK seq=2200
Timeout, sequence number = 2203
Timeout, sequence number = 2213
[CLIENT] Sent data seq=2300
Timeout, sequence number = 2261
Timeout, sequence number = 2273
Timeout, sequence number = 2278
Timeout, sequence number = 2283
Timeout, sequence number = 2295
[CLIENT] Received ACK seq=2300
Timeout, sequence number = 2322
[CLIENT] Sent data seq=2400
Timeout, sequence number = 2340
Timeout, sequence number = 2357
Timeout, sequence number = 2357
Timeout, sequence number = 2364
Timeout, sequence number = 2371
Timeout, sequence number = 2386
[CLIENT] Received ACK seq=2400
[CLIENT] Summary: sent_packets=2401, ack_packets=2401, retransmitted_packets=5607, timeout_events=90
Transfer complete. Delay = 47.377967 seconds

=== STDERR ===
