=== STDOUT ===
[CLIENT] Starting transfer: server=10.153.27.102:7735, file=demo_input.bin, N=64, MSS=500, total_segments=2401
[CLIENT] Sent data seq=0
[CLIENT] Sent data seq=1
[CLIENT] Sent data seq=2
[CLIENT] Sent data seq=3
[CLIENT] Sent data seq=4
[CLIENT] Received ACK seq=0
[CLIENT] Received ACK seq=1
[CLIENT] Received ACK seq=2
[CLIENT] Received ACK seq=3
[CLIENT] Received ACK seq=4
Timeout, sequence number = 30
[CLIENT] Sent data seq=100
Timeout, sequence number = 50
[CLIENT] Received ACK seq=100
Timeout, sequence number = 105
[CLIENT] Sent data seq=200
Timeout, sequence number = 148
Timeout, sequence number = 196
[CLIENT] Received ACK seq=200
Timeout, sequence number = 203
[CLIENT] Sent data seq=300
Timeout, sequence number = 254
Timeout, sequence number = 274
[CLIENT] Received ACK seq=300
[CLIENT] Sent data seq=400
Timeout, sequence number = 396
Timeout, sequence number = 396
[CLIENT] Received ACK seq=400
Timeout, sequence number = 420
Timeout, sequence number = 420
Timeout, sequence number = 430
[CLIENT] Sent data seq=500
Timeout, sequence number = 437
Timeout, sequence number = 439
Timeout, sequence number = 486
[CLIENT] Received ACK seq=500
[CLIENT] Sent data seq=600
[CLIENT] Received ACK seq=600
Timeout, sequence number = 619
[CLIENT] Sent data seq=700
Timeout, sequence number = 637
[CLIENT] Received ACK seq=700
Timeout, sequence number = 708
Timeout, sequence number = 711
[CLIENT] Sent data seq=800
[CLIENT] Received ACK seq=800
[CLIENT] Sent data seq=900
Timeout, sequence number = 847
[CLIENT] Received ACK seq=900
Timeout, sequence number = 908
Timeout, sequence number = 920
[CLIENT] Sent data seq=1000
Timeout, sequence number = 937
[CLIENT] Received ACK seq=1000
Timeout, sequence number = 1010
[CLIENT] Sent data seq=1100
Timeout, sequence number = 1083
[CLIENT] Received ACK seq=1100
Timeout, sequence number = 1123
[CLIENT] Sent data seq=1200
Timeout, sequence number = 1155
Timeout, sequence number = 1186
Timeout, sequence number = 1195
[CLIENT] Received ACK seq=1200
Timeout, sequence number = 1228
[CLIENT] Sent data seq=1300
Timeout, sequence number = 1237
[CLIENT] Received ACK seq=1300
Timeout, sequence number = 1306
[CLIENT] Sent data seq=1400
Timeout, sequence number = 1354
[CLIENT] Received ACK seq=1400
Timeout, sequence number = 1403
Timeout, sequence number = 1427
[CLIENT] Sent data seq=1500
Timeout, sequence number = 1468
Timeout, sequence number = 1492
[CLIENT] Received ACK seq=1500
Timeout, sequence number = 1501
[CLIENT] Sent data seq=1600
[CLIENT] Received ACK seq=1600
[CLIENT] Sent data seq=1700
Timeout, sequence number = 1639
Timeout, sequence number = 1664
[CLIENT] Received ACK seq=1700
[CLIENT] Sent data seq=1800
Timeout, sequence number = 1759
Timeout, sequence number = 1795
[CLIENT] Received ACK seq=1800
[CLIENT] Sent data seq=1900
Timeout, sequence number = 1875
[CLIENT] Received ACK seq=1900
[CLIENT] Sent data seq=2000
Timeout, sequence number = 1976
Timeout, sequence number = 1991
[CLIENT] Received ACK seq=2000
[CLIENT] Sent data seq=2100
Timeout, sequence number = 2073
Timeout, sequence number = 2079
Timeout, sequence number = 2086
Timeout, sequence number = 2087
Timeout, sequence number = 2091
[CLIENT] Received ACK seq=2100
[CLIENT] Sent data seq=2200
Timeout, sequence number = 2159
[CLIENT] Received ACK seq=2200
[CLIENT] Sent data seq=2300
Timeout, sequence number = 2246
Timeout, sequence number = 2256
Timeout, sequence number = 2274
Timeout, sequence number = 2293
[CLIENT] Received ACK seq=2300
[CLIENT] Sent data seq=2400
Timeout, sequence number = 2339
Timeout, sequence number = 2345
Timeout, sequence number = 2376
Timeout, sequence number = 2376
[CLIENT] Received ACK seq=2400
[CLIENT] Summary: sent_packets=2401, ack_packets=2401, retransmitted_packets=3752, timeout_events=60
Transfer complete. Delay = 32.090867 seconds

=== STDERR ===
