=== STDOUT ===
[CLIENT] Starting transfer: server=10.153.27.102:7735, file=demo_input.bin, N=64, MSS=900, total_segments=1335
[CLIENT] Sent data seq=0
[CLIENT] Sent data seq=1
[CLIENT] Sent data seq=2
[CLIENT] Sent data seq=3
[CLIENT] Sent data seq=4
[CLIENT] Received ACK seq=0
[CLIENT] Received ACK seq=1
[CLIENT] Received ACK seq=2
[CLIENT] Received ACK seq=3
[CLIENT] Received ACK seq=4
Timeout, sequence number = 6
Timeout, sequence number = 30
Timeout, sequence number = 36
[CLIENT] Sent data seq=100
Timeout, sequence number = 63
Timeout, sequence number = 72
Timeout, sequence number = 74
Timeout, sequence number = 77
Timeout, sequence number = 81
Timeout, sequence number = 93
[CLIENT] Received ACK seq=100
Timeout, sequence number = 102
Timeout, sequence number = 107
Timeout, sequence number = 116
Timeout, sequence number = 117
[CLIENT] Sent data seq=200
Timeout, sequence number = 139
Timeout, sequence number = 145
Timeout, sequence number = 171
Timeout, sequence number = 174
Timeout, sequence number = 178
Timeout, sequence number = 181
[CLIENT] Received ACK seq=200
Timeout, sequence number = 205
Timeout, sequence number = 221
[CLIENT] Sent data seq=300
Timeout, sequence number = 249
Timeout, sequence number = 275
[CLIENT] Received ACK seq=300
[CLIENT] Sent data seq=400
Timeout, sequence number = 346
[CLIENT] Received ACK seq=400
Timeout, sequence number = 418
[CLIENT] Sent data seq=500
Timeout, sequence number = 452
Timeout, sequence number = 454
Timeout, sequence number = 466
Timeout, sequence number = 480
Timeout, sequence number = 484
Timeout, sequence number = 492
[CLIENT] Received ACK seq=500
[CLIENT] Sent data seq=600
Timeout, sequence number = 568
Timeout, sequence number = 591
Timeout, sequence number = 595
[CLIENT] Received ACK seq=600
[CLIENT] Sent data seq=700
Timeout, sequence number = 640
Timeout, sequence number = 643
Timeout, sequence number = 687
[CLIENT] Received ACK seq=700
Timeout, sequence number = 713
[CLIENT] Sent data seq=800
Timeout, sequence number = 748
Timeout, sequence number = 780
[CLIENT] Received ACK seq=800
Timeout, sequence number = 802
Timeout, sequence number = 835
[CLIENT] Sent data seq=900
Timeout, sequence number = 878
Timeout, sequence number = 895
Timeout, sequence number = 895
[CLIENT] Received ACK seq=900
Timeout, sequence number = 931
Timeout, sequence number = 933
Timeout, sequence number = 936
[CLIENT] Sent data seq=1000
Timeout, sequence number = 947
Timeout, sequence number = 955
Timeout, sequence number = 985
[CLIENT] Received ACK seq=1000
[CLIENT] Sent data seq=1100
Timeout, sequence number = 1045
Timeout, sequence number = 1073
Timeout, sequence number = 1086
Timeout, sequence number = 1088
Timeout, sequence number = 1099
[CLIENT] Received ACK seq=1100
Timeout, sequence number = 1111
Timeout, sequence number = 1121
[CLIENT] Sent data seq=1200
Timeout, sequence number = 1139
Timeout, sequence number = 1161
Timeout, sequence number = 1181
Timeout, sequence number = 1195
[CLIENT] Received ACK seq=1200
Timeout, sequence number = 1227
Timeout, sequence number = 1233
[CLIENT] Sent data seq=1300
Timeout, sequence number = 1239
Timeout, sequence number = 1245
Timeout, sequence number = 1247
[CLIENT] Received ACK seq=1300
Timeout, sequence number = 1311
[CLIENT] Summary: sent_packets=1335, ack_packets=1335, retransmitted_packets=4312, timeout_events=68
Transfer complete. Delay = 36.037765 seconds

=== STDERR ===
