=== STDOUT ===
[CLIENT] Starting transfer: server=10.153.27.102:7735, file=demo_input.bin, N=64, MSS=300, total_segments=4001
[CLIENT] Sent data seq=0
[CLIENT] Sent data seq=1
[CLIENT] Sent data seq=2
[CLIENT] Sent data seq=3
[CLIENT] Sent data seq=4
[CLIENT] Received ACK seq=0
[CLIENT] Received ACK seq=1
Timeout, sequence number = 2
[CLIENT] Received ACK seq=2
[CLIENT] Received ACK seq=3
[CLIENT] Received ACK seq=4
[CLIENT] Sent data seq=100
Timeout, sequence number = 94
[CLIENT] Received ACK seq=100
Timeout, sequence number = 101
Timeout, sequence number = 102
[CLIENT] Sent data seq=200
[CLIENT] Received ACK seq=200
Timeout, sequence number = 223
Timeout, sequence number = 229
Timeout, sequence number = 229
Timeout, sequence number = 232
Timeout, sequence number = 236
[CLIENT] Sent data seq=300
Timeout, sequence number = 237
Timeout, sequence number = 270
Timeout, sequence number = 279
[CLIENT] Received ACK seq=300
Timeout, sequence number = 334
Timeout, sequence number = 334
[CLIENT] Sent data seq=400
Timeout, sequence number = 339
Timeout, sequence number = 344
Timeout, sequence number = 356
Timeout, sequence number = 385
Timeout, sequence number = 395
[CLIENT] Received ACK seq=400
[CLIENT] Sent data seq=500
Timeout, sequence number = 457
Timeout, sequence number = 468
Timeout, sequence number = 468
Timeout, sequence number = 484
Timeout, sequence number = 497
[CLIENT] Received ACK seq=500
Timeout, sequence number = 504
[CLIENT] Sent data seq=600
Timeout, sequence number = 542
Timeout, sequence number = 591
[CLIENT] Received ACK seq=600
Timeout, sequence number = 605
[CLIENT] Sent data seq=700
Timeout, sequence number = 650
Timeout, sequence number = 671
Timeout, sequence number = 700
[CLIENT] Received ACK seq=700
Timeout, sequence number = 712
[CLIENT] Sent data seq=800
Timeout, sequence number = 777
Timeout, sequence number = 785
Timeout, sequence number = 797
Timeout, sequence number = 800
[CLIENT] Received ACK seq=800
Timeout, sequence number = 808
Timeout, sequence number = 816
Timeout, sequence number = 817
Timeout, sequence number = 832
Timeout, sequence number = 836
[CLIENT] Sent data seq=900
Timeout, sequence number = 851
Timeout, sequence number = 852
Timeout, sequence number = 856
Timeout, sequence number = 870
Timeout, sequence number = 873
Timeout, sequence number = 874
[CLIENT] Received ACK seq=900
Timeout, sequence number = 926
[CLIENT] Sent data seq=1000
Timeout, sequence number = 960
Timeout, sequence number = 977
Timeout, sequence number = 986
[CLIENT] Received ACK seq=1000
Timeout, sequence number = 1012
Timeout, sequence number = 1018
Timeout, sequence number = 1023
[CLIENT] Sent data seq=1100
Timeout, sequence number = 1039
Timeout, sequence number = 1045
Timeout, sequence number = 1059
Timeout, sequence number = 1085
Timeout, sequence number = 1090
[CLIENT] Received ACK seq=1100
Timeout, sequence number = 1116
Timeout, sequence number = 1122
Timeout, sequence number = 1136
[CLIENT] Sent data seq=1200
Timeout, sequence number = 1143
Timeout, sequence number = 1146
Timeout, sequence number = 1147
Timeout, sequence number = 1149
Timeout, sequence number = 1155
Timeout, sequence number = 1157
Timeout, sequence number = 1185
[CLIENT] Received ACK seq=1200
Timeout, sequence number = 1219
Timeout, sequence number = 1236
[CLIENT] Sent data seq=1300
Timeout, sequence number = 1274
Timeout, sequence number = 1274
Timeout, sequence number = 1281
Timeout, sequence number = 1282
Timeout, sequence number = 1296
[CLIENT] Received ACK seq=1300
[CLIENT] Sent data seq=1400
Timeout, sequence number = 1348
Timeout, sequence number = 1349
Timeout, sequence number = 1359
[CLIENT] Received ACK seq=1400
Timeout, sequence number = 1416
Timeout, sequence number = 1422
[CLIENT] Sent data seq=1500
Timeout, sequence number = 1446
Timeout, sequence number = 1452
Timeout, sequence number = 1472
[CLIENT] Received ACK seq=1500
Timeout, sequence number = 1508
[CLIENT] Sent data seq=1600
Timeout, sequence number = 1542
Timeout, sequence number = 1567
Timeout, sequence number = 1571
Timeout, sequence number = 1571
Timeout, sequence number = 1574
[CLIENT] Received ACK seq=1600
Timeout, sequence number = 1614
Timeout, sequence number = 1619
Timeout, sequence number = 1632
[CLIENT] Sent data seq=1700
Timeout, sequence number = 1638
Timeout, sequence number = 1662
Timeout, sequence number = 1665
Timeout, sequence number = 1671
[CLIENT] Received ACK seq=1700
Timeout, sequence number = 1706
Timeout, sequence number = 1707
Timeout, sequence number = 1711
[CLIENT] Sent data seq=1800
Timeout, sequence number = 1751
[CLIENT] Received ACK seq=1800
Timeout, sequence number = 1813
Timeout, sequence number = 1819
Timeout, sequence number = 1835
[CLIENT] Sent data seq=1900
Timeout, sequence number = 1839
Timeout, sequence number = 1855
Timeout, sequence number = 1867
Timeout, sequence number = 1879
Timeout, sequence number = 1883
[CLIENT] Received ACK seq=1900
Timeout, sequence number = 1901
Timeout, sequence number = 1930
[CLIENT] Sent data seq=2000
Timeout, sequence number = 1980
Timeout, sequence number = 1998
[CLIENT] Received ACK seq=2000
Timeout, sequence number = 2020
[CLIENT] Sent data seq=2100
[CLIENT] Received ACK seq=2100
Timeout, sequence number = 2110
Timeout, sequence number = 2124
[CLIENT] Sent data seq=2200
Timeout, sequence number = 2154
Timeout, sequence number = 2154
Timeout, sequence number = 2174
Timeout, sequence number = 2199
[CLIENT] Received ACK seq=2200
Timeout, sequence number = 2212
Timeout, sequence number = 2215
[CLIENT] Sent data seq=2300
Timeout, sequence number = 2238
Timeout, sequence number = 2246
Timeout, sequence number = 2262
Timeout, sequence number = 2278
Timeout, sequence number = 2281
Timeout, sequence number = 2291
Timeout, sequence number = 2291
[CLIENT] Received ACK seq=2300
Timeout, sequence number = 2322
[CLIENT] Sent data seq=2400
Timeout, sequence number = 2345
Timeout, sequence number = 2345
Timeout, sequence number = 2366
Timeout, sequence number = 2374
[CLIENT] Received ACK seq=2400
Timeout, sequence number = 2434
[CLIENT] Sent data seq=2500
Timeout, sequence number = 2440
Timeout, sequence number = 2464
Timeout, sequence number = 2476
Timeout, sequence number = 2478
Timeout, sequence number = 2487
[CLIENT] Received ACK seq=2500
Timeout, sequence number = 2517
Timeout, sequence number = 2535
[CLIENT] Sent data seq=2600
Timeout, sequence number = 2546
Timeout, sequence number = 2554
Timeout, sequence number = 2557
Timeout, sequence number = 2558
Timeout, sequence number = 2576
[CLIENT] Received ACK seq=2600
Timeout, sequence number = 2613
Timeout, sequence number = 2622
[CLIENT] Sent data seq=2700
Timeout, sequence number = 2647
Timeout, sequence number = 2655
Timeout, sequence number = 2673
[CLIENT] Received ACK seq=2700
Timeout, sequence number = 2707
Timeout, sequence number = 2707
[CLIENT] Sent data seq=2800
Timeout, sequence number = 2748
Timeout, sequence number = 2757
Timeout, sequence number = 2776
Timeout, sequence number = 2791
Timeout, sequence number = 2800
[CLIENT] Received ACK seq=2800
Timeout, sequence number = 2821
Timeout, sequence number = 2830
[CLIENT] Sent data seq=2900
Timeout, sequence number = 2841
Timeout, sequence number = 2849
Timeout, sequence number = 2859
Timeout, sequence number = 2860
Timeout, sequence number = 2876
Timeout, sequence number = 2877
Timeout, sequence number = 2893
[CLIENT] Received ACK seq=2900
Timeout, sequence number = 2905
Timeout, sequence number = 2912
Timeout, sequence number = 2929
[CLIENT] Sent data seq=3000
Timeout, sequence number = 2951
[CLIENT] Received ACK seq=3000
Timeout, sequence number = 3032
[CLIENT] Sent data seq=3100
Timeout, sequence number = 3053
[CLIENT] Received ACK seq=3100
Timeout, sequence number = 3108
Timeout, sequence number = 3112
Timeout, sequence number = 3122
[CLIENT] Sent data seq=3200
Timeout, sequence number = 3139
Timeout, sequence number = 3139
Timeout, sequence number = 3165
Timeout, sequence number = 3173
Timeout, sequence number = 3185
[CLIENT] Received ACK seq=3200
Timeout, sequence number = 3203
Timeout, sequence number = 3213
[CLIENT] Sent data seq=3300
Timeout, sequence number = 3249
[CLIENT] Received ACK seq=3300
Timeout, sequence number = 3309
[CLIENT] Sent data seq=3400
Timeout, sequence number = 3357
Timeout, sequence number = 3372
Timeout, sequence number = 3376
Timeout, sequence number = 3385
[CLIENT] Received ACK seq=3400
Timeout, sequence number = 3404
Timeout, sequence number = 3417
Timeout, sequence number = 3429
[CLIENT] Sent data seq=3500
Timeout, sequence number = 3438
Timeout, sequence number = 3479
Timeout, sequence number = 3497
[CLIENT] Received ACK seq=3500
Timeout, sequence number = 3527
Timeout, sequence number = 3527
Timeout, sequence number = 3535
[CLIENT] Sent data seq=3600
Timeout, sequence number = 3550
Timeout, sequence number = 3555
[CLIENT] Received ACK seq=3600
Timeout, sequence number = 3629
Timeout, sequence number = 3629
[CLIENT] Sent data seq=3700
Timeout, sequence number = 3641
Timeout, sequence number = 3670
Timeout, sequence number = 3671
Timeout, sequence number = 3673
Timeout, sequence number = 3689
Timeout, sequence number = 3698
[CLIENT] Received ACK seq=3700
Timeout, sequence number = 3715
[CLIENT] Sent data seq=3800
Timeout, sequence number = 3786
[CLIENT] Received ACK seq=3800
Timeout, sequence number = 3816
Timeout, sequence number = 3825
Timeout, sequence number = 3826
[CLIENT] Sent data seq=3900
Timeout, sequence number = 3841
Timeout, sequence number = 3847
Timeout, sequence number = 3850
Timeout, sequence number = 3856
Timeout, sequence number = 3860
Timeout, sequence number = 3867
[CLIENT] Received ACK seq=3900
Timeout, sequence number = 3916
[CLIENT] Sent data seq=4000
Timeout, sequence number = 3945
Timeout, sequence number = 3960
[CLIENT] Received ACK seq=4000
[CLIENT] Summary: sent_packets=4001, ack_packets=4001, retransmitted_packets=14241, timeout_events=223
Transfer complete. Delay = 117.071898 seconds

=== STDERR ===
