=== STDOUT ===
[CLIENT] Starting transfer: server=10.153.27.102:7735, file=demo_input.bin, N=64, MSS=700, total_segments=1716
[CLIENT] Sent data seq=0
[CLIENT] Sent data seq=1
[CLIENT] Sent data seq=2
[CLIENT] Sent data seq=3
[CLIENT] Sent data seq=4
[CLIENT] Received ACK seq=0
[CLIENT] Received ACK seq=1
[CLIENT] Received ACK seq=2
[CLIENT] Received ACK seq=3
Timeout, sequence number = 4
[CLIENT] Received ACK seq=4
Timeout, sequence number = 16
[CLIENT] Sent data seq=100
Timeout, sequence number = 57
Timeout, sequence number = 58
Timeout, sequence number = 65
Timeout, sequence number = 66
Timeout, sequence number = 100
[CLIENT] Received ACK seq=100
Timeout, sequence number = 110
Timeout, sequence number = 111
Timeout, sequence number = 125
Timeout, sequence number = 127
Timeout, sequence number = 134
[CLIENT] Sent data seq=200
Timeout, sequence number = 142
Timeout, sequence number = 144
Timeout, sequence number = 144
Timeout, sequence number = 147
Timeout, sequence number = 163
Timeout, sequence number = 184
Timeout, sequence number = 197
[CLIENT] Received ACK seq=200
[CLIENT] Sent data seq=300
Timeout, sequence number = 237
Timeout, sequence number = 282
Timeout, sequence number = 300
[CLIENT] Received ACK seq=300
Timeout, sequence number = 332
[CLIENT] Sent data seq=400
Timeout, sequence number = 338
Timeout, sequence number = 397
[CLIENT] Received ACK seq=400
Timeout, sequence number = 428
Timeout, sequence number = 435
[CLIENT] Sent data seq=500
Timeout, sequence number = 452
Timeout, sequence number = 463
Timeout, sequence number = 475
Timeout, sequence number = 479
Timeout, sequence number = 479
Timeout, sequence number = 480
Timeout, sequence number = 487
Timeout, sequence number = 492
[CLIENT] Received ACK seq=500
Timeout, sequence number = 501
Timeout, sequence number = 525
Timeout, sequence number = 535
[CLIENT] Sent data seq=600
Timeout, sequence number = 576
Timeout, sequence number = 587
[CLIENT] Received ACK seq=600
Timeout, sequence number = 612
Timeout, sequence number = 623
Timeout, sequence number = 632
[CLIENT] Sent data seq=700
Timeout, sequence number = 644
Timeout, sequence number = 646
Timeout, sequence number = 665
[CLIENT] Received ACK seq=700
[CLIENT] Sent data seq=800
Timeout, sequence number = 749
Timeout, sequence number = 777
Timeout, sequence number = 785
Timeout, sequence number = 787
[CLIENT] Received ACK seq=800
Timeout, sequence number = 832
[CLIENT] Sent data seq=900
Timeout, sequence number = 842
Timeout, sequence number = 874
Timeout, sequence number = 874
Timeout, sequence number = 875
Timeout, sequence number = 893
[CLIENT] Received ACK seq=900
Timeout, sequence number = 911
[CLIENT] Sent data seq=1000
Timeout, sequence number = 937
Timeout, sequence number = 952
Timeout, sequence number = 968
Timeout, sequence number = 980
Timeout, sequence number = 990
[CLIENT] Received ACK seq=1000
[CLIENT] Sent data seq=1100
Timeout, sequence number = 1038
Timeout, sequence number = 1039
Timeout, sequence number = 1041
Timeout, sequence number = 1041
Timeout, sequence number = 1073
Timeout, sequence number = 1094
[CLIENT] Received ACK seq=1100
Timeout, sequence number = 1121
[CLIENT] Sent data seq=1200
Timeout, sequence number = 1183
[CLIENT] Received ACK seq=1200
Timeout, sequence number = 1228
[CLIENT] Sent data seq=1300
Timeout, sequence number = 1237
Timeout, sequence number = 1287
Timeout, sequence number = 1292
Timeout, sequence number = 1298
[CLIENT] Received ACK seq=1300
Timeout, sequence number = 1308
Timeout, sequence number = 1328
[CLIENT] Sent data seq=1400
Timeout, sequence number = 1338
Timeout, sequence number = 1338
[CLIENT] Received ACK seq=1400
[CLIENT] Sent data seq=1500
Timeout, sequence number = 1450
Timeout, sequence number = 1462
Timeout, sequence number = 1466
Timeout, sequence number = 1471
[CLIENT] Received ACK seq=1500
Timeout, sequence number = 1513
Timeout, sequence number = 1525
Timeout, sequence number = 1528
[CLIENT] Sent data seq=1600
Timeout, sequence number = 1551
Timeout, sequence number = 1553
Timeout, sequence number = 1588
[CLIENT] Received ACK seq=1600
Timeout, sequence number = 1603
[CLIENT] Sent data seq=1700
Timeout, sequence number = 1642
Timeout, sequence number = 1656
[CLIENT] Received ACK seq=1700
[CLIENT] Summary: sent_packets=1716, ack_packets=1716, retransmitted_packets=5884, timeout_events=92
Transfer complete. Delay = 48.486727 seconds

=== STDERR ===
