=== STDOUT ===
[CLIENT] Starting transfer: server=10.153.27.102:7735, file=demo_input.bin, N=64, MSS=500, total_segments=2401
[CLIENT] Sent data seq=0
[CLIENT] Sent data seq=1
[CLIENT] Sent data seq=2
[CLIENT] Sent data seq=3
[CLIENT] Sent data seq=4
[CLIENT] Received ACK seq=0
[CLIENT] Received ACK seq=1
Timeout, sequence number = 2
[CLIENT] Received ACK seq=2
[CLIENT] Received ACK seq=3
[CLIENT] Received ACK seq=4
Timeout, sequence number = 16
Timeout, sequence number = 31
Timeout, sequence number = 33
[CLIENT] Sent data seq=100
Timeout, sequence number = 47
Timeout, sequence number = 58
Timeout, sequence number = 71
Timeout, sequence number = 74
Timeout, sequence number = 76
Timeout, sequence number = 80
Timeout, sequence number = 80
Timeout, sequence number = 88
Timeout, sequence number = 93
Timeout, sequence number = 100
[CLIENT] Received ACK seq=100
Timeout, sequence number = 115
Timeout, sequence number = 121
Timeout, sequence number = 133
Timeout, sequence number = 134
Timeout, sequence number = 135
[CLIENT] Sent data seq=200
Timeout, sequence number = 137
Timeout, sequence number = 137
Timeout, sequence number = 163
[CLIENT] Received ACK seq=200
Timeout, sequence number = 207
[CLIENT] Sent data seq=300
Timeout, sequence number = 242
Timeout, sequence number = 262
Timeout, sequence number = 282
Timeout, sequence number = 285
Timeout, sequence number = 296
[CLIENT] Received ACK seq=300
Timeout, sequence number = 304
Timeout, sequence number = 313
[CLIENT] Sent data seq=400
Timeout, sequence number = 356
Timeout, sequence number = 363
Timeout, sequence number = 365
[CLIENT] Received ACK seq=400
Timeout, sequence number = 410
[CLIENT] Sent data seq=500
Timeout, sequence number = 453
Timeout, sequence number = 455
Timeout, sequence number = 458
Timeout, sequence number = 458
Timeout, sequence number = 496
[CLIENT] Received ACK seq=500
Timeout, sequence number = 514
Timeout, sequence number = 517
Timeout, sequence number = 536
[CLIENT] Sent data seq=600
Timeout, sequence number = 543
Timeout, sequence number = 565
Timeout, sequence number = 571
Timeout, sequence number = 572
Timeout, sequence number = 573
Timeout, sequence number = 591
[CLIENT] Received ACK seq=600
Timeout, sequence number = 624
[CLIENT] Sent data seq=700
Timeout, sequence number = 638
Timeout, sequence number = 640
Timeout, sequence number = 648
Timeout, sequence number = 653
Timeout, sequence number = 662
Timeout, sequence number = 672
Timeout, sequence number = 673
Timeout, sequence number = 694
Timeout, sequence number = 696
Timeout, sequence number = 699
[CLIENT] Received ACK seq=700
Timeout, sequence number = 714
Timeout, sequence number = 717
[CLIENT] Sent data seq=800
Timeout, sequence number = 770
Timeout, sequence number = 771
Timeout, sequence number = 772
Timeout, sequence number = 784
[CLIENT] Received ACK seq=800
Timeout, sequence number = 804
Timeout, sequence number = 824
Timeout, sequence number = 831
[CLIENT] Sent data seq=900
Timeout, sequence number = 851
Timeout, sequence number = 874
Timeout, sequence number = 876
Timeout, sequence number = 877
Timeout, sequence number = 880
Timeout, sequence number = 886
Timeout, sequence number = 886
[CLIENT] Received ACK seq=900
Timeout, sequence number = 920
[CLIENT] Sent data seq=1000
Timeout, sequence number = 943
Timeout, sequence number = 955
Timeout, sequence number = 979
Timeout, sequence number = 986
Timeout, sequence number = 1000
[CLIENT] Received ACK seq=1000
Timeout, sequence number = 1003
Timeout, sequence number = 1015
Timeout, sequence number = 1017
Timeout, sequence number = 1024
[CLIENT] Sent data seq=1100
Timeout, sequence number = 1060
Timeout, sequence number = 1072
Timeout, sequence number = 1075
Timeout, sequence number = 1076
Timeout, sequence number = 1085
[CLIENT] Received ACK seq=1100
Timeout, sequence number = 1101
Timeout, sequence number = 1112
Timeout, sequence number = 1119
[CLIENT] Sent data seq=1200
Timeout, sequence number = 1167
Timeout, sequence number = 1172
Timeout, sequence number = 1191
Timeout, sequence number = 1200
[CLIENT] Received ACK seq=1200
Timeout, sequence number = 1221
[CLIENT] Sent data seq=1300
Timeout, sequence number = 1279
Timeout, sequence number = 1281
Timeout, sequence number = 1293
Timeout, sequence number = 1295
Timeout, sequence number = 1296
[CLIENT] Received ACK seq=1300
Timeout, sequence number = 1319
[CLIENT] Sent data seq=1400
Timeout, sequence number = 1349
Timeout, sequence number = 1376
Timeout, sequence number = 1387
Timeout, sequence number = 1394
[CLIENT] Received ACK seq=1400
Timeout, sequence number = 1423
Timeout, sequence number = 1425
Timeout, sequence number = 1436
[CLIENT] Sent data seq=1500
Timeout, sequence number = 1457
Timeout, sequence number = 1457
Timeout, sequence number = 1475
Timeout, sequence number = 1476
Timeout, sequence number = 1479
Timeout, sequence number = 1483
Timeout, sequence number = 1484
Timeout, sequence number = 1491
[CLIENT] Received ACK seq=1500
Timeout, sequence number = 1505
Timeout, sequence number = 1513
Timeout, sequence number = 1515
Timeout, sequence number = 1527
Timeout, sequence number = 1528
Timeout, sequence number = 1528
Timeout, sequence number = 1536
[CLIENT] Sent data seq=1600
Timeout, sequence number = 1538
Timeout, sequence number = 1547
Timeout, sequence number = 1552
Timeout, sequence number = 1555
Timeout, sequence number = 1572
Timeout, sequence number = 1596
Timeout, sequence number = 1597
[CLIENT] Received ACK seq=1600
Timeout, sequence number = 1612
Timeout, sequence number = 1626
[CLIENT] Sent data seq=1700
Timeout, sequence number = 1648
Timeout, sequence number = 1650
[CLIENT] Received ACK seq=1700
Timeout, sequence number = 1706
Timeout, sequence number = 1712
[CLIENT] Sent data seq=1800
Timeout, sequence number = 1759
Timeout, sequence number = 1760
Timeout, sequence number = 1762
Timeout, sequence number = 1784
[CLIENT] Received ACK seq=1800
Timeout, sequence number = 1809
Timeout, sequence number = 1817
Timeout, sequence number = 1821
Timeout, sequence number = 1821
Timeout, sequence number = 1827
Timeout, sequence number = 1827
Timeout, sequence number = 1833
[CLIENT] Sent data seq=1900
Timeout, sequence number = 1852
Timeout, sequence number = 1859
Timeout, sequence number = 1860
Timeout, sequence number = 1864
Timeout, sequence number = 1871
Timeout, sequence number = 1893
[CLIENT] Received ACK seq=1900
Timeout, sequence number = 1926
Timeout, sequence number = 1927
[CLIENT] Sent data seq=2000
Timeout, sequence number = 1970
Timeout, sequence number = 1979
Timeout, sequence number = 1981
[CLIENT] Received ACK seq=2000
Timeout, sequence number = 2016
[CLIENT] Sent data seq=2100
Timeout, sequence number = 2045
Timeout, sequence number = 2048
Timeout, sequence number = 2049
Timeout, sequence number = 2051
Timeout, sequence number = 2065
Timeout, sequence number = 2086
Timeout, sequence number = 2092
[CLIENT] Received ACK seq=2100
Timeout, sequence number = 2102
Timeout, sequence number = 2110
Timeout, sequence number = 2110
Timeout, sequence number = 2116
Timeout, sequence number = 2123
Timeout, sequence number = 2130
[CLIENT] Sent data seq=2200
Timeout, sequence number = 2137
Timeout, sequence number = 2150
Timeout, sequence number = 2156
Timeout, sequence number = 2177
Timeout, sequence number = 2191
[CLIENT] Received ACK seq=2200
Timeout, sequence number = 2235
[CLIENT] Sent data seq=2300
Timeout, sequence number = 2241
Timeout, sequence number = 2263
Timeout, sequence number = 2272
Timeout, sequence number = 2281
[CLIENT] Received ACK seq=2300
Timeout, sequence number = 2309
Timeout, sequence number = 2330
Timeout, sequence number = 2335
[CLIENT] Sent data seq=2400
Timeout, sequence number = 2349
Timeout, sequence number = 2349
Timeout, sequence number = 2349
Timeout, sequence number = 2363
Timeout, sequence number = 2381
Timeout, sequence number = 2385
Timeout, sequence number = 2389
Timeout, sequence number = 2394
[CLIENT] Received ACK seq=2400
[CLIENT] Summary: sent_packets=2401, ack_packets=2401, retransmitted_packets=12281, timeout_events=196
Transfer complete. Delay = 103.416082 seconds

=== STDERR ===
