=== STDOUT ===
[CLIENT] Starting transfer: server=10.153.27.102:7735, file=demo_input.bin, N=64, MSS=200, total_segments=6001
[CLIENT] Sent data seq=0
[CLIENT] Sent data seq=1
[CLIENT] Sent data seq=2
[CLIENT] Sent data seq=3
[CLIENT] Sent data seq=4
[CLIENT] Received ACK seq=0
[CLIENT] Received ACK seq=1
[CLIENT] Received ACK seq=2
[CLIENT] Received ACK seq=3
[CLIENT] Received ACK seq=4
Timeout, sequence number = 13
Timeout, sequence number = 27
[CLIENT] Sent data seq=100
Timeout, sequence number = 47
Timeout, sequence number = 61
Timeout, sequence number = 89
[CLIENT] Received ACK seq=100
Timeout, sequence number = 110
Timeout, sequence number = 127
Timeout, sequence number = 130
[CLIENT] Sent data seq=200
Timeout, sequence number = 155
Timeout, sequence number = 172
[CLIENT] Received ACK seq=200
Timeout, sequence number = 221
[CLIENT] Sent data seq=300
[CLIENT] Received ACK seq=300
Timeout, sequence number = 311
Timeout, sequence number = 329
Timeout, sequence number = 330
[CLIENT] Sent data seq=400
Timeout, sequence number = 367
Timeout, sequence number = 376
Timeout, sequence number = 385
[CLIENT] Received ACK seq=400
Timeout, sequence number = 407
Timeout, sequence number = 430
[CLIENT] Sent data seq=500
Timeout, sequence number = 445
Timeout, sequence number = 471
Timeout, sequence number = 484
Timeout, sequence number = 488
Timeout, sequence number = 495
[CLIENT] Received ACK seq=500
Timeout, sequence number = 528
Timeout, sequence number = 536
[CLIENT] Sent data seq=600
Timeout, sequence number = 556
Timeout, sequence number = 563
Timeout, sequence number = 584
Timeout, sequence number = 596
[CLIENT] Received ACK seq=600
Timeout, sequence number = 629
[CLIENT] Sent data seq=700
Timeout, sequence number = 651
Timeout, sequence number = 691
Timeout, sequence number = 695
[CLIENT] Received ACK seq=700
Timeout, sequence number = 701
Timeout, sequence number = 705
Timeout, sequence number = 725
[CLIENT] Sent data seq=800
Timeout, sequence number = 750
Timeout, sequence number = 764
Timeout, sequence number = 766
Timeout, sequence number = 768
[CLIENT] Received ACK seq=800
Timeout, sequence number = 808
Timeout, sequence number = 808
Timeout, sequence number = 834
[CLIENT] Sent data seq=900
Timeout, sequence number = 840
Timeout, sequence number = 850
Timeout, sequence number = 856
Timeout, sequence number = 882
Timeout, sequence number = 885
Timeout, sequence number = 896
Timeout, sequence number = 897
[CLIENT] Received ACK seq=900
Timeout, sequence number = 912
Timeout, sequence number = 927
[CLIENT] Sent data seq=1000
Timeout, sequence number = 946
Timeout, sequence number = 988
Timeout, sequence number = 999
[CLIENT] Received ACK seq=1000
[CLIENT] Sent data seq=1100
Timeout, sequence number = 1081
[CLIENT] Received ACK seq=1100
Timeout, sequence number = 1102
Timeout, sequence number = 1102
Timeout, sequence number = 1119
[CLIENT] Sent data seq=1200
Timeout, sequence number = 1172
Timeout, sequence number = 1191
Timeout, sequence number = 1192
[CLIENT] Received ACK seq=1200
Timeout, sequence number = 1204
[CLIENT] Sent data seq=1300
Timeout, sequence number = 1243
Timeout, sequence number = 1247
Timeout, sequence number = 1250
Timeout, sequence number = 1272
Timeout, sequence number = 1279
Timeout, sequence number = 1288
[CLIENT] Received ACK seq=1300
Timeout, sequence number = 1336
[CLIENT] Sent data seq=1400
Timeout, sequence number = 1363
Timeout, sequence number = 1391
Timeout, sequence number = 1400
[CLIENT] Received ACK seq=1400
Timeout, sequence number = 1427
[CLIENT] Sent data seq=1500
Timeout, sequence number = 1441
Timeout, sequence number = 1467
Timeout, sequence number = 1484
[CLIENT] Received ACK seq=1500
[CLIENT] Sent data seq=1600
Timeout, sequence number = 1572
Timeout, sequence number = 1577
[CLIENT] Received ACK seq=1600
Timeout, sequence number = 1617
[CLIENT] Sent data seq=1700
Timeout, sequence number = 1650
Timeout, sequence number = 1656
Timeout, sequence number = 1657
Timeout, sequence number = 1684
Timeout, sequence number = 1684
[CLIENT] Received ACK seq=1700
Timeout, sequence number = 1702
Timeout, sequence number = 1708
Timeout, sequence number = 1710
[CLIENT] Sent data seq=1800
Timeout, sequence number = 1748
Timeout, sequence number = 1758
[CLIENT] Received ACK seq=1800
Timeout, sequence number = 1821
Timeout, sequence number = 1830
[CLIENT] Sent data seq=1900
Timeout, sequence number = 1837
Timeout, sequence number = 1838
Timeout, sequence number = 1844
Timeout, sequence number = 1850
Timeout, sequence number = 1893
[CLIENT] Received ACK seq=1900
Timeout, sequence number = 1930
Timeout, sequence number = 1935
[CLIENT] Sent data seq=2000
Timeout, sequence number = 1960
Timeout, sequence number = 1972
[CLIENT] Received ACK seq=2000
Timeout, sequence number = 2007
Timeout, sequence number = 2019
Timeout, sequence number = 2028
[CLIENT] Sent data seq=2100
Timeout, sequence number = 2054
Timeout, sequence number = 2057
Timeout, sequence number = 2062
Timeout, sequence number = 2084
Timeout, sequence number = 2085
[CLIENT] Received ACK seq=2100
Timeout, sequence number = 2129
[CLIENT] Sent data seq=2200
Timeout, sequence number = 2179
Timeout, sequence number = 2188
Timeout, sequence number = 2188
Timeout, sequence number = 2189
[CLIENT] Received ACK seq=2200
[CLIENT] Sent data seq=2300
Timeout, sequence number = 2256
Timeout, sequence number = 2275
Timeout, sequence number = 2285
[CLIENT] Received ACK seq=2300
Timeout, sequence number = 2329
[CLIENT] Sent data seq=2400
Timeout, sequence number = 2359
Timeout, sequence number = 2362
[CLIENT] Received ACK seq=2400
Timeout, sequence number = 2401
[CLIENT] Sent data seq=2500
Timeout, sequence number = 2440
Timeout, sequence number = 2445
Timeout, sequence number = 2447
Timeout, sequence number = 2454
Timeout, sequence number = 2456
Timeout, sequence number = 2456
Timeout, sequence number = 2469
[CLIENT] Received ACK seq=2500
Timeout, sequence number = 2503
Timeout, sequence number = 2518
Timeout, sequence number = 2532
Timeout, sequence number = 2536
[CLIENT] Sent data seq=2600
Timeout, sequence number = 2538
Timeout, sequence number = 2559
Timeout, sequence number = 2576
Timeout, sequence number = 2582
Timeout, sequence number = 2583
[CLIENT] Received ACK seq=2600
Timeout, sequence number = 2617
Timeout, sequence number = 2629
[CLIENT] Sent data seq=2700
Timeout, sequence number = 2654
Timeout, sequence number = 2654
Timeout, sequence number = 2657
Timeout, sequence number = 2657
Timeout, sequence number = 2659
Timeout, sequence number = 2683
[CLIENT] Received ACK seq=2700
Timeout, sequence number = 2736
[CLIENT] Sent data seq=2800
Timeout, sequence number = 2739
Timeout, sequence number = 2744
Timeout, sequence number = 2755
Timeout, sequence number = 2772
Timeout, sequence number = 2795
[CLIENT] Received ACK seq=2800
Timeout, sequence number = 2815
Timeout, sequence number = 2819
[CLIENT] Sent data seq=2900
Timeout, sequence number = 2845
Timeout, sequence number = 2862
Timeout, sequence number = 2863
Timeout, sequence number = 2868
Timeout, sequence number = 2870
Timeout, sequence number = 2870
Timeout, sequence number = 2897
[CLIENT] Received ACK seq=2900
Timeout, sequence number = 2905
Timeout, sequence number = 2917
Timeout, sequence number = 2935
[CLIENT] Sent data seq=3000
Timeout, sequence number = 2959
Timeout, sequence number = 2971
Timeout, sequence number = 2975
[CLIENT] Received ACK seq=3000
Timeout, sequence number = 3014
Timeout, sequence number = 3026
[CLIENT] Sent data seq=3100
Timeout, sequence number = 3048
Timeout, sequence number = 3062
Timeout, sequence number = 3077
Timeout, sequence number = 3078
Timeout, sequence number = 3091
[CLIENT] Received ACK seq=3100
[CLIENT] Sent data seq=3200
Timeout, sequence number = 3145
Timeout, sequence number = 3164
Timeout, sequence number = 3165
Timeout, sequence number = 3173
[CLIENT] Received ACK seq=3200
Timeout, sequence number = 3213
Timeout, sequence number = 3221
Timeout, sequence number = 3225
Timeout, sequence number = 3227
[CLIENT] Sent data seq=3300
Timeout, sequence number = 3240
Timeout, sequence number = 3245
Timeout, sequence number = 3246
Timeout, sequence number = 3260
Timeout, sequence number = 3272
Timeout, sequence number = 3298
[CLIENT] Received ACK seq=3300
Timeout, sequence number = 3328
[CLIENT] Sent data seq=3400
Timeout, sequence number = 3344
Timeout, sequence number = 3355
Timeout, sequence number = 3397
[CLIENT] Received ACK seq=3400
Timeout, sequence number = 3413
Timeout, sequence number = 3423
[CLIENT] Sent data seq=3500
Timeout, sequence number = 3439
[CLIENT] Received ACK seq=3500
[CLIENT] Sent data seq=3600
[CLIENT] Received ACK seq=3600
[CLIENT] Sent data seq=3700
Timeout, sequence number = 3641
Timeout, sequence number = 3652
Timeout, sequence number = 3665
[CLIENT] Received ACK seq=3700
Timeout, sequence number = 3727
[CLIENT] Sent data seq=3800
Timeout, sequence number = 3755
Timeout, sequence number = 3764
Timeout, sequence number = 3765
Timeout, sequence number = 3784
Timeout, sequence number = 3789
[CLIENT] Received ACK seq=3800
Timeout, sequence number = 3817
Timeout, sequence number = 3824
[CLIENT] Sent data seq=3900
Timeout, sequence number = 3891
[CLIENT] Received ACK seq=3900
Timeout, sequence number = 3909
Timeout, sequence number = 3916
Timeout, sequence number = 3934
[CLIENT] Sent data seq=4000
Timeout, sequence number = 3992
[CLIENT] Received ACK seq=4000
Timeout, sequence number = 4005
Timeout, sequence number = 4020
Timeout, sequence number = 4028
[CLIENT] Sent data seq=4100
Timeout, sequence number = 4046
Timeout, sequence number = 4050
Timeout, sequence number = 4058
Timeout, sequence number = 4063
Timeout, sequence number = 4064
[CLIENT] Received ACK seq=4100
Timeout, sequence number = 4107
Timeout, sequence number = 4115
Timeout, sequence number = 4118
Timeout, sequence number = 4132
[CLIENT] Sent data seq=4200
Timeout, sequence number = 4149
Timeout, sequence number = 4200
[CLIENT] Received ACK seq=4200
Timeout, sequence number = 4226
Timeout, sequence number = 4228
Timeout, sequence number = 4231
[CLIENT] Sent data seq=4300
Timeout, sequence number = 4246
Timeout, sequence number = 4265
Timeout, sequence number = 4266
Timeout, sequence number = 4271
Timeout, sequence number = 4275
Timeout, sequence number = 4295
[CLIENT] Received ACK seq=4300
Timeout, sequence number = 4332
[CLIENT] Sent data seq=4400
[CLIENT] Received ACK seq=4400
Timeout, sequence number = 4413
Timeout, sequence number = 4433
[CLIENT] Sent data seq=4500
Timeout, sequence number = 4479
Timeout, sequence number = 4484
Timeout, sequence number = 4495
[CLIENT] Received ACK seq=4500
Timeout, sequence number = 4504
[CLIENT] Sent data seq=4600
Timeout, sequence number = 4576
Timeout, sequence number = 4583
Timeout, sequence number = 4584
Timeout, sequence number = 4584
[CLIENT] Received ACK seq=4600
Timeout, sequence number = 4603
[CLIENT] Sent data seq=4700
Timeout, sequence number = 4665
Timeout, sequence number = 4665
Timeout, sequence number = 4689
Timeout, sequence number = 4691
[CLIENT] Received ACK seq=4700
Timeout, sequence number = 4715
Timeout, sequence number = 4727
[CLIENT] Sent data seq=4800
Timeout, sequence number = 4751
Timeout, sequence number = 4753
Timeout, sequence number = 4758
[CLIENT] Received ACK seq=4800
Timeout, sequence number = 4836
[CLIENT] Sent data seq=4900
Timeout, sequence number = 4873
Timeout, sequence number = 4890
Timeout, sequence number = 4896
Timeout, sequence number = 4898
[CLIENT] Received ACK seq=4900
Timeout, sequence number = 4907
Timeout, sequence number = 4914
Timeout, sequence number = 4926
Timeout, sequence number = 4932
[CLIENT] Sent data seq=5000
Timeout, sequence number = 4968
Timeout, sequence number = 4969
Timeout, sequence number = 4980
Timeout, sequence number = 4985
[CLIENT] Received ACK seq=5000
Timeout, sequence number = 5020
Timeout, sequence number = 5033
[CLIENT] Sent data seq=5100
Timeout, sequence number = 5084
Timeout, sequence number = 5096
Timeout, sequence number = 5100
[CLIENT] Received ACK seq=5100
Timeout, sequence number = 5103
Timeout, sequence number = 5111
Timeout, sequence number = 5131
[CLIENT] Sent data seq=5200
Timeout, sequence number = 5145
Timeout, sequence number = 5147
Timeout, sequence number = 5164
Timeout, sequence number = 5180
Timeout, sequence number = 5186
Timeout, sequence number = 5199
[CLIENT] Received ACK seq=5200
Timeout, sequence number = 5212
Timeout, sequence number = 5224
[CLIENT] Sent data seq=5300
Timeout, sequence number = 5279
Timeout, sequence number = 5298
[CLIENT] Received ACK seq=5300
Timeout, sequence number = 5316
Timeout, sequence number = 5326
Timeout, sequence number = 5327
[CLIENT] Sent data seq=5400
Timeout, sequence number = 5367
Timeout, sequence number = 5368
Timeout, sequence number = 5369
Timeout, sequence number = 5373
Timeout, sequence number = 5381
Timeout, sequence number = 5384
Timeout, sequence number = 5384
Timeout, sequence number = 5394
Timeout, sequence number = 5398
[CLIENT] Received ACK seq=5400
[CLIENT] Sent data seq=5500
Timeout, sequence number = 5439
Timeout, sequence number = 5443
Timeout, sequence number = 5461
Timeout, sequence number = 5477
Timeout, sequence number = 5482
[CLIENT] Received ACK seq=5500
Timeout, sequence number = 5502
[CLIENT] Sent data seq=5600
Timeout, sequence number = 5568
[CLIENT] Received ACK seq=5600
Timeout, sequence number = 5603
Timeout, sequence number = 5604
Timeout, sequence number = 5622
Timeout, sequence number = 5636
[CLIENT] Sent data seq=5700
Timeout, sequence number = 5637
Timeout, sequence number = 5650
Timeout, sequence number = 5700
[CLIENT] Received ACK seq=5700
Timeout, sequence number = 5701
Timeout, sequence number = 5714
Timeout, sequence number = 5722
[CLIENT] Sent data seq=5800
Timeout, sequence number = 5738
Timeout, sequence number = 5780
Timeout, sequence number = 5789
Timeout, sequence number = 5794
Timeout, sequence number = 5794
[CLIENT] Received ACK seq=5800
Timeout, sequence number = 5801
Timeout, sequence number = 5804
Timeout, sequence number = 5817
Timeout, sequence number = 5817
[CLIENT] Sent data seq=5900
Timeout, sequence number = 5845
Timeout, sequence number = 5849
Timeout, sequence number = 5854
Timeout, sequence number = 5855
Timeout, sequence number = 5870
[CLIENT] Received ACK seq=5900
Timeout, sequence number = 5909
[CLIENT] Sent data seq=6000
Timeout, sequence number = 5939
Timeout, sequence number = 5987
[CLIENT] Received ACK seq=6000
[CLIENT] Summary: sent_packets=6001, ack_packets=6001, retransmitted_packets=21196, timeout_events=332
Transfer complete. Delay = 174.062076 seconds

=== STDERR ===
