=== STDOUT ===
[CLIENT] Starting transfer: server=10.153.27.102:7735, file=demo_input.bin, N=64, MSS=500, total_segments=2401
[CLIENT] Sent data seq=0
[CLIENT] Sent data seq=1
[CLIENT] Sent data seq=2
[CLIENT] Sent data seq=3
[CLIENT] Sent data seq=4
Timeout, sequence number = 0
Timeout, sequence number = 0
Timeout, sequence number = 0
Timeout, sequence number = 0
Timeout, sequence number = 0
Timeout, sequence number = 0
Timeout, sequence number = 0
Timeout, sequence number = 0
Timeout, sequence number = 0
Timeout, sequence number = 0
Timeout, sequence number = 0
Timeout, sequence number = 0
Timeout, sequence number = 0
Timeout, sequence number = 0
Timeout, sequence number = 0
Timeout, sequence number = 0
Timeout, sequence number = 0
Timeout, sequence number = 0
Timeout, sequence number = 0
Timeout, sequence number = 0
Timeout, sequence number = 0
Timeout, sequence number = 0
Timeout, sequence number = 0
Timeout, sequence number = 0
Timeout, sequence number = 0
Timeout, sequence number = 0
Timeout, sequence number = 0
Timeout, sequence number = 0
Timeout, sequence number = 0
Timeout, sequence number = 0
Timeout, sequence number = 0
Timeout, sequence number = 0
Timeout, sequence number = 0
Timeout, sequence number = 0
Timeout, sequence number = 0
Timeout, sequence number = 0
Timeout, sequence number = 0
Timeout, sequence number = 0
Timeout, sequence number = 0
Timeout, sequence number = 0
Timeout, sequence number = 0
Timeout, sequence number = 0
Timeout, sequence number = 0
Timeout, sequence number = 0
Timeout, sequence number = 0
Timeout, sequence number = 0
[CLIENT] Received ACK seq=0
[CLIENT] Received ACK seq=1
[CLIENT] Received ACK seq=2
[CLIENT] Received ACK seq=3
[CLIENT] Received ACK seq=4
Timeout, sequence number = 9
[CLIENT] Sent data seq=100
Timeout, sequence number = 65
[CLIENT] Received ACK seq=100
[CLIENT] Sent data seq=200
Timeout, sequence number = 179
[CLIENT] Received ACK seq=200
[CLIENT] Sent data seq=300
Timeout, sequence number = 247
[CLIENT] Received ACK seq=300
[CLIENT] Sent data seq=400
Timeout, sequence number = 364
[CLIENT] Received ACK seq=400
[CLIENT] Sent data seq=500
Timeout, sequence number = 472
Timeout, sequence number = 497
[CLIENT] Received ACK seq=500
Timeout, sequence number = 502
[CLIENT] Sent data seq=600
[CLIENT] Received ACK seq=600
Timeout, sequence number = 620
[CLIENT] Sent data seq=700
Timeout, sequence number = 665
[CLIENT] Received ACK seq=700
Timeout, sequence number = 706
[CLIENT] Sent data seq=800
Timeout, sequence number = 782
[CLIENT] Received ACK seq=800
[CLIENT] Sent data seq=900
[CLIENT] Received ACK seq=900
[CLIENT] Sent data seq=1000
Timeout, sequence number = 991
[CLIENT] Received ACK seq=1000
[CLIENT] Sent data seq=1100
Timeout, sequence number = 1067
[CLIENT] Received ACK seq=1100
Timeout, sequence number = 1102
[CLIENT] Sent data seq=1200
Timeout, sequence number = 1142
[CLIENT] Received ACK seq=1200
Timeout, sequence number = 1225
[CLIENT] Sent data seq=1300
Timeout, sequence number = 1278
[CLIENT] Received ACK seq=1300
[CLIENT] Sent data seq=1400
[CLIENT] Received ACK seq=1400
[CLIENT] Sent data seq=1500
Timeout, sequence number = 1479
[CLIENT] Received ACK seq=1500
Timeout, sequence number = 1513
Timeout, sequence number = 1514
[CLIENT] Sent data seq=1600
[CLIENT] Received ACK seq=1600
[CLIENT] Sent data seq=1700
Timeout, sequence number = 1676
Timeout, sequence number = 1691
[CLIENT] Received ACK seq=1700
Timeout, sequence number = 1732
Timeout, sequence number = 1732
[CLIENT] Sent data seq=1800
Timeout, sequence number = 1765
Timeout, sequence number = 1769
[CLIENT] Received ACK seq=1800
[CLIENT] Sent data seq=1900
Timeout, sequence number = 1856
[CLIENT] Received ACK seq=1900
[CLIENT] Sent data seq=2000
[CLIENT] Received ACK seq=2000
Timeout, sequence number = 2007
Timeout, sequence number = 2013
Timeout, sequence number = 2018
[CLIENT] Sent data seq=2100
Timeout, sequence number = 2039
Timeout, sequence number = 2100
[CLIENT] Received ACK seq=2100
Timeout, sequence number = 2108
Timeout, sequence number = 2129
[CLIENT] Sent data seq=2200
Timeout, sequence number = 2141
Timeout, sequence number = 2181
[CLIENT] Received ACK seq=2200
Timeout, sequence number = 2214
[CLIENT] Sent data seq=2300
Timeout, sequence number = 2290
Timeout, sequence number = 2300
[CLIENT] Received ACK seq=2300
[CLIENT] Sent data seq=2400
Timeout, sequence number = 2339
Timeout, sequence number = 2346
Timeout, sequence number = 2368
[CLIENT] Received ACK seq=2400
[CLIENT] Summary: sent_packets=2401, ack_packets=2401, retransmitted_packets=5654, timeout_events=89
Transfer complete. Delay = 46.351015 seconds

=== STDERR ===
