=== STDOUT ===
[CLIENT] Starting transfer: server=10.153.27.102:7735, file=demo_input.bin, N=64, MSS=500, total_segments=2401
[CLIENT] Sent data seq=0
[CLIENT] Sent data seq=1
[CLIENT] Sent data seq=2
[CLIENT] Sent data seq=3
[CLIENT] Sent data seq=4
Timeout, sequence number = 0
Timeout, sequence number = 0
Timeout, sequence number = 0
Timeout, sequence number = 0
Timeout, sequence number = 0
Timeout, sequence number = 0
Timeout, sequence number = 0
Timeout, sequence number = 0
Timeout, sequence number = 0
Timeout, sequence number = 0
Timeout, sequence number = 0
Timeout, sequence number = 0
Timeout, sequence number = 0
Timeout, sequence number = 0
Timeout, sequence number = 0
Timeout, sequence number = 0
Timeout, sequence number = 0
Timeout, sequence number = 0
Timeout, sequence number = 0
[CLIENT] Received ACK seq=0
[CLIENT] Received ACK seq=1
[CLIENT] Received ACK seq=2
[CLIENT] Received ACK seq=3
[CLIENT] Received ACK seq=4
[CLIENT] Sent data seq=100
Timeout, sequence number = 59
[CLIENT] Received ACK seq=100
Timeout, sequence number = 109
[CLIENT] Sent data seq=200
Timeout, sequence number = 142
Timeout, sequence number = 158
Timeout, sequence number = 161
Timeout, sequence number = 163
Timeout, sequence number = 165
[CLIENT] Received ACK seq=200
Timeout, sequence number = 231
Timeout, sequence number = 231
[CLIENT] Sent data seq=300
[CLIENT] Received ACK seq=300
[CLIENT] Sent data seq=400
Timeout, sequence number = 383
[CLIENT] Received ACK seq=400
Timeout, sequence number = 414
[CLIENT] Sent data seq=500
Timeout, sequence number = 437
Timeout, sequence number = 437
[CLIENT] Received ACK seq=500
Timeout, sequence number = 508
Timeout, sequence number = 526
[CLIENT] Sent data seq=600
Timeout, sequence number = 545
Timeout, sequence number = 579
Timeout, sequence number = 594
Timeout, sequence number = 598
[CLIENT] Received ACK seq=600
[CLIENT] Sent data seq=700
Timeout, sequence number = 675
Timeout, sequence number = 700
[CLIENT] Received ACK seq=700
[CLIENT] Sent data seq=800
Timeout, sequence number = 767
[CLIENT] Received ACK seq=800
[CLIENT] Sent data seq=900
Timeout, sequence number = 878
Timeout, sequence number = 890
[CLIENT] Received ACK seq=900
Timeout, sequence number = 916
Timeout, sequence number = 924
Timeout, sequence number = 931
[CLIENT] Sent data seq=1000
Timeout, sequence number = 950
Timeout, sequence number = 992
[CLIENT] Received ACK seq=1000
[CLIENT] Sent data seq=1100
Timeout, sequence number = 1055
Timeout, sequence number = 1058
Timeout, sequence number = 1085
[CLIENT] Received ACK seq=1100
Timeout, sequence number = 1127
Timeout, sequence number = 1134
Timeout, sequence number = 1134
[CLIENT] Sent data seq=1200
Timeout, sequence number = 1166
[CLIENT] Received ACK seq=1200
Timeout, sequence number = 1220
[CLIENT] Sent data seq=1300
Timeout, sequence number = 1283
Timeout, sequence number = 1297
[CLIENT] Received ACK seq=1300
[CLIENT] Sent data seq=1400
[CLIENT] Received ACK seq=1400
[CLIENT] Sent data seq=1500
Timeout, sequence number = 1484
Timeout, sequence number = 1494
[CLIENT] Received ACK seq=1500
Timeout, sequence number = 1505
Timeout, sequence number = 1506
Timeout, sequence number = 1512
Timeout, sequence number = 1528
[CLIENT] Sent data seq=1600
Timeout, sequence number = 1537
Timeout, sequence number = 1600
[CLIENT] Received ACK seq=1600
Timeout, sequence number = 1618
[CLIENT] Sent data seq=1700
[CLIENT] Received ACK seq=1700
Timeout, sequence number = 1723
[CLIENT] Sent data seq=1800
Timeout, sequence number = 1767
Timeout, sequence number = 1770
[CLIENT] Received ACK seq=1800
Timeout, sequence number = 1828
[CLIENT] Sent data seq=1900
[CLIENT] Received ACK seq=1900
[CLIENT] Sent data seq=2000
Timeout, sequence number = 1946
Timeout, sequence number = 1959
Timeout, sequence number = 1976
[CLIENT] Received ACK seq=2000
[CLIENT] Sent data seq=2100
Timeout, sequence number = 2049
Timeout, sequence number = 2051
Timeout, sequence number = 2059
Timeout, sequence number = 2074
Timeout, sequence number = 2074
Timeout, sequence number = 2081
Timeout, sequence number = 2099
[CLIENT] Received ACK seq=2100
[CLIENT] Sent data seq=2200
Timeout, sequence number = 2164
[CLIENT] Received ACK seq=2200
Timeout, sequence number = 2203
Timeout, sequence number = 2216
[CLIENT] Sent data seq=2300
Timeout, sequence number = 2253
Timeout, sequence number = 2266
Timeout, sequence number = 2274
[CLIENT] Received ACK seq=2300
Timeout, sequence number = 2333
[CLIENT] Sent data seq=2400
Timeout, sequence number = 2347
Timeout, sequence number = 2352
Timeout, sequence number = 2372
[CLIENT] Received ACK seq=2400
[CLIENT] Summary: sent_packets=2401, ack_packets=2401, retransmitted_packets=5764, timeout_events=91
Transfer complete. Delay = 47.677242 seconds

=== STDERR ===
