=== STDOUT ===
[CLIENT] Starting transfer: server=10.153.27.102:7735, file=demo_input.bin, N=64, MSS=500, total_segments=2401
[CLIENT] Sent data seq=0
[CLIENT] Sent data seq=1
[CLIENT] Sent data seq=2
[CLIENT] Sent data seq=3
[CLIENT] Sent data seq=4
[CLIENT] Received ACK seq=0
Timeout, sequence number = 1
[CLIENT] Received ACK seq=1
[CLIENT] Received ACK seq=2
[CLIENT] Received ACK seq=3
[CLIENT] Received ACK seq=4
Timeout, sequence number = 16
Timeout, sequence number = 18
Timeout, sequence number = 21
Timeout, sequence number = 27
Timeout, sequence number = 27
Timeout, sequence number = 34
[CLIENT] Sent data seq=100
Timeout, sequence number = 37
Timeout, sequence number = 38
Timeout, sequence number = 41
Timeout, sequence number = 54
Timeout, sequence number = 63
Timeout, sequence number = 71
Timeout, sequence number = 72
Timeout, sequence number = 76
Timeout, sequence number = 82
Timeout, sequence number = 83
Timeout, sequence number = 83
Timeout, sequence number = 85
Timeout, sequence number = 85
Timeout, sequence number = 85
[CLIENT] Received ACK seq=100
Timeout, sequence number = 101
Timeout, sequence number = 101
Timeout, sequence number = 106
Timeout, sequence number = 115
Timeout, sequence number = 115
[CLIENT] Sent data seq=200
Timeout, sequence number = 144
Timeout, sequence number = 159
Timeout, sequence number = 169
Timeout, sequence number = 200
[CLIENT] Received ACK seq=200
Timeout, sequence number = 210
Timeout, sequence number = 220
Timeout, sequence number = 224
[CLIENT] Sent data seq=300
Timeout, sequence number = 241
Timeout, sequence number = 245
Timeout, sequence number = 252
Timeout, sequence number = 282
Timeout, sequence number = 287
Timeout, sequence number = 290
Timeout, sequence number = 290
[CLIENT] Received ACK seq=300
Timeout, sequence number = 328
Timeout, sequence number = 334
[CLIENT] Sent data seq=400
Timeout, sequence number = 348
Timeout, sequence number = 358
Timeout, sequence number = 368
Timeout, sequence number = 381
Timeout, sequence number = 384
Timeout, sequence number = 398
[CLIENT] Received ACK seq=400
Timeout, sequence number = 405
Timeout, sequence number = 414
Timeout, sequence number = 414
Timeout, sequence number = 430
Timeout, sequence number = 435
[CLIENT] Sent data seq=500
Timeout, sequence number = 445
Timeout, sequence number = 447
Timeout, sequence number = 447
Timeout, sequence number = 447
Timeout, sequence number = 453
Timeout, sequence number = 457
Timeout, sequence number = 477
Timeout, sequence number = 479
Timeout, sequence number = 487
[CLIENT] Received ACK seq=500
Timeout, sequence number = 520
Timeout, sequence number = 529
Timeout, sequence number = 530
[CLIENT] Sent data seq=600
Timeout, sequence number = 541
Timeout, sequence number = 550
Timeout, sequence number = 550
Timeout, sequence number = 556
Timeout, sequence number = 560
Timeout, sequence number = 567
Timeout, sequence number = 573
Timeout, sequence number = 578
Timeout, sequence number = 582
Timeout, sequence number = 584
Timeout, sequence number = 592
[CLIENT] Received ACK seq=600
Timeout, sequence number = 606
Timeout, sequence number = 613
Timeout, sequence number = 614
Timeout, sequence number = 618
Timeout, sequence number = 619
Timeout, sequence number = 625
Timeout, sequence number = 626
Timeout, sequence number = 627
Timeout, sequence number = 635
[CLIENT] Sent data seq=700
Timeout, sequence number = 651
Timeout, sequence number = 651
Timeout, sequence number = 672
Timeout, sequence number = 679
Timeout, sequence number = 691
Timeout, sequence number = 692
Timeout, sequence number = 699
Timeout, sequence number = 699
[CLIENT] Received ACK seq=700
Timeout, sequence number = 701
Timeout, sequence number = 704
Timeout, sequence number = 712
Timeout, sequence number = 716
Timeout, sequence number = 723
Timeout, sequence number = 728
Timeout, sequence number = 730
[CLIENT] Sent data seq=800
Timeout, sequence number = 740
Timeout, sequence number = 741
Timeout, sequence number = 743
Timeout, sequence number = 755
Timeout, sequence number = 755
Timeout, sequence number = 764
Timeout, sequence number = 764
Timeout, sequence number = 772
Timeout, sequence number = 774
Timeout, sequence number = 779
Timeout, sequence number = 780
Timeout, sequence number = 785
Timeout, sequence number = 785
Timeout, sequence number = 800
[CLIENT] Received ACK seq=800
Timeout, sequence number = 814
Timeout, sequence number = 824
Timeout, sequence number = 833
[CLIENT] Sent data seq=900
Timeout, sequence number = 843
Timeout, sequence number = 844
Timeout, sequence number = 850
Timeout, sequence number = 860
Timeout, sequence number = 880
Timeout, sequence number = 880
Timeout, sequence number = 887
[CLIENT] Received ACK seq=900
[CLIENT] Sent data seq=1000
Timeout, sequence number = 941
Timeout, sequence number = 956
Timeout, sequence number = 958
Timeout, sequence number = 962
Timeout, sequence number = 963
Timeout, sequence number = 972
Timeout, sequence number = 973
Timeout, sequence number = 991
[CLIENT] Received ACK seq=1000
Timeout, sequence number = 1003
Timeout, sequence number = 1005
Timeout, sequence number = 1011
Timeout, sequence number = 1014
Timeout, sequence number = 1020
Timeout, sequence number = 1025
[CLIENT] Sent data seq=1100
Timeout, sequence number = 1043
Timeout, sequence number = 1045
Timeout, sequence number = 1053
Timeout, sequence number = 1054
Timeout, sequence number = 1060
Timeout, sequence number = 1067
Timeout, sequence number = 1068
Timeout, sequence number = 1079
Timeout, sequence number = 1086
Timeout, sequence number = 1089
Timeout, sequence number = 1098
[CLIENT] Received ACK seq=1100
Timeout, sequence number = 1112
Timeout, sequence number = 1124
[CLIENT] Sent data seq=1200
Timeout, sequence number = 1143
Timeout, sequence number = 1169
Timeout, sequence number = 1178
Timeout, sequence number = 1181
Timeout, sequence number = 1194
Timeout, sequence number = 1195
Timeout, sequence number = 1200
[CLIENT] Received ACK seq=1200
Timeout, sequence number = 1202
Timeout, sequence number = 1207
Timeout, sequence number = 1209
Timeout, sequence number = 1218
Timeout, sequence number = 1225
[CLIENT] Sent data seq=1300
Timeout, sequence number = 1241
Timeout, sequence number = 1246
Timeout, sequence number = 1254
Timeout, sequence number = 1277
Timeout, sequence number = 1277
Timeout, sequence number = 1283
Timeout, sequence number = 1297
[CLIENT] Received ACK seq=1300
Timeout, sequence number = 1307
Timeout, sequence number = 1309
Timeout, sequence number = 1311
Timeout, sequence number = 1315
Timeout, sequence number = 1329
[CLIENT] Sent data seq=1400
Timeout, sequence number = 1338
Timeout, sequence number = 1349
Timeout, sequence number = 1359
Timeout, sequence number = 1386
[CLIENT] Received ACK seq=1400
Timeout, sequence number = 1407
Timeout, sequence number = 1422
Timeout, sequence number = 1427
[CLIENT] Sent data seq=1500
Timeout, sequence number = 1446
Timeout, sequence number = 1446
Timeout, sequence number = 1450
Timeout, sequence number = 1459
Timeout, sequence number = 1461
Timeout, sequence number = 1463
Timeout, sequence number = 1463
Timeout, sequence number = 1471
[CLIENT] Received ACK seq=1500
Timeout, sequence number = 1503
Timeout, sequence number = 1521
[CLIENT] Sent data seq=1600
Timeout, sequence number = 1557
Timeout, sequence number = 1558
Timeout, sequence number = 1559
Timeout, sequence number = 1560
Timeout, sequence number = 1585
Timeout, sequence number = 1587
Timeout, sequence number = 1590
[CLIENT] Received ACK seq=1600
Timeout, sequence number = 1604
Timeout, sequence number = 1605
Timeout, sequence number = 1627
Timeout, sequence number = 1630
[CLIENT] Sent data seq=1700
Timeout, sequence number = 1648
Timeout, sequence number = 1657
Timeout, sequence number = 1660
Timeout, sequence number = 1679
Timeout, sequence number = 1697
[CLIENT] Received ACK seq=1700
Timeout, sequence number = 1711
Timeout, sequence number = 1731
[CLIENT] Sent data seq=1800
Timeout, sequence number = 1765
Timeout, sequence number = 1767
Timeout, sequence number = 1769
Timeout, sequence number = 1793
Timeout, sequence number = 1797
[CLIENT] Received ACK seq=1800
Timeout, sequence number = 1820
Timeout, sequence number = 1830
[CLIENT] Sent data seq=1900
Timeout, sequence number = 1852
Timeout, sequence number = 1852
Timeout, sequence number = 1854
Timeout, sequence number = 1859
Timeout, sequence number = 1870
Timeout, sequence number = 1874
Timeout, sequence number = 1875
Timeout, sequence number = 1880
Timeout, sequence number = 1890
Timeout, sequence number = 1897
Timeout, sequence number = 1900
[CLIENT] Received ACK seq=1900
Timeout, sequence number = 1914
Timeout, sequence number = 1917
Timeout, sequence number = 1922
Timeout, sequence number = 1923
Timeout, sequence number = 1932
[CLIENT] Sent data seq=2000
Timeout, sequence number = 1949
Timeout, sequence number = 1964
Timeout, sequence number = 1998
[CLIENT] Received ACK seq=2000
Timeout, sequence number = 2008
[CLIENT] Sent data seq=2100
Timeout, sequence number = 2044
Timeout, sequence number = 2048
Timeout, sequence number = 2053
Timeout, sequence number = 2063
Timeout, sequence number = 2079
Timeout, sequence number = 2095
Timeout, sequence number = 2096
[CLIENT] Received ACK seq=2100
Timeout, sequence number = 2104
Timeout, sequence number = 2116
Timeout, sequence number = 2123
Timeout, sequence number = 2125
[CLIENT] Sent data seq=2200
Timeout, sequence number = 2143
Timeout, sequence number = 2162
Timeout, sequence number = 2172
Timeout, sequence number = 2174
Timeout, sequence number = 2178
Timeout, sequence number = 2181
Timeout, sequence number = 2186
Timeout, sequence number = 2199
[CLIENT] Received ACK seq=2200
Timeout, sequence number = 2205
Timeout, sequence number = 2215
[CLIENT] Sent data seq=2300
Timeout, sequence number = 2251
Timeout, sequence number = 2261
Timeout, sequence number = 2262
Timeout, sequence number = 2282
[CLIENT] Received ACK seq=2300
Timeout, sequence number = 2301
Timeout, sequence number = 2301
Timeout, sequence number = 2302
Timeout, sequence number = 2306
Timeout, sequence number = 2308
Timeout, sequence number = 2325
Timeout, sequence number = 2335
[CLIENT] Sent data seq=2400
Timeout, sequence number = 2345
[CLIENT] Received ACK seq=2400
[CLIENT] Summary: sent_packets=2401, ack_packets=2401, retransmitted_packets=17272, timeout_events=270
Transfer complete. Delay = 141.294415 seconds

=== STDERR ===
