=== STDOUT ===
[CLIENT] Starting transfer: server=10.153.27.102:7735, file=demo_input.bin, N=64, MSS=500, total_segments=2401
[CLIENT] Sent data seq=0
[CLIENT] Sent data seq=1
[CLIENT] Sent data seq=2
[CLIENT] Sent data seq=3
[CLIENT] Sent data seq=4
[CLIENT] Received ACK seq=0
[CLIENT] Received ACK seq=1
[CLIENT] Received ACK seq=2
[CLIENT] Received ACK seq=3
[CLIENT] Received ACK seq=4
[CLIENT] Sent data seq=100
Timeout, sequence number = 42
Timeout, sequence number = 46
Timeout, sequence number = 83
Timeout, sequence number = 85
Timeout, sequence number = 96
[CLIENT] Received ACK seq=100
Timeout, sequence number = 121
Timeout, sequence number = 123
Timeout, sequence number = 129
Timeout, sequence number = 130
Timeout, sequence number = 130
[CLIENT] Sent data seq=200
Timeout, sequence number = 140
Timeout, sequence number = 154
[CLIENT] Received ACK seq=200
Timeout, sequence number = 217
Timeout, sequence number = 227
Timeout, sequence number = 228
Timeout, sequence number = 229
[CLIENT] Sent data seq=300
Timeout, sequence number = 260
Timeout, sequence number = 269
Timeout, sequence number = 276
Timeout, sequence number = 282
Timeout, sequence number = 286
[CLIENT] Received ACK seq=300
Timeout, sequence number = 314
Timeout, sequence number = 317
Timeout, sequence number = 325
Timeout, sequence number = 336
[CLIENT] Sent data seq=400
Timeout, sequence number = 360
Timeout, sequence number = 360
Timeout, sequence number = 388
[CLIENT] Received ACK seq=400
Timeout, sequence number = 406
Timeout, sequence number = 418
[CLIENT] Sent data seq=500
Timeout, sequence number = 457
Timeout, sequence number = 478
[CLIENT] Received ACK seq=500
Timeout, sequence number = 504
Timeout, sequence number = 515
[CLIENT] Sent data seq=600
Timeout, sequence number = 552
Timeout, sequence number = 572
Timeout, sequence number = 572
Timeout, sequence number = 582
Timeout, sequence number = 591
Timeout, sequence number = 592
Timeout, sequence number = 592
Timeout, sequence number = 592
Timeout, sequence number = 592
[CLIENT] Received ACK seq=600
Timeout, sequence number = 605
Timeout, sequence number = 624
[CLIENT] Sent data seq=700
Timeout, sequence number = 648
Timeout, sequence number = 656
Timeout, sequence number = 661
Timeout, sequence number = 662
Timeout, sequence number = 662
Timeout, sequence number = 689
Timeout, sequence number = 697
[CLIENT] Received ACK seq=700
Timeout, sequence number = 711
Timeout, sequence number = 711
Timeout, sequence number = 711
Timeout, sequence number = 711
Timeout, sequence number = 716
[CLIENT] Sent data seq=800
Timeout, sequence number = 743
Timeout, sequence number = 757
Timeout, sequence number = 762
Timeout, sequence number = 787
[CLIENT] Received ACK seq=800
Timeout, sequence number = 812
[CLIENT] Sent data seq=900
Timeout, sequence number = 869
Timeout, sequence number = 878
Timeout, sequence number = 900
[CLIENT] Received ACK seq=900
Timeout, sequence number = 904
Timeout, sequence number = 908
Timeout, sequence number = 909
[CLIENT] Sent data seq=1000
Timeout, sequence number = 942
Timeout, sequence number = 957
Timeout, sequence number = 982
[CLIENT] Received ACK seq=1000
Timeout, sequence number = 1036
[CLIENT] Sent data seq=1100
Timeout, sequence number = 1060
Timeout, sequence number = 1063
Timeout, sequence number = 1072
Timeout, sequence number = 1100
[CLIENT] Received ACK seq=1100
Timeout, sequence number = 1111
Timeout, sequence number = 1122
Timeout, sequence number = 1127
[CLIENT] Sent data seq=1200
Timeout, sequence number = 1142
Timeout, sequence number = 1148
Timeout, sequence number = 1148
Timeout, sequence number = 1151
Timeout, sequence number = 1176
Timeout, sequence number = 1178
Timeout, sequence number = 1193
[CLIENT] Received ACK seq=1200
Timeout, sequence number = 1206
Timeout, sequence number = 1218
Timeout, sequence number = 1236
[CLIENT] Sent data seq=1300
Timeout, sequence number = 1247
Timeout, sequence number = 1253
[CLIENT] Received ACK seq=1300
Timeout, sequence number = 1303
Timeout, sequence number = 1330
Timeout, sequence number = 1330
Timeout, sequence number = 1332
[CLIENT] Sent data seq=1400
Timeout, sequence number = 1339
Timeout, sequence number = 1339
Timeout, sequence number = 1341
Timeout, sequence number = 1350
Timeout, sequence number = 1369
Timeout, sequence number = 1369
Timeout, sequence number = 1370
Timeout, sequence number = 1381
Timeout, sequence number = 1383
Timeout, sequence number = 1394
Timeout, sequence number = 1394
[CLIENT] Received ACK seq=1400
Timeout, sequence number = 1407
Timeout, sequence number = 1407
Timeout, sequence number = 1431
[CLIENT] Sent data seq=1500
Timeout, sequence number = 1460
Timeout, sequence number = 1493
Timeout, sequence number = 1499
[CLIENT] Received ACK seq=1500
Timeout, sequence number = 1522
Timeout, sequence number = 1523
[CLIENT] Sent data seq=1600
Timeout, sequence number = 1541
Timeout, sequence number = 1541
Timeout, sequence number = 1543
Timeout, sequence number = 1566
Timeout, sequence number = 1585
Timeout, sequence number = 1591
[CLIENT] Received ACK seq=1600
Timeout, sequence number = 1607
Timeout, sequence number = 1625
Timeout, sequence number = 1629
Timeout, sequence number = 1632
Timeout, sequence number = 1633
[CLIENT] Sent data seq=1700
Timeout, sequence number = 1637
Timeout, sequence number = 1640
Timeout, sequence number = 1644
Timeout, sequence number = 1679
Timeout, sequence number = 1689
[CLIENT] Received ACK seq=1700
Timeout, sequence number = 1702
[CLIENT] Sent data seq=1800
Timeout, sequence number = 1756
Timeout, sequence number = 1783
[CLIENT] Received ACK seq=1800
Timeout, sequence number = 1807
[CLIENT] Sent data seq=1900
Timeout, sequence number = 1837
Timeout, sequence number = 1848
Timeout, sequence number = 1878
Timeout, sequence number = 1879
Timeout, sequence number = 1882
Timeout, sequence number = 1882
[CLIENT] Received ACK seq=1900
Timeout, sequence number = 1922
Timeout, sequence number = 1924
Timeout, sequence number = 1930
[CLIENT] Sent data seq=2000
Timeout, sequence number = 1944
Timeout, sequence number = 1947
Timeout, sequence number = 1996
Timeout, sequence number = 1997
[CLIENT] Received ACK seq=2000
Timeout, sequence number = 2011
Timeout, sequence number = 2014
Timeout, sequence number = 2028
Timeout, sequence number = 2035
Timeout, sequence number = 2036
[CLIENT] Sent data seq=2100
Timeout, sequence number = 2040
Timeout, sequence number = 2040
Timeout, sequence number = 2080
Timeout, sequence number = 2094
Timeout, sequence number = 2097
[CLIENT] Received ACK seq=2100
Timeout, sequence number = 2123
[CLIENT] Sent data seq=2200
Timeout, sequence number = 2146
Timeout, sequence number = 2149
Timeout, sequence number = 2188
Timeout, sequence number = 2190
Timeout, sequence number = 2191
Timeout, sequence number = 2199
[CLIENT] Received ACK seq=2200
Timeout, sequence number = 2202
Timeout, sequence number = 2232
[CLIENT] Sent data seq=2300
Timeout, sequence number = 2253
Timeout, sequence number = 2265
Timeout, sequence number = 2286
Timeout, sequence number = 2290
Timeout, sequence number = 2293
Timeout, sequence number = 2294
Timeout, sequence number = 2296
[CLIENT] Received ACK seq=2300
Timeout, sequence number = 2324
Timeout, sequence number = 2333
Timeout, sequence number = 2334
[CLIENT] Sent data seq=2400
Timeout, sequence number = 2345
Timeout, sequence number = 2346
[CLIENT] Received ACK seq=2400
[CLIENT] Summary: sent_packets=2401, ack_packets=2401, retransmitted_packets=11375, timeout_events=178
Transfer complete. Delay = 93.338513 seconds

=== STDERR ===
