=== STDOUT ===
[CLIENT] Starting transfer: server=10.153.27.102:7735, file=demo_input.bin, N=64, MSS=500, total_segments=2401
[CLIENT] Sent data seq=0
[CLIENT] Sent data seq=1
[CLIENT] Sent data seq=2
[CLIENT] Sent data seq=3
[CLIENT] Sent data seq=4
[CLIENT] Received ACK seq=0
[CLIENT] Received ACK seq=1
[CLIENT] Received ACK seq=2
[CLIENT] Received ACK seq=3
[CLIENT] Received ACK seq=4
Timeout, sequence number = 10
Timeout, sequence number = 18
[CLIENT] Sent data seq=100
Timeout, sequence number = 56
Timeout, sequence number = 79
Timeout, sequence number = 90
[CLIENT] Received ACK seq=100
Timeout, sequence number = 116
Timeout, sequence number = 126
[CLIENT] Sent data seq=200
Timeout, sequence number = 141
Timeout, sequence number = 151
Timeout, sequence number = 164
Timeout, sequence number = 172
Timeout, sequence number = 180
Timeout, sequence number = 196
[CLIENT] Received ACK seq=200
Timeout, sequence number = 211
Timeout, sequence number = 235
[CLIENT] Sent data seq=300
Timeout, sequence number = 242
Timeout, sequence number = 258
Timeout, sequence number = 278
Timeout, sequence number = 278
Timeout, sequence number = 278
Timeout, sequence number = 278
Timeout, sequence number = 286
Timeout, sequence number = 294
[CLIENT] Received ACK seq=300
Timeout, sequence number = 305
Timeout, sequence number = 315
Timeout, sequence number = 328
Timeout, sequence number = 330
[CLIENT] Sent data seq=400
Timeout, sequence number = 374
Timeout, sequence number = 392
Timeout, sequence number = 398
[CLIENT] Received ACK seq=400
Timeout, sequence number = 408
[CLIENT] Sent data seq=500
Timeout, sequence number = 445
Timeout, sequence number = 487
Timeout, sequence number = 494
[CLIENT] Received ACK seq=500
Timeout, sequence number = 517
Timeout, sequence number = 524
[CLIENT] Sent data seq=600
Timeout, sequence number = 549
Timeout, sequence number = 552
Timeout, sequence number = 558
Timeout, sequence number = 564
Timeout, sequence number = 597
[CLIENT] Received ACK seq=600
Timeout, sequence number = 603
Timeout, sequence number = 612
Timeout, sequence number = 632
Timeout, sequence number = 632
[CLIENT] Sent data seq=700
Timeout, sequence number = 647
Timeout, sequence number = 647
Timeout, sequence number = 664
Timeout, sequence number = 678
Timeout, sequence number = 693
[CLIENT] Received ACK seq=700
Timeout, sequence number = 705
Timeout, sequence number = 730
Timeout, sequence number = 736
[CLIENT] Sent data seq=800
Timeout, sequence number = 770
Timeout, sequence number = 776
[CLIENT] Received ACK seq=800
Timeout, sequence number = 810
[CLIENT] Sent data seq=900
Timeout, sequence number = 837
Timeout, sequence number = 847
Timeout, sequence number = 847
Timeout, sequence number = 852
Timeout, sequence number = 859
Timeout, sequence number = 879
[CLIENT] Received ACK seq=900
Timeout, sequence number = 903
Timeout, sequence number = 915
Timeout, sequence number = 923
[CLIENT] Sent data seq=1000
Timeout, sequence number = 942
Timeout, sequence number = 962
Timeout, sequence number = 964
Timeout, sequence number = 970
Timeout, sequence number = 972
Timeout, sequence number = 973
Timeout, sequence number = 977
Timeout, sequence number = 991
[CLIENT] Received ACK seq=1000
[CLIENT] Sent data seq=1100
Timeout, sequence number = 1044
Timeout, sequence number = 1080
Timeout, sequence number = 1088
[CLIENT] Received ACK seq=1100
Timeout, sequence number = 1123
Timeout, sequence number = 1128
[CLIENT] Sent data seq=1200
Timeout, sequence number = 1164
Timeout, sequence number = 1175
[CLIENT] Received ACK seq=1200
Timeout, sequence number = 1206
Timeout, sequence number = 1219
[CLIENT] Sent data seq=1300
Timeout, sequence number = 1237
Timeout, sequence number = 1256
Timeout, sequence number = 1261
Timeout, sequence number = 1280
[CLIENT] Received ACK seq=1300
[CLIENT] Sent data seq=1400
Timeout, sequence number = 1364
Timeout, sequence number = 1370
Timeout, sequence number = 1383
Timeout, sequence number = 1393
[CLIENT] Received ACK seq=1400
Timeout, sequence number = 1418
[CLIENT] Sent data seq=1500
Timeout, sequence number = 1441
Timeout, sequence number = 1450
Timeout, sequence number = 1477
Timeout, sequence number = 1493
[CLIENT] Received ACK seq=1500
Timeout, sequence number = 1524
Timeout, sequence number = 1526
[CLIENT] Sent data seq=1600
Timeout, sequence number = 1544
Timeout, sequence number = 1548
Timeout, sequence number = 1554
Timeout, sequence number = 1571
Timeout, sequence number = 1577
Timeout, sequence number = 1579
[CLIENT] Received ACK seq=1600
Timeout, sequence number = 1605
[CLIENT] Sent data seq=1700
Timeout, sequence number = 1658
Timeout, sequence number = 1685
Timeout, sequence number = 1698
[CLIENT] Received ACK seq=1700
Timeout, sequence number = 1724
Timeout, sequence number = 1727
[CLIENT] Sent data seq=1800
Timeout, sequence number = 1737
Timeout, sequence number = 1747
Timeout, sequence number = 1776
[CLIENT] Received ACK seq=1800
Timeout, sequence number = 1829
Timeout, sequence number = 1833
[CLIENT] Sent data seq=1900
Timeout, sequence number = 1838
Timeout, sequence number = 1839
Timeout, sequence number = 1851
Timeout, sequence number = 1853
Timeout, sequence number = 1853
Timeout, sequence number = 1855
Timeout, sequence number = 1877
[CLIENT] Received ACK seq=1900
Timeout, sequence number = 1916
Timeout, sequence number = 1919
Timeout, sequence number = 1936
Timeout, sequence number = 1936
[CLIENT] Sent data seq=2000
Timeout, sequence number = 1962
Timeout, sequence number = 1962
Timeout, sequence number = 1982
Timeout, sequence number = 1984
[CLIENT] Received ACK seq=2000
Timeout, sequence number = 2023
[CLIENT] Sent data seq=2100
Timeout, sequence number = 2049
Timeout, sequence number = 2050
Timeout, sequence number = 2075
[CLIENT] Received ACK seq=2100
Timeout, sequence number = 2116
[CLIENT] Sent data seq=2200
Timeout, sequence number = 2141
Timeout, sequence number = 2167
[CLIENT] Received ACK seq=2200
[CLIENT] Sent data seq=2300
Timeout, sequence number = 2238
Timeout, sequence number = 2242
[CLIENT] Received ACK seq=2300
Timeout, sequence number = 2308
Timeout, sequence number = 2308
Timeout, sequence number = 2328
[CLIENT] Sent data seq=2400
Timeout, sequence number = 2348
Timeout, sequence number = 2369
Timeout, sequence number = 2376
Timeout, sequence number = 2376
[CLIENT] Received ACK seq=2400
[CLIENT] Summary: sent_packets=2401, ack_packets=2401, retransmitted_packets=9159, timeout_events=145
Transfer complete. Delay = 76.012111 seconds

=== STDERR ===
