=== STDOUT ===
[CLIENT] Starting transfer: server=10.153.27.102:7735, file=demo_input.bin, N=64, MSS=400, total_segments=3001
[CLIENT] Sent data seq=0
[CLIENT] Sent data seq=1
[CLIENT] Sent data seq=2
[CLIENT] Sent data seq=3
[CLIENT] Sent data seq=4
[CLIENT] Received ACK seq=0
Timeout, sequence number = 1
[CLIENT] Received ACK seq=1
Timeout, sequence number = 2
[CLIENT] Received ACK seq=2
[CLIENT] Received ACK seq=3
[CLIENT] Received ACK seq=4
[CLIENT] Sent data seq=100
Timeout, sequence number = 44
[CLIENT] Received ACK seq=100
Timeout, sequence number = 115
Timeout, sequence number = 120
[CLIENT] Sent data seq=200
Timeout, sequence number = 137
Timeout, sequence number = 153
Timeout, sequence number = 153
Timeout, sequence number = 188
[CLIENT] Received ACK seq=200
Timeout, sequence number = 208
Timeout, sequence number = 212
Timeout, sequence number = 218
[CLIENT] Sent data seq=300
Timeout, sequence number = 244
Timeout, sequence number = 281
Timeout, sequence number = 285
Timeout, sequence number = 300
[CLIENT] Received ACK seq=300
Timeout, sequence number = 309
Timeout, sequence number = 334
[CLIENT] Sent data seq=400
Timeout, sequence number = 374
Timeout, sequence number = 374
[CLIENT] Received ACK seq=400
Timeout, sequence number = 407
Timeout, sequence number = 412
[CLIENT] Sent data seq=500
Timeout, sequence number = 447
Timeout, sequence number = 456
Timeout, sequence number = 472
Timeout, sequence number = 496
Timeout, sequence number = 500
[CLIENT] Received ACK seq=500
Timeout, sequence number = 513
[CLIENT] Sent data seq=600
Timeout, sequence number = 548
Timeout, sequence number = 591
[CLIENT] Received ACK seq=600
Timeout, sequence number = 630
[CLIENT] Sent data seq=700
Timeout, sequence number = 670
[CLIENT] Received ACK seq=700
Timeout, sequence number = 702
Timeout, sequence number = 708
Timeout, sequence number = 732
[CLIENT] Sent data seq=800
Timeout, sequence number = 740
Timeout, sequence number = 752
Timeout, sequence number = 786
[CLIENT] Received ACK seq=800
Timeout, sequence number = 801
Timeout, sequence number = 801
Timeout, sequence number = 822
Timeout, sequence number = 823
[CLIENT] Sent data seq=900
Timeout, sequence number = 844
Timeout, sequence number = 851
Timeout, sequence number = 857
Timeout, sequence number = 873
[CLIENT] Received ACK seq=900
Timeout, sequence number = 902
Timeout, sequence number = 902
Timeout, sequence number = 924
[CLIENT] Sent data seq=1000
Timeout, sequence number = 948
Timeout, sequence number = 950
Timeout, sequence number = 951
Timeout, sequence number = 976
Timeout, sequence number = 984
[CLIENT] Received ACK seq=1000
Timeout, sequence number = 1008
Timeout, sequence number = 1009
Timeout, sequence number = 1009
Timeout, sequence number = 1009
Timeout, sequence number = 1030
[CLIENT] Sent data seq=1100
Timeout, sequence number = 1051
Timeout, sequence number = 1069
Timeout, sequence number = 1076
Timeout, sequence number = 1079
Timeout, sequence number = 1082
Timeout, sequence number = 1088
Timeout, sequence number = 1099
[CLIENT] Received ACK seq=1100
Timeout, sequence number = 1136
[CLIENT] Sent data seq=1200
Timeout, sequence number = 1181
[CLIENT] Received ACK seq=1200
Timeout, sequence number = 1223
Timeout, sequence number = 1227
[CLIENT] Sent data seq=1300
Timeout, sequence number = 1252
Timeout, sequence number = 1266
Timeout, sequence number = 1278
Timeout, sequence number = 1298
Timeout, sequence number = 1300
[CLIENT] Received ACK seq=1300
Timeout, sequence number = 1310
[CLIENT] Sent data seq=1400
Timeout, sequence number = 1345
Timeout, sequence number = 1346
Timeout, sequence number = 1365
Timeout, sequence number = 1387
Timeout, sequence number = 1396
[CLIENT] Received ACK seq=1400
Timeout, sequence number = 1423
[CLIENT] Sent data seq=1500
Timeout, sequence number = 1474
Timeout, sequence number = 1497
[CLIENT] Received ACK seq=1500
[CLIENT] Sent data seq=1600
Timeout, sequence number = 1547
Timeout, sequence number = 1552
Timeout, sequence number = 1558
Timeout, sequence number = 1576
Timeout, sequence number = 1585
[CLIENT] Received ACK seq=1600
Timeout, sequence number = 1625
[CLIENT] Sent data seq=1700
Timeout, sequence number = 1669
[CLIENT] Received ACK seq=1700
Timeout, sequence number = 1718
Timeout, sequence number = 1720
Timeout, sequence number = 1726
Timeout, sequence number = 1732
[CLIENT] Sent data seq=1800
Timeout, sequence number = 1756
Timeout, sequence number = 1760
Timeout, sequence number = 1774
Timeout, sequence number = 1782
[CLIENT] Received ACK seq=1800
[CLIENT] Sent data seq=1900
Timeout, sequence number = 1856
Timeout, sequence number = 1895
[CLIENT] Received ACK seq=1900
Timeout, sequence number = 1935
[CLIENT] Sent data seq=2000
Timeout, sequence number = 1948
Timeout, sequence number = 1961
Timeout, sequence number = 1962
[CLIENT] Received ACK seq=2000
Timeout, sequence number = 2008
Timeout, sequence number = 2017
Timeout, sequence number = 2017
Timeout, sequence number = 2021
Timeout, sequence number = 2035
[CLIENT] Sent data seq=2100
Timeout, sequence number = 2064
Timeout, sequence number = 2069
Timeout, sequence number = 2073
Timeout, sequence number = 2076
Timeout, sequence number = 2081
Timeout, sequence number = 2081
Timeout, sequence number = 2083
Timeout, sequence number = 2088
Timeout, sequence number = 2088
Timeout, sequence number = 2095
[CLIENT] Received ACK seq=2100
Timeout, sequence number = 2109
Timeout, sequence number = 2110
[CLIENT] Sent data seq=2200
Timeout, sequence number = 2157
Timeout, sequence number = 2181
Timeout, sequence number = 2188
[CLIENT] Received ACK seq=2200
Timeout, sequence number = 2235
[CLIENT] Sent data seq=2300
Timeout, sequence number = 2256
Timeout, sequence number = 2260
[CLIENT] Received ACK seq=2300
Timeout, sequence number = 2332
[CLIENT] Sent data seq=2400
Timeout, sequence number = 2348
Timeout, sequence number = 2357
Timeout, sequence number = 2377
[CLIENT] Received ACK seq=2400
[CLIENT] Sent data seq=2500
Timeout, sequence number = 2442
Timeout, sequence number = 2465
Timeout, sequence number = 2487
[CLIENT] Received ACK seq=2500
Timeout, sequence number = 2516
Timeout, sequence number = 2522
Timeout, sequence number = 2533
[CLIENT] Sent data seq=2600
Timeout, sequence number = 2557
Timeout, sequence number = 2559
[CLIENT] Received ACK seq=2600
Timeout, sequence number = 2608
Timeout, sequence number = 2612
[CLIENT] Sent data seq=2700
Timeout, sequence number = 2686
Timeout, sequence number = 2693
Timeout, sequence number = 2693
[CLIENT] Received ACK seq=2700
[CLIENT] Sent data seq=2800
Timeout, sequence number = 2749
Timeout, sequence number = 2762
Timeout, sequence number = 2774
Timeout, sequence number = 2782
Timeout, sequence number = 2800
[CLIENT] Received ACK seq=2800
Timeout, sequence number = 2833
[CLIENT] Sent data seq=2900
Timeout, sequence number = 2844
[CLIENT] Received ACK seq=2900
[CLIENT] Sent data seq=3000
Timeout, sequence number = 2942
Timeout, sequence number = 2951
Timeout, sequence number = 2964
Timeout, sequence number = 2967
Timeout, sequence number = 2971
Timeout, sequence number = 2974
Timeout, sequence number = 2989
[CLIENT] Received ACK seq=3000
[CLIENT] Summary: sent_packets=3001, ack_packets=3001, retransmitted_packets=9977, timeout_events=159
Transfer complete. Delay = 83.441285 seconds

=== STDERR ===
