=== STDOUT ===
[CLIENT] Starting transfer: server=10.153.27.102:7735, file=demo_input.bin, N=64, MSS=500, total_segments=2401
[CLIENT] Sent data seq=0
[CLIENT] Sent data seq=1
[CLIENT] Sent data seq=2
[CLIENT] Sent data seq=3
[CLIENT] Sent data seq=4
[CLIENT] Received ACK seq=0
[CLIENT] Received ACK seq=1
Timeout, sequence number = 2
[CLIENT] Received ACK seq=2
[CLIENT] Received ACK seq=3
[CLIENT] Received ACK seq=4
Timeout, sequence number = 14
Timeout, sequence number = 15
Timeout, sequence number = 30
[CLIENT] Sent data seq=100
Timeout, sequence number = 43
Timeout, sequence number = 61
Timeout, sequence number = 86
Timeout, sequence number = 89
[CLIENT] Received ACK seq=100
Timeout, sequence number = 113
[CLIENT] Sent data seq=200
Timeout, sequence number = 195
[CLIENT] Received ACK seq=200
[CLIENT] Sent data seq=300
Timeout, sequence number = 240
Timeout, sequence number = 243
[CLIENT] Received ACK seq=300
Timeout, sequence number = 307
[CLIENT] Sent data seq=400
Timeout, sequence number = 340
Timeout, sequence number = 345
Timeout, sequence number = 353
Timeout, sequence number = 355
Timeout, sequence number = 357
Timeout, sequence number = 368
Timeout, sequence number = 368
Timeout, sequence number = 373
[CLIENT] Received ACK seq=400
Timeout, sequence number = 434
[CLIENT] Sent data seq=500
Timeout, sequence number = 437
Timeout, sequence number = 479
[CLIENT] Received ACK seq=500
Timeout, sequence number = 508
[CLIENT] Sent data seq=600
Timeout, sequence number = 577
Timeout, sequence number = 577
Timeout, sequence number = 588
[CLIENT] Received ACK seq=600
[CLIENT] Sent data seq=700
Timeout, sequence number = 638
Timeout, sequence number = 664
Timeout, sequence number = 674
Timeout, sequence number = 682
Timeout, sequence number = 687
[CLIENT] Received ACK seq=700
Timeout, sequence number = 706
[CLIENT] Sent data seq=800
Timeout, sequence number = 745
Timeout, sequence number = 759
Timeout, sequence number = 795
[CLIENT] Received ACK seq=800
Timeout, sequence number = 807
[CLIENT] Sent data seq=900
Timeout, sequence number = 838
Timeout, sequence number = 840
Timeout, sequence number = 858
Timeout, sequence number = 860
Timeout, sequence number = 884
Timeout, sequence number = 887
[CLIENT] Received ACK seq=900
Timeout, sequence number = 910
[CLIENT] Sent data seq=1000
Timeout, sequence number = 939
Timeout, sequence number = 939
Timeout, sequence number = 962
[CLIENT] Received ACK seq=1000
Timeout, sequence number = 1011
Timeout, sequence number = 1015
Timeout, sequence number = 1028
[CLIENT] Sent data seq=1100
[CLIENT] Received ACK seq=1100
Timeout, sequence number = 1110
[CLIENT] Sent data seq=1200
Timeout, sequence number = 1143
Timeout, sequence number = 1157
Timeout, sequence number = 1158
Timeout, sequence number = 1170
Timeout, sequence number = 1179
Timeout, sequence number = 1179
Timeout, sequence number = 1198
[CLIENT] Received ACK seq=1200
Timeout, sequence number = 1202
Timeout, sequence number = 1235
[CLIENT] Sent data seq=1300
Timeout, sequence number = 1268
Timeout, sequence number = 1290
[CLIENT] Received ACK seq=1300
Timeout, sequence number = 1309
Timeout, sequence number = 1322
Timeout, sequence number = 1328
[CLIENT] Sent data seq=1400
Timeout, sequence number = 1357
Timeout, sequence number = 1358
Timeout, sequence number = 1360
[CLIENT] Received ACK seq=1400
Timeout, sequence number = 1434
[CLIENT] Sent data seq=1500
Timeout, sequence number = 1445
Timeout, sequence number = 1454
Timeout, sequence number = 1483
[CLIENT] Received ACK seq=1500
Timeout, sequence number = 1507
[CLIENT] Sent data seq=1600
Timeout, sequence number = 1537
[CLIENT] Received ACK seq=1600
Timeout, sequence number = 1605
Timeout, sequence number = 1635
[CLIENT] Sent data seq=1700
Timeout, sequence number = 1637
Timeout, sequence number = 1646
Timeout, sequence number = 1662
Timeout, sequence number = 1696
[CLIENT] Received ACK seq=1700
Timeout, sequence number = 1716
Timeout, sequence number = 1721
Timeout, sequence number = 1727
[CLIENT] Sent data seq=1800
Timeout, sequence number = 1776
Timeout, sequence number = 1781
Timeout, sequence number = 1784
[CLIENT] Received ACK seq=1800
Timeout, sequence number = 1804
Timeout, sequence number = 1810
Timeout, sequence number = 1836
[CLIENT] Sent data seq=1900
Timeout, sequence number = 1889
[CLIENT] Received ACK seq=1900
Timeout, sequence number = 1904
Timeout, sequence number = 1904
Timeout, sequence number = 1908
Timeout, sequence number = 1920
Timeout, sequence number = 1927
[CLIENT] Sent data seq=2000
Timeout, sequence number = 1944
Timeout, sequence number = 1969
Timeout, sequence number = 1974
Timeout, sequence number = 1975
Timeout, sequence number = 1979
Timeout, sequence number = 1980
Timeout, sequence number = 1983
[CLIENT] Received ACK seq=2000
Timeout, sequence number = 2027
[CLIENT] Sent data seq=2100
Timeout, sequence number = 2041
Timeout, sequence number = 2047
Timeout, sequence number = 2066
Timeout, sequence number = 2068
Timeout, sequence number = 2086
[CLIENT] Received ACK seq=2100
Timeout, sequence number = 2102
Timeout, sequence number = 2110
Timeout, sequence number = 2120
Timeout, sequence number = 2126
Timeout, sequence number = 2134
[CLIENT] Sent data seq=2200
Timeout, sequence number = 2159
Timeout, sequence number = 2167
Timeout, sequence number = 2176
[CLIENT] Received ACK seq=2200
[CLIENT] Sent data seq=2300
Timeout, sequence number = 2239
Timeout, sequence number = 2239
Timeout, sequence number = 2266
Timeout, sequence number = 2274
Timeout, sequence number = 2286
Timeout, sequence number = 2298
Timeout, sequence number = 2299
[CLIENT] Received ACK seq=2300
[CLIENT] Sent data seq=2400
Timeout, sequence number = 2348
Timeout, sequence number = 2355
Timeout, sequence number = 2357
Timeout, sequence number = 2363
[CLIENT] Received ACK seq=2400
[CLIENT] Summary: sent_packets=2401, ack_packets=2401, retransmitted_packets=8117, timeout_events=128
Transfer complete. Delay = 67.186017 seconds

=== STDERR ===
