=== STDOUT ===
[CLIENT] Starting transfer: server=10.153.27.102:7735, file=demo_input.bin, N=64, MSS=500, total_segments=2401
[CLIENT] Sent data seq=0
[CLIENT] Sent data seq=1
[CLIENT] Sent data seq=2
[CLIENT] Sent data seq=3
[CLIENT] Sent data seq=4
[CLIENT] Received ACK seq=0
[CLIENT] Received ACK seq=1
[CLIENT] Received ACK seq=2
[CLIENT] Received ACK seq=3
[CLIENT] Received ACK seq=4
Timeout, sequence number = 13
Timeout, sequence number = 23
[CLIENT] Sent data seq=100
Timeout, sequence number = 57
[CLIENT] Received ACK seq=100
Timeout, sequence number = 126
[CLIENT] Sent data seq=200
Timeout, sequence number = 145
Timeout, sequence number = 145
Timeout, sequence number = 176
[CLIENT] Received ACK seq=200
Timeout, sequence number = 201
Timeout, sequence number = 212
Timeout, sequence number = 226
Timeout, sequence number = 226
[CLIENT] Sent data seq=300
Timeout, sequence number = 254
Timeout, sequence number = 258
Timeout, sequence number = 269
Timeout, sequence number = 279
[CLIENT] Received ACK seq=300
Timeout, sequence number = 313
Timeout, sequence number = 329
Timeout, sequence number = 335
[CLIENT] Sent data seq=400
Timeout, sequence number = 365
Timeout, sequence number = 373
[CLIENT] Received ACK seq=400
Timeout, sequence number = 408
[CLIENT] Sent data seq=500
Timeout, sequence number = 471
Timeout, sequence number = 477
[CLIENT] Received ACK seq=500
Timeout, sequence number = 509
Timeout, sequence number = 535
[CLIENT] Sent data seq=600
[CLIENT] Received ACK seq=600
Timeout, sequence number = 604
Timeout, sequence number = 607
Timeout, sequence number = 608
Timeout, sequence number = 625
Timeout, sequence number = 636
[CLIENT] Sent data seq=700
Timeout, sequence number = 679
Timeout, sequence number = 680
Timeout, sequence number = 699
[CLIENT] Received ACK seq=700
Timeout, sequence number = 723
Timeout, sequence number = 730
[CLIENT] Sent data seq=800
Timeout, sequence number = 763
Timeout, sequence number = 766
[CLIENT] Received ACK seq=800
Timeout, sequence number = 819
Timeout, sequence number = 829
[CLIENT] Sent data seq=900
Timeout, sequence number = 877
Timeout, sequence number = 880
Timeout, sequence number = 881
Timeout, sequence number = 890
Timeout, sequence number = 890
[CLIENT] Received ACK seq=900
Timeout, sequence number = 910
Timeout, sequence number = 927
[CLIENT] Sent data seq=1000
Timeout, sequence number = 975
[CLIENT] Received ACK seq=1000
[CLIENT] Sent data seq=1100
Timeout, sequence number = 1042
Timeout, sequence number = 1073
Timeout, sequence number = 1087
[CLIENT] Received ACK seq=1100
Timeout, sequence number = 1110
Timeout, sequence number = 1123
[CLIENT] Sent data seq=1200
Timeout, sequence number = 1139
Timeout, sequence number = 1149
Timeout, sequence number = 1176
Timeout, sequence number = 1182
[CLIENT] Received ACK seq=1200
Timeout, sequence number = 1226
[CLIENT] Sent data seq=1300
Timeout, sequence number = 1239
Timeout, sequence number = 1247
Timeout, sequence number = 1248
Timeout, sequence number = 1267
[CLIENT] Received ACK seq=1300
Timeout, sequence number = 1307
Timeout, sequence number = 1312
[CLIENT] Sent data seq=1400
Timeout, sequence number = 1337
Timeout, sequence number = 1373
Timeout, sequence number = 1386
[CLIENT] Received ACK seq=1400
[CLIENT] Sent data seq=1500
Timeout, sequence number = 1446
Timeout, sequence number = 1447
Timeout, sequence number = 1473
Timeout, sequence number = 1476
Timeout, sequence number = 1499
[CLIENT] Received ACK seq=1500
Timeout, sequence number = 1526
[CLIENT] Sent data seq=1600
Timeout, sequence number = 1561
Timeout, sequence number = 1564
Timeout, sequence number = 1564
Timeout, sequence number = 1600
[CLIENT] Received ACK seq=1600
Timeout, sequence number = 1609
Timeout, sequence number = 1630
[CLIENT] Sent data seq=1700
Timeout, sequence number = 1644
Timeout, sequence number = 1662
Timeout, sequence number = 1677
Timeout, sequence number = 1680
Timeout, sequence number = 1692
Timeout, sequence number = 1693
Timeout, sequence number = 1700
[CLIENT] Received ACK seq=1700
Timeout, sequence number = 1717
Timeout, sequence number = 1722
Timeout, sequence number = 1728
Timeout, sequence number = 1729
[CLIENT] Sent data seq=1800
Timeout, sequence number = 1751
Timeout, sequence number = 1778
Timeout, sequence number = 1778
[CLIENT] Received ACK seq=1800
[CLIENT] Sent data seq=1900
Timeout, sequence number = 1845
Timeout, sequence number = 1893
[CLIENT] Received ACK seq=1900
[CLIENT] Sent data seq=2000
Timeout, sequence number = 1948
Timeout, sequence number = 1961
Timeout, sequence number = 1966
Timeout, sequence number = 1966
Timeout, sequence number = 1995
[CLIENT] Received ACK seq=2000
Timeout, sequence number = 2002
Timeout, sequence number = 2019
Timeout, sequence number = 2033
Timeout, sequence number = 2033
[CLIENT] Sent data seq=2100
Timeout, sequence number = 2066
Timeout, sequence number = 2075
Timeout, sequence number = 2090
Timeout, sequence number = 2093
[CLIENT] Received ACK seq=2100
Timeout, sequence number = 2103
[CLIENT] Sent data seq=2200
Timeout, sequence number = 2147
Timeout, sequence number = 2164
[CLIENT] Received ACK seq=2200
Timeout, sequence number = 2202
Timeout, sequence number = 2212
Timeout, sequence number = 2213
Timeout, sequence number = 2214
[CLIENT] Sent data seq=2300
Timeout, sequence number = 2249
[CLIENT] Received ACK seq=2300
Timeout, sequence number = 2301
[CLIENT] Sent data seq=2400
Timeout, sequence number = 2341
Timeout, sequence number = 2350
Timeout, sequence number = 2364
Timeout, sequence number = 2382
[CLIENT] Received ACK seq=2400
[CLIENT] Summary: sent_packets=2401, ack_packets=2401, retransmitted_packets=7591, timeout_events=120
Transfer complete. Delay = 63.047363 seconds

=== STDERR ===
