=== STDOUT ===
[CLIENT] Starting transfer: server=10.153.27.102:7735, file=demo_input.bin, N=64, MSS=500, total_segments=2401
[CLIENT] Sent data seq=0
[CLIENT] Sent data seq=1
[CLIENT] Sent data seq=2
[CLIENT] Sent data seq=3
[CLIENT] Sent data seq=4
[CLIENT] Received ACK seq=0
[CLIENT] Received ACK seq=1
[CLIENT] Received ACK seq=2
[CLIENT] Received ACK seq=3
[CLIENT] Received ACK seq=4
Timeout, sequence number = 10
[CLIENT] Sent data seq=100
Timeout, sequence number = 77
Timeout, sequence number = 81
[CLIENT] Received ACK seq=100
Timeout, sequence number = 121
[CLIENT] Sent data seq=200
Timeout, sequence number = 140
Timeout, sequence number = 167
Timeout, sequence number = 167
Timeout, sequence number = 196
Timeout, sequence number = 198
[CLIENT] Received ACK seq=200
Timeout, sequence number = 210
Timeout, sequence number = 215
Timeout, sequence number = 226
[CLIENT] Sent data seq=300
Timeout, sequence number = 273
Timeout, sequence number = 275
Timeout, sequence number = 278
Timeout, sequence number = 288
Timeout, sequence number = 290
Timeout, sequence number = 299
[CLIENT] Received ACK seq=300
Timeout, sequence number = 308
Timeout, sequence number = 317
Timeout, sequence number = 321
Timeout, sequence number = 323
Timeout, sequence number = 328
Timeout, sequence number = 330
Timeout, sequence number = 330
[CLIENT] Sent data seq=400
Timeout, sequence number = 372
[CLIENT] Received ACK seq=400
Timeout, sequence number = 409
Timeout, sequence number = 428
[CLIENT] Sent data seq=500
Timeout, sequence number = 449
Timeout, sequence number = 457
Timeout, sequence number = 473
Timeout, sequence number = 492
[CLIENT] Received ACK seq=500
Timeout, sequence number = 510
[CLIENT] Sent data seq=600
Timeout, sequence number = 552
Timeout, sequence number = 576
Timeout, sequence number = 597
Timeout, sequence number = 600
[CLIENT] Received ACK seq=600
Timeout, sequence number = 613
Timeout, sequence number = 618
Timeout, sequence number = 619
Timeout, sequence number = 630
[CLIENT] Sent data seq=700
Timeout, sequence number = 643
Timeout, sequence number = 646
Timeout, sequence number = 653
Timeout, sequence number = 661
Timeout, sequence number = 665
Timeout, sequence number = 699
Timeout, sequence number = 700
[CLIENT] Received ACK seq=700
Timeout, sequence number = 723
[CLIENT] Sent data seq=800
Timeout, sequence number = 739
Timeout, sequence number = 756
Timeout, sequence number = 756
[CLIENT] Received ACK seq=800
Timeout, sequence number = 805
Timeout, sequence number = 816
[CLIENT] Sent data seq=900
Timeout, sequence number = 839
Timeout, sequence number = 853
[CLIENT] Received ACK seq=900
[CLIENT] Sent data seq=1000
Timeout, sequence number = 946
Timeout, sequence number = 955
Timeout, sequence number = 971
Timeout, sequence number = 971
Timeout, sequence number = 992
[CLIENT] Received ACK seq=1000
Timeout, sequence number = 1026
Timeout, sequence number = 1028
[CLIENT] Sent data seq=1100
Timeout, sequence number = 1047
Timeout, sequence number = 1095
[CLIENT] Received ACK seq=1100
Timeout, sequence number = 1131
[CLIENT] Sent data seq=1200
Timeout, sequence number = 1144
[CLIENT] Received ACK seq=1200
Timeout, sequence number = 1209
Timeout, sequence number = 1225
[CLIENT] Sent data seq=1300
Timeout, sequence number = 1240
Timeout, sequence number = 1251
Timeout, sequence number = 1254
Timeout, sequence number = 1265
Timeout, sequence number = 1275
Timeout, sequence number = 1283
[CLIENT] Received ACK seq=1300
Timeout, sequence number = 1307
Timeout, sequence number = 1311
[CLIENT] Sent data seq=1400
Timeout, sequence number = 1346
Timeout, sequence number = 1363
Timeout, sequence number = 1366
Timeout, sequence number = 1366
Timeout, sequence number = 1395
[CLIENT] Received ACK seq=1400
Timeout, sequence number = 1424
Timeout, sequence number = 1433
[CLIENT] Sent data seq=1500
Timeout, sequence number = 1438
Timeout, sequence number = 1443
Timeout, sequence number = 1447
Timeout, sequence number = 1462
Timeout, sequence number = 1493
[CLIENT] Received ACK seq=1500
Timeout, sequence number = 1514
Timeout, sequence number = 1536
[CLIENT] Sent data seq=1600
Timeout, sequence number = 1551
Timeout, sequence number = 1567
Timeout, sequence number = 1573
[CLIENT] Received ACK seq=1600
Timeout, sequence number = 1602
Timeout, sequence number = 1604
Timeout, sequence number = 1610
Timeout, sequence number = 1613
Timeout, sequence number = 1622
Timeout, sequence number = 1632
[CLIENT] Sent data seq=1700
Timeout, sequence number = 1642
Timeout, sequence number = 1643
[CLIENT] Received ACK seq=1700
Timeout, sequence number = 1705
Timeout, sequence number = 1709
Timeout, sequence number = 1729
Timeout, sequence number = 1735
[CLIENT] Sent data seq=1800
Timeout, sequence number = 1739
Timeout, sequence number = 1746
Timeout, sequence number = 1748
Timeout, sequence number = 1762
Timeout, sequence number = 1778
Timeout, sequence number = 1793
Timeout, sequence number = 1794
[CLIENT] Received ACK seq=1800
[CLIENT] Sent data seq=1900
Timeout, sequence number = 1847
Timeout, sequence number = 1861
Timeout, sequence number = 1866
Timeout, sequence number = 1874
Timeout, sequence number = 1878
Timeout, sequence number = 1894
[CLIENT] Received ACK seq=1900
Timeout, sequence number = 1905
Timeout, sequence number = 1909
[CLIENT] Sent data seq=2000
Timeout, sequence number = 1951
Timeout, sequence number = 1953
Timeout, sequence number = 1972
Timeout, sequence number = 1980
Timeout, sequence number = 1985
Timeout, sequence number = 1988
[CLIENT] Received ACK seq=2000
Timeout, sequence number = 2014
Timeout, sequence number = 2019
Timeout, sequence number = 2019
[CLIENT] Sent data seq=2100
Timeout, sequence number = 2044
Timeout, sequence number = 2044
Timeout, sequence number = 2052
Timeout, sequence number = 2065
Timeout, sequence number = 2079
Timeout, sequence number = 2090
Timeout, sequence number = 2098
[CLIENT] Received ACK seq=2100
Timeout, sequence number = 2106
Timeout, sequence number = 2136
[CLIENT] Sent data seq=2200
Timeout, sequence number = 2162
Timeout, sequence number = 2167
Timeout, sequence number = 2186
Timeout, sequence number = 2190
[CLIENT] Received ACK seq=2200
Timeout, sequence number = 2206
Timeout, sequence number = 2210
[CLIENT] Sent data seq=2300
Timeout, sequence number = 2237
Timeout, sequence number = 2262
Timeout, sequence number = 2283
Timeout, sequence number = 2288
Timeout, sequence number = 2289
Timeout, sequence number = 2300
[CLIENT] Received ACK seq=2300
Timeout, sequence number = 2306
Timeout, sequence number = 2307
Timeout, sequence number = 2318
Timeout, sequence number = 2325
Timeout, sequence number = 2326
Timeout, sequence number = 2332
[CLIENT] Sent data seq=2400
Timeout, sequence number = 2345
Timeout, sequence number = 2350
Timeout, sequence number = 2373
Timeout, sequence number = 2384
Timeout, sequence number = 2398
[CLIENT] Received ACK seq=2400
[CLIENT] Summary: sent_packets=2401, ack_packets=2401, retransmitted_packets=10203, timeout_events=162
Transfer complete. Delay = 84.747672 seconds

=== STDERR ===
