=== STDOUT ===
[CLIENT] Starting transfer: server=10.153.27.102:7735, file=demo_input.bin, N=64, MSS=600, total_segments=2001
[CLIENT] Sent data seq=0
[CLIENT] Sent data seq=1
[CLIENT] Sent data seq=2
[CLIENT] Sent data seq=3
[CLIENT] Sent data seq=4
[CLIENT] Received ACK seq=0
[CLIENT] Received ACK seq=1
Timeout, sequence number = 2
[CLIENT] Received ACK seq=2
[CLIENT] Received ACK seq=3
[CLIENT] Received ACK seq=4
Timeout, sequence number = 29
Timeout, sequence number = 30
Timeout, sequence number = 32
[CLIENT] Sent data seq=100
Timeout, sequence number = 89
[CLIENT] Received ACK seq=100
Timeout, sequence number = 124
Timeout, sequence number = 129
[CLIENT] Sent data seq=200
Timeout, sequence number = 137
Timeout, sequence number = 154
Timeout, sequence number = 159
Timeout, sequence number = 167
[CLIENT] Received ACK seq=200
Timeout, sequence number = 202
Timeout, sequence number = 213
Timeout, sequence number = 218
Timeout, sequence number = 223
[CLIENT] Sent data seq=300
Timeout, sequence number = 282
Timeout, sequence number = 299
[CLIENT] Received ACK seq=300
[CLIENT] Sent data seq=400
[CLIENT] Received ACK seq=400
Timeout, sequence number = 411
Timeout, sequence number = 418
Timeout, sequence number = 418
[CLIENT] Sent data seq=500
Timeout, sequence number = 466
[CLIENT] Received ACK seq=500
[CLIENT] Sent data seq=600
Timeout, sequence number = 578
Timeout, sequence number = 589
[CLIENT] Received ACK seq=600
Timeout, sequence number = 630
[CLIENT] Sent data seq=700
Timeout, sequence number = 652
Timeout, sequence number = 655
Timeout, sequence number = 661
Timeout, sequence number = 696
[CLIENT] Received ACK seq=700
Timeout, sequence number = 725
[CLIENT] Sent data seq=800
Timeout, sequence number = 753
Timeout, sequence number = 799
[CLIENT] Received ACK seq=800
Timeout, sequence number = 811
[CLIENT] Sent data seq=900
Timeout, sequence number = 843
Timeout, sequence number = 848
Timeout, sequence number = 878
Timeout, sequence number = 882
Timeout, sequence number = 893
[CLIENT] Received ACK seq=900
Timeout, sequence number = 916
Timeout, sequence number = 926
Timeout, sequence number = 935
[CLIENT] Sent data seq=1000
Timeout, sequence number = 948
Timeout, sequence number = 966
Timeout, sequence number = 996
[CLIENT] Received ACK seq=1000
Timeout, sequence number = 1019
Timeout, sequence number = 1022
Timeout, sequence number = 1025
Timeout, sequence number = 1027
[CLIENT] Sent data seq=1100
Timeout, sequence number = 1069
Timeout, sequence number = 1087
[CLIENT] Received ACK seq=1100
Timeout, sequence number = 1133
[CLIENT] Sent data seq=1200
Timeout, sequence number = 1146
Timeout, sequence number = 1154
Timeout, sequence number = 1154
Timeout, sequence number = 1165
Timeout, sequence number = 1183
[CLIENT] Received ACK seq=1200
Timeout, sequence number = 1234
[CLIENT] Sent data seq=1300
Timeout, sequence number = 1250
Timeout, sequence number = 1295
Timeout, sequence number = 1295
[CLIENT] Received ACK seq=1300
Timeout, sequence number = 1315
Timeout, sequence number = 1332
Timeout, sequence number = 1334
[CLIENT] Sent data seq=1400
Timeout, sequence number = 1360
Timeout, sequence number = 1369
Timeout, sequence number = 1389
[CLIENT] Received ACK seq=1400
Timeout, sequence number = 1423
Timeout, sequence number = 1431
[CLIENT] Sent data seq=1500
Timeout, sequence number = 1445
Timeout, sequence number = 1451
Timeout, sequence number = 1459
[CLIENT] Received ACK seq=1500
Timeout, sequence number = 1501
Timeout, sequence number = 1507
Timeout, sequence number = 1517
[CLIENT] Sent data seq=1600
Timeout, sequence number = 1542
[CLIENT] Received ACK seq=1600
[CLIENT] Sent data seq=1700
Timeout, sequence number = 1642
Timeout, sequence number = 1645
Timeout, sequence number = 1647
Timeout, sequence number = 1647
Timeout, sequence number = 1657
Timeout, sequence number = 1668
Timeout, sequence number = 1679
[CLIENT] Received ACK seq=1700
Timeout, sequence number = 1718
[CLIENT] Sent data seq=1800
Timeout, sequence number = 1782
Timeout, sequence number = 1785
Timeout, sequence number = 1785
[CLIENT] Received ACK seq=1800
Timeout, sequence number = 1810
Timeout, sequence number = 1815
[CLIENT] Sent data seq=1900
Timeout, sequence number = 1857
Timeout, sequence number = 1859
Timeout, sequence number = 1860
Timeout, sequence number = 1872
Timeout, sequence number = 1873
Timeout, sequence number = 1876
Timeout, sequence number = 1888
[CLIENT] Received ACK seq=1900
Timeout, sequence number = 1901
Timeout, sequence number = 1920
Timeout, sequence number = 1925
Timeout, sequence number = 1936
[CLIENT] Sent data seq=2000
Timeout, sequence number = 1953
Timeout, sequence number = 1962
Timeout, sequence number = 1970
[CLIENT] Received ACK seq=2000
[CLIENT] Summary: sent_packets=2001, ack_packets=2001, retransmitted_packets=6390, timeout_events=101
Transfer complete. Delay = 52.976154 seconds

=== STDERR ===
