=== STDOUT ===
[CLIENT] Starting transfer: server=10.153.27.102:7735, file=demo_input.bin, N=64, MSS=500, total_segments=2401
[CLIENT] Sent data seq=0
[CLIENT] Sent data seq=1
[CLIENT] Sent data seq=2
[CLIENT] Sent data seq=3
[CLIENT] Sent data seq=4
[CLIENT] Received ACK seq=0
[CLIENT] Received ACK seq=1
Timeout, sequence number = 2
[CLIENT] Received ACK seq=2
[CLIENT] Received ACK seq=3
[CLIENT] Received ACK seq=4
Timeout, sequence number = 18
[CLIENT] Sent data seq=100
Timeout, sequence number = 81
Timeout, sequence number = 90
Timeout, sequence number = 96
[CLIENT] Received ACK seq=100
Timeout, sequence number = 136
[CLIENT] Sent data seq=200
Timeout, sequence number = 182
[CLIENT] Received ACK seq=200
Timeout, sequence number = 219
Timeout, sequence number = 221
Timeout, sequence number = 228
Timeout, sequence number = 229
[CLIENT] Sent data seq=300
Timeout, sequence number = 262
[CLIENT] Received ACK seq=300
[CLIENT] Sent data seq=400
Timeout, sequence number = 338
Timeout, sequence number = 355
Timeout, sequence number = 367
Timeout, sequence number = 385
Timeout, sequence number = 391
Timeout, sequence number = 391
[CLIENT] Received ACK seq=400
Timeout, sequence number = 424
[CLIENT] Sent data seq=500
Timeout, sequence number = 467
Timeout, sequence number = 469
Timeout, sequence number = 470
[CLIENT] Received ACK seq=500
Timeout, sequence number = 502
Timeout, sequence number = 503
Timeout, sequence number = 513
Timeout, sequence number = 530
[CLIENT] Sent data seq=600
Timeout, sequence number = 537
Timeout, sequence number = 544
Timeout, sequence number = 560
Timeout, sequence number = 562
Timeout, sequence number = 596
[CLIENT] Received ACK seq=600
[CLIENT] Sent data seq=700
Timeout, sequence number = 648
Timeout, sequence number = 665
Timeout, sequence number = 684
[CLIENT] Received ACK seq=700
[CLIENT] Sent data seq=800
[CLIENT] Received ACK seq=800
Timeout, sequence number = 813
[CLIENT] Sent data seq=900
Timeout, sequence number = 838
Timeout, sequence number = 838
Timeout, sequence number = 862
Timeout, sequence number = 863
[CLIENT] Received ACK seq=900
Timeout, sequence number = 910
[CLIENT] Sent data seq=1000
Timeout, sequence number = 942
Timeout, sequence number = 945
Timeout, sequence number = 970
Timeout, sequence number = 982
Timeout, sequence number = 992
[CLIENT] Received ACK seq=1000
[CLIENT] Sent data seq=1100
Timeout, sequence number = 1039
Timeout, sequence number = 1039
Timeout, sequence number = 1048
Timeout, sequence number = 1065
Timeout, sequence number = 1076
Timeout, sequence number = 1077
Timeout, sequence number = 1084
[CLIENT] Received ACK seq=1100
Timeout, sequence number = 1102
Timeout, sequence number = 1103
Timeout, sequence number = 1129
[CLIENT] Sent data seq=1200
Timeout, sequence number = 1141
Timeout, sequence number = 1163
[CLIENT] Received ACK seq=1200
Timeout, sequence number = 1202
Timeout, sequence number = 1215
[CLIENT] Sent data seq=1300
Timeout, sequence number = 1295
[CLIENT] Received ACK seq=1300
[CLIENT] Sent data seq=1400
Timeout, sequence number = 1349
Timeout, sequence number = 1365
Timeout, sequence number = 1399
[CLIENT] Received ACK seq=1400
Timeout, sequence number = 1402
[CLIENT] Sent data seq=1500
Timeout, sequence number = 1466
Timeout, sequence number = 1482
[CLIENT] Received ACK seq=1500
Timeout, sequence number = 1514
Timeout, sequence number = 1515
[CLIENT] Sent data seq=1600
Timeout, sequence number = 1549
Timeout, sequence number = 1560
Timeout, sequence number = 1578
Timeout, sequence number = 1599
[CLIENT] Received ACK seq=1600
Timeout, sequence number = 1601
Timeout, sequence number = 1602
Timeout, sequence number = 1608
Timeout, sequence number = 1608
Timeout, sequence number = 1620
[CLIENT] Sent data seq=1700
Timeout, sequence number = 1678
Timeout, sequence number = 1699
[CLIENT] Received ACK seq=1700
Timeout, sequence number = 1701
Timeout, sequence number = 1718
Timeout, sequence number = 1730
Timeout, sequence number = 1730
[CLIENT] Sent data seq=1800
Timeout, sequence number = 1748
Timeout, sequence number = 1778
Timeout, sequence number = 1788
[CLIENT] Received ACK seq=1800
Timeout, sequence number = 1812
Timeout, sequence number = 1812
Timeout, sequence number = 1815
Timeout, sequence number = 1836
[CLIENT] Sent data seq=1900
Timeout, sequence number = 1852
Timeout, sequence number = 1858
Timeout, sequence number = 1872
[CLIENT] Received ACK seq=1900
Timeout, sequence number = 1906
Timeout, sequence number = 1917
Timeout, sequence number = 1928
Timeout, sequence number = 1930
Timeout, sequence number = 1934
[CLIENT] Sent data seq=2000
Timeout, sequence number = 1969
Timeout, sequence number = 1977
[CLIENT] Received ACK seq=2000
Timeout, sequence number = 2030
Timeout, sequence number = 2033
[CLIENT] Sent data seq=2100
Timeout, sequence number = 2057
Timeout, sequence number = 2062
Timeout, sequence number = 2088
[CLIENT] Received ACK seq=2100
Timeout, sequence number = 2132
Timeout, sequence number = 2132
Timeout, sequence number = 2133
[CLIENT] Sent data seq=2200
Timeout, sequence number = 2140
Timeout, sequence number = 2151
Timeout, sequence number = 2158
[CLIENT] Received ACK seq=2200
[CLIENT] Sent data seq=2300
Timeout, sequence number = 2240
Timeout, sequence number = 2254
Timeout, sequence number = 2257
Timeout, sequence number = 2281
Timeout, sequence number = 2282
Timeout, sequence number = 2282
[CLIENT] Received ACK seq=2300
Timeout, sequence number = 2325
Timeout, sequence number = 2335
Timeout, sequence number = 2336
[CLIENT] Sent data seq=2400
Timeout, sequence number = 2345
Timeout, sequence number = 2391
Timeout, sequence number = 2397
[CLIENT] Received ACK seq=2400
[CLIENT] Summary: sent_packets=2401, ack_packets=2401, retransmitted_packets=7750, timeout_events=123
Transfer complete. Delay = 64.451673 seconds

=== STDERR ===
