=== STDOUT ===
[CLIENT] Starting transfer: server=10.153.27.102:7735, file=demo_input.bin, N=64, MSS=900, total_segments=1335
[CLIENT] Sent data seq=0
[CLIENT] Sent data seq=1
[CLIENT] Sent data seq=2
[CLIENT] Sent data seq=3
[CLIENT] Sent data seq=4
[CLIENT] Received ACK seq=0
Timeout, sequence number = 1
[CLIENT] Received ACK seq=1
[CLIENT] Received ACK seq=2
[CLIENT] Received ACK seq=3
[CLIENT] Received ACK seq=4
Timeout, sequence number = 10
Timeout, sequence number = 27
[CLIENT] Sent data seq=100
Timeout, sequence number = 73
Timeout, sequence number = 90
Timeout, sequence number = 93
[CLIENT] Received ACK seq=100
Timeout, sequence number = 106
Timeout, sequence number = 126
[CLIENT] Sent data seq=200
Timeout, sequence number = 147
Timeout, sequence number = 184
Timeout, sequence number = 197
[CLIENT] Received ACK seq=200
[CLIENT] Sent data seq=300
Timeout, sequence number = 266
Timeout, sequence number = 279
Timeout, sequence number = 288
[CLIENT] Received ACK seq=300
[CLIENT] Sent data seq=400
Timeout, sequence number = 379
Timeout, sequence number = 381
Timeout, sequence number = 398
Timeout, sequence number = 400
[CLIENT] Received ACK seq=400
Timeout, sequence number = 409
Timeout, sequence number = 412
Timeout, sequence number = 412
[CLIENT] Sent data seq=500
Timeout, sequence number = 469
Timeout, sequence number = 476
Timeout, sequence number = 499
[CLIENT] Received ACK seq=500
Timeout, sequence number = 511
Timeout, sequence number = 529
[CLIENT] Sent data seq=600
Timeout, sequence number = 539
Timeout, sequence number = 552
Timeout, sequence number = 558
Timeout, sequence number = 581
Timeout, sequence number = 583
Timeout, sequence number = 586
[CLIENT] Received ACK seq=600
Timeout, sequence number = 602
Timeout, sequence number = 635
[CLIENT] Sent data seq=700
Timeout, sequence number = 680
Timeout, sequence number = 695
[CLIENT] Received ACK seq=700
Timeout, sequence number = 702
Timeout, sequence number = 731
[CLIENT] Sent data seq=800
Timeout, sequence number = 740
[CLIENT] Received ACK seq=800
Timeout, sequence number = 816
Timeout, sequence number = 822
[CLIENT] Sent data seq=900
Timeout, sequence number = 838
Timeout, sequence number = 856
Timeout, sequence number = 861
Timeout, sequence number = 882
Timeout, sequence number = 894
Timeout, sequence number = 899
[CLIENT] Received ACK seq=900
Timeout, sequence number = 903
Timeout, sequence number = 916
Timeout, sequence number = 916
Timeout, sequence number = 931
[CLIENT] Sent data seq=1000
Timeout, sequence number = 940
Timeout, sequence number = 943
Timeout, sequence number = 950
Timeout, sequence number = 951
Timeout, sequence number = 956
Timeout, sequence number = 976
Timeout, sequence number = 983
[CLIENT] Received ACK seq=1000
Timeout, sequence number = 1015
Timeout, sequence number = 1020
Timeout, sequence number = 1033
[CLIENT] Sent data seq=1100
Timeout, sequence number = 1078
[CLIENT] Received ACK seq=1100
[CLIENT] Sent data seq=1200
Timeout, sequence number = 1168
Timeout, sequence number = 1173
Timeout, sequence number = 1174
Timeout, sequence number = 1190
Timeout, sequence number = 1200
[CLIENT] Received ACK seq=1200
Timeout, sequence number = 1208
[CLIENT] Sent data seq=1300
Timeout, sequence number = 1237
Timeout, sequence number = 1255
Timeout, sequence number = 1271
Timeout, sequence number = 1288
Timeout, sequence number = 1297
[CLIENT] Received ACK seq=1300
Timeout, sequence number = 1314
Timeout, sequence number = 1327
Timeout, sequence number = 1330
[CLIENT] Summary: sent_packets=1335, ack_packets=1335, retransmitted_packets=4663, timeout_events=76
Transfer complete. Delay = 39.940560 seconds

=== STDERR ===
