=== STDOUT ===
[CLIENT] Starting transfer: server=10.153.27.102:7735, file=demo_input.bin, N=64, MSS=700, total_segments=1716
[CLIENT] Sent data seq=0
[CLIENT] Sent data seq=1
[CLIENT] Sent data seq=2
[CLIENT] Sent data seq=3
[CLIENT] Sent data seq=4
[CLIENT] Received ACK seq=0
Timeout, sequence number = 1
[CLIENT] Received ACK seq=1
Timeout, sequence number = 2
[CLIENT] Received ACK seq=2
[CLIENT] Received ACK seq=3
[CLIENT] Received ACK seq=4
Timeout, sequence number = 10
Timeout, sequence number = 12
[CLIENT] Sent data seq=100
Timeout, sequence number = 81
[CLIENT] Received ACK seq=100
[CLIENT] Sent data seq=200
Timeout, sequence number = 169
Timeout, sequence number = 169
[CLIENT] Received ACK seq=200
[CLIENT] Sent data seq=300
Timeout, sequence number = 254
Timeout, sequence number = 259
Timeout, sequence number = 267
Timeout, sequence number = 273
Timeout, sequence number = 283
Timeout, sequence number = 290
Timeout, sequence number = 296
[CLIENT] Received ACK seq=300
Timeout, sequence number = 307
[CLIENT] Sent data seq=400
Timeout, sequence number = 344
Timeout, sequence number = 375
[CLIENT] Received ACK seq=400
[CLIENT] Sent data seq=500
Timeout, sequence number = 445
[CLIENT] Received ACK seq=500
Timeout, sequence number = 520
Timeout, sequence number = 524
Timeout, sequence number = 524
Timeout, sequence number = 535
[CLIENT] Sent data seq=600
Timeout, sequence number = 582
Timeout, sequence number = 599
[CLIENT] Received ACK seq=600
Timeout, sequence number = 619
[CLIENT] Sent data seq=700
Timeout, sequence number = 644
[CLIENT] Received ACK seq=700
Timeout, sequence number = 719
[CLIENT] Sent data seq=800
Timeout, sequence number = 738
Timeout, sequence number = 797
[CLIENT] Received ACK seq=800
Timeout, sequence number = 806
Timeout, sequence number = 825
[CLIENT] Sent data seq=900
Timeout, sequence number = 889
[CLIENT] Received ACK seq=900
Timeout, sequence number = 911
Timeout, sequence number = 930
[CLIENT] Sent data seq=1000
Timeout, sequence number = 993
Timeout, sequence number = 994
Timeout, sequence number = 1000
[CLIENT] Received ACK seq=1000
Timeout, sequence number = 1028
[CLIENT] Sent data seq=1100
Timeout, sequence number = 1039
Timeout, sequence number = 1075
[CLIENT] Received ACK seq=1100
Timeout, sequence number = 1117
Timeout, sequence number = 1134
[CLIENT] Sent data seq=1200
Timeout, sequence number = 1137
Timeout, sequence number = 1152
Timeout, sequence number = 1183
Timeout, sequence number = 1190
[CLIENT] Received ACK seq=1200
[CLIENT] Sent data seq=1300
Timeout, sequence number = 1258
Timeout, sequence number = 1275
Timeout, sequence number = 1276
Timeout, sequence number = 1286
[CLIENT] Received ACK seq=1300
Timeout, sequence number = 1301
Timeout, sequence number = 1326
Timeout, sequence number = 1327
Timeout, sequence number = 1327
Timeout, sequence number = 1332
[CLIENT] Sent data seq=1400
Timeout, sequence number = 1346
Timeout, sequence number = 1385
Timeout, sequence number = 1385
[CLIENT] Received ACK seq=1400
Timeout, sequence number = 1431
Timeout, sequence number = 1435
[CLIENT] Sent data seq=1500
Timeout, sequence number = 1480
[CLIENT] Received ACK seq=1500
[CLIENT] Sent data seq=1600
Timeout, sequence number = 1550
Timeout, sequence number = 1554
[CLIENT] Received ACK seq=1600
Timeout, sequence number = 1603
[CLIENT] Sent data seq=1700
Timeout, sequence number = 1643
Timeout, sequence number = 1643
Timeout, sequence number = 1647
Timeout, sequence number = 1647
[CLIENT] Received ACK seq=1700
Timeout, sequence number = 1715
[CLIENT] Summary: sent_packets=1716, ack_packets=1716, retransmitted_packets=4353, timeout_events=69
Transfer complete. Delay = 36.407800 seconds

=== STDERR ===
