=== STDOUT ===
[CLIENT] Starting transfer: server=10.153.27.102:7735, file=demo_input.bin, N=64, MSS=500, total_segments=2401
[CLIENT] Sent data seq=0
[CLIENT] Sent data seq=1
[CLIENT] Sent data seq=2
[CLIENT] Sent data seq=3
[CLIENT] Sent data seq=4
[CLIENT] Received ACK seq=0
[CLIENT] Received ACK seq=1
Timeout, sequence number = 2
[CLIENT] Received ACK seq=2
[CLIENT] Received ACK seq=3
[CLIENT] Received ACK seq=4
Timeout, sequence number = 13
Timeout, sequence number = 13
Timeout, sequence number = 14
Timeout, sequence number = 17
Timeout, sequence number = 20
Timeout, sequence number = 21
Timeout, sequence number = 30
Timeout, sequence number = 34
Timeout, sequence number = 36
[CLIENT] Sent data seq=100
Timeout, sequence number = 42
Timeout, sequence number = 46
Timeout, sequence number = 52
Timeout, sequence number = 53
Timeout, sequence number = 58
Timeout, sequence number = 70
Timeout, sequence number = 75
Timeout, sequence number = 92
[CLIENT] Received ACK seq=100
Timeout, sequence number = 116
Timeout, sequence number = 131
[CLIENT] Sent data seq=200
Timeout, sequence number = 140
Timeout, sequence number = 149
Timeout, sequence number = 177
Timeout, sequence number = 186
Timeout, sequence number = 192
Timeout, sequence number = 193
Timeout, sequence number = 194
Timeout, sequence number = 197
Timeout, sequence number = 197
[CLIENT] Received ACK seq=200
Timeout, sequence number = 209
Timeout, sequence number = 217
Timeout, sequence number = 229
Timeout, sequence number = 229
Timeout, sequence number = 234
[CLIENT] Sent data seq=300
Timeout, sequence number = 248
Timeout, sequence number = 259
Timeout, sequence number = 262
Timeout, sequence number = 276
Timeout, sequence number = 291
Timeout, sequence number = 291
[CLIENT] Received ACK seq=300
Timeout, sequence number = 306
Timeout, sequence number = 309
Timeout, sequence number = 316
Timeout, sequence number = 327
Timeout, sequence number = 336
[CLIENT] Sent data seq=400
Timeout, sequence number = 363
Timeout, sequence number = 382
Timeout, sequence number = 382
Timeout, sequence number = 391
[CLIENT] Received ACK seq=400
[CLIENT] Sent data seq=500
Timeout, sequence number = 452
Timeout, sequence number = 460
Timeout, sequence number = 464
Timeout, sequence number = 488
Timeout, sequence number = 492
[CLIENT] Received ACK seq=500
Timeout, sequence number = 509
Timeout, sequence number = 518
Timeout, sequence number = 527
Timeout, sequence number = 533
[CLIENT] Sent data seq=600
Timeout, sequence number = 540
Timeout, sequence number = 555
Timeout, sequence number = 575
Timeout, sequence number = 589
Timeout, sequence number = 590
Timeout, sequence number = 595
[CLIENT] Received ACK seq=600
Timeout, sequence number = 631
[CLIENT] Sent data seq=700
Timeout, sequence number = 637
Timeout, sequence number = 684
Timeout, sequence number = 694
Timeout, sequence number = 694
Timeout, sequence number = 695
[CLIENT] Received ACK seq=700
Timeout, sequence number = 708
Timeout, sequence number = 731
Timeout, sequence number = 734
Timeout, sequence number = 736
[CLIENT] Sent data seq=800
Timeout, sequence number = 744
Timeout, sequence number = 751
Timeout, sequence number = 752
Timeout, sequence number = 752
Timeout, sequence number = 754
Timeout, sequence number = 756
Timeout, sequence number = 758
Timeout, sequence number = 766
Timeout, sequence number = 769
Timeout, sequence number = 781
Timeout, sequence number = 786
Timeout, sequence number = 786
Timeout, sequence number = 797
[CLIENT] Received ACK seq=800
Timeout, sequence number = 806
Timeout, sequence number = 808
Timeout, sequence number = 809
Timeout, sequence number = 809
Timeout, sequence number = 819
Timeout, sequence number = 820
Timeout, sequence number = 820
Timeout, sequence number = 820
Timeout, sequence number = 834
[CLIENT] Sent data seq=900
Timeout, sequence number = 840
Timeout, sequence number = 850
Timeout, sequence number = 850
Timeout, sequence number = 877
Timeout, sequence number = 890
[CLIENT] Received ACK seq=900
Timeout, sequence number = 919
[CLIENT] Sent data seq=1000
Timeout, sequence number = 940
Timeout, sequence number = 957
Timeout, sequence number = 967
Timeout, sequence number = 974
Timeout, sequence number = 974
Timeout, sequence number = 995
Timeout, sequence number = 998
Timeout, sequence number = 998
[CLIENT] Received ACK seq=1000
Timeout, sequence number = 1005
Timeout, sequence number = 1009
Timeout, sequence number = 1014
Timeout, sequence number = 1026
[CLIENT] Sent data seq=1100
Timeout, sequence number = 1049
Timeout, sequence number = 1065
Timeout, sequence number = 1078
Timeout, sequence number = 1081
Timeout, sequence number = 1081
[CLIENT] Received ACK seq=1100
Timeout, sequence number = 1101
Timeout, sequence number = 1116
Timeout, sequence number = 1132
[CLIENT] Sent data seq=1200
Timeout, sequence number = 1154
Timeout, sequence number = 1157
Timeout, sequence number = 1161
Timeout, sequence number = 1170
Timeout, sequence number = 1193
Timeout, sequence number = 1200
[CLIENT] Received ACK seq=1200
Timeout, sequence number = 1236
[CLIENT] Sent data seq=1300
Timeout, sequence number = 1239
Timeout, sequence number = 1251
Timeout, sequence number = 1258
Timeout, sequence number = 1263
Timeout, sequence number = 1272
Timeout, sequence number = 1273
Timeout, sequence number = 1276
Timeout, sequence number = 1287
Timeout, sequence number = 1291
[CLIENT] Received ACK seq=1300
Timeout, sequence number = 1304
Timeout, sequence number = 1310
Timeout, sequence number = 1317
Timeout, sequence number = 1317
[CLIENT] Sent data seq=1400
Timeout, sequence number = 1338
Timeout, sequence number = 1343
Timeout, sequence number = 1349
Timeout, sequence number = 1357
Timeout, sequence number = 1365
Timeout, sequence number = 1365
Timeout, sequence number = 1367
Timeout, sequence number = 1396
[CLIENT] Received ACK seq=1400
Timeout, sequence number = 1402
Timeout, sequence number = 1411
Timeout, sequence number = 1413
Timeout, sequence number = 1415
Timeout, sequence number = 1415
Timeout, sequence number = 1425
Timeout, sequence number = 1430
Timeout, sequence number = 1430
[CLIENT] Sent data seq=1500
Timeout, sequence number = 1460
Timeout, sequence number = 1476
Timeout, sequence number = 1483
Timeout, sequence number = 1483
Timeout, sequence number = 1491
[CLIENT] Received ACK seq=1500
Timeout, sequence number = 1508
Timeout, sequence number = 1509
Timeout, sequence number = 1528
Timeout, sequence number = 1528
[CLIENT] Sent data seq=1600
Timeout, sequence number = 1545
Timeout, sequence number = 1545
Timeout, sequence number = 1553
Timeout, sequence number = 1554
Timeout, sequence number = 1561
Timeout, sequence number = 1569
Timeout, sequence number = 1582
Timeout, sequence number = 1598
[CLIENT] Received ACK seq=1600
Timeout, sequence number = 1606
Timeout, sequence number = 1609
Timeout, sequence number = 1611
Timeout, sequence number = 1618
Timeout, sequence number = 1624
[CLIENT] Sent data seq=1700
Timeout, sequence number = 1654
Timeout, sequence number = 1663
Timeout, sequence number = 1672
Timeout, sequence number = 1672
Timeout, sequence number = 1674
Timeout, sequence number = 1691
Timeout, sequence number = 1698
[CLIENT] Received ACK seq=1700
Timeout, sequence number = 1714
Timeout, sequence number = 1721
Timeout, sequence number = 1733
[CLIENT] Sent data seq=1800
Timeout, sequence number = 1743
Timeout, sequence number = 1745
Timeout, sequence number = 1754
Timeout, sequence number = 1754
Timeout, sequence number = 1755
Timeout, sequence number = 1760
Timeout, sequence number = 1776
Timeout, sequence number = 1788
[CLIENT] Received ACK seq=1800
Timeout, sequence number = 1807
Timeout, sequence number = 1807
Timeout, sequence number = 1823
Timeout, sequence number = 1827
Timeout, sequence number = 1835
[CLIENT] Sent data seq=1900
Timeout, sequence number = 1855
Timeout, sequence number = 1882
Timeout, sequence number = 1890
Timeout, sequence number = 1899
[CLIENT] Received ACK seq=1900
Timeout, sequence number = 1901
Timeout, sequence number = 1902
Timeout, sequence number = 1905
Timeout, sequence number = 1920
Timeout, sequence number = 1924
Timeout, sequence number = 1935
[CLIENT] Sent data seq=2000
Timeout, sequence number = 1943
Timeout, sequence number = 1950
Timeout, sequence number = 1961
Timeout, sequence number = 1961
Timeout, sequence number = 1978
Timeout, sequence number = 1988
Timeout, sequence number = 1988
Timeout, sequence number = 1990
[CLIENT] Received ACK seq=2000
Timeout, sequence number = 2005
Timeout, sequence number = 2025
Timeout, sequence number = 2026
Timeout, sequence number = 2031
[CLIENT] Sent data seq=2100
Timeout, sequence number = 2039
Timeout, sequence number = 2039
Timeout, sequence number = 2041
Timeout, sequence number = 2041
Timeout, sequence number = 2041
Timeout, sequence number = 2043
Timeout, sequence number = 2055
Timeout, sequence number = 2060
Timeout, sequence number = 2070
Timeout, sequence number = 2072
Timeout, sequence number = 2081
Timeout, sequence number = 2089
[CLIENT] Received ACK seq=2100
Timeout, sequence number = 2104
Timeout, sequence number = 2115
Timeout, sequence number = 2127
Timeout, sequence number = 2132
[CLIENT] Sent data seq=2200
Timeout, sequence number = 2145
Timeout, sequence number = 2159
Timeout, sequence number = 2171
Timeout, sequence number = 2171
Timeout, sequence number = 2172
Timeout, sequence number = 2179
Timeout, sequence number = 2196
[CLIENT] Received ACK seq=2200
Timeout, sequence number = 2202
Timeout, sequence number = 2205
Timeout, sequence number = 2209
Timeout, sequence number = 2217
Timeout, sequence number = 2227
Timeout, sequence number = 2230
Timeout, sequence number = 2233
[CLIENT] Sent data seq=2300
Timeout, sequence number = 2262
Timeout, sequence number = 2272
Timeout, sequence number = 2272
Timeout, sequence number = 2273
Timeout, sequence number = 2283
Timeout, sequence number = 2285
Timeout, sequence number = 2288
[CLIENT] Received ACK seq=2300
Timeout, sequence number = 2314
Timeout, sequence number = 2317
Timeout, sequence number = 2331
[CLIENT] Sent data seq=2400
Timeout, sequence number = 2339
Timeout, sequence number = 2339
Timeout, sequence number = 2356
Timeout, sequence number = 2367
Timeout, sequence number = 2371
Timeout, sequence number = 2385
Timeout, sequence number = 2388
[CLIENT] Received ACK seq=2400
[CLIENT] Summary: sent_packets=2401, ack_packets=2401, retransmitted_packets=17222, timeout_events=272
Transfer complete. Delay = 142.781090 seconds

=== STDERR ===
