=== STDOUT ===
[CLIENT] Starting transfer: server=10.153.27.102:7735, file=demo_input.bin, N=64, MSS=100, total_segments=12001
[CLIENT] Sent data seq=0
[CLIENT] Sent data seq=1
[CLIENT] Sent data seq=2
[CLIENT] Sent data seq=3
[CLIENT] Sent data seq=4
Timeout, sequence number = 0
[CLIENT] Received ACK seq=0
[CLIENT] Received ACK seq=1
[CLIENT] Received ACK seq=2
[CLIENT] Received ACK seq=3
[CLIENT] Received ACK seq=4
[CLIENT] Sent data seq=100
Timeout, sequence number = 74
Timeout, sequence number = 78
Timeout, sequence number = 87
[CLIENT] Received ACK seq=100
Timeout, sequence number = 103
[CLIENT] Sent data seq=200
Timeout, sequence number = 139
Timeout, sequence number = 146
Timeout, sequence number = 147
Timeout, sequence number = 154
Timeout, sequence number = 158
Timeout, sequence number = 190
Timeout, sequence number = 199
[CLIENT] Received ACK seq=200
Timeout, sequence number = 209
[CLIENT] Sent data seq=300
Timeout, sequence number = 237
Timeout, sequence number = 259
Timeout, sequence number = 268
Timeout, sequence number = 291
Timeout, sequence number = 294
[CLIENT] Received ACK seq=300
Timeout, sequence number = 317
[CLIENT] Sent data seq=400
Timeout, sequence number = 354
Timeout, sequence number = 355
Timeout, sequence number = 364
Timeout, sequence number = 365
Timeout, sequence number = 370
Timeout, sequence number = 378
Timeout, sequence number = 383
[CLIENT] Received ACK seq=400
Timeout, sequence number = 422
[CLIENT] Sent data seq=500
Timeout, sequence number = 448
Timeout, sequence number = 448
Timeout, sequence number = 469
Timeout, sequence number = 476
Timeout, sequence number = 483
Timeout, sequence number = 494
Timeout, sequence number = 495
[CLIENT] Received ACK seq=500
Timeout, sequence number = 521
[CLIENT] Sent data seq=600
Timeout, sequence number = 544
Timeout, sequence number = 557
Timeout, sequence number = 573
Timeout, sequence number = 577
Timeout, sequence number = 599
[CLIENT] Received ACK seq=600
[CLIENT] Sent data seq=700
Timeout, sequence number = 670
Timeout, sequence number = 676
Timeout, sequence number = 691
[CLIENT] Received ACK seq=700
Timeout, sequence number = 720
[CLIENT] Sent data seq=800
Timeout, sequence number = 779
Timeout, sequence number = 779
[CLIENT] Received ACK seq=800
Timeout, sequence number = 801
[CLIENT] Sent data seq=900
Timeout, sequence number = 848
Timeout, sequence number = 896
Timeout, sequence number = 899
[CLIENT] Received ACK seq=900
[CLIENT] Sent data seq=1000
Timeout, sequence number = 949
Timeout, sequence number = 963
Timeout, sequence number = 966
[CLIENT] Received ACK seq=1000
Timeout, sequence number = 1001
[CLIENT] Sent data seq=1100
Timeout, sequence number = 1047
Timeout, sequence number = 1058
Timeout, sequence number = 1099
[CLIENT] Received ACK seq=1100
Timeout, sequence number = 1114
Timeout, sequence number = 1122
Timeout, sequence number = 1133
[CLIENT] Sent data seq=1200
Timeout, sequence number = 1140
Timeout, sequence number = 1167
Timeout, sequence number = 1180
Timeout, sequence number = 1185
Timeout, sequence number = 1200
[CLIENT] Received ACK seq=1200
Timeout, sequence number = 1210
Timeout, sequence number = 1213
Timeout, sequence number = 1214
Timeout, sequence number = 1219
Timeout, sequence number = 1227
Timeout, sequence number = 1235
[CLIENT] Sent data seq=1300
Timeout, sequence number = 1252
Timeout, sequence number = 1260
Timeout, sequence number = 1260
Timeout, sequence number = 1263
Timeout, sequence number = 1274
Timeout, sequence number = 1274
Timeout, sequence number = 1286
Timeout, sequence number = 1299
[CLIENT] Received ACK seq=1300
Timeout, sequence number = 1305
[CLIENT] Sent data seq=1400
[CLIENT] Received ACK seq=1400
Timeout, sequence number = 1406
Timeout, sequence number = 1414
Timeout, sequence number = 1422
Timeout, sequence number = 1422
Timeout, sequence number = 1425
Timeout, sequence number = 1426
[CLIENT] Sent data seq=1500
Timeout, sequence number = 1453
Timeout, sequence number = 1460
[CLIENT] Received ACK seq=1500
Timeout, sequence number = 1514
Timeout, sequence number = 1524
[CLIENT] Sent data seq=1600
Timeout, sequence number = 1548
[CLIENT] Received ACK seq=1600
Timeout, sequence number = 1610
Timeout, sequence number = 1624
[CLIENT] Sent data seq=1700
Timeout, sequence number = 1649
Timeout, sequence number = 1665
Timeout, sequence number = 1690
[CLIENT] Received ACK seq=1700
Timeout, sequence number = 1718
Timeout, sequence number = 1718
Timeout, sequence number = 1727
Timeout, sequence number = 1733
Timeout, sequence number = 1735
[CLIENT] Sent data seq=1800
Timeout, sequence number = 1750
Timeout, sequence number = 1764
Timeout, sequence number = 1793
[CLIENT] Received ACK seq=1800
Timeout, sequence number = 1807
Timeout, sequence number = 1830
[CLIENT] Sent data seq=1900
Timeout, sequence number = 1864
Timeout, sequence number = 1865
Timeout, sequence number = 1894
[CLIENT] Received ACK seq=1900
Timeout, sequence number = 1926
[CLIENT] Sent data seq=2000
Timeout, sequence number = 1940
Timeout, sequence number = 1952
Timeout, sequence number = 1955
Timeout, sequence number = 1963
Timeout, sequence number = 1992
[CLIENT] Received ACK seq=2000
Timeout, sequence number = 2005
[CLIENT] Sent data seq=2100
Timeout, sequence number = 2042
Timeout, sequence number = 2046
Timeout, sequence number = 2054
Timeout, sequence number = 2072
[CLIENT] Received ACK seq=2100
[CLIENT] Sent data seq=2200
Timeout, sequence number = 2150
Timeout, sequence number = 2150
Timeout, sequence number = 2178
Timeout, sequence number = 2179
Timeout, sequence number = 2199
[CLIENT] Received ACK seq=2200
Timeout, sequence number = 2213
Timeout, sequence number = 2231
[CLIENT] Sent data seq=2300
Timeout, sequence number = 2254
Timeout, sequence number = 2268
[CLIENT] Received ACK seq=2300
Timeout, sequence number = 2323
Timeout, sequence number = 2336
[CLIENT] Sent data seq=2400
Timeout, sequence number = 2350
Timeout, sequence number = 2360
Timeout, sequence number = 2386
Timeout, sequence number = 2388
Timeout, sequence number = 2391
[CLIENT] Received ACK seq=2400
Timeout, sequence number = 2406
Timeout, sequence number = 2432
[CLIENT] Sent data seq=2500
Timeout, sequence number = 2441
Timeout, sequence number = 2484
[CLIENT] Received ACK seq=2500
Timeout, sequence number = 2509
Timeout, sequence number = 2530
Timeout, sequence number = 2531
[CLIENT] Sent data seq=2600
Timeout, sequence number = 2537
Timeout, sequence number = 2545
Timeout, sequence number = 2546
Timeout, sequence number = 2572
Timeout, sequence number = 2573
[CLIENT] Received ACK seq=2600
[CLIENT] Sent data seq=2700
Timeout, sequence number = 2651
Timeout, sequence number = 2668
Timeout, sequence number = 2700
[CLIENT] Received ACK seq=2700
Timeout, sequence number = 2722
[CLIENT] Sent data seq=2800
Timeout, sequence number = 2775
Timeout, sequence number = 2792
Timeout, sequence number = 2795
[CLIENT] Received ACK seq=2800
Timeout, sequence number = 2803
Timeout, sequence number = 2811
Timeout, sequence number = 2824
[CLIENT] Sent data seq=2900
Timeout, sequence number = 2838
Timeout, sequence number = 2842
Timeout, sequence number = 2877
[CLIENT] Received ACK seq=2900
Timeout, sequence number = 2914
Timeout, sequence number = 2916
[CLIENT] Sent data seq=3000
Timeout, sequence number = 2978
Timeout, sequence number = 2993
Timeout, sequence number = 2999
[CLIENT] Received ACK seq=3000
Timeout, sequence number = 3005
Timeout, sequence number = 3006
Timeout, sequence number = 3007
Timeout, sequence number = 3019
Timeout, sequence number = 3019
Timeout, sequence number = 3019
Timeout, sequence number = 3021
Timeout, sequence number = 3027
Timeout, sequence number = 3034
[CLIENT] Sent data seq=3100
Timeout, sequence number = 3052
Timeout, sequence number = 3056
Timeout, sequence number = 3076
[CLIENT] Received ACK seq=3100
Timeout, sequence number = 3119
[CLIENT] Sent data seq=3200
Timeout, sequence number = 3175
Timeout, sequence number = 3190
Timeout, sequence number = 3199
[CLIENT] Received ACK seq=3200
Timeout, sequence number = 3202
Timeout, sequence number = 3222
Timeout, sequence number = 3226
Timeout, sequence number = 3229
Timeout, sequence number = 3230
[CLIENT] Sent data seq=3300
Timeout, sequence number = 3241
Timeout, sequence number = 3242
Timeout, sequence number = 3255
Timeout, sequence number = 3271
Timeout, sequence number = 3286
[CLIENT] Received ACK seq=3300
Timeout, sequence number = 3326
[CLIENT] Sent data seq=3400
[CLIENT] Received ACK seq=3400
Timeout, sequence number = 3416
[CLIENT] Sent data seq=3500
Timeout, sequence number = 3447
[CLIENT] Received ACK seq=3500
Timeout, sequence number = 3505
Timeout, sequence number = 3509
Timeout, sequence number = 3518
[CLIENT] Sent data seq=3600
Timeout, sequence number = 3562
Timeout, sequence number = 3583
[CLIENT] Received ACK seq=3600
Timeout, sequence number = 3606
Timeout, sequence number = 3608
Timeout, sequence number = 3622
[CLIENT] Sent data seq=3700
Timeout, sequence number = 3638
Timeout, sequence number = 3639
Timeout, sequence number = 3682
[CLIENT] Received ACK seq=3700
Timeout, sequence number = 3726
Timeout, sequence number = 3736
[CLIENT] Sent data seq=3800
Timeout, sequence number = 3748
Timeout, sequence number = 3751
Timeout, sequence number = 3751
Timeout, sequence number = 3780
[CLIENT] Received ACK seq=3800
[CLIENT] Sent data seq=3900
[CLIENT] Received ACK seq=3900
Timeout, sequence number = 3921
Timeout, sequence number = 3921
[CLIENT] Sent data seq=4000
[CLIENT] Received ACK seq=4000
Timeout, sequence number = 4035
[CLIENT] Sent data seq=4100
Timeout, sequence number = 4040
Timeout, sequence number = 4045
Timeout, sequence number = 4061
[CLIENT] Received ACK seq=4100
Timeout, sequence number = 4126
[CLIENT] Sent data seq=4200
Timeout, sequence number = 4169
[CLIENT] Received ACK seq=4200
Timeout, sequence number = 4204
Timeout, sequence number = 4208
Timeout, sequence number = 4208
Timeout, sequence number = 4214
Timeout, sequence number = 4222
[CLIENT] Sent data seq=4300
Timeout, sequence number = 4287
Timeout, sequence number = 4297
[CLIENT] Received ACK seq=4300
[CLIENT] Sent data seq=4400
Timeout, sequence number = 4338
Timeout, sequence number = 4347
Timeout, sequence number = 4348
Timeout, sequence number = 4391
Timeout, sequence number = 4399
[CLIENT] Received ACK seq=4400
Timeout, sequence number = 4406
[CLIENT] Sent data seq=4500
Timeout, sequence number = 4441
Timeout, sequence number = 4447
Timeout, sequence number = 4448
Timeout, sequence number = 4448
Timeout, sequence number = 4454
Timeout, sequence number = 4465
Timeout, sequence number = 4473
[CLIENT] Received ACK seq=4500
Timeout, sequence number = 4520
[CLIENT] Sent data seq=4600
Timeout, sequence number = 4579
Timeout, sequence number = 4594
[CLIENT] Received ACK seq=4600
Timeout, sequence number = 4602
[CLIENT] Sent data seq=4700
Timeout, sequence number = 4663
Timeout, sequence number = 4675
Timeout, sequence number = 4696
[CLIENT] Received ACK seq=4700
Timeout, sequence number = 4728
[CLIENT] Sent data seq=4800
Timeout, sequence number = 4749
Timeout, sequence number = 4759
Timeout, sequence number = 4789
Timeout, sequence number = 4799
[CLIENT] Received ACK seq=4800
Timeout, sequence number = 4826
[CLIENT] Sent data seq=4900
Timeout, sequence number = 4855
Timeout, sequence number = 4886
[CLIENT] Received ACK seq=4900
Timeout, sequence number = 4903
Timeout, sequence number = 4920
[CLIENT] Sent data seq=5000
Timeout, sequence number = 4978
Timeout, sequence number = 4991
[CLIENT] Received ACK seq=5000
Timeout, sequence number = 5004
Timeout, sequence number = 5013
Timeout, sequence number = 5014
Timeout, sequence number = 5016
[CLIENT] Sent data seq=5100
Timeout, sequence number = 5037
Timeout, sequence number = 5069
Timeout, sequence number = 5090
[CLIENT] Received ACK seq=5100
Timeout, sequence number = 5105
Timeout, sequence number = 5120
Timeout, sequence number = 5130
[CLIENT] Sent data seq=5200
Timeout, sequence number = 5142
Timeout, sequence number = 5143
Timeout, sequence number = 5153
Timeout, sequence number = 5177
[CLIENT] Received ACK seq=5200
[CLIENT] Sent data seq=5300
Timeout, sequence number = 5240
Timeout, sequence number = 5251
Timeout, sequence number = 5282
Timeout, sequence number = 5295
[CLIENT] Received ACK seq=5300
Timeout, sequence number = 5328
Timeout, sequence number = 5333
[CLIENT] Sent data seq=5400
Timeout, sequence number = 5358
Timeout, sequence number = 5383
[CLIENT] Received ACK seq=5400
Timeout, sequence number = 5434
[CLIENT] Sent data seq=5500
Timeout, sequence number = 5446
Timeout, sequence number = 5490
Timeout, sequence number = 5500
[CLIENT] Received ACK seq=5500
Timeout, sequence number = 5508
[CLIENT] Sent data seq=5600
Timeout, sequence number = 5547
Timeout, sequence number = 5581
Timeout, sequence number = 5597
[CLIENT] Received ACK seq=5600
Timeout, sequence number = 5634
Timeout, sequence number = 5636
[CLIENT] Sent data seq=5700
Timeout, sequence number = 5657
Timeout, sequence number = 5683
[CLIENT] Received ACK seq=5700
Timeout, sequence number = 5711
Timeout, sequence number = 5729
[CLIENT] Sent data seq=5800
[CLIENT] Received ACK seq=5800
Timeout, sequence number = 5829
[CLIENT] Sent data seq=5900
Timeout, sequence number = 5841
[CLIENT] Received ACK seq=5900
Timeout, sequence number = 5918
Timeout, sequence number = 5930
[CLIENT] Sent data seq=6000
Timeout, sequence number = 5949
Timeout, sequence number = 5951
Timeout, sequence number = 5960
Timeout, sequence number = 5963
Timeout, sequence number = 5974
Timeout, sequence number = 5978
Timeout, sequence number = 5998
[CLIENT] Received ACK seq=6000
Timeout, sequence number = 6021
[CLIENT] Sent data seq=6100
Timeout, sequence number = 6051
Timeout, sequence number = 6065
Timeout, sequence number = 6073
Timeout, sequence number = 6078
Timeout, sequence number = 6080
[CLIENT] Received ACK seq=6100
Timeout, sequence number = 6127
Timeout, sequence number = 6129
Timeout, sequence number = 6129
[CLIENT] Sent data seq=6200
Timeout, sequence number = 6156
Timeout, sequence number = 6186
[CLIENT] Received ACK seq=6200
Timeout, sequence number = 6211
[CLIENT] Sent data seq=6300
Timeout, sequence number = 6240
Timeout, sequence number = 6284
[CLIENT] Received ACK seq=6300
[CLIENT] Sent data seq=6400
Timeout, sequence number = 6361
Timeout, sequence number = 6366
Timeout, sequence number = 6396
Timeout, sequence number = 6400
[CLIENT] Received ACK seq=6400
Timeout, sequence number = 6403
Timeout, sequence number = 6403
Timeout, sequence number = 6422
Timeout, sequence number = 6422
[CLIENT] Sent data seq=6500
Timeout, sequence number = 6442
Timeout, sequence number = 6469
Timeout, sequence number = 6487
Timeout, sequence number = 6497
[CLIENT] Received ACK seq=6500
Timeout, sequence number = 6522
Timeout, sequence number = 6528
[CLIENT] Sent data seq=6600
Timeout, sequence number = 6548
Timeout, sequence number = 6567
Timeout, sequence number = 6573
[CLIENT] Received ACK seq=6600
Timeout, sequence number = 6609
[CLIENT] Sent data seq=6700
Timeout, sequence number = 6649
Timeout, sequence number = 6654
Timeout, sequence number = 6656
Timeout, sequence number = 6664
Timeout, sequence number = 6680
Timeout, sequence number = 6681
Timeout, sequence number = 6686
Timeout, sequence number = 6688
Timeout, sequence number = 6696
Timeout, sequence number = 6698
Timeout, sequence number = 6699
[CLIENT] Received ACK seq=6700
Timeout, sequence number = 6704
Timeout, sequence number = 6709
Timeout, sequence number = 6716
[CLIENT] Sent data seq=6800
Timeout, sequence number = 6748
Timeout, sequence number = 6750
Timeout, sequence number = 6757
Timeout, sequence number = 6799
[CLIENT] Received ACK seq=6800
Timeout, sequence number = 6803
Timeout, sequence number = 6834
[CLIENT] Sent data seq=6900
Timeout, sequence number = 6843
Timeout, sequence number = 6870
Timeout, sequence number = 6873
[CLIENT] Received ACK seq=6900
Timeout, sequence number = 6915
Timeout, sequence number = 6922
[CLIENT] Sent data seq=7000
Timeout, sequence number = 6970
Timeout, sequence number = 6983
Timeout, sequence number = 6988
Timeout, sequence number = 6990
Timeout, sequence number = 6996
[CLIENT] Received ACK seq=7000
Timeout, sequence number = 7020
Timeout, sequence number = 7022
[CLIENT] Sent data seq=7100
Timeout, sequence number = 7079
Timeout, sequence number = 7094
Timeout, sequence number = 7097
Timeout, sequence number = 7097
[CLIENT] Received ACK seq=7100
Timeout, sequence number = 7112
[CLIENT] Sent data seq=7200
Timeout, sequence number = 7145
[CLIENT] Received ACK seq=7200
Timeout, sequence number = 7208
Timeout, sequence number = 7235
[CLIENT] Sent data seq=7300
Timeout, sequence number = 7241
Timeout, sequence number = 7272
Timeout, sequence number = 7278
Timeout, sequence number = 7281
[CLIENT] Received ACK seq=7300
Timeout, sequence number = 7313
Timeout, sequence number = 7330
[CLIENT] Sent data seq=7400
Timeout, sequence number = 7362
Timeout, sequence number = 7399
[CLIENT] Received ACK seq=7400
Timeout, sequence number = 7415
Timeout, sequence number = 7419
[CLIENT] Sent data seq=7500
Timeout, sequence number = 7443
Timeout, sequence number = 7465
Timeout, sequence number = 7489
Timeout, sequence number = 7499
[CLIENT] Received ACK seq=7500
[CLIENT] Sent data seq=7600
Timeout, sequence number = 7546
Timeout, sequence number = 7549
Timeout, sequence number = 7590
[CLIENT] Received ACK seq=7600
Timeout, sequence number = 7608
Timeout, sequence number = 7626
Timeout, sequence number = 7627
[CLIENT] Sent data seq=7700
Timeout, sequence number = 7637
Timeout, sequence number = 7685
Timeout, sequence number = 7690
Timeout, sequence number = 7690
[CLIENT] Received ACK seq=7700
Timeout, sequence number = 7715
[CLIENT] Sent data seq=7800
Timeout, sequence number = 7748
[CLIENT] Received ACK seq=7800
Timeout, sequence number = 7808
Timeout, sequence number = 7813
[CLIENT] Sent data seq=7900
Timeout, sequence number = 7840
Timeout, sequence number = 7852
Timeout, sequence number = 7861
[CLIENT] Received ACK seq=7900
Timeout, sequence number = 7929
[CLIENT] Sent data seq=8000
Timeout, sequence number = 7978
Timeout, sequence number = 7982
Timeout, sequence number = 7990
[CLIENT] Received ACK seq=8000
Timeout, sequence number = 8012
[CLIENT] Sent data seq=8100
Timeout, sequence number = 8053
Timeout, sequence number = 8069
Timeout, sequence number = 8085
Timeout, sequence number = 8089
[CLIENT] Received ACK seq=8100
Timeout, sequence number = 8104
Timeout, sequence number = 8120
Timeout, sequence number = 8125
[CLIENT] Sent data seq=8200
Timeout, sequence number = 8163
Timeout, sequence number = 8163
Timeout, sequence number = 8165
Timeout, sequence number = 8182
Timeout, sequence number = 8185
Timeout, sequence number = 8192
[CLIENT] Received ACK seq=8200
Timeout, sequence number = 8209
[CLIENT] Sent data seq=8300
Timeout, sequence number = 8246
Timeout, sequence number = 8246
Timeout, sequence number = 8266
Timeout, sequence number = 8269
[CLIENT] Received ACK seq=8300
Timeout, sequence number = 8310
[CLIENT] Sent data seq=8400
Timeout, sequence number = 8377
[CLIENT] Received ACK seq=8400
[CLIENT] Sent data seq=8500
Timeout, sequence number = 8448
Timeout, sequence number = 8473
[CLIENT] Received ACK seq=8500
Timeout, sequence number = 8520
[CLIENT] Sent data seq=8600
Timeout, sequence number = 8549
Timeout, sequence number = 8569
Timeout, sequence number = 8592
[CLIENT] Received ACK seq=8600
Timeout, sequence number = 8607
Timeout, sequence number = 8610
Timeout, sequence number = 8619
[CLIENT] Sent data seq=8700
Timeout, sequence number = 8658
Timeout, sequence number = 8695
[CLIENT] Received ACK seq=8700
Timeout, sequence number = 8716
Timeout, sequence number = 8721
[CLIENT] Sent data seq=8800
Timeout, sequence number = 8743
Timeout, sequence number = 8744
Timeout, sequence number = 8768
Timeout, sequence number = 8768
Timeout, sequence number = 8774
[CLIENT] Received ACK seq=8800
Timeout, sequence number = 8814
[CLIENT] Sent data seq=8900
Timeout, sequence number = 8847
Timeout, sequence number = 8849
Timeout, sequence number = 8852
Timeout, sequence number = 8860
Timeout, sequence number = 8865
Timeout, sequence number = 8868
[CLIENT] Received ACK seq=8900
Timeout, sequence number = 8921
[CLIENT] Sent data seq=9000
Timeout, sequence number = 8946
Timeout, sequence number = 8959
Timeout, sequence number = 8999
[CLIENT] Received ACK seq=9000
Timeout, sequence number = 9002
Timeout, sequence number = 9036
[CLIENT] Sent data seq=9100
Timeout, sequence number = 9051
Timeout, sequence number = 9055
Timeout, sequence number = 9088
[CLIENT] Received ACK seq=9100
Timeout, sequence number = 9129
[CLIENT] Sent data seq=9200
Timeout, sequence number = 9148
Timeout, sequence number = 9164
Timeout, sequence number = 9165
[CLIENT] Received ACK seq=9200
[CLIENT] Sent data seq=9300
Timeout, sequence number = 9243
Timeout, sequence number = 9249
Timeout, sequence number = 9255
Timeout, sequence number = 9258
Timeout, sequence number = 9286
Timeout, sequence number = 9294
[CLIENT] Received ACK seq=9300
Timeout, sequence number = 9302
Timeout, sequence number = 9326
Timeout, sequence number = 9330
Timeout, sequence number = 9332
[CLIENT] Sent data seq=9400
Timeout, sequence number = 9341
Timeout, sequence number = 9341
Timeout, sequence number = 9363
Timeout, sequence number = 9366
Timeout, sequence number = 9373
Timeout, sequence number = 9386
[CLIENT] Received ACK seq=9400
Timeout, sequence number = 9403
Timeout, sequence number = 9407
Timeout, sequence number = 9422
[CLIENT] Sent data seq=9500
Timeout, sequence number = 9475
[CLIENT] Received ACK seq=9500
Timeout, sequence number = 9517
Timeout, sequence number = 9524
[CLIENT] Sent data seq=9600
Timeout, sequence number = 9560
Timeout, sequence number = 9576
Timeout, sequence number = 9584
[CLIENT] Received ACK seq=9600
Timeout, sequence number = 9614
Timeout, sequence number = 9630
[CLIENT] Sent data seq=9700
Timeout, sequence number = 9643
Timeout, sequence number = 9654
Timeout, sequence number = 9691
[CLIENT] Received ACK seq=9700
[CLIENT] Sent data seq=9800
Timeout, sequence number = 9744
Timeout, sequence number = 9760
Timeout, sequence number = 9776
[CLIENT] Received ACK seq=9800
Timeout, sequence number = 9810
[CLIENT] Sent data seq=9900
Timeout, sequence number = 9844
Timeout, sequence number = 9852
Timeout, sequence number = 9865
Timeout, sequence number = 9867
[CLIENT] Received ACK seq=9900
Timeout, sequence number = 9910
[CLIENT] Sent data seq=10000
Timeout, sequence number = 9948
Timeout, sequence number = 9970
Timeout, sequence number = 9974
Timeout, sequence number = 9988
[CLIENT] Received ACK seq=10000
Timeout, sequence number = 10004
[CLIENT] Sent data seq=10100
Timeout, sequence number = 10039
Timeout, sequence number = 10095
[CLIENT] Received ACK seq=10100
[CLIENT] Sent data seq=10200
Timeout, sequence number = 10140
Timeout, sequence number = 10149
Timeout, sequence number = 10196
[CLIENT] Received ACK seq=10200
Timeout, sequence number = 10215
[CLIENT] Sent data seq=10300
Timeout, sequence number = 10250
Timeout, sequence number = 10276
Timeout, sequence number = 10281
[CLIENT] Received ACK seq=10300
Timeout, sequence number = 10310
Timeout, sequence number = 10311
Timeout, sequence number = 10312
[CLIENT] Sent data seq=10400
Timeout, sequence number = 10394
[CLIENT] Received ACK seq=10400
Timeout, sequence number = 10406
Timeout, sequence number = 10415
[CLIENT] Sent data seq=10500
Timeout, sequence number = 10465
[CLIENT] Received ACK seq=10500
Timeout, sequence number = 10501
Timeout, sequence number = 10502
Timeout, sequence number = 10524
Timeout, sequence number = 10524
Timeout, sequence number = 10527
Timeout, sequence number = 10534
Timeout, sequence number = 10536
[CLIENT] Sent data seq=10600
Timeout, sequence number = 10537
Timeout, sequence number = 10538
Timeout, sequence number = 10578
[CLIENT] Received ACK seq=10600
Timeout, sequence number = 10617
[CLIENT] Sent data seq=10700
Timeout, sequence number = 10640
Timeout, sequence number = 10640
Timeout, sequence number = 10647
[CLIENT] Received ACK seq=10700
Timeout, sequence number = 10730
[CLIENT] Sent data seq=10800
Timeout, sequence number = 10739
Timeout, sequence number = 10741
Timeout, sequence number = 10762
Timeout, sequence number = 10795
[CLIENT] Received ACK seq=10800
[CLIENT] Sent data seq=10900
Timeout, sequence number = 10853
Timeout, sequence number = 10860
Timeout, sequence number = 10868
Timeout, sequence number = 10895
[CLIENT] Received ACK seq=10900
Timeout, sequence number = 10915
Timeout, sequence number = 10915
[CLIENT] Sent data seq=11000
Timeout, sequence number = 10943
[CLIENT] Received ACK seq=11000
Timeout, sequence number = 11008
Timeout, sequence number = 11031
Timeout, sequence number = 11033
[CLIENT] Sent data seq=11100
Timeout, sequence number = 11042
Timeout, sequence number = 11050
Timeout, sequence number = 11059
Timeout, sequence number = 11093
[CLIENT] Received ACK seq=11100
Timeout, sequence number = 11102
Timeout, sequence number = 11105
Timeout, sequence number = 11126
[CLIENT] Sent data seq=11200
Timeout, sequence number = 11176
[CLIENT] Received ACK seq=11200
Timeout, sequence number = 11218
[CLIENT] Sent data seq=11300
Timeout, sequence number = 11240
Timeout, sequence number = 11258
Timeout, sequence number = 11286
Timeout, sequence number = 11299
[CLIENT] Received ACK seq=11300
[CLIENT] Sent data seq=11400
Timeout, sequence number = 11341
Timeout, sequence number = 11372
Timeout, sequence number = 11390
Timeout, sequence number = 11393
[CLIENT] Received ACK seq=11400
Timeout, sequence number = 11406
Timeout, sequence number = 11410
Timeout, sequence number = 11420
Timeout, sequence number = 11430
[CLIENT] Sent data seq=11500
Timeout, sequence number = 11453
Timeout, sequence number = 11469
Timeout, sequence number = 11471
Timeout, sequence number = 11473
Timeout, sequence number = 11477
Timeout, sequence number = 11479
Timeout, sequence number = 11497
[CLIENT] Received ACK seq=11500
Timeout, sequence number = 11529
[CLIENT] Sent data seq=11600
Timeout, sequence number = 11544
Timeout, sequence number = 11586
[CLIENT] Received ACK seq=11600
Timeout, sequence number = 11615
Timeout, sequence number = 11627
[CLIENT] Sent data seq=11700
Timeout, sequence number = 11647
Timeout, sequence number = 11652
Timeout, sequence number = 11692
[CLIENT] Received ACK seq=11700
Timeout, sequence number = 11736
[CLIENT] Sent data seq=11800
Timeout, sequence number = 11755
Timeout, sequence number = 11764
Timeout, sequence number = 11774
[CLIENT] Received ACK seq=11800
Timeout, sequence number = 11826
Timeout, sequence number = 11831
[CLIENT] Sent data seq=11900
Timeout, sequence number = 11839
Timeout, sequence number = 11839
Timeout, sequence number = 11846
Timeout, sequence number = 11865
Timeout, sequence number = 11880
[CLIENT] Received ACK seq=11900
Timeout, sequence number = 11901
Timeout, sequence number = 11911
[CLIENT] Sent data seq=12000
Timeout, sequence number = 11945
Timeout, sequence number = 11946
Timeout, sequence number = 11997
[CLIENT] Received ACK seq=12000
[CLIENT] Summary: sent_packets=12001, ack_packets=12001, retransmitted_packets=39155, timeout_events=613
Transfer complete. Delay = 322.091843 seconds

=== STDERR ===
