=== STDOUT ===
[CLIENT] Starting transfer: server=10.153.27.102:7735, file=demo_input.bin, N=64, MSS=500, total_segments=2401
[CLIENT] Sent data seq=0
[CLIENT] Sent data seq=1
[CLIENT] Sent data seq=2
[CLIENT] Sent data seq=3
[CLIENT] Sent data seq=4
[CLIENT] Received ACK seq=0
[CLIENT] Received ACK seq=1
[CLIENT] Received ACK seq=2
[CLIENT] Received ACK seq=3
[CLIENT] Received ACK seq=4
Timeout, sequence number = 5
Timeout, sequence number = 14
[CLIENT] Sent data seq=100
Timeout, sequence number = 41
Timeout, sequence number = 73
[CLIENT] Received ACK seq=100
Timeout, sequence number = 103
Timeout, sequence number = 127
[CLIENT] Sent data seq=200
Timeout, sequence number = 144
Timeout, sequence number = 191
[CLIENT] Received ACK seq=200
Timeout, sequence number = 218
Timeout, sequence number = 220
[CLIENT] Sent data seq=300
Timeout, sequence number = 244
Timeout, sequence number = 293
[CLIENT] Received ACK seq=300
[CLIENT] Sent data seq=400
Timeout, sequence number = 339
Timeout, sequence number = 342
Timeout, sequence number = 369
Timeout, sequence number = 392
[CLIENT] Received ACK seq=400
Timeout, sequence number = 422
Timeout, sequence number = 424
[CLIENT] Sent data seq=500
Timeout, sequence number = 438
Timeout, sequence number = 457
[CLIENT] Received ACK seq=500
Timeout, sequence number = 527
[CLIENT] Sent data seq=600
Timeout, sequence number = 538
Timeout, sequence number = 544
Timeout, sequence number = 573
[CLIENT] Received ACK seq=600
Timeout, sequence number = 606
[CLIENT] Sent data seq=700
Timeout, sequence number = 646
Timeout, sequence number = 647
Timeout, sequence number = 660
Timeout, sequence number = 662
Timeout, sequence number = 666
Timeout, sequence number = 677
Timeout, sequence number = 689
Timeout, sequence number = 691
[CLIENT] Received ACK seq=700
Timeout, sequence number = 717
Timeout, sequence number = 725
[CLIENT] Sent data seq=800
Timeout, sequence number = 752
Timeout, sequence number = 763
Timeout, sequence number = 765
Timeout, sequence number = 786
Timeout, sequence number = 800
[CLIENT] Received ACK seq=800
Timeout, sequence number = 802
Timeout, sequence number = 808
[CLIENT] Sent data seq=900
Timeout, sequence number = 860
[CLIENT] Received ACK seq=900
Timeout, sequence number = 917
Timeout, sequence number = 921
[CLIENT] Sent data seq=1000
Timeout, sequence number = 943
Timeout, sequence number = 965
Timeout, sequence number = 1000
[CLIENT] Received ACK seq=1000
Timeout, sequence number = 1008
[CLIENT] Sent data seq=1100
Timeout, sequence number = 1037
Timeout, sequence number = 1047
Timeout, sequence number = 1050
Timeout, sequence number = 1071
[CLIENT] Received ACK seq=1100
[CLIENT] Sent data seq=1200
Timeout, sequence number = 1184
[CLIENT] Received ACK seq=1200
[CLIENT] Sent data seq=1300
Timeout, sequence number = 1251
Timeout, sequence number = 1257
Timeout, sequence number = 1283
Timeout, sequence number = 1283
[CLIENT] Received ACK seq=1300
[CLIENT] Sent data seq=1400
Timeout, sequence number = 1358
Timeout, sequence number = 1374
Timeout, sequence number = 1382
[CLIENT] Received ACK seq=1400
[CLIENT] Sent data seq=1500
Timeout, sequence number = 1453
Timeout, sequence number = 1484
Timeout, sequence number = 1489
[CLIENT] Received ACK seq=1500
Timeout, sequence number = 1508
[CLIENT] Sent data seq=1600
Timeout, sequence number = 1547
Timeout, sequence number = 1548
Timeout, sequence number = 1558
Timeout, sequence number = 1561
[CLIENT] Received ACK seq=1600
[CLIENT] Sent data seq=1700
Timeout, sequence number = 1637
Timeout, sequence number = 1659
Timeout, sequence number = 1675
Timeout, sequence number = 1685
[CLIENT] Received ACK seq=1700
Timeout, sequence number = 1703
[CLIENT] Sent data seq=1800
Timeout, sequence number = 1758
Timeout, sequence number = 1758
Timeout, sequence number = 1760
Timeout, sequence number = 1784
Timeout, sequence number = 1784
[CLIENT] Received ACK seq=1800
Timeout, sequence number = 1832
[CLIENT] Sent data seq=1900
Timeout, sequence number = 1859
Timeout, sequence number = 1867
Timeout, sequence number = 1867
Timeout, sequence number = 1867
[CLIENT] Received ACK seq=1900
Timeout, sequence number = 1917
Timeout, sequence number = 1927
[CLIENT] Sent data seq=2000
Timeout, sequence number = 1966
Timeout, sequence number = 1991
[CLIENT] Received ACK seq=2000
[CLIENT] Sent data seq=2100
Timeout, sequence number = 2054
Timeout, sequence number = 2055
Timeout, sequence number = 2082
Timeout, sequence number = 2089
Timeout, sequence number = 2093
[CLIENT] Received ACK seq=2100
[CLIENT] Sent data seq=2200
Timeout, sequence number = 2177
[CLIENT] Received ACK seq=2200
Timeout, sequence number = 2206
Timeout, sequence number = 2215
Timeout, sequence number = 2235
[CLIENT] Sent data seq=2300
Timeout, sequence number = 2243
Timeout, sequence number = 2243
Timeout, sequence number = 2262
Timeout, sequence number = 2267
Timeout, sequence number = 2269
[CLIENT] Received ACK seq=2300
Timeout, sequence number = 2314
[CLIENT] Sent data seq=2400
Timeout, sequence number = 2355
Timeout, sequence number = 2360
Timeout, sequence number = 2371
Timeout, sequence number = 2372
Timeout, sequence number = 2389
[CLIENT] Received ACK seq=2400
[CLIENT] Summary: sent_packets=2401, ack_packets=2401, retransmitted_packets=6750, timeout_events=108
Transfer complete. Delay = 56.313138 seconds

=== STDERR ===
