=== STDOUT ===
[CLIENT] Starting transfer: server=10.153.27.102:7735, file=demo_input.bin, N=64, MSS=500, total_segments=2401
[CLIENT] Sent data seq=0
[CLIENT] Sent data seq=1
[CLIENT] Sent data seq=2
[CLIENT] Sent data seq=3
[CLIENT] Sent data seq=4
[CLIENT] Received ACK seq=0
[CLIENT] Received ACK seq=1
Timeout, sequence number = 2
[CLIENT] Received ACK seq=2
[CLIENT] Received ACK seq=3
[CLIENT] Received ACK seq=4
[CLIENT] Sent data seq=100
Timeout, sequence number = 67
Timeout, sequence number = 75
[CLIENT] Received ACK seq=100
[CLIENT] Sent data seq=200
Timeout, sequence number = 168
Timeout, sequence number = 182
Timeout, sequence number = 182
[CLIENT] Received ACK seq=200
[CLIENT] Sent data seq=300
[CLIENT] Received ACK seq=300
[CLIENT] Sent data seq=400
[CLIENT] Received ACK seq=400
[CLIENT] Sent data seq=500
Timeout, sequence number = 453
[CLIENT] Received ACK seq=500
[CLIENT] Sent data seq=600
Timeout, sequence number = 551
[CLIENT] Received ACK seq=600
[CLIENT] Sent data seq=700
Timeout, sequence number = 692
[CLIENT] Received ACK seq=700
[CLIENT] Sent data seq=800
Timeout, sequence number = 748
[CLIENT] Received ACK seq=800
[CLIENT] Sent data seq=900
Timeout, sequence number = 838
Timeout, sequence number = 882
[CLIENT] Received ACK seq=900
[CLIENT] Sent data seq=1000
Timeout, sequence number = 950
[CLIENT] Received ACK seq=1000
[CLIENT] Sent data seq=1100
[CLIENT] Received ACK seq=1100
[CLIENT] Sent data seq=1200
Timeout, sequence number = 1165
Timeout, sequence number = 1189
[CLIENT] Received ACK seq=1200
Timeout, sequence number = 1206
[CLIENT] Sent data seq=1300
[CLIENT] Received ACK seq=1300
[CLIENT] Sent data seq=1400
Timeout, sequence number = 1337
[CLIENT] Received ACK seq=1400
[CLIENT] Sent data seq=1500
Timeout, sequence number = 1476
[CLIENT] Received ACK seq=1500
[CLIENT] Sent data seq=1600
Timeout, sequence number = 1568
[CLIENT] Received ACK seq=1600
[CLIENT] Sent data seq=1700
Timeout, sequence number = 1687
[CLIENT] Received ACK seq=1700
Timeout, sequence number = 1703
[CLIENT] Sent data seq=1800
[CLIENT] Received ACK seq=1800
[CLIENT] Sent data seq=1900
Timeout, sequence number = 1846
Timeout, sequence number = 1888
[CLIENT] Received ACK seq=1900
[CLIENT] Sent data seq=2000
[CLIENT] Received ACK seq=2000
[CLIENT] Sent data seq=2100
[CLIENT] Received ACK seq=2100
[CLIENT] Sent data seq=2200
[CLIENT] Received ACK seq=2200
[CLIENT] Sent data seq=2300
Timeout, sequence number = 2258
Timeout, sequence number = 2269
[CLIENT] Received ACK seq=2300
[CLIENT] Sent data seq=2400
[CLIENT] Received ACK seq=2400
[CLIENT] Summary: sent_packets=2401, ack_packets=2401, retransmitted_packets=1600, timeout_events=25
Transfer complete. Delay = 13.584426 seconds

=== STDERR ===
