=== STDOUT ===
[CLIENT] Starting transfer: server=10.153.27.102:7735, file=demo_input.bin, N=64, MSS=700, total_segments=1716
[CLIENT] Sent data seq=0
[CLIENT] Sent data seq=1
[CLIENT] Sent data seq=2
[CLIENT] Sent data seq=3
[CLIENT] Sent data seq=4
[CLIENT] Received ACK seq=0
Timeout, sequence number = 1
[CLIENT] Received ACK seq=1
[CLIENT] Received ACK seq=2
[CLIENT] Received ACK seq=3
[CLIENT] Received ACK seq=4
Timeout, sequence number = 11
[CLIENT] Sent data seq=100
Timeout, sequence number = 45
Timeout, sequence number = 70
Timeout, sequence number = 86
[CLIENT] Received ACK seq=100
[CLIENT] Sent data seq=200
Timeout, sequence number = 151
Timeout, sequence number = 196
[CLIENT] Received ACK seq=200
Timeout, sequence number = 227
Timeout, sequence number = 231
[CLIENT] Sent data seq=300
Timeout, sequence number = 247
Timeout, sequence number = 261
Timeout, sequence number = 280
[CLIENT] Received ACK seq=300
Timeout, sequence number = 314
[CLIENT] Sent data seq=400
Timeout, sequence number = 355
Timeout, sequence number = 389
Timeout, sequence number = 389
Timeout, sequence number = 391
[CLIENT] Received ACK seq=400
Timeout, sequence number = 423
Timeout, sequence number = 429
Timeout, sequence number = 430
[CLIENT] Sent data seq=500
Timeout, sequence number = 445
Timeout, sequence number = 471
Timeout, sequence number = 482
Timeout, sequence number = 489
Timeout, sequence number = 497
[CLIENT] Received ACK seq=500
Timeout, sequence number = 528
[CLIENT] Sent data seq=600
Timeout, sequence number = 540
Timeout, sequence number = 566
[CLIENT] Received ACK seq=600
[CLIENT] Sent data seq=700
Timeout, sequence number = 648
Timeout, sequence number = 679
Timeout, sequence number = 685
[CLIENT] Received ACK seq=700
Timeout, sequence number = 702
Timeout, sequence number = 723
Timeout, sequence number = 731
Timeout, sequence number = 732
[CLIENT] Sent data seq=800
Timeout, sequence number = 771
Timeout, sequence number = 776
Timeout, sequence number = 786
[CLIENT] Received ACK seq=800
Timeout, sequence number = 801
Timeout, sequence number = 803
Timeout, sequence number = 819
Timeout, sequence number = 826
Timeout, sequence number = 830
Timeout, sequence number = 835
[CLIENT] Sent data seq=900
Timeout, sequence number = 850
Timeout, sequence number = 893
[CLIENT] Received ACK seq=900
Timeout, sequence number = 916
Timeout, sequence number = 917
Timeout, sequence number = 924
[CLIENT] Sent data seq=1000
Timeout, sequence number = 942
Timeout, sequence number = 951
Timeout, sequence number = 975
Timeout, sequence number = 987
[CLIENT] Received ACK seq=1000
Timeout, sequence number = 1015
[CLIENT] Sent data seq=1100
Timeout, sequence number = 1046
Timeout, sequence number = 1100
[CLIENT] Received ACK seq=1100
Timeout, sequence number = 1121
Timeout, sequence number = 1121
[CLIENT] Sent data seq=1200
Timeout, sequence number = 1138
Timeout, sequence number = 1183
Timeout, sequence number = 1197
[CLIENT] Received ACK seq=1200
Timeout, sequence number = 1213
Timeout, sequence number = 1225
Timeout, sequence number = 1231
[CLIENT] Sent data seq=1300
Timeout, sequence number = 1257
Timeout, sequence number = 1281
Timeout, sequence number = 1284
Timeout, sequence number = 1293
[CLIENT] Received ACK seq=1300
Timeout, sequence number = 1323
[CLIENT] Sent data seq=1400
Timeout, sequence number = 1354
Timeout, sequence number = 1372
Timeout, sequence number = 1393
[CLIENT] Received ACK seq=1400
Timeout, sequence number = 1434
[CLIENT] Sent data seq=1500
Timeout, sequence number = 1453
Timeout, sequence number = 1462
Timeout, sequence number = 1464
Timeout, sequence number = 1490
Timeout, sequence number = 1491
[CLIENT] Received ACK seq=1500
Timeout, sequence number = 1511
Timeout, sequence number = 1511
Timeout, sequence number = 1513
[CLIENT] Sent data seq=1600
Timeout, sequence number = 1557
Timeout, sequence number = 1573
Timeout, sequence number = 1573
Timeout, sequence number = 1589
Timeout, sequence number = 1596
Timeout, sequence number = 1600
[CLIENT] Received ACK seq=1600
Timeout, sequence number = 1636
[CLIENT] Sent data seq=1700
Timeout, sequence number = 1642
Timeout, sequence number = 1685
[CLIENT] Received ACK seq=1700
[CLIENT] Summary: sent_packets=1716, ack_packets=1716, retransmitted_packets=5727, timeout_events=90
Transfer complete. Delay = 47.176985 seconds

=== STDERR ===
