=== STDOUT ===
[CLIENT] Starting transfer: server=10.153.27.102:7735, file=demo_input.bin, N=64, MSS=1000, total_segments=1201
[CLIENT] Sent data seq=0
[CLIENT] Sent data seq=1
[CLIENT] Sent data seq=2
[CLIENT] Sent data seq=3
[CLIENT] Sent data seq=4
[CLIENT] Received ACK seq=0
[CLIENT] Received ACK seq=1
[CLIENT] Received ACK seq=2
[CLIENT] Received ACK seq=3
[CLIENT] Received ACK seq=4
Timeout, sequence number = 5
[CLIENT] Sent data seq=100
Timeout, sequence number = 50
Timeout, sequence number = 55
Timeout, sequence number = 66
Timeout, sequence number = 77
Timeout, sequence number = 79
[CLIENT] Received ACK seq=100
Timeout, sequence number = 120
[CLIENT] Sent data seq=200
Timeout, sequence number = 161
Timeout, sequence number = 190
[CLIENT] Received ACK seq=200
Timeout, sequence number = 217
Timeout, sequence number = 236
[CLIENT] Sent data seq=300
Timeout, sequence number = 238
Timeout, sequence number = 261
Timeout, sequence number = 261
Timeout, sequence number = 274
Timeout, sequence number = 281
Timeout, sequence number = 293
[CLIENT] Received ACK seq=300
Timeout, sequence number = 301
[CLIENT] Sent data seq=400
Timeout, sequence number = 342
Timeout, sequence number = 367
Timeout, sequence number = 377
Timeout, sequence number = 382
Timeout, sequence number = 383
[CLIENT] Received ACK seq=400
Timeout, sequence number = 407
Timeout, sequence number = 425
[CLIENT] Sent data seq=500
[CLIENT] Received ACK seq=500
[CLIENT] Sent data seq=600
Timeout, sequence number = 548
Timeout, sequence number = 580
Timeout, sequence number = 582
Timeout, sequence number = 600
[CLIENT] Received ACK seq=600
Timeout, sequence number = 619
Timeout, sequence number = 620
Timeout, sequence number = 632
[CLIENT] Sent data seq=700
Timeout, sequence number = 638
Timeout, sequence number = 657
Timeout, sequence number = 672
[CLIENT] Received ACK seq=700
Timeout, sequence number = 716
Timeout, sequence number = 724
[CLIENT] Sent data seq=800
Timeout, sequence number = 748
Timeout, sequence number = 785
[CLIENT] Received ACK seq=800
Timeout, sequence number = 830
[CLIENT] Sent data seq=900
Timeout, sequence number = 850
Timeout, sequence number = 861
Timeout, sequence number = 868
Timeout, sequence number = 881
[CLIENT] Received ACK seq=900
Timeout, sequence number = 917
[CLIENT] Sent data seq=1000
Timeout, sequence number = 967
[CLIENT] Received ACK seq=1000
Timeout, sequence number = 1018
[CLIENT] Sent data seq=1100
Timeout, sequence number = 1088
Timeout, sequence number = 1096
Timeout, sequence number = 1096
[CLIENT] Received ACK seq=1100
Timeout, sequence number = 1110
[CLIENT] Sent data seq=1200
Timeout, sequence number = 1137
Timeout, sequence number = 1166
Timeout, sequence number = 1169
Timeout, sequence number = 1182
Timeout, sequence number = 1198
Timeout, sequence number = 1200
[CLIENT] Received ACK seq=1200
[CLIENT] Summary: sent_packets=1201, ack_packets=1201, retransmitted_packets=3418, timeout_events=57
Transfer complete. Delay = 30.176421 seconds

=== STDERR ===
