=== STDOUT ===
[CLIENT] Starting transfer: server=10.153.27.102:7735, file=demo_input.bin, N=64, MSS=500, total_segments=2401
[CLIENT] Sent data seq=0
[CLIENT] Sent data seq=1
[CLIENT] Sent data seq=2
[CLIENT] Sent data seq=3
[CLIENT] Sent data seq=4
[CLIENT] Received ACK seq=0
Timeout, sequence number = 1
[CLIENT] Received ACK seq=1
[CLIENT] Received ACK seq=2
[CLIENT] Received ACK seq=3
[CLIENT] Received ACK seq=4
Timeout, sequence number = 10
Timeout, sequence number = 13
Timeout, sequence number = 17
[CLIENT] Sent data seq=100
Timeout, sequence number = 44
Timeout, sequence number = 48
Timeout, sequence number = 48
Timeout, sequence number = 54
Timeout, sequence number = 55
Timeout, sequence number = 55
[CLIENT] Received ACK seq=100
Timeout, sequence number = 103
Timeout, sequence number = 103
Timeout, sequence number = 103
Timeout, sequence number = 109
Timeout, sequence number = 110
Timeout, sequence number = 111
Timeout, sequence number = 123
Timeout, sequence number = 127
Timeout, sequence number = 129
[CLIENT] Sent data seq=200
Timeout, sequence number = 139
Timeout, sequence number = 140
Timeout, sequence number = 157
Timeout, sequence number = 175
Timeout, sequence number = 175
Timeout, sequence number = 176
[CLIENT] Received ACK seq=200
Timeout, sequence number = 227
[CLIENT] Sent data seq=300
Timeout, sequence number = 251
Timeout, sequence number = 267
Timeout, sequence number = 272
Timeout, sequence number = 280
Timeout, sequence number = 286
[CLIENT] Received ACK seq=300
Timeout, sequence number = 308
Timeout, sequence number = 316
[CLIENT] Sent data seq=400
Timeout, sequence number = 352
Timeout, sequence number = 374
Timeout, sequence number = 395
[CLIENT] Received ACK seq=400
Timeout, sequence number = 401
Timeout, sequence number = 405
Timeout, sequence number = 422
Timeout, sequence number = 428
Timeout, sequence number = 428
Timeout, sequence number = 429
Timeout, sequence number = 432
Timeout, sequence number = 434
Timeout, sequence number = 435
[CLIENT] Sent data seq=500
Timeout, sequence number = 441
Timeout, sequence number = 444
Timeout, sequence number = 447
Timeout, sequence number = 456
Timeout, sequence number = 464
Timeout, sequence number = 468
Timeout, sequence number = 468
Timeout, sequence number = 469
Timeout, sequence number = 472
Timeout, sequence number = 490
[CLIENT] Received ACK seq=500
Timeout, sequence number = 504
Timeout, sequence number = 508
Timeout, sequence number = 508
Timeout, sequence number = 508
Timeout, sequence number = 509
Timeout, sequence number = 533
Timeout, sequence number = 533
[CLIENT] Sent data seq=600
Timeout, sequence number = 544
Timeout, sequence number = 548
Timeout, sequence number = 567
Timeout, sequence number = 572
Timeout, sequence number = 577
[CLIENT] Received ACK seq=600
Timeout, sequence number = 604
Timeout, sequence number = 617
Timeout, sequence number = 622
Timeout, sequence number = 628
[CLIENT] Sent data seq=700
Timeout, sequence number = 637
Timeout, sequence number = 644
Timeout, sequence number = 660
Timeout, sequence number = 660
Timeout, sequence number = 683
Timeout, sequence number = 683
Timeout, sequence number = 693
Timeout, sequence number = 695
[CLIENT] Received ACK seq=700
[CLIENT] Sent data seq=800
Timeout, sequence number = 748
Timeout, sequence number = 750
Timeout, sequence number = 757
Timeout, sequence number = 781
Timeout, sequence number = 785
Timeout, sequence number = 795
Timeout, sequence number = 798
Timeout, sequence number = 800
[CLIENT] Received ACK seq=800
Timeout, sequence number = 801
Timeout, sequence number = 807
Timeout, sequence number = 812
Timeout, sequence number = 813
Timeout, sequence number = 822
Timeout, sequence number = 827
[CLIENT] Sent data seq=900
Timeout, sequence number = 844
Timeout, sequence number = 855
Timeout, sequence number = 859
Timeout, sequence number = 863
Timeout, sequence number = 897
[CLIENT] Received ACK seq=900
Timeout, sequence number = 901
[CLIENT] Sent data seq=1000
Timeout, sequence number = 944
Timeout, sequence number = 946
Timeout, sequence number = 951
Timeout, sequence number = 960
Timeout, sequence number = 962
[CLIENT] Received ACK seq=1000
Timeout, sequence number = 1001
Timeout, sequence number = 1011
Timeout, sequence number = 1011
Timeout, sequence number = 1019
Timeout, sequence number = 1020
Timeout, sequence number = 1030
[CLIENT] Sent data seq=1100
Timeout, sequence number = 1039
Timeout, sequence number = 1057
Timeout, sequence number = 1060
Timeout, sequence number = 1062
Timeout, sequence number = 1062
Timeout, sequence number = 1075
Timeout, sequence number = 1090
Timeout, sequence number = 1097
Timeout, sequence number = 1099
[CLIENT] Received ACK seq=1100
Timeout, sequence number = 1103
Timeout, sequence number = 1120
Timeout, sequence number = 1123
[CLIENT] Sent data seq=1200
Timeout, sequence number = 1150
Timeout, sequence number = 1151
Timeout, sequence number = 1153
Timeout, sequence number = 1163
Timeout, sequence number = 1167
Timeout, sequence number = 1170
Timeout, sequence number = 1172
Timeout, sequence number = 1178
[CLIENT] Received ACK seq=1200
Timeout, sequence number = 1205
Timeout, sequence number = 1213
[CLIENT] Sent data seq=1300
Timeout, sequence number = 1244
Timeout, sequence number = 1252
Timeout, sequence number = 1263
Timeout, sequence number = 1289
[CLIENT] Received ACK seq=1300
Timeout, sequence number = 1329
[CLIENT] Sent data seq=1400
Timeout, sequence number = 1340
Timeout, sequence number = 1346
Timeout, sequence number = 1347
Timeout, sequence number = 1361
Timeout, sequence number = 1364
Timeout, sequence number = 1378
[CLIENT] Received ACK seq=1400
Timeout, sequence number = 1432
[CLIENT] Sent data seq=1500
Timeout, sequence number = 1443
Timeout, sequence number = 1451
Timeout, sequence number = 1462
Timeout, sequence number = 1463
Timeout, sequence number = 1500
[CLIENT] Received ACK seq=1500
Timeout, sequence number = 1504
Timeout, sequence number = 1509
Timeout, sequence number = 1536
[CLIENT] Sent data seq=1600
Timeout, sequence number = 1537
Timeout, sequence number = 1538
Timeout, sequence number = 1584
Timeout, sequence number = 1589
Timeout, sequence number = 1598
Timeout, sequence number = 1598
[CLIENT] Received ACK seq=1600
Timeout, sequence number = 1602
Timeout, sequence number = 1614
[CLIENT] Sent data seq=1700
Timeout, sequence number = 1669
Timeout, sequence number = 1671
Timeout, sequence number = 1677
Timeout, sequence number = 1677
Timeout, sequence number = 1686
[CLIENT] Received ACK seq=1700
Timeout, sequence number = 1701
Timeout, sequence number = 1730
[CLIENT] Sent data seq=1800
Timeout, sequence number = 1777
Timeout, sequence number = 1779
[CLIENT] Received ACK seq=1800
Timeout, sequence number = 1825
Timeout, sequence number = 1826
[CLIENT] Sent data seq=1900
Timeout, sequence number = 1845
Timeout, sequence number = 1845
Timeout, sequence number = 1871
Timeout, sequence number = 1881
Timeout, sequence number = 1894
Timeout, sequence number = 1896
[CLIENT] Received ACK seq=1900
Timeout, sequence number = 1910
Timeout, sequence number = 1920
[CLIENT] Sent data seq=2000
Timeout, sequence number = 1978
[CLIENT] Received ACK seq=2000
Timeout, sequence number = 2008
Timeout, sequence number = 2011
Timeout, sequence number = 2033
[CLIENT] Sent data seq=2100
Timeout, sequence number = 2050
Timeout, sequence number = 2058
Timeout, sequence number = 2079
[CLIENT] Received ACK seq=2100
Timeout, sequence number = 2105
Timeout, sequence number = 2108
Timeout, sequence number = 2110
[CLIENT] Sent data seq=2200
Timeout, sequence number = 2142
Timeout, sequence number = 2156
Timeout, sequence number = 2185
Timeout, sequence number = 2189
Timeout, sequence number = 2194
[CLIENT] Received ACK seq=2200
Timeout, sequence number = 2205
Timeout, sequence number = 2213
Timeout, sequence number = 2231
Timeout, sequence number = 2233
Timeout, sequence number = 2236
[CLIENT] Sent data seq=2300
Timeout, sequence number = 2240
Timeout, sequence number = 2248
Timeout, sequence number = 2272
Timeout, sequence number = 2280
Timeout, sequence number = 2295
[CLIENT] Received ACK seq=2300
Timeout, sequence number = 2305
Timeout, sequence number = 2323
Timeout, sequence number = 2331
Timeout, sequence number = 2332
[CLIENT] Sent data seq=2400
Timeout, sequence number = 2339
Timeout, sequence number = 2343
Timeout, sequence number = 2345
Timeout, sequence number = 2353
Timeout, sequence number = 2368
Timeout, sequence number = 2369
Timeout, sequence number = 2380
Timeout, sequence number = 2382
Timeout, sequence number = 2382
Timeout, sequence number = 2394
Timeout, sequence number = 2395
[CLIENT] Received ACK seq=2400
[CLIENT] Summary: sent_packets=2401, ack_packets=2401, retransmitted_packets=13673, timeout_events=219
Transfer complete. Delay = 115.014823 seconds

=== STDERR ===
