=== STDOUT ===
[CLIENT] Starting transfer: server=10.153.27.102:7735, file=demo_input.bin, N=64, MSS=500, total_segments=2401
[CLIENT] Sent data seq=0
[CLIENT] Sent data seq=1
[CLIENT] Sent data seq=2
[CLIENT] Sent data seq=3
[CLIENT] Sent data seq=4
[CLIENT] Received ACK seq=0
[CLIENT] Received ACK seq=1
[CLIENT] Received ACK seq=2
[CLIENT] Received ACK seq=3
Timeout, sequence number = 4
[CLIENT] Received ACK seq=4
Timeout, sequence number = 11
Timeout, sequence number = 32
[CLIENT] Sent data seq=100
Timeout, sequence number = 89
[CLIENT] Received ACK seq=100
[CLIENT] Sent data seq=200
Timeout, sequence number = 166
Timeout, sequence number = 192
Timeout, sequence number = 196
[CLIENT] Received ACK seq=200
Timeout, sequence number = 217
[CLIENT] Sent data seq=300
Timeout, sequence number = 243
Timeout, sequence number = 271
Timeout, sequence number = 297
[CLIENT] Received ACK seq=300
Timeout, sequence number = 326
Timeout, sequence number = 336
[CLIENT] Sent data seq=400
[CLIENT] Received ACK seq=400
Timeout, sequence number = 407
Timeout, sequence number = 408
Timeout, sequence number = 424
Timeout, sequence number = 432
Timeout, sequence number = 433
[CLIENT] Sent data seq=500
Timeout, sequence number = 441
Timeout, sequence number = 459
[CLIENT] Received ACK seq=500
Timeout, sequence number = 517
[CLIENT] Sent data seq=600
Timeout, sequence number = 571
[CLIENT] Received ACK seq=600
[CLIENT] Sent data seq=700
Timeout, sequence number = 670
[CLIENT] Received ACK seq=700
Timeout, sequence number = 708
Timeout, sequence number = 717
[CLIENT] Sent data seq=800
[CLIENT] Received ACK seq=800
Timeout, sequence number = 810
Timeout, sequence number = 816
[CLIENT] Sent data seq=900
Timeout, sequence number = 842
Timeout, sequence number = 872
Timeout, sequence number = 879
Timeout, sequence number = 886
[CLIENT] Received ACK seq=900
Timeout, sequence number = 915
Timeout, sequence number = 925
Timeout, sequence number = 936
[CLIENT] Sent data seq=1000
[CLIENT] Received ACK seq=1000
Timeout, sequence number = 1021
Timeout, sequence number = 1025
[CLIENT] Sent data seq=1100
Timeout, sequence number = 1076
Timeout, sequence number = 1093
[CLIENT] Received ACK seq=1100
Timeout, sequence number = 1119
Timeout, sequence number = 1131
[CLIENT] Sent data seq=1200
Timeout, sequence number = 1140
Timeout, sequence number = 1150
[CLIENT] Received ACK seq=1200
Timeout, sequence number = 1218
Timeout, sequence number = 1234
[CLIENT] Sent data seq=1300
Timeout, sequence number = 1245
[CLIENT] Received ACK seq=1300
Timeout, sequence number = 1306
[CLIENT] Sent data seq=1400
Timeout, sequence number = 1380
Timeout, sequence number = 1389
[CLIENT] Received ACK seq=1400
Timeout, sequence number = 1401
Timeout, sequence number = 1401
Timeout, sequence number = 1413
Timeout, sequence number = 1422
Timeout, sequence number = 1425
Timeout, sequence number = 1429
Timeout, sequence number = 1431
[CLIENT] Sent data seq=1500
Timeout, sequence number = 1491
Timeout, sequence number = 1500
[CLIENT] Received ACK seq=1500
[CLIENT] Sent data seq=1600
[CLIENT] Received ACK seq=1600
Timeout, sequence number = 1633
[CLIENT] Sent data seq=1700
Timeout, sequence number = 1667
[CLIENT] Received ACK seq=1700
Timeout, sequence number = 1701
Timeout, sequence number = 1722
[CLIENT] Sent data seq=1800
Timeout, sequence number = 1757
Timeout, sequence number = 1785
[CLIENT] Received ACK seq=1800
Timeout, sequence number = 1807
[CLIENT] Sent data seq=1900
Timeout, sequence number = 1842
Timeout, sequence number = 1862
[CLIENT] Received ACK seq=1900
Timeout, sequence number = 1923
[CLIENT] Sent data seq=2000
[CLIENT] Received ACK seq=2000
Timeout, sequence number = 2027
Timeout, sequence number = 2033
[CLIENT] Sent data seq=2100
Timeout, sequence number = 2069
Timeout, sequence number = 2081
Timeout, sequence number = 2082
[CLIENT] Received ACK seq=2100
Timeout, sequence number = 2125
Timeout, sequence number = 2127
[CLIENT] Sent data seq=2200
Timeout, sequence number = 2138
Timeout, sequence number = 2144
[CLIENT] Received ACK seq=2200
Timeout, sequence number = 2218
[CLIENT] Sent data seq=2300
[CLIENT] Received ACK seq=2300
[CLIENT] Sent data seq=2400
Timeout, sequence number = 2343
Timeout, sequence number = 2371
[CLIENT] Received ACK seq=2400
[CLIENT] Summary: sent_packets=2401, ack_packets=2401, retransmitted_packets=5016, timeout_events=79
Transfer complete. Delay = 41.564021 seconds

=== STDERR ===
