=== STDOUT ===
[CLIENT] Starting transfer: server=10.153.27.102:7735, file=demo_input.bin, N=64, MSS=500, total_segments=2401
[CLIENT] Sent data seq=0
[CLIENT] Sent data seq=1
[CLIENT] Sent data seq=2
[CLIENT] Sent data seq=3
[CLIENT] Sent data seq=4
[CLIENT] Received ACK seq=0
[CLIENT] Received ACK seq=1
[CLIENT] Received ACK seq=2
[CLIENT] Received ACK seq=3
[CLIENT] Received ACK seq=4
Timeout, sequence number = 12
Timeout, sequence number = 25
[CLIENT] Sent data seq=100
Timeout, sequence number = 62
Timeout, sequence number = 80
[CLIENT] Received ACK seq=100
Timeout, sequence number = 120
Timeout, sequence number = 121
Timeout, sequence number = 127
[CLIENT] Sent data seq=200
[CLIENT] Received ACK seq=200
Timeout, sequence number = 216
Timeout, sequence number = 222
Timeout, sequence number = 228
Timeout, sequence number = 236
[CLIENT] Sent data seq=300
Timeout, sequence number = 260
Timeout, sequence number = 274
Timeout, sequence number = 279
Timeout, sequence number = 281
[CLIENT] Received ACK seq=300
Timeout, sequence number = 305
[CLIENT] Sent data seq=400
Timeout, sequence number = 355
Timeout, sequence number = 378
Timeout, sequence number = 393
[CLIENT] Received ACK seq=400
[CLIENT] Sent data seq=500
Timeout, sequence number = 452
Timeout, sequence number = 469
Timeout, sequence number = 497
[CLIENT] Received ACK seq=500
Timeout, sequence number = 504
Timeout, sequence number = 510
Timeout, sequence number = 518
Timeout, sequence number = 534
Timeout, sequence number = 534
[CLIENT] Sent data seq=600
Timeout, sequence number = 574
Timeout, sequence number = 576
[CLIENT] Received ACK seq=600
Timeout, sequence number = 612
[CLIENT] Sent data seq=700
Timeout, sequence number = 641
Timeout, sequence number = 652
[CLIENT] Received ACK seq=700
Timeout, sequence number = 712
Timeout, sequence number = 715
Timeout, sequence number = 717
[CLIENT] Sent data seq=800
Timeout, sequence number = 779
[CLIENT] Received ACK seq=800
Timeout, sequence number = 801
Timeout, sequence number = 816
Timeout, sequence number = 816
[CLIENT] Sent data seq=900
Timeout, sequence number = 861
Timeout, sequence number = 881
[CLIENT] Received ACK seq=900
Timeout, sequence number = 916
Timeout, sequence number = 935
[CLIENT] Sent data seq=1000
Timeout, sequence number = 942
Timeout, sequence number = 975
Timeout, sequence number = 976
Timeout, sequence number = 994
[CLIENT] Received ACK seq=1000
Timeout, sequence number = 1022
[CLIENT] Sent data seq=1100
Timeout, sequence number = 1054
Timeout, sequence number = 1059
[CLIENT] Received ACK seq=1100
Timeout, sequence number = 1106
Timeout, sequence number = 1106
Timeout, sequence number = 1117
Timeout, sequence number = 1126
[CLIENT] Sent data seq=1200
Timeout, sequence number = 1168
Timeout, sequence number = 1188
Timeout, sequence number = 1195
[CLIENT] Received ACK seq=1200
Timeout, sequence number = 1220
Timeout, sequence number = 1230
[CLIENT] Sent data seq=1300
Timeout, sequence number = 1245
Timeout, sequence number = 1249
Timeout, sequence number = 1266
Timeout, sequence number = 1275
Timeout, sequence number = 1281
[CLIENT] Received ACK seq=1300
Timeout, sequence number = 1319
[CLIENT] Sent data seq=1400
Timeout, sequence number = 1382
Timeout, sequence number = 1389
[CLIENT] Received ACK seq=1400
Timeout, sequence number = 1413
[CLIENT] Sent data seq=1500
Timeout, sequence number = 1440
Timeout, sequence number = 1478
[CLIENT] Received ACK seq=1500
[CLIENT] Sent data seq=1600
[CLIENT] Received ACK seq=1600
[CLIENT] Sent data seq=1700
Timeout, sequence number = 1640
Timeout, sequence number = 1640
Timeout, sequence number = 1691
Timeout, sequence number = 1700
[CLIENT] Received ACK seq=1700
Timeout, sequence number = 1722
[CLIENT] Sent data seq=1800
Timeout, sequence number = 1737
Timeout, sequence number = 1750
Timeout, sequence number = 1759
Timeout, sequence number = 1781
Timeout, sequence number = 1790
Timeout, sequence number = 1796
[CLIENT] Received ACK seq=1800
Timeout, sequence number = 1809
Timeout, sequence number = 1836
[CLIENT] Sent data seq=1900
Timeout, sequence number = 1874
[CLIENT] Received ACK seq=1900
Timeout, sequence number = 1914
[CLIENT] Sent data seq=2000
Timeout, sequence number = 1955
[CLIENT] Received ACK seq=2000
[CLIENT] Sent data seq=2100
Timeout, sequence number = 2049
Timeout, sequence number = 2068
[CLIENT] Received ACK seq=2100
Timeout, sequence number = 2125
[CLIENT] Sent data seq=2200
Timeout, sequence number = 2189
[CLIENT] Received ACK seq=2200
Timeout, sequence number = 2217
Timeout, sequence number = 2229
[CLIENT] Sent data seq=2300
Timeout, sequence number = 2240
[CLIENT] Received ACK seq=2300
Timeout, sequence number = 2313
Timeout, sequence number = 2320
[CLIENT] Sent data seq=2400
Timeout, sequence number = 2386
Timeout, sequence number = 2387
[CLIENT] Received ACK seq=2400
[CLIENT] Summary: sent_packets=2401, ack_packets=2401, retransmitted_packets=6109, timeout_events=97
Transfer complete. Delay = 50.828702 seconds

=== STDERR ===
