=== STDOUT ===
[CLIENT] Starting transfer: server=10.153.27.102:7735, file=demo_input.bin, N=64, MSS=400, total_segments=3001
[CLIENT] Sent data seq=0
[CLIENT] Sent data seq=1
[CLIENT] Sent data seq=2
[CLIENT] Sent data seq=3
[CLIENT] Sent data seq=4
[CLIENT] Received ACK seq=0
[CLIENT] Received ACK seq=1
Timeout, sequence number = 2
[CLIENT] Received ACK seq=2
[CLIENT] Received ACK seq=3
[CLIENT] Received ACK seq=4
[CLIENT] Sent data seq=100
Timeout, sequence number = 52
Timeout, sequence number = 53
Timeout, sequence number = 85
Timeout, sequence number = 88
Timeout, sequence number = 97
[CLIENT] Received ACK seq=100
[CLIENT] Sent data seq=200
Timeout, sequence number = 142
Timeout, sequence number = 152
Timeout, sequence number = 191
[CLIENT] Received ACK seq=200
[CLIENT] Sent data seq=300
Timeout, sequence number = 267
Timeout, sequence number = 268
[CLIENT] Received ACK seq=300
Timeout, sequence number = 314
Timeout, sequence number = 322
[CLIENT] Sent data seq=400
Timeout, sequence number = 338
Timeout, sequence number = 341
Timeout, sequence number = 379
Timeout, sequence number = 379
Timeout, sequence number = 383
Timeout, sequence number = 394
Timeout, sequence number = 397
[CLIENT] Received ACK seq=400
Timeout, sequence number = 434
[CLIENT] Sent data seq=500
Timeout, sequence number = 471
Timeout, sequence number = 493
[CLIENT] Received ACK seq=500
Timeout, sequence number = 507
Timeout, sequence number = 510
Timeout, sequence number = 515
Timeout, sequence number = 516
Timeout, sequence number = 530
[CLIENT] Sent data seq=600
Timeout, sequence number = 578
Timeout, sequence number = 596
[CLIENT] Received ACK seq=600
Timeout, sequence number = 620
[CLIENT] Sent data seq=700
Timeout, sequence number = 667
Timeout, sequence number = 672
Timeout, sequence number = 675
Timeout, sequence number = 683
Timeout, sequence number = 692
Timeout, sequence number = 696
[CLIENT] Received ACK seq=700
[CLIENT] Sent data seq=800
Timeout, sequence number = 746
Timeout, sequence number = 749
Timeout, sequence number = 758
Timeout, sequence number = 786
Timeout, sequence number = 788
[CLIENT] Received ACK seq=800
Timeout, sequence number = 805
Timeout, sequence number = 818
Timeout, sequence number = 833
[CLIENT] Sent data seq=900
Timeout, sequence number = 843
Timeout, sequence number = 846
Timeout, sequence number = 868
Timeout, sequence number = 877
Timeout, sequence number = 883
Timeout, sequence number = 888
[CLIENT] Received ACK seq=900
Timeout, sequence number = 908
Timeout, sequence number = 913
Timeout, sequence number = 921
[CLIENT] Sent data seq=1000
Timeout, sequence number = 971
[CLIENT] Received ACK seq=1000
[CLIENT] Sent data seq=1100
Timeout, sequence number = 1047
Timeout, sequence number = 1049
Timeout, sequence number = 1055
[CLIENT] Received ACK seq=1100
Timeout, sequence number = 1108
Timeout, sequence number = 1128
[CLIENT] Sent data seq=1200
Timeout, sequence number = 1147
Timeout, sequence number = 1166
[CLIENT] Received ACK seq=1200
[CLIENT] Sent data seq=1300
Timeout, sequence number = 1239
Timeout, sequence number = 1244
Timeout, sequence number = 1250
Timeout, sequence number = 1258
Timeout, sequence number = 1298
[CLIENT] Received ACK seq=1300
[CLIENT] Sent data seq=1400
Timeout, sequence number = 1342
Timeout, sequence number = 1368
Timeout, sequence number = 1384
Timeout, sequence number = 1386
Timeout, sequence number = 1388
[CLIENT] Received ACK seq=1400
Timeout, sequence number = 1403
Timeout, sequence number = 1410
Timeout, sequence number = 1410
Timeout, sequence number = 1411
Timeout, sequence number = 1413
Timeout, sequence number = 1430
Timeout, sequence number = 1431
[CLIENT] Sent data seq=1500
Timeout, sequence number = 1438
Timeout, sequence number = 1457
Timeout, sequence number = 1465
Timeout, sequence number = 1472
Timeout, sequence number = 1474
[CLIENT] Received ACK seq=1500
Timeout, sequence number = 1507
Timeout, sequence number = 1511
Timeout, sequence number = 1536
[CLIENT] Sent data seq=1600
Timeout, sequence number = 1558
[CLIENT] Received ACK seq=1600
Timeout, sequence number = 1606
Timeout, sequence number = 1606
[CLIENT] Sent data seq=1700
Timeout, sequence number = 1640
Timeout, sequence number = 1640
Timeout, sequence number = 1640
Timeout, sequence number = 1685
[CLIENT] Received ACK seq=1700
Timeout, sequence number = 1704
Timeout, sequence number = 1728
Timeout, sequence number = 1734
[CLIENT] Sent data seq=1800
Timeout, sequence number = 1746
Timeout, sequence number = 1780
Timeout, sequence number = 1784
[CLIENT] Received ACK seq=1800
Timeout, sequence number = 1801
Timeout, sequence number = 1814
Timeout, sequence number = 1822
Timeout, sequence number = 1833
[CLIENT] Sent data seq=1900
Timeout, sequence number = 1838
Timeout, sequence number = 1841
Timeout, sequence number = 1893
Timeout, sequence number = 1893
Timeout, sequence number = 1895
Timeout, sequence number = 1898
[CLIENT] Received ACK seq=1900
Timeout, sequence number = 1934
[CLIENT] Sent data seq=2000
Timeout, sequence number = 1980
Timeout, sequence number = 1998
[CLIENT] Received ACK seq=2000
Timeout, sequence number = 2020
Timeout, sequence number = 2028
[CLIENT] Sent data seq=2100
Timeout, sequence number = 2072
Timeout, sequence number = 2087
[CLIENT] Received ACK seq=2100
Timeout, sequence number = 2105
Timeout, sequence number = 2111
[CLIENT] Sent data seq=2200
Timeout, sequence number = 2175
Timeout, sequence number = 2181
[CLIENT] Received ACK seq=2200
[CLIENT] Sent data seq=2300
Timeout, sequence number = 2276
[CLIENT] Received ACK seq=2300
[CLIENT] Sent data seq=2400
Timeout, sequence number = 2372
[CLIENT] Received ACK seq=2400
Timeout, sequence number = 2405
Timeout, sequence number = 2414
Timeout, sequence number = 2430
Timeout, sequence number = 2432
[CLIENT] Sent data seq=2500
Timeout, sequence number = 2459
Timeout, sequence number = 2468
Timeout, sequence number = 2474
Timeout, sequence number = 2478
Timeout, sequence number = 2481
Timeout, sequence number = 2484
[CLIENT] Received ACK seq=2500
Timeout, sequence number = 2531
Timeout, sequence number = 2533
[CLIENT] Sent data seq=2600
Timeout, sequence number = 2551
Timeout, sequence number = 2576
Timeout, sequence number = 2583
Timeout, sequence number = 2591
Timeout, sequence number = 2600
Timeout, sequence number = 2600
[CLIENT] Received ACK seq=2600
Timeout, sequence number = 2601
Timeout, sequence number = 2604
Timeout, sequence number = 2626
[CLIENT] Sent data seq=2700
Timeout, sequence number = 2643
Timeout, sequence number = 2643
Timeout, sequence number = 2657
Timeout, sequence number = 2659
[CLIENT] Received ACK seq=2700
[CLIENT] Sent data seq=2800
Timeout, sequence number = 2738
Timeout, sequence number = 2773
[CLIENT] Received ACK seq=2800
Timeout, sequence number = 2814
Timeout, sequence number = 2817
[CLIENT] Sent data seq=2900
Timeout, sequence number = 2845
Timeout, sequence number = 2853
[CLIENT] Received ACK seq=2900
Timeout, sequence number = 2909
Timeout, sequence number = 2911
Timeout, sequence number = 2915
Timeout, sequence number = 2917
Timeout, sequence number = 2930
Timeout, sequence number = 2936
[CLIENT] Sent data seq=3000
Timeout, sequence number = 2963
Timeout, sequence number = 2992
Timeout, sequence number = 3000
[CLIENT] Received ACK seq=3000
[CLIENT] Summary: sent_packets=3001, ack_packets=3001, retransmitted_packets=10288, timeout_events=163
Transfer complete. Delay = 85.715249 seconds

=== STDERR ===
