=== STDOUT ===
[CLIENT] Starting transfer: server=10.153.27.102:7735, file=demo_input.bin, N=64, MSS=500, total_segments=2401
[CLIENT] Sent data seq=0
[CLIENT] Sent data seq=1
[CLIENT] Sent data seq=2
[CLIENT] Sent data seq=3
[CLIENT] Sent data seq=4
[CLIENT] Received ACK seq=0
[CLIENT] Received ACK seq=1
Timeout, sequence number = 2
[CLIENT] Received ACK seq=2
[CLIENT] Received ACK seq=3
[CLIENT] Received ACK seq=4
Timeout, sequence number = 22
Timeout, sequence number = 30
Timeout, sequence number = 36
[CLIENT] Sent data seq=100
Timeout, sequence number = 58
Timeout, sequence number = 60
Timeout, sequence number = 64
Timeout, sequence number = 64
Timeout, sequence number = 66
Timeout, sequence number = 66
Timeout, sequence number = 72
Timeout, sequence number = 79
Timeout, sequence number = 82
Timeout, sequence number = 86
Timeout, sequence number = 91
Timeout, sequence number = 97
[CLIENT] Received ACK seq=100
Timeout, sequence number = 108
Timeout, sequence number = 110
Timeout, sequence number = 114
Timeout, sequence number = 125
Timeout, sequence number = 127
Timeout, sequence number = 127
[CLIENT] Sent data seq=200
Timeout, sequence number = 144
Timeout, sequence number = 154
Timeout, sequence number = 166
Timeout, sequence number = 166
Timeout, sequence number = 174
Timeout, sequence number = 176
Timeout, sequence number = 186
[CLIENT] Received ACK seq=200
Timeout, sequence number = 216
Timeout, sequence number = 216
Timeout, sequence number = 220
Timeout, sequence number = 225
[CLIENT] Sent data seq=300
Timeout, sequence number = 255
Timeout, sequence number = 276
Timeout, sequence number = 285
Timeout, sequence number = 290
Timeout, sequence number = 300
[CLIENT] Received ACK seq=300
Timeout, sequence number = 307
Timeout, sequence number = 324
Timeout, sequence number = 324
Timeout, sequence number = 328
[CLIENT] Sent data seq=400
Timeout, sequence number = 341
Timeout, sequence number = 343
Timeout, sequence number = 344
Timeout, sequence number = 344
Timeout, sequence number = 344
Timeout, sequence number = 354
Timeout, sequence number = 354
Timeout, sequence number = 361
Timeout, sequence number = 384
[CLIENT] Received ACK seq=400
Timeout, sequence number = 401
Timeout, sequence number = 406
Timeout, sequence number = 406
Timeout, sequence number = 423
Timeout, sequence number = 423
Timeout, sequence number = 423
Timeout, sequence number = 423
Timeout, sequence number = 427
Timeout, sequence number = 427
Timeout, sequence number = 427
[CLIENT] Sent data seq=500
Timeout, sequence number = 460
Timeout, sequence number = 462
Timeout, sequence number = 466
Timeout, sequence number = 469
Timeout, sequence number = 471
Timeout, sequence number = 473
Timeout, sequence number = 480
[CLIENT] Received ACK seq=500
Timeout, sequence number = 504
Timeout, sequence number = 504
Timeout, sequence number = 532
Timeout, sequence number = 532
[CLIENT] Sent data seq=600
Timeout, sequence number = 554
Timeout, sequence number = 580
Timeout, sequence number = 600
[CLIENT] Received ACK seq=600
Timeout, sequence number = 610
Timeout, sequence number = 632
Timeout, sequence number = 635
[CLIENT] Sent data seq=700
Timeout, sequence number = 642
Timeout, sequence number = 645
Timeout, sequence number = 645
Timeout, sequence number = 649
Timeout, sequence number = 653
Timeout, sequence number = 681
Timeout, sequence number = 690
Timeout, sequence number = 692
Timeout, sequence number = 699
Timeout, sequence number = 699
[CLIENT] Received ACK seq=700
Timeout, sequence number = 701
Timeout, sequence number = 720
[CLIENT] Sent data seq=800
Timeout, sequence number = 739
Timeout, sequence number = 745
Timeout, sequence number = 764
Timeout, sequence number = 767
Timeout, sequence number = 771
Timeout, sequence number = 797
[CLIENT] Received ACK seq=800
Timeout, sequence number = 803
Timeout, sequence number = 806
Timeout, sequence number = 809
[CLIENT] Sent data seq=900
Timeout, sequence number = 841
Timeout, sequence number = 848
Timeout, sequence number = 880
Timeout, sequence number = 883
Timeout, sequence number = 893
Timeout, sequence number = 895
[CLIENT] Received ACK seq=900
Timeout, sequence number = 910
Timeout, sequence number = 911
Timeout, sequence number = 913
Timeout, sequence number = 916
Timeout, sequence number = 922
[CLIENT] Sent data seq=1000
Timeout, sequence number = 938
Timeout, sequence number = 970
Timeout, sequence number = 982
Timeout, sequence number = 983
[CLIENT] Received ACK seq=1000
Timeout, sequence number = 1007
Timeout, sequence number = 1027
Timeout, sequence number = 1027
Timeout, sequence number = 1036
Timeout, sequence number = 1036
Timeout, sequence number = 1036
[CLIENT] Sent data seq=1100
Timeout, sequence number = 1040
Timeout, sequence number = 1040
Timeout, sequence number = 1044
Timeout, sequence number = 1064
Timeout, sequence number = 1073
Timeout, sequence number = 1075
Timeout, sequence number = 1079
Timeout, sequence number = 1082
Timeout, sequence number = 1095
Timeout, sequence number = 1099
[CLIENT] Received ACK seq=1100
Timeout, sequence number = 1103
Timeout, sequence number = 1112
Timeout, sequence number = 1112
[CLIENT] Sent data seq=1200
Timeout, sequence number = 1142
Timeout, sequence number = 1143
Timeout, sequence number = 1150
Timeout, sequence number = 1154
Timeout, sequence number = 1154
Timeout, sequence number = 1169
Timeout, sequence number = 1174
Timeout, sequence number = 1175
Timeout, sequence number = 1190
Timeout, sequence number = 1192
Timeout, sequence number = 1195
Timeout, sequence number = 1195
Timeout, sequence number = 1199
[CLIENT] Received ACK seq=1200
Timeout, sequence number = 1221
Timeout, sequence number = 1235
[CLIENT] Sent data seq=1300
Timeout, sequence number = 1243
Timeout, sequence number = 1249
Timeout, sequence number = 1266
Timeout, sequence number = 1298
[CLIENT] Received ACK seq=1300
Timeout, sequence number = 1326
Timeout, sequence number = 1327
[CLIENT] Sent data seq=1400
Timeout, sequence number = 1343
Timeout, sequence number = 1384
Timeout, sequence number = 1384
[CLIENT] Received ACK seq=1400
Timeout, sequence number = 1404
Timeout, sequence number = 1420
[CLIENT] Sent data seq=1500
Timeout, sequence number = 1453
Timeout, sequence number = 1456
Timeout, sequence number = 1461
Timeout, sequence number = 1461
Timeout, sequence number = 1473
Timeout, sequence number = 1481
Timeout, sequence number = 1496
[CLIENT] Received ACK seq=1500
Timeout, sequence number = 1521
[CLIENT] Sent data seq=1600
Timeout, sequence number = 1537
Timeout, sequence number = 1544
Timeout, sequence number = 1557
Timeout, sequence number = 1558
Timeout, sequence number = 1566
[CLIENT] Received ACK seq=1600
Timeout, sequence number = 1610
Timeout, sequence number = 1610
Timeout, sequence number = 1615
Timeout, sequence number = 1624
[CLIENT] Sent data seq=1700
Timeout, sequence number = 1641
Timeout, sequence number = 1642
Timeout, sequence number = 1646
Timeout, sequence number = 1649
Timeout, sequence number = 1649
Timeout, sequence number = 1665
Timeout, sequence number = 1666
Timeout, sequence number = 1667
Timeout, sequence number = 1671
Timeout, sequence number = 1672
Timeout, sequence number = 1675
Timeout, sequence number = 1675
Timeout, sequence number = 1675
Timeout, sequence number = 1679
Timeout, sequence number = 1680
Timeout, sequence number = 1694
Timeout, sequence number = 1694
[CLIENT] Received ACK seq=1700
Timeout, sequence number = 1729
[CLIENT] Sent data seq=1800
Timeout, sequence number = 1748
Timeout, sequence number = 1783
Timeout, sequence number = 1785
Timeout, sequence number = 1786
Timeout, sequence number = 1789
Timeout, sequence number = 1791
[CLIENT] Received ACK seq=1800
Timeout, sequence number = 1802
Timeout, sequence number = 1804
Timeout, sequence number = 1814
Timeout, sequence number = 1825
[CLIENT] Sent data seq=1900
Timeout, sequence number = 1837
Timeout, sequence number = 1837
Timeout, sequence number = 1848
Timeout, sequence number = 1852
Timeout, sequence number = 1861
Timeout, sequence number = 1873
Timeout, sequence number = 1888
Timeout, sequence number = 1891
[CLIENT] Received ACK seq=1900
Timeout, sequence number = 1907
Timeout, sequence number = 1909
Timeout, sequence number = 1913
Timeout, sequence number = 1922
[CLIENT] Sent data seq=2000
Timeout, sequence number = 1942
Timeout, sequence number = 1959
Timeout, sequence number = 1962
Timeout, sequence number = 1966
Timeout, sequence number = 1966
Timeout, sequence number = 1968
Timeout, sequence number = 1974
Timeout, sequence number = 1998
Timeout, sequence number = 2000
[CLIENT] Received ACK seq=2000
Timeout, sequence number = 2006
Timeout, sequence number = 2022
Timeout, sequence number = 2028
Timeout, sequence number = 2033
Timeout, sequence number = 2035
Timeout, sequence number = 2035
[CLIENT] Sent data seq=2100
Timeout, sequence number = 2041
Timeout, sequence number = 2070
Timeout, sequence number = 2079
Timeout, sequence number = 2089
[CLIENT] Received ACK seq=2100
Timeout, sequence number = 2101
Timeout, sequence number = 2120
Timeout, sequence number = 2122
[CLIENT] Sent data seq=2200
Timeout, sequence number = 2138
Timeout, sequence number = 2139
Timeout, sequence number = 2143
Timeout, sequence number = 2145
Timeout, sequence number = 2159
Timeout, sequence number = 2189
Timeout, sequence number = 2193
Timeout, sequence number = 2194
Timeout, sequence number = 2198
Timeout, sequence number = 2198
[CLIENT] Received ACK seq=2200
Timeout, sequence number = 2223
Timeout, sequence number = 2230
Timeout, sequence number = 2230
Timeout, sequence number = 2232
Timeout, sequence number = 2234
[CLIENT] Sent data seq=2300
Timeout, sequence number = 2244
Timeout, sequence number = 2247
Timeout, sequence number = 2262
Timeout, sequence number = 2270
Timeout, sequence number = 2277
Timeout, sequence number = 2278
Timeout, sequence number = 2279
Timeout, sequence number = 2288
Timeout, sequence number = 2292
Timeout, sequence number = 2294
Timeout, sequence number = 2295
[CLIENT] Received ACK seq=2300
Timeout, sequence number = 2313
Timeout, sequence number = 2332
[CLIENT] Sent data seq=2400
Timeout, sequence number = 2344
Timeout, sequence number = 2354
Timeout, sequence number = 2366
Timeout, sequence number = 2379
Timeout, sequence number = 2388
Timeout, sequence number = 2394
Timeout, sequence number = 2396
[CLIENT] Received ACK seq=2400
[CLIENT] Summary: sent_packets=2401, ack_packets=2401, retransmitted_packets=17210, timeout_events=273
Transfer complete. Delay = 143.351639 seconds

=== STDERR ===
