=== STDOUT ===
[CLIENT] Starting transfer: server=10.153.27.102:7735, file=demo_input.bin, N=64, MSS=600, total_segments=2001
[CLIENT] Sent data seq=0
[CLIENT] Sent data seq=1
[CLIENT] Sent data seq=2
[CLIENT] Sent data seq=3
[CLIENT] Sent data seq=4
[CLIENT] Received ACK seq=0
[CLIENT] Received ACK seq=1
Timeout, sequence number = 2
[CLIENT] Received ACK seq=2
[CLIENT] Received ACK seq=3
[CLIENT] Received ACK seq=4
Timeout, sequence number = 13
Timeout, sequence number = 21
Timeout, sequence number = 24
[CLIENT] Sent data seq=100
Timeout, sequence number = 40
Timeout, sequence number = 66
Timeout, sequence number = 85
Timeout, sequence number = 100
[CLIENT] Received ACK seq=100
[CLIENT] Sent data seq=200
Timeout, sequence number = 164
Timeout, sequence number = 177
Timeout, sequence number = 179
[CLIENT] Received ACK seq=200
Timeout, sequence number = 204
[CLIENT] Sent data seq=300
Timeout, sequence number = 256
Timeout, sequence number = 260
Timeout, sequence number = 272
Timeout, sequence number = 285
Timeout, sequence number = 288
Timeout, sequence number = 288
[CLIENT] Received ACK seq=300
Timeout, sequence number = 313
Timeout, sequence number = 316
Timeout, sequence number = 323
Timeout, sequence number = 329
[CLIENT] Sent data seq=400
Timeout, sequence number = 351
Timeout, sequence number = 355
Timeout, sequence number = 375
[CLIENT] Received ACK seq=400
Timeout, sequence number = 411
Timeout, sequence number = 431
[CLIENT] Sent data seq=500
Timeout, sequence number = 442
Timeout, sequence number = 449
Timeout, sequence number = 453
Timeout, sequence number = 488
Timeout, sequence number = 492
Timeout, sequence number = 496
[CLIENT] Received ACK seq=500
Timeout, sequence number = 513
Timeout, sequence number = 516
[CLIENT] Sent data seq=600
Timeout, sequence number = 587
Timeout, sequence number = 593
Timeout, sequence number = 595
[CLIENT] Received ACK seq=600
Timeout, sequence number = 623
[CLIENT] Sent data seq=700
Timeout, sequence number = 641
Timeout, sequence number = 658
Timeout, sequence number = 691
[CLIENT] Received ACK seq=700
Timeout, sequence number = 702
[CLIENT] Sent data seq=800
Timeout, sequence number = 740
Timeout, sequence number = 776
Timeout, sequence number = 783
[CLIENT] Received ACK seq=800
Timeout, sequence number = 833
[CLIENT] Sent data seq=900
Timeout, sequence number = 847
Timeout, sequence number = 849
Timeout, sequence number = 884
[CLIENT] Received ACK seq=900
Timeout, sequence number = 918
Timeout, sequence number = 927
[CLIENT] Sent data seq=1000
Timeout, sequence number = 944
Timeout, sequence number = 982
[CLIENT] Received ACK seq=1000
Timeout, sequence number = 1014
[CLIENT] Sent data seq=1100
Timeout, sequence number = 1044
Timeout, sequence number = 1062
Timeout, sequence number = 1089
Timeout, sequence number = 1091
[CLIENT] Received ACK seq=1100
Timeout, sequence number = 1106
Timeout, sequence number = 1124
Timeout, sequence number = 1136
[CLIENT] Sent data seq=1200
Timeout, sequence number = 1172
Timeout, sequence number = 1200
[CLIENT] Received ACK seq=1200
Timeout, sequence number = 1220
Timeout, sequence number = 1225
[CLIENT] Sent data seq=1300
Timeout, sequence number = 1269
Timeout, sequence number = 1270
Timeout, sequence number = 1275
Timeout, sequence number = 1298
[CLIENT] Received ACK seq=1300
Timeout, sequence number = 1302
Timeout, sequence number = 1316
Timeout, sequence number = 1327
[CLIENT] Sent data seq=1400
Timeout, sequence number = 1343
Timeout, sequence number = 1374
Timeout, sequence number = 1380
[CLIENT] Received ACK seq=1400
Timeout, sequence number = 1409
[CLIENT] Sent data seq=1500
Timeout, sequence number = 1442
Timeout, sequence number = 1470
[CLIENT] Received ACK seq=1500
Timeout, sequence number = 1522
[CLIENT] Sent data seq=1600
Timeout, sequence number = 1566
Timeout, sequence number = 1591
Timeout, sequence number = 1593
Timeout, sequence number = 1595
[CLIENT] Received ACK seq=1600
Timeout, sequence number = 1612
Timeout, sequence number = 1629
[CLIENT] Sent data seq=1700
Timeout, sequence number = 1651
Timeout, sequence number = 1655
Timeout, sequence number = 1664
[CLIENT] Received ACK seq=1700
Timeout, sequence number = 1715
Timeout, sequence number = 1718
[CLIENT] Sent data seq=1800
Timeout, sequence number = 1738
Timeout, sequence number = 1743
Timeout, sequence number = 1754
Timeout, sequence number = 1778
Timeout, sequence number = 1779
[CLIENT] Received ACK seq=1800
[CLIENT] Sent data seq=1900
Timeout, sequence number = 1838
Timeout, sequence number = 1844
Timeout, sequence number = 1871
Timeout, sequence number = 1874
[CLIENT] Received ACK seq=1900
[CLIENT] Sent data seq=2000
Timeout, sequence number = 1960
Timeout, sequence number = 1960
Timeout, sequence number = 1999
Timeout, sequence number = 2000
[CLIENT] Received ACK seq=2000
[CLIENT] Summary: sent_packets=2001, ack_packets=2001, retransmitted_packets=6485, timeout_events=104
Transfer complete. Delay = 54.924132 seconds

=== STDERR ===
