=== STDOUT ===
[CLIENT] Starting transfer: server=10.153.27.102:7735, file=demo_input.bin, N=64, MSS=400, total_segments=3001
[CLIENT] Sent data seq=0
[CLIENT] Sent data seq=1
[CLIENT] Sent data seq=2
[CLIENT] Sent data seq=3
[CLIENT] Sent data seq=4
[CLIENT] Received ACK seq=0
[CLIENT] Received ACK seq=1
Timeout, sequence number = 2
[CLIENT] Received ACK seq=2
[CLIENT] Received ACK seq=3
[CLIENT] Received ACK seq=4
Timeout, sequence number = 12
[CLIENT] Sent data seq=100
Timeout, sequence number = 64
[CLIENT] Received ACK seq=100
Timeout, sequence number = 130
[CLIENT] Sent data seq=200
Timeout, sequence number = 169
Timeout, sequence number = 172
Timeout, sequence number = 193
[CLIENT] Received ACK seq=200
Timeout, sequence number = 227
Timeout, sequence number = 230
[CLIENT] Sent data seq=300
Timeout, sequence number = 265
Timeout, sequence number = 266
Timeout, sequence number = 271
Timeout, sequence number = 272
[CLIENT] Received ACK seq=300
Timeout, sequence number = 308
Timeout, sequence number = 319
Timeout, sequence number = 319
[CLIENT] Sent data seq=400
Timeout, sequence number = 345
Timeout, sequence number = 352
Timeout, sequence number = 369
[CLIENT] Received ACK seq=400
Timeout, sequence number = 421
[CLIENT] Sent data seq=500
Timeout, sequence number = 437
Timeout, sequence number = 442
Timeout, sequence number = 445
[CLIENT] Received ACK seq=500
Timeout, sequence number = 513
Timeout, sequence number = 515
[CLIENT] Sent data seq=600
Timeout, sequence number = 540
Timeout, sequence number = 552
Timeout, sequence number = 568
Timeout, sequence number = 568
Timeout, sequence number = 572
Timeout, sequence number = 580
Timeout, sequence number = 590
[CLIENT] Received ACK seq=600
Timeout, sequence number = 613
[CLIENT] Sent data seq=700
Timeout, sequence number = 638
Timeout, sequence number = 697
[CLIENT] Received ACK seq=700
Timeout, sequence number = 707
[CLIENT] Sent data seq=800
Timeout, sequence number = 747
Timeout, sequence number = 764
Timeout, sequence number = 798
[CLIENT] Received ACK seq=800
Timeout, sequence number = 821
Timeout, sequence number = 821
[CLIENT] Sent data seq=900
Timeout, sequence number = 844
Timeout, sequence number = 849
Timeout, sequence number = 849
Timeout, sequence number = 864
Timeout, sequence number = 872
Timeout, sequence number = 883
[CLIENT] Received ACK seq=900
Timeout, sequence number = 907
Timeout, sequence number = 912
Timeout, sequence number = 930
[CLIENT] Sent data seq=1000
Timeout, sequence number = 947
Timeout, sequence number = 974
[CLIENT] Received ACK seq=1000
Timeout, sequence number = 1008
[CLIENT] Sent data seq=1100
Timeout, sequence number = 1056
Timeout, sequence number = 1070
Timeout, sequence number = 1074
Timeout, sequence number = 1082
Timeout, sequence number = 1083
Timeout, sequence number = 1089
Timeout, sequence number = 1089
Timeout, sequence number = 1090
[CLIENT] Received ACK seq=1100
Timeout, sequence number = 1103
Timeout, sequence number = 1114
Timeout, sequence number = 1118
Timeout, sequence number = 1130
Timeout, sequence number = 1134
[CLIENT] Sent data seq=1200
Timeout, sequence number = 1145
Timeout, sequence number = 1147
Timeout, sequence number = 1151
Timeout, sequence number = 1162
Timeout, sequence number = 1168
[CLIENT] Received ACK seq=1200
Timeout, sequence number = 1233
Timeout, sequence number = 1234
[CLIENT] Sent data seq=1300
Timeout, sequence number = 1249
Timeout, sequence number = 1252
[CLIENT] Received ACK seq=1300
Timeout, sequence number = 1311
Timeout, sequence number = 1317
Timeout, sequence number = 1328
[CLIENT] Sent data seq=1400
Timeout, sequence number = 1352
Timeout, sequence number = 1362
Timeout, sequence number = 1365
Timeout, sequence number = 1366
Timeout, sequence number = 1388
[CLIENT] Received ACK seq=1400
Timeout, sequence number = 1407
[CLIENT] Sent data seq=1500
Timeout, sequence number = 1455
Timeout, sequence number = 1465
Timeout, sequence number = 1497
Timeout, sequence number = 1498
Timeout, sequence number = 1498
Timeout, sequence number = 1498
[CLIENT] Received ACK seq=1500
Timeout, sequence number = 1529
[CLIENT] Sent data seq=1600
Timeout, sequence number = 1556
Timeout, sequence number = 1579
[CLIENT] Received ACK seq=1600
Timeout, sequence number = 1605
Timeout, sequence number = 1630
[CLIENT] Sent data seq=1700
Timeout, sequence number = 1638
Timeout, sequence number = 1659
Timeout, sequence number = 1683
[CLIENT] Received ACK seq=1700
Timeout, sequence number = 1718
Timeout, sequence number = 1736
[CLIENT] Sent data seq=1800
Timeout, sequence number = 1759
[CLIENT] Received ACK seq=1800
Timeout, sequence number = 1835
[CLIENT] Sent data seq=1900
Timeout, sequence number = 1889
Timeout, sequence number = 1894
[CLIENT] Received ACK seq=1900
Timeout, sequence number = 1904
Timeout, sequence number = 1904
Timeout, sequence number = 1910
Timeout, sequence number = 1935
[CLIENT] Sent data seq=2000
Timeout, sequence number = 1952
Timeout, sequence number = 1978
Timeout, sequence number = 1992
[CLIENT] Received ACK seq=2000
Timeout, sequence number = 2014
Timeout, sequence number = 2031
Timeout, sequence number = 2034
[CLIENT] Sent data seq=2100
Timeout, sequence number = 2037
Timeout, sequence number = 2058
Timeout, sequence number = 2059
Timeout, sequence number = 2077
Timeout, sequence number = 2085
Timeout, sequence number = 2100
[CLIENT] Received ACK seq=2100
Timeout, sequence number = 2110
Timeout, sequence number = 2128
Timeout, sequence number = 2132
[CLIENT] Sent data seq=2200
Timeout, sequence number = 2137
Timeout, sequence number = 2137
Timeout, sequence number = 2140
Timeout, sequence number = 2166
Timeout, sequence number = 2167
Timeout, sequence number = 2194
[CLIENT] Received ACK seq=2200
Timeout, sequence number = 2206
Timeout, sequence number = 2219
Timeout, sequence number = 2234
[CLIENT] Sent data seq=2300
Timeout, sequence number = 2248
Timeout, sequence number = 2275
Timeout, sequence number = 2284
[CLIENT] Received ACK seq=2300
Timeout, sequence number = 2329
[CLIENT] Sent data seq=2400
Timeout, sequence number = 2375
Timeout, sequence number = 2388
[CLIENT] Received ACK seq=2400
[CLIENT] Sent data seq=2500
Timeout, sequence number = 2457
[CLIENT] Received ACK seq=2500
Timeout, sequence number = 2501
Timeout, sequence number = 2507
Timeout, sequence number = 2507
[CLIENT] Sent data seq=2600
Timeout, sequence number = 2549
Timeout, sequence number = 2578
Timeout, sequence number = 2584
[CLIENT] Received ACK seq=2600
Timeout, sequence number = 2631
[CLIENT] Sent data seq=2700
Timeout, sequence number = 2645
Timeout, sequence number = 2656
Timeout, sequence number = 2662
[CLIENT] Received ACK seq=2700
Timeout, sequence number = 2719
Timeout, sequence number = 2735
[CLIENT] Sent data seq=2800
Timeout, sequence number = 2740
[CLIENT] Received ACK seq=2800
Timeout, sequence number = 2804
Timeout, sequence number = 2810
Timeout, sequence number = 2812
[CLIENT] Sent data seq=2900
Timeout, sequence number = 2846
Timeout, sequence number = 2876
Timeout, sequence number = 2886
Timeout, sequence number = 2900
[CLIENT] Received ACK seq=2900
Timeout, sequence number = 2905
Timeout, sequence number = 2908
Timeout, sequence number = 2936
[CLIENT] Sent data seq=3000
Timeout, sequence number = 2939
Timeout, sequence number = 2959
Timeout, sequence number = 2975
[CLIENT] Received ACK seq=3000
[CLIENT] Summary: sent_packets=3001, ack_packets=3001, retransmitted_packets=10498, timeout_events=165
Transfer complete. Delay = 86.288197 seconds

=== STDERR ===
