=== STDOUT ===
[CLIENT] Starting transfer: server=10.153.27.102:7735, file=demo_input.bin, N=64, MSS=600, total_segments=2001
[CLIENT] Sent data seq=0
[CLIENT] Sent data seq=1
[CLIENT] Sent data seq=2
[CLIENT] Sent data seq=3
[CLIENT] Sent data seq=4
[CLIENT] Received ACK seq=0
[CLIENT] Received ACK seq=1
[CLIENT] Received ACK seq=2
[CLIENT] Received ACK seq=3
[CLIENT] Received ACK seq=4
Timeout, sequence number = 9
Timeout, sequence number = 10
Timeout, sequence number = 33
[CLIENT] Sent data seq=100
Timeout, sequence number = 96
Timeout, sequence number = 100
[CLIENT] Received ACK seq=100
Timeout, sequence number = 102
Timeout, sequence number = 116
Timeout, sequence number = 116
Timeout, sequence number = 116
Timeout, sequence number = 120
Timeout, sequence number = 128
[CLIENT] Sent data seq=200
Timeout, sequence number = 158
Timeout, sequence number = 172
[CLIENT] Received ACK seq=200
Timeout, sequence number = 226
[CLIENT] Sent data seq=300
[CLIENT] Received ACK seq=300
Timeout, sequence number = 332
[CLIENT] Sent data seq=400
Timeout, sequence number = 342
[CLIENT] Received ACK seq=400
Timeout, sequence number = 415
Timeout, sequence number = 431
[CLIENT] Sent data seq=500
Timeout, sequence number = 438
Timeout, sequence number = 456
Timeout, sequence number = 463
Timeout, sequence number = 464
[CLIENT] Received ACK seq=500
Timeout, sequence number = 521
Timeout, sequence number = 525
[CLIENT] Sent data seq=600
Timeout, sequence number = 550
Timeout, sequence number = 550
Timeout, sequence number = 556
Timeout, sequence number = 562
Timeout, sequence number = 567
Timeout, sequence number = 587
Timeout, sequence number = 600
[CLIENT] Received ACK seq=600
[CLIENT] Sent data seq=700
Timeout, sequence number = 698
[CLIENT] Received ACK seq=700
Timeout, sequence number = 701
Timeout, sequence number = 702
Timeout, sequence number = 712
[CLIENT] Sent data seq=800
Timeout, sequence number = 745
Timeout, sequence number = 782
[CLIENT] Received ACK seq=800
Timeout, sequence number = 804
[CLIENT] Sent data seq=900
Timeout, sequence number = 859
Timeout, sequence number = 865
Timeout, sequence number = 865
Timeout, sequence number = 879
Timeout, sequence number = 884
Timeout, sequence number = 890
Timeout, sequence number = 890
Timeout, sequence number = 897
[CLIENT] Received ACK seq=900
Timeout, sequence number = 907
Timeout, sequence number = 928
[CLIENT] Sent data seq=1000
Timeout, sequence number = 962
Timeout, sequence number = 962
Timeout, sequence number = 963
Timeout, sequence number = 978
Timeout, sequence number = 978
Timeout, sequence number = 985
[CLIENT] Received ACK seq=1000
[CLIENT] Sent data seq=1100
Timeout, sequence number = 1050
Timeout, sequence number = 1060
Timeout, sequence number = 1080
Timeout, sequence number = 1086
[CLIENT] Received ACK seq=1100
Timeout, sequence number = 1113
Timeout, sequence number = 1129
Timeout, sequence number = 1135
[CLIENT] Sent data seq=1200
[CLIENT] Received ACK seq=1200
Timeout, sequence number = 1203
Timeout, sequence number = 1213
Timeout, sequence number = 1234
[CLIENT] Sent data seq=1300
Timeout, sequence number = 1258
Timeout, sequence number = 1279
Timeout, sequence number = 1295
Timeout, sequence number = 1299
[CLIENT] Received ACK seq=1300
Timeout, sequence number = 1330
Timeout, sequence number = 1330
Timeout, sequence number = 1333
[CLIENT] Sent data seq=1400
Timeout, sequence number = 1340
Timeout, sequence number = 1343
Timeout, sequence number = 1352
[CLIENT] Received ACK seq=1400
[CLIENT] Sent data seq=1500
Timeout, sequence number = 1453
Timeout, sequence number = 1454
Timeout, sequence number = 1458
Timeout, sequence number = 1475
[CLIENT] Received ACK seq=1500
Timeout, sequence number = 1519
Timeout, sequence number = 1532
Timeout, sequence number = 1536
[CLIENT] Sent data seq=1600
Timeout, sequence number = 1578
Timeout, sequence number = 1593
[CLIENT] Received ACK seq=1600
Timeout, sequence number = 1614
Timeout, sequence number = 1634
[CLIENT] Sent data seq=1700
Timeout, sequence number = 1655
Timeout, sequence number = 1699
[CLIENT] Received ACK seq=1700
Timeout, sequence number = 1705
Timeout, sequence number = 1731
[CLIENT] Sent data seq=1800
Timeout, sequence number = 1750
Timeout, sequence number = 1770
Timeout, sequence number = 1776
[CLIENT] Received ACK seq=1800
Timeout, sequence number = 1805
Timeout, sequence number = 1810
Timeout, sequence number = 1811
Timeout, sequence number = 1836
[CLIENT] Sent data seq=1900
Timeout, sequence number = 1839
Timeout, sequence number = 1859
Timeout, sequence number = 1887
[CLIENT] Received ACK seq=1900
Timeout, sequence number = 1903
Timeout, sequence number = 1920
Timeout, sequence number = 1927
[CLIENT] Sent data seq=2000
Timeout, sequence number = 1950
Timeout, sequence number = 1958
Timeout, sequence number = 1994
[CLIENT] Received ACK seq=2000
[CLIENT] Summary: sent_packets=2001, ack_packets=2001, retransmitted_packets=6629, timeout_events=105
Transfer complete. Delay = 55.034184 seconds

=== STDERR ===
