=== STDOUT ===
[CLIENT] Starting transfer: server=10.153.27.102:7735, file=demo_input.bin, N=64, MSS=1000, total_segments=1201
[CLIENT] Sent data seq=0
[CLIENT] Sent data seq=1
[CLIENT] Sent data seq=2
[CLIENT] Sent data seq=3
[CLIENT] Sent data seq=4
[CLIENT] Received ACK seq=0
Timeout, sequence number = 1
[CLIENT] Received ACK seq=1
[CLIENT] Received ACK seq=2
[CLIENT] Received ACK seq=3
[CLIENT] Received ACK seq=4
Timeout, sequence number = 6
Timeout, sequence number = 10
Timeout, sequence number = 13
Timeout, sequence number = 16
Timeout, sequence number = 34
[CLIENT] Sent data seq=100
Timeout, sequence number = 39
Timeout, sequence number = 55
Timeout, sequence number = 55
Timeout, sequence number = 65
Timeout, sequence number = 75
Timeout, sequence number = 89
Timeout, sequence number = 93
[CLIENT] Received ACK seq=100
Timeout, sequence number = 107
Timeout, sequence number = 128
[CLIENT] Sent data seq=200
[CLIENT] Received ACK seq=200
Timeout, sequence number = 230
Timeout, sequence number = 230
[CLIENT] Sent data seq=300
Timeout, sequence number = 242
Timeout, sequence number = 246
Timeout, sequence number = 250
Timeout, sequence number = 250
Timeout, sequence number = 260
Timeout, sequence number = 290
[CLIENT] Received ACK seq=300
[CLIENT] Sent data seq=400
Timeout, sequence number = 366
Timeout, sequence number = 384
Timeout, sequence number = 393
[CLIENT] Received ACK seq=400
Timeout, sequence number = 403
[CLIENT] Sent data seq=500
Timeout, sequence number = 443
Timeout, sequence number = 450
Timeout, sequence number = 452
Timeout, sequence number = 455
Timeout, sequence number = 491
Timeout, sequence number = 494
[CLIENT] Received ACK seq=500
Timeout, sequence number = 532
Timeout, sequence number = 536
[CLIENT] Sent data seq=600
Timeout, sequence number = 537
Timeout, sequence number = 545
Timeout, sequence number = 569
Timeout, sequence number = 577
Timeout, sequence number = 586
Timeout, sequence number = 593
[CLIENT] Received ACK seq=600
Timeout, sequence number = 609
Timeout, sequence number = 623
[CLIENT] Sent data seq=700
Timeout, sequence number = 650
Timeout, sequence number = 669
Timeout, sequence number = 698
[CLIENT] Received ACK seq=700
Timeout, sequence number = 715
Timeout, sequence number = 725
Timeout, sequence number = 728
Timeout, sequence number = 734
[CLIENT] Sent data seq=800
Timeout, sequence number = 753
[CLIENT] Received ACK seq=800
Timeout, sequence number = 808
[CLIENT] Sent data seq=900
Timeout, sequence number = 852
[CLIENT] Received ACK seq=900
Timeout, sequence number = 922
Timeout, sequence number = 925
[CLIENT] Sent data seq=1000
Timeout, sequence number = 995
[CLIENT] Received ACK seq=1000
Timeout, sequence number = 1007
Timeout, sequence number = 1029
[CLIENT] Sent data seq=1100
[CLIENT] Received ACK seq=1100
Timeout, sequence number = 1105
Timeout, sequence number = 1109
[CLIENT] Sent data seq=1200
Timeout, sequence number = 1138
Timeout, sequence number = 1148
Timeout, sequence number = 1185
Timeout, sequence number = 1199
Timeout, sequence number = 1200
[CLIENT] Received ACK seq=1200
[CLIENT] Summary: sent_packets=1201, ack_packets=1201, retransmitted_packets=3975, timeout_events=65
Transfer complete. Delay = 34.127780 seconds

=== STDERR ===
