=== STDOUT ===
[CLIENT] Starting transfer: server=10.153.27.102:7735, file=demo_input.bin, N=64, MSS=500, total_segments=2401
[CLIENT] Sent data seq=0
[CLIENT] Sent data seq=1
[CLIENT] Sent data seq=2
[CLIENT] Sent data seq=3
[CLIENT] Sent data seq=4
[CLIENT] Received ACK seq=0
[CLIENT] Received ACK seq=1
Timeout, sequence number = 2
[CLIENT] Received ACK seq=2
[CLIENT] Received ACK seq=3
Timeout, sequence number = 4
Timeout, sequence number = 4
[CLIENT] Received ACK seq=4
Timeout, sequence number = 13
Timeout, sequence number = 13
Timeout, sequence number = 25
Timeout, sequence number = 29
[CLIENT] Sent data seq=100
Timeout, sequence number = 44
Timeout, sequence number = 44
Timeout, sequence number = 46
Timeout, sequence number = 67
[CLIENT] Received ACK seq=100
Timeout, sequence number = 102
Timeout, sequence number = 109
[CLIENT] Sent data seq=200
Timeout, sequence number = 141
Timeout, sequence number = 143
Timeout, sequence number = 147
Timeout, sequence number = 154
Timeout, sequence number = 164
Timeout, sequence number = 177
[CLIENT] Received ACK seq=200
Timeout, sequence number = 214
Timeout, sequence number = 215
Timeout, sequence number = 228
Timeout, sequence number = 230
[CLIENT] Sent data seq=300
Timeout, sequence number = 278
Timeout, sequence number = 294
Timeout, sequence number = 296
[CLIENT] Received ACK seq=300
Timeout, sequence number = 306
Timeout, sequence number = 308
Timeout, sequence number = 311
Timeout, sequence number = 314
Timeout, sequence number = 314
Timeout, sequence number = 317
[CLIENT] Sent data seq=400
Timeout, sequence number = 339
Timeout, sequence number = 357
Timeout, sequence number = 358
Timeout, sequence number = 373
[CLIENT] Received ACK seq=400
Timeout, sequence number = 402
Timeout, sequence number = 402
Timeout, sequence number = 409
[CLIENT] Sent data seq=500
Timeout, sequence number = 442
Timeout, sequence number = 467
[CLIENT] Received ACK seq=500
Timeout, sequence number = 523
[CLIENT] Sent data seq=600
Timeout, sequence number = 543
Timeout, sequence number = 565
Timeout, sequence number = 585
Timeout, sequence number = 587
Timeout, sequence number = 595
Timeout, sequence number = 599
[CLIENT] Received ACK seq=600
Timeout, sequence number = 624
Timeout, sequence number = 627
[CLIENT] Sent data seq=700
Timeout, sequence number = 646
Timeout, sequence number = 650
Timeout, sequence number = 653
Timeout, sequence number = 670
Timeout, sequence number = 689
[CLIENT] Received ACK seq=700
Timeout, sequence number = 708
Timeout, sequence number = 728
[CLIENT] Sent data seq=800
Timeout, sequence number = 740
Timeout, sequence number = 759
Timeout, sequence number = 772
Timeout, sequence number = 782
Timeout, sequence number = 785
Timeout, sequence number = 786
Timeout, sequence number = 799
[CLIENT] Received ACK seq=800
Timeout, sequence number = 823
Timeout, sequence number = 835
[CLIENT] Sent data seq=900
Timeout, sequence number = 837
Timeout, sequence number = 844
Timeout, sequence number = 848
Timeout, sequence number = 855
Timeout, sequence number = 864
Timeout, sequence number = 884
Timeout, sequence number = 884
Timeout, sequence number = 892
Timeout, sequence number = 897
Timeout, sequence number = 897
Timeout, sequence number = 898
[CLIENT] Received ACK seq=900
Timeout, sequence number = 901
Timeout, sequence number = 912
Timeout, sequence number = 917
Timeout, sequence number = 923
[CLIENT] Sent data seq=1000
Timeout, sequence number = 939
Timeout, sequence number = 968
Timeout, sequence number = 997
[CLIENT] Received ACK seq=1000
Timeout, sequence number = 1027
Timeout, sequence number = 1035
[CLIENT] Sent data seq=1100
Timeout, sequence number = 1070
Timeout, sequence number = 1070
Timeout, sequence number = 1079
Timeout, sequence number = 1087
Timeout, sequence number = 1088
[CLIENT] Received ACK seq=1100
Timeout, sequence number = 1106
Timeout, sequence number = 1121
Timeout, sequence number = 1133
Timeout, sequence number = 1134
[CLIENT] Sent data seq=1200
Timeout, sequence number = 1153
Timeout, sequence number = 1171
[CLIENT] Received ACK seq=1200
Timeout, sequence number = 1208
Timeout, sequence number = 1233
Timeout, sequence number = 1233
[CLIENT] Sent data seq=1300
Timeout, sequence number = 1240
Timeout, sequence number = 1245
Timeout, sequence number = 1258
Timeout, sequence number = 1265
Timeout, sequence number = 1270
Timeout, sequence number = 1272
[CLIENT] Received ACK seq=1300
Timeout, sequence number = 1302
Timeout, sequence number = 1319
[CLIENT] Sent data seq=1400
Timeout, sequence number = 1337
Timeout, sequence number = 1351
Timeout, sequence number = 1363
Timeout, sequence number = 1377
Timeout, sequence number = 1377
[CLIENT] Received ACK seq=1400
Timeout, sequence number = 1412
Timeout, sequence number = 1412
Timeout, sequence number = 1420
[CLIENT] Sent data seq=1500
Timeout, sequence number = 1439
Timeout, sequence number = 1448
Timeout, sequence number = 1468
Timeout, sequence number = 1473
Timeout, sequence number = 1476
Timeout, sequence number = 1484
Timeout, sequence number = 1491
Timeout, sequence number = 1492
[CLIENT] Received ACK seq=1500
Timeout, sequence number = 1507
Timeout, sequence number = 1535
[CLIENT] Sent data seq=1600
Timeout, sequence number = 1541
Timeout, sequence number = 1544
Timeout, sequence number = 1551
Timeout, sequence number = 1557
Timeout, sequence number = 1557
Timeout, sequence number = 1563
Timeout, sequence number = 1565
Timeout, sequence number = 1580
[CLIENT] Received ACK seq=1600
[CLIENT] Sent data seq=1700
Timeout, sequence number = 1638
Timeout, sequence number = 1639
Timeout, sequence number = 1645
Timeout, sequence number = 1662
Timeout, sequence number = 1667
Timeout, sequence number = 1681
Timeout, sequence number = 1682
Timeout, sequence number = 1693
Timeout, sequence number = 1694
[CLIENT] Received ACK seq=1700
Timeout, sequence number = 1713
Timeout, sequence number = 1723
[CLIENT] Sent data seq=1800
Timeout, sequence number = 1737
Timeout, sequence number = 1742
Timeout, sequence number = 1747
Timeout, sequence number = 1752
Timeout, sequence number = 1768
Timeout, sequence number = 1783
Timeout, sequence number = 1783
Timeout, sequence number = 1789
Timeout, sequence number = 1798
[CLIENT] Received ACK seq=1800
Timeout, sequence number = 1807
Timeout, sequence number = 1823
Timeout, sequence number = 1828
[CLIENT] Sent data seq=1900
Timeout, sequence number = 1852
Timeout, sequence number = 1876
[CLIENT] Received ACK seq=1900
Timeout, sequence number = 1910
Timeout, sequence number = 1919
Timeout, sequence number = 1919
Timeout, sequence number = 1928
[CLIENT] Sent data seq=2000
Timeout, sequence number = 1968
Timeout, sequence number = 1970
Timeout, sequence number = 1974
Timeout, sequence number = 1974
Timeout, sequence number = 1987
[CLIENT] Received ACK seq=2000
Timeout, sequence number = 2007
Timeout, sequence number = 2016
Timeout, sequence number = 2025
[CLIENT] Sent data seq=2100
Timeout, sequence number = 2039
Timeout, sequence number = 2051
Timeout, sequence number = 2055
Timeout, sequence number = 2082
[CLIENT] Received ACK seq=2100
Timeout, sequence number = 2101
Timeout, sequence number = 2101
Timeout, sequence number = 2104
Timeout, sequence number = 2106
Timeout, sequence number = 2113
Timeout, sequence number = 2116
[CLIENT] Sent data seq=2200
Timeout, sequence number = 2139
Timeout, sequence number = 2139
Timeout, sequence number = 2156
Timeout, sequence number = 2174
Timeout, sequence number = 2183
Timeout, sequence number = 2183
[CLIENT] Received ACK seq=2200
Timeout, sequence number = 2234
[CLIENT] Sent data seq=2300
Timeout, sequence number = 2238
Timeout, sequence number = 2247
Timeout, sequence number = 2258
Timeout, sequence number = 2260
Timeout, sequence number = 2275
[CLIENT] Received ACK seq=2300
Timeout, sequence number = 2301
Timeout, sequence number = 2330
[CLIENT] Sent data seq=2400
Timeout, sequence number = 2347
Timeout, sequence number = 2353
Timeout, sequence number = 2368
Timeout, sequence number = 2369
Timeout, sequence number = 2392
Timeout, sequence number = 2396
[CLIENT] Received ACK seq=2400
[CLIENT] Summary: sent_packets=2401, ack_packets=2401, retransmitted_packets=12661, timeout_events=201
Transfer complete. Delay = 105.379129 seconds

=== STDERR ===
