=== STDOUT ===
[CLIENT] Starting transfer: server=10.153.27.102:7735, file=demo_input.bin, N=64, MSS=500, total_segments=2401
[CLIENT] Sent data seq=0
[CLIENT] Sent data seq=1
[CLIENT] Sent data seq=2
[CLIENT] Sent data seq=3
[CLIENT] Sent data seq=4
[CLIENT] Received ACK seq=0
[CLIENT] Received ACK seq=1
Timeout, sequence number = 2
[CLIENT] Received ACK seq=2
[CLIENT] Received ACK seq=3
[CLIENT] Received ACK seq=4
Timeout, sequence number = 15
[CLIENT] Sent data seq=100
Timeout, sequence number = 42
Timeout, sequence number = 47
Timeout, sequence number = 52
Timeout, sequence number = 53
Timeout, sequence number = 63
Timeout, sequence number = 75
Timeout, sequence number = 94
[CLIENT] Received ACK seq=100
Timeout, sequence number = 133
Timeout, sequence number = 133
Timeout, sequence number = 133
[CLIENT] Sent data seq=200
Timeout, sequence number = 142
Timeout, sequence number = 148
Timeout, sequence number = 161
Timeout, sequence number = 164
Timeout, sequence number = 167
Timeout, sequence number = 167
Timeout, sequence number = 177
Timeout, sequence number = 179
Timeout, sequence number = 185
Timeout, sequence number = 186
Timeout, sequence number = 196
Timeout, sequence number = 197
[CLIENT] Received ACK seq=200
Timeout, sequence number = 201
Timeout, sequence number = 207
Timeout, sequence number = 224
[CLIENT] Sent data seq=300
Timeout, sequence number = 275
Timeout, sequence number = 287
Timeout, sequence number = 290
[CLIENT] Received ACK seq=300
Timeout, sequence number = 302
Timeout, sequence number = 302
Timeout, sequence number = 304
Timeout, sequence number = 336
Timeout, sequence number = 336
[CLIENT] Sent data seq=400
Timeout, sequence number = 348
Timeout, sequence number = 359
Timeout, sequence number = 364
Timeout, sequence number = 385
[CLIENT] Received ACK seq=400
Timeout, sequence number = 407
Timeout, sequence number = 433
[CLIENT] Sent data seq=500
Timeout, sequence number = 461
Timeout, sequence number = 464
Timeout, sequence number = 464
[CLIENT] Received ACK seq=500
Timeout, sequence number = 501
Timeout, sequence number = 512
[CLIENT] Sent data seq=600
Timeout, sequence number = 546
Timeout, sequence number = 546
Timeout, sequence number = 556
Timeout, sequence number = 562
Timeout, sequence number = 563
Timeout, sequence number = 566
Timeout, sequence number = 568
Timeout, sequence number = 573
Timeout, sequence number = 576
Timeout, sequence number = 589
[CLIENT] Received ACK seq=600
Timeout, sequence number = 605
Timeout, sequence number = 614
Timeout, sequence number = 616
Timeout, sequence number = 636
[CLIENT] Sent data seq=700
Timeout, sequence number = 638
Timeout, sequence number = 650
Timeout, sequence number = 664
Timeout, sequence number = 672
Timeout, sequence number = 675
Timeout, sequence number = 697
[CLIENT] Received ACK seq=700
Timeout, sequence number = 712
Timeout, sequence number = 714
Timeout, sequence number = 716
Timeout, sequence number = 721
Timeout, sequence number = 722
[CLIENT] Sent data seq=800
Timeout, sequence number = 740
Timeout, sequence number = 744
Timeout, sequence number = 746
Timeout, sequence number = 749
Timeout, sequence number = 773
Timeout, sequence number = 777
Timeout, sequence number = 789
Timeout, sequence number = 790
Timeout, sequence number = 795
[CLIENT] Received ACK seq=800
Timeout, sequence number = 810
Timeout, sequence number = 813
Timeout, sequence number = 820
Timeout, sequence number = 821
Timeout, sequence number = 823
Timeout, sequence number = 825
[CLIENT] Sent data seq=900
Timeout, sequence number = 840
Timeout, sequence number = 847
Timeout, sequence number = 862
Timeout, sequence number = 863
Timeout, sequence number = 866
Timeout, sequence number = 867
Timeout, sequence number = 875
Timeout, sequence number = 884
[CLIENT] Received ACK seq=900
Timeout, sequence number = 907
Timeout, sequence number = 925
Timeout, sequence number = 936
[CLIENT] Sent data seq=1000
Timeout, sequence number = 945
Timeout, sequence number = 948
Timeout, sequence number = 988
Timeout, sequence number = 999
[CLIENT] Received ACK seq=1000
Timeout, sequence number = 1005
Timeout, sequence number = 1009
Timeout, sequence number = 1012
Timeout, sequence number = 1012
Timeout, sequence number = 1013
Timeout, sequence number = 1017
Timeout, sequence number = 1032
[CLIENT] Sent data seq=1100
Timeout, sequence number = 1043
Timeout, sequence number = 1043
Timeout, sequence number = 1048
Timeout, sequence number = 1049
Timeout, sequence number = 1056
Timeout, sequence number = 1056
Timeout, sequence number = 1068
Timeout, sequence number = 1079
Timeout, sequence number = 1093
[CLIENT] Received ACK seq=1100
Timeout, sequence number = 1112
Timeout, sequence number = 1118
Timeout, sequence number = 1119
Timeout, sequence number = 1125
[CLIENT] Sent data seq=1200
Timeout, sequence number = 1143
Timeout, sequence number = 1173
Timeout, sequence number = 1186
Timeout, sequence number = 1189
[CLIENT] Received ACK seq=1200
Timeout, sequence number = 1222
[CLIENT] Sent data seq=1300
Timeout, sequence number = 1268
Timeout, sequence number = 1268
Timeout, sequence number = 1290
Timeout, sequence number = 1290
Timeout, sequence number = 1292
Timeout, sequence number = 1293
Timeout, sequence number = 1296
Timeout, sequence number = 1297
Timeout, sequence number = 1299
[CLIENT] Received ACK seq=1300
Timeout, sequence number = 1309
Timeout, sequence number = 1315
Timeout, sequence number = 1334
[CLIENT] Sent data seq=1400
Timeout, sequence number = 1337
Timeout, sequence number = 1349
Timeout, sequence number = 1355
Timeout, sequence number = 1360
Timeout, sequence number = 1361
Timeout, sequence number = 1391
Timeout, sequence number = 1398
[CLIENT] Received ACK seq=1400
Timeout, sequence number = 1433
[CLIENT] Sent data seq=1500
Timeout, sequence number = 1458
Timeout, sequence number = 1466
Timeout, sequence number = 1468
Timeout, sequence number = 1470
Timeout, sequence number = 1474
Timeout, sequence number = 1481
Timeout, sequence number = 1483
[CLIENT] Received ACK seq=1500
Timeout, sequence number = 1524
Timeout, sequence number = 1533
Timeout, sequence number = 1535
[CLIENT] Sent data seq=1600
Timeout, sequence number = 1541
Timeout, sequence number = 1541
Timeout, sequence number = 1542
Timeout, sequence number = 1549
Timeout, sequence number = 1554
Timeout, sequence number = 1566
Timeout, sequence number = 1569
Timeout, sequence number = 1584
Timeout, sequence number = 1586
Timeout, sequence number = 1593
Timeout, sequence number = 1600
[CLIENT] Received ACK seq=1600
Timeout, sequence number = 1622
Timeout, sequence number = 1626
Timeout, sequence number = 1627
[CLIENT] Sent data seq=1700
Timeout, sequence number = 1638
Timeout, sequence number = 1652
Timeout, sequence number = 1656
Timeout, sequence number = 1662
Timeout, sequence number = 1665
Timeout, sequence number = 1676
Timeout, sequence number = 1677
Timeout, sequence number = 1690
Timeout, sequence number = 1693
Timeout, sequence number = 1694
Timeout, sequence number = 1698
[CLIENT] Received ACK seq=1700
Timeout, sequence number = 1705
Timeout, sequence number = 1718
Timeout, sequence number = 1726
Timeout, sequence number = 1736
[CLIENT] Sent data seq=1800
Timeout, sequence number = 1746
Timeout, sequence number = 1770
Timeout, sequence number = 1772
Timeout, sequence number = 1788
Timeout, sequence number = 1795
Timeout, sequence number = 1796
Timeout, sequence number = 1796
[CLIENT] Received ACK seq=1800
Timeout, sequence number = 1815
Timeout, sequence number = 1827
[CLIENT] Sent data seq=1900
Timeout, sequence number = 1840
Timeout, sequence number = 1841
Timeout, sequence number = 1848
Timeout, sequence number = 1857
Timeout, sequence number = 1876
Timeout, sequence number = 1877
Timeout, sequence number = 1891
Timeout, sequence number = 1895
Timeout, sequence number = 1895
[CLIENT] Received ACK seq=1900
Timeout, sequence number = 1907
Timeout, sequence number = 1910
Timeout, sequence number = 1916
Timeout, sequence number = 1924
Timeout, sequence number = 1929
[CLIENT] Sent data seq=2000
Timeout, sequence number = 1937
Timeout, sequence number = 1945
Timeout, sequence number = 1948
Timeout, sequence number = 1955
Timeout, sequence number = 1971
Timeout, sequence number = 1975
Timeout, sequence number = 1977
Timeout, sequence number = 1991
[CLIENT] Received ACK seq=2000
Timeout, sequence number = 2029
[CLIENT] Sent data seq=2100
Timeout, sequence number = 2040
Timeout, sequence number = 2043
Timeout, sequence number = 2045
Timeout, sequence number = 2048
Timeout, sequence number = 2059
Timeout, sequence number = 2063
Timeout, sequence number = 2074
Timeout, sequence number = 2074
[CLIENT] Received ACK seq=2100
Timeout, sequence number = 2116
Timeout, sequence number = 2122
[CLIENT] Sent data seq=2200
Timeout, sequence number = 2161
Timeout, sequence number = 2162
Timeout, sequence number = 2167
Timeout, sequence number = 2167
Timeout, sequence number = 2170
Timeout, sequence number = 2186
Timeout, sequence number = 2190
[CLIENT] Received ACK seq=2200
Timeout, sequence number = 2201
Timeout, sequence number = 2203
Timeout, sequence number = 2210
Timeout, sequence number = 2226
Timeout, sequence number = 2226
[CLIENT] Sent data seq=2300
Timeout, sequence number = 2269
Timeout, sequence number = 2269
Timeout, sequence number = 2290
[CLIENT] Received ACK seq=2300
Timeout, sequence number = 2305
Timeout, sequence number = 2329
[CLIENT] Sent data seq=2400
Timeout, sequence number = 2343
Timeout, sequence number = 2353
Timeout, sequence number = 2354
Timeout, sequence number = 2365
Timeout, sequence number = 2372
Timeout, sequence number = 2387
[CLIENT] Received ACK seq=2400
[CLIENT] Summary: sent_packets=2401, ack_packets=2401, retransmitted_packets=15848, timeout_events=250
Transfer complete. Delay = 131.454524 seconds

=== STDERR ===
