=== STDOUT ===
[CLIENT] Starting transfer: server=10.153.27.102:7735, file=demo_input.bin, N=64, MSS=800, total_segments=1501
[CLIENT] Sent data seq=0
[CLIENT] Sent data seq=1
[CLIENT] Sent data seq=2
[CLIENT] Sent data seq=3
[CLIENT] Sent data seq=4
[CLIENT] Received ACK seq=0
[CLIENT] Received ACK seq=1
[CLIENT] Received ACK seq=2
[CLIENT] Received ACK seq=3
[CLIENT] Received ACK seq=4
Timeout, sequence number = 22
Timeout, sequence number = 32
[CLIENT] Sent data seq=100
Timeout, sequence number = 38
Timeout, sequence number = 44
Timeout, sequence number = 55
Timeout, sequence number = 77
[CLIENT] Received ACK seq=100
Timeout, sequence number = 113
Timeout, sequence number = 116
Timeout, sequence number = 133
[CLIENT] Sent data seq=200
Timeout, sequence number = 138
Timeout, sequence number = 185
[CLIENT] Received ACK seq=200
[CLIENT] Sent data seq=300
Timeout, sequence number = 242
Timeout, sequence number = 248
Timeout, sequence number = 257
[CLIENT] Received ACK seq=300
[CLIENT] Sent data seq=400
Timeout, sequence number = 337
Timeout, sequence number = 337
Timeout, sequence number = 381
Timeout, sequence number = 387
Timeout, sequence number = 398
[CLIENT] Received ACK seq=400
Timeout, sequence number = 419
[CLIENT] Sent data seq=500
Timeout, sequence number = 458
Timeout, sequence number = 478
Timeout, sequence number = 500
[CLIENT] Received ACK seq=500
Timeout, sequence number = 518
Timeout, sequence number = 535
Timeout, sequence number = 535
[CLIENT] Sent data seq=600
Timeout, sequence number = 567
[CLIENT] Received ACK seq=600
Timeout, sequence number = 624
[CLIENT] Sent data seq=700
Timeout, sequence number = 660
Timeout, sequence number = 664
Timeout, sequence number = 675
Timeout, sequence number = 680
Timeout, sequence number = 693
[CLIENT] Received ACK seq=700
Timeout, sequence number = 705
Timeout, sequence number = 736
[CLIENT] Sent data seq=800
Timeout, sequence number = 745
Timeout, sequence number = 757
Timeout, sequence number = 767
Timeout, sequence number = 771
Timeout, sequence number = 780
[CLIENT] Received ACK seq=800
Timeout, sequence number = 818
Timeout, sequence number = 830
Timeout, sequence number = 831
Timeout, sequence number = 836
[CLIENT] Sent data seq=900
Timeout, sequence number = 859
Timeout, sequence number = 890
[CLIENT] Received ACK seq=900
Timeout, sequence number = 936
[CLIENT] Sent data seq=1000
Timeout, sequence number = 938
Timeout, sequence number = 956
Timeout, sequence number = 964
Timeout, sequence number = 988
[CLIENT] Received ACK seq=1000
Timeout, sequence number = 1008
[CLIENT] Sent data seq=1100
Timeout, sequence number = 1048
Timeout, sequence number = 1096
[CLIENT] Received ACK seq=1100
Timeout, sequence number = 1107
[CLIENT] Sent data seq=1200
Timeout, sequence number = 1179
Timeout, sequence number = 1195
Timeout, sequence number = 1198
[CLIENT] Received ACK seq=1200
Timeout, sequence number = 1219
Timeout, sequence number = 1226
Timeout, sequence number = 1230
[CLIENT] Sent data seq=1300
Timeout, sequence number = 1261
Timeout, sequence number = 1268
Timeout, sequence number = 1289
[CLIENT] Received ACK seq=1300
Timeout, sequence number = 1303
Timeout, sequence number = 1322
Timeout, sequence number = 1323
[CLIENT] Sent data seq=1400
Timeout, sequence number = 1348
Timeout, sequence number = 1400
[CLIENT] Received ACK seq=1400
Timeout, sequence number = 1436
[CLIENT] Sent data seq=1500
Timeout, sequence number = 1444
Timeout, sequence number = 1461
[CLIENT] Received ACK seq=1500
[CLIENT] Summary: sent_packets=1501, ack_packets=1501, retransmitted_packets=4577, timeout_events=72
Transfer complete. Delay = 38.092965 seconds

=== STDERR ===
