=== STDOUT ===
[CLIENT] Starting transfer: server=10.153.27.102:7735, file=demo_input.bin, N=64, MSS=900, total_segments=1335
[CLIENT] Sent data seq=0
[CLIENT] Sent data seq=1
[CLIENT] Sent data seq=2
[CLIENT] Sent data seq=3
[CLIENT] Sent data seq=4
[CLIENT] Received ACK seq=0
[CLIENT] Received ACK seq=1
[CLIENT] Received ACK seq=2
[CLIENT] Received ACK seq=3
[CLIENT] Received ACK seq=4
[CLIENT] Sent data seq=100
Timeout, sequence number = 50
Timeout, sequence number = 89
Timeout, sequence number = 100
[CLIENT] Received ACK seq=100
Timeout, sequence number = 114
Timeout, sequence number = 128
[CLIENT] Sent data seq=200
Timeout, sequence number = 147
Timeout, sequence number = 147
Timeout, sequence number = 153
[CLIENT] Received ACK seq=200
Timeout, sequence number = 206
Timeout, sequence number = 228
[CLIENT] Sent data seq=300
Timeout, sequence number = 246
Timeout, sequence number = 287
Timeout, sequence number = 299
Timeout, sequence number = 300
[CLIENT] Received ACK seq=300
Timeout, sequence number = 313
Timeout, sequence number = 321
Timeout, sequence number = 324
[CLIENT] Sent data seq=400
Timeout, sequence number = 350
Timeout, sequence number = 350
Timeout, sequence number = 368
Timeout, sequence number = 384
Timeout, sequence number = 392
[CLIENT] Received ACK seq=400
Timeout, sequence number = 406
Timeout, sequence number = 415
Timeout, sequence number = 421
[CLIENT] Sent data seq=500
Timeout, sequence number = 437
Timeout, sequence number = 462
Timeout, sequence number = 468
[CLIENT] Received ACK seq=500
Timeout, sequence number = 520
Timeout, sequence number = 525
Timeout, sequence number = 527
Timeout, sequence number = 534
Timeout, sequence number = 535
[CLIENT] Sent data seq=600
Timeout, sequence number = 562
Timeout, sequence number = 570
Timeout, sequence number = 581
[CLIENT] Received ACK seq=600
Timeout, sequence number = 613
Timeout, sequence number = 620
[CLIENT] Sent data seq=700
Timeout, sequence number = 652
Timeout, sequence number = 661
Timeout, sequence number = 688
[CLIENT] Received ACK seq=700
Timeout, sequence number = 709
Timeout, sequence number = 723
[CLIENT] Sent data seq=800
Timeout, sequence number = 772
Timeout, sequence number = 791
[CLIENT] Received ACK seq=800
Timeout, sequence number = 806
Timeout, sequence number = 808
Timeout, sequence number = 830
[CLIENT] Sent data seq=900
Timeout, sequence number = 845
Timeout, sequence number = 875
[CLIENT] Received ACK seq=900
Timeout, sequence number = 922
[CLIENT] Sent data seq=1000
Timeout, sequence number = 942
Timeout, sequence number = 963
Timeout, sequence number = 970
[CLIENT] Received ACK seq=1000
Timeout, sequence number = 1022
Timeout, sequence number = 1026
[CLIENT] Sent data seq=1100
Timeout, sequence number = 1046
Timeout, sequence number = 1062
Timeout, sequence number = 1065
[CLIENT] Received ACK seq=1100
Timeout, sequence number = 1116
[CLIENT] Sent data seq=1200
[CLIENT] Received ACK seq=1200
Timeout, sequence number = 1212
Timeout, sequence number = 1220
Timeout, sequence number = 1220
Timeout, sequence number = 1229
[CLIENT] Sent data seq=1300
Timeout, sequence number = 1241
Timeout, sequence number = 1247
Timeout, sequence number = 1259
Timeout, sequence number = 1292
[CLIENT] Received ACK seq=1300
Timeout, sequence number = 1314
Timeout, sequence number = 1325
[CLIENT] Summary: sent_packets=1335, ack_packets=1335, retransmitted_packets=4362, timeout_events=70
Transfer complete. Delay = 36.712702 seconds

=== STDERR ===
