=== STDOUT ===
[CLIENT] Starting transfer: server=10.153.27.102:7735, file=demo_input.bin, N=64, MSS=200, total_segments=6001
[CLIENT] Sent data seq=0
[CLIENT] Sent data seq=1
[CLIENT] Sent data seq=2
[CLIENT] Sent data seq=3
[CLIENT] Sent data seq=4
[CLIENT] Received ACK seq=0
[CLIENT] Received ACK seq=1
Timeout, sequence number = 2
[CLIENT] Received ACK seq=2
[CLIENT] Received ACK seq=3
[CLIENT] Received ACK seq=4
[CLIENT] Sent data seq=100
Timeout, sequence number = 53
Timeout, sequence number = 93
Timeout, sequence number = 97
[CLIENT] Received ACK seq=100
Timeout, sequence number = 102
Timeout, sequence number = 102
[CLIENT] Sent data seq=200
Timeout, sequence number = 176
Timeout, sequence number = 200
[CLIENT] Received ACK seq=200
Timeout, sequence number = 202
Timeout, sequence number = 203
Timeout, sequence number = 219
[CLIENT] Sent data seq=300
Timeout, sequence number = 249
[CLIENT] Received ACK seq=300
Timeout, sequence number = 326
[CLIENT] Sent data seq=400
Timeout, sequence number = 357
[CLIENT] Received ACK seq=400
Timeout, sequence number = 402
Timeout, sequence number = 421
[CLIENT] Sent data seq=500
Timeout, sequence number = 476
Timeout, sequence number = 493
[CLIENT] Received ACK seq=500
Timeout, sequence number = 501
Timeout, sequence number = 501
Timeout, sequence number = 516
Timeout, sequence number = 522
[CLIENT] Sent data seq=600
Timeout, sequence number = 554
Timeout, sequence number = 561
Timeout, sequence number = 561
Timeout, sequence number = 563
Timeout, sequence number = 565
Timeout, sequence number = 571
Timeout, sequence number = 588
Timeout, sequence number = 594
[CLIENT] Received ACK seq=600
Timeout, sequence number = 621
Timeout, sequence number = 622
[CLIENT] Sent data seq=700
Timeout, sequence number = 639
Timeout, sequence number = 665
Timeout, sequence number = 677
[CLIENT] Received ACK seq=700
[CLIENT] Sent data seq=800
Timeout, sequence number = 765
Timeout, sequence number = 785
[CLIENT] Received ACK seq=800
Timeout, sequence number = 811
Timeout, sequence number = 815
[CLIENT] Sent data seq=900
[CLIENT] Received ACK seq=900
[CLIENT] Sent data seq=1000
Timeout, sequence number = 942
[CLIENT] Received ACK seq=1000
[CLIENT] Sent data seq=1100
Timeout, sequence number = 1046
Timeout, sequence number = 1076
Timeout, sequence number = 1085
Timeout, sequence number = 1088
Timeout, sequence number = 1092
Timeout, sequence number = 1097
Timeout, sequence number = 1097
[CLIENT] Received ACK seq=1100
[CLIENT] Sent data seq=1200
Timeout, sequence number = 1184
[CLIENT] Received ACK seq=1200
Timeout, sequence number = 1208
Timeout, sequence number = 1211
Timeout, sequence number = 1219
Timeout, sequence number = 1223
[CLIENT] Sent data seq=1300
Timeout, sequence number = 1261
Timeout, sequence number = 1289
[CLIENT] Received ACK seq=1300
Timeout, sequence number = 1306
Timeout, sequence number = 1306
Timeout, sequence number = 1314
[CLIENT] Sent data seq=1400
Timeout, sequence number = 1347
Timeout, sequence number = 1349
Timeout, sequence number = 1386
[CLIENT] Received ACK seq=1400
Timeout, sequence number = 1406
Timeout, sequence number = 1420
Timeout, sequence number = 1432
Timeout, sequence number = 1433
[CLIENT] Sent data seq=1500
Timeout, sequence number = 1449
Timeout, sequence number = 1457
[CLIENT] Received ACK seq=1500
Timeout, sequence number = 1520
[CLIENT] Sent data seq=1600
Timeout, sequence number = 1537
Timeout, sequence number = 1551
Timeout, sequence number = 1562
Timeout, sequence number = 1564
Timeout, sequence number = 1576
Timeout, sequence number = 1580
Timeout, sequence number = 1580
Timeout, sequence number = 1593
Timeout, sequence number = 1596
[CLIENT] Received ACK seq=1600
Timeout, sequence number = 1609
[CLIENT] Sent data seq=1700
Timeout, sequence number = 1638
Timeout, sequence number = 1644
Timeout, sequence number = 1646
Timeout, sequence number = 1648
Timeout, sequence number = 1660
Timeout, sequence number = 1660
Timeout, sequence number = 1672
Timeout, sequence number = 1692
[CLIENT] Received ACK seq=1700
[CLIENT] Sent data seq=1800
Timeout, sequence number = 1770
Timeout, sequence number = 1770
Timeout, sequence number = 1778
Timeout, sequence number = 1789
[CLIENT] Received ACK seq=1800
Timeout, sequence number = 1811
Timeout, sequence number = 1825
Timeout, sequence number = 1829
[CLIENT] Sent data seq=1900
Timeout, sequence number = 1865
Timeout, sequence number = 1898
[CLIENT] Received ACK seq=1900
Timeout, sequence number = 1910
Timeout, sequence number = 1910
Timeout, sequence number = 1911
[CLIENT] Sent data seq=2000
Timeout, sequence number = 1965
Timeout, sequence number = 1998
[CLIENT] Received ACK seq=2000
Timeout, sequence number = 2004
[CLIENT] Sent data seq=2100
Timeout, sequence number = 2075
Timeout, sequence number = 2092
Timeout, sequence number = 2095
[CLIENT] Received ACK seq=2100
Timeout, sequence number = 2106
Timeout, sequence number = 2116
[CLIENT] Sent data seq=2200
Timeout, sequence number = 2138
Timeout, sequence number = 2186
Timeout, sequence number = 2187
Timeout, sequence number = 2188
Timeout, sequence number = 2196
[CLIENT] Received ACK seq=2200
Timeout, sequence number = 2211
[CLIENT] Sent data seq=2300
Timeout, sequence number = 2252
Timeout, sequence number = 2254
[CLIENT] Received ACK seq=2300
Timeout, sequence number = 2305
Timeout, sequence number = 2318
Timeout, sequence number = 2326
[CLIENT] Sent data seq=2400
Timeout, sequence number = 2368
Timeout, sequence number = 2396
[CLIENT] Received ACK seq=2400
Timeout, sequence number = 2432
[CLIENT] Sent data seq=2500
Timeout, sequence number = 2448
Timeout, sequence number = 2476
Timeout, sequence number = 2491
Timeout, sequence number = 2495
[CLIENT] Received ACK seq=2500
[CLIENT] Sent data seq=2600
Timeout, sequence number = 2575
[CLIENT] Received ACK seq=2600
Timeout, sequence number = 2605
[CLIENT] Sent data seq=2700
Timeout, sequence number = 2638
Timeout, sequence number = 2657
Timeout, sequence number = 2671
Timeout, sequence number = 2692
[CLIENT] Received ACK seq=2700
Timeout, sequence number = 2706
Timeout, sequence number = 2710
Timeout, sequence number = 2716
Timeout, sequence number = 2716
Timeout, sequence number = 2718
Timeout, sequence number = 2732
[CLIENT] Sent data seq=2800
Timeout, sequence number = 2775
Timeout, sequence number = 2782
[CLIENT] Received ACK seq=2800
Timeout, sequence number = 2813
Timeout, sequence number = 2830
[CLIENT] Sent data seq=2900
[CLIENT] Received ACK seq=2900
Timeout, sequence number = 2925
Timeout, sequence number = 2931
[CLIENT] Sent data seq=3000
Timeout, sequence number = 2976
Timeout, sequence number = 2982
Timeout, sequence number = 2989
Timeout, sequence number = 2999
[CLIENT] Received ACK seq=3000
Timeout, sequence number = 3014
Timeout, sequence number = 3027
[CLIENT] Sent data seq=3100
Timeout, sequence number = 3053
Timeout, sequence number = 3070
Timeout, sequence number = 3081
[CLIENT] Received ACK seq=3100
Timeout, sequence number = 3105
Timeout, sequence number = 3105
Timeout, sequence number = 3110
Timeout, sequence number = 3117
Timeout, sequence number = 3132
[CLIENT] Sent data seq=3200
Timeout, sequence number = 3149
Timeout, sequence number = 3167
[CLIENT] Received ACK seq=3200
Timeout, sequence number = 3234
[CLIENT] Sent data seq=3300
Timeout, sequence number = 3243
Timeout, sequence number = 3246
Timeout, sequence number = 3258
Timeout, sequence number = 3274
Timeout, sequence number = 3300
[CLIENT] Received ACK seq=3300
Timeout, sequence number = 3303
[CLIENT] Sent data seq=3400
Timeout, sequence number = 3367
Timeout, sequence number = 3368
Timeout, sequence number = 3374
Timeout, sequence number = 3387
[CLIENT] Received ACK seq=3400
Timeout, sequence number = 3417
Timeout, sequence number = 3433
[CLIENT] Sent data seq=3500
Timeout, sequence number = 3441
Timeout, sequence number = 3448
Timeout, sequence number = 3449
Timeout, sequence number = 3498
[CLIENT] Received ACK seq=3500
Timeout, sequence number = 3517
Timeout, sequence number = 3519
Timeout, sequence number = 3534
Timeout, sequence number = 3534
[CLIENT] Sent data seq=3600
Timeout, sequence number = 3541
Timeout, sequence number = 3575
[CLIENT] Received ACK seq=3600
Timeout, sequence number = 3605
Timeout, sequence number = 3621
Timeout, sequence number = 3633
Timeout, sequence number = 3635
[CLIENT] Sent data seq=3700
Timeout, sequence number = 3664
Timeout, sequence number = 3690
[CLIENT] Received ACK seq=3700
Timeout, sequence number = 3703
Timeout, sequence number = 3714
Timeout, sequence number = 3727
Timeout, sequence number = 3733
[CLIENT] Sent data seq=3800
Timeout, sequence number = 3737
Timeout, sequence number = 3792
Timeout, sequence number = 3796
Timeout, sequence number = 3797
[CLIENT] Received ACK seq=3800
Timeout, sequence number = 3807
Timeout, sequence number = 3817
Timeout, sequence number = 3827
[CLIENT] Sent data seq=3900
Timeout, sequence number = 3871
[CLIENT] Received ACK seq=3900
Timeout, sequence number = 3931
[CLIENT] Sent data seq=4000
Timeout, sequence number = 3939
Timeout, sequence number = 3943
Timeout, sequence number = 3946
Timeout, sequence number = 3972
Timeout, sequence number = 3974
Timeout, sequence number = 3984
Timeout, sequence number = 3994
[CLIENT] Received ACK seq=4000
Timeout, sequence number = 4004
Timeout, sequence number = 4019
[CLIENT] Sent data seq=4100
Timeout, sequence number = 4046
Timeout, sequence number = 4050
Timeout, sequence number = 4059
[CLIENT] Received ACK seq=4100
[CLIENT] Sent data seq=4200
Timeout, sequence number = 4151
Timeout, sequence number = 4151
Timeout, sequence number = 4160
Timeout, sequence number = 4195
[CLIENT] Received ACK seq=4200
Timeout, sequence number = 4207
Timeout, sequence number = 4216
[CLIENT] Sent data seq=4300
Timeout, sequence number = 4247
Timeout, sequence number = 4248
Timeout, sequence number = 4260
Timeout, sequence number = 4266
Timeout, sequence number = 4282
Timeout, sequence number = 4293
[CLIENT] Received ACK seq=4300
Timeout, sequence number = 4310
Timeout, sequence number = 4310
Timeout, sequence number = 4323
Timeout, sequence number = 4330
[CLIENT] Sent data seq=4400
Timeout, sequence number = 4348
Timeout, sequence number = 4359
Timeout, sequence number = 4376
Timeout, sequence number = 4393
[CLIENT] Received ACK seq=4400
Timeout, sequence number = 4403
Timeout, sequence number = 4407
Timeout, sequence number = 4417
[CLIENT] Sent data seq=4500
Timeout, sequence number = 4449
Timeout, sequence number = 4460
Timeout, sequence number = 4476
[CLIENT] Received ACK seq=4500
Timeout, sequence number = 4508
[CLIENT] Sent data seq=4600
Timeout, sequence number = 4544
Timeout, sequence number = 4552
Timeout, sequence number = 4562
Timeout, sequence number = 4589
[CLIENT] Received ACK seq=4600
Timeout, sequence number = 4617
[CLIENT] Sent data seq=4700
[CLIENT] Received ACK seq=4700
Timeout, sequence number = 4714
[CLIENT] Sent data seq=4800
Timeout, sequence number = 4790
Timeout, sequence number = 4790
[CLIENT] Received ACK seq=4800
Timeout, sequence number = 4836
[CLIENT] Sent data seq=4900
Timeout, sequence number = 4886
[CLIENT] Received ACK seq=4900
Timeout, sequence number = 4917
[CLIENT] Sent data seq=5000
Timeout, sequence number = 4938
Timeout, sequence number = 4953
Timeout, sequence number = 4954
[CLIENT] Received ACK seq=5000
Timeout, sequence number = 5005
Timeout, sequence number = 5010
Timeout, sequence number = 5025
Timeout, sequence number = 5026
[CLIENT] Sent data seq=5100
Timeout, sequence number = 5042
Timeout, sequence number = 5070
[CLIENT] Received ACK seq=5100
Timeout, sequence number = 5105
[CLIENT] Sent data seq=5200
Timeout, sequence number = 5154
Timeout, sequence number = 5194
Timeout, sequence number = 5199
[CLIENT] Received ACK seq=5200
Timeout, sequence number = 5202
[CLIENT] Sent data seq=5300
Timeout, sequence number = 5240
[CLIENT] Received ACK seq=5300
[CLIENT] Sent data seq=5400
Timeout, sequence number = 5338
Timeout, sequence number = 5379
[CLIENT] Received ACK seq=5400
Timeout, sequence number = 5418
Timeout, sequence number = 5425
[CLIENT] Sent data seq=5500
Timeout, sequence number = 5443
Timeout, sequence number = 5450
Timeout, sequence number = 5480
Timeout, sequence number = 5480
Timeout, sequence number = 5485
[CLIENT] Received ACK seq=5500
[CLIENT] Sent data seq=5600
Timeout, sequence number = 5551
Timeout, sequence number = 5556
[CLIENT] Received ACK seq=5600
Timeout, sequence number = 5616
Timeout, sequence number = 5625
[CLIENT] Sent data seq=5700
Timeout, sequence number = 5642
Timeout, sequence number = 5646
Timeout, sequence number = 5646
Timeout, sequence number = 5650
Timeout, sequence number = 5672
[CLIENT] Received ACK seq=5700
Timeout, sequence number = 5719
Timeout, sequence number = 5719
Timeout, sequence number = 5721
[CLIENT] Sent data seq=5800
Timeout, sequence number = 5774
[CLIENT] Received ACK seq=5800
Timeout, sequence number = 5826
[CLIENT] Sent data seq=5900
Timeout, sequence number = 5884
[CLIENT] Received ACK seq=5900
Timeout, sequence number = 5904
Timeout, sequence number = 5909
Timeout, sequence number = 5923
Timeout, sequence number = 5929
Timeout, sequence number = 5932
Timeout, sequence number = 5933
[CLIENT] Sent data seq=6000
Timeout, sequence number = 5943
Timeout, sequence number = 5952
Timeout, sequence number = 5969
[CLIENT] Received ACK seq=6000
[CLIENT] Summary: sent_packets=6001, ack_packets=6001, retransmitted_packets=18955, timeout_events=297
Transfer complete. Delay = 156.130445 seconds

=== STDERR ===
