=== STDOUT ===
[CLIENT] Starting transfer: server=10.153.27.102:7735, file=demo_input.bin, N=64, MSS=500, total_segments=2401
[CLIENT] Sent data seq=0
[CLIENT] Sent data seq=1
[CLIENT] Sent data seq=2
[CLIENT] Sent data seq=3
[CLIENT] Sent data seq=4
[CLIENT] Received ACK seq=0
Timeout, sequence number = 1
[CLIENT] Received ACK seq=1
[CLIENT] Received ACK seq=2
[CLIENT] Received ACK seq=3
[CLIENT] Received ACK seq=4
[CLIENT] Sent data seq=100
Timeout, sequence number = 41
Timeout, sequence number = 76
Timeout, sequence number = 81
Timeout, sequence number = 83
Timeout, sequence number = 83
Timeout, sequence number = 99
[CLIENT] Received ACK seq=100
Timeout, sequence number = 122
Timeout, sequence number = 122
Timeout, sequence number = 125
Timeout, sequence number = 128
Timeout, sequence number = 130
Timeout, sequence number = 131
[CLIENT] Sent data seq=200
Timeout, sequence number = 140
Timeout, sequence number = 146
Timeout, sequence number = 146
Timeout, sequence number = 184
Timeout, sequence number = 194
[CLIENT] Received ACK seq=200
Timeout, sequence number = 211
Timeout, sequence number = 218
Timeout, sequence number = 234
[CLIENT] Sent data seq=300
Timeout, sequence number = 250
[CLIENT] Received ACK seq=300
Timeout, sequence number = 318
Timeout, sequence number = 322
Timeout, sequence number = 331
[CLIENT] Sent data seq=400
Timeout, sequence number = 361
Timeout, sequence number = 373
Timeout, sequence number = 373
Timeout, sequence number = 381
Timeout, sequence number = 396
Timeout, sequence number = 396
[CLIENT] Received ACK seq=400
Timeout, sequence number = 406
Timeout, sequence number = 408
[CLIENT] Sent data seq=500
Timeout, sequence number = 443
Timeout, sequence number = 454
Timeout, sequence number = 481
[CLIENT] Received ACK seq=500
[CLIENT] Sent data seq=600
Timeout, sequence number = 563
Timeout, sequence number = 565
Timeout, sequence number = 573
Timeout, sequence number = 576
Timeout, sequence number = 585
[CLIENT] Received ACK seq=600
Timeout, sequence number = 606
[CLIENT] Sent data seq=700
Timeout, sequence number = 668
Timeout, sequence number = 680
Timeout, sequence number = 693
[CLIENT] Received ACK seq=700
Timeout, sequence number = 718
Timeout, sequence number = 723
Timeout, sequence number = 724
[CLIENT] Sent data seq=800
Timeout, sequence number = 746
Timeout, sequence number = 749
Timeout, sequence number = 770
Timeout, sequence number = 772
Timeout, sequence number = 772
Timeout, sequence number = 772
Timeout, sequence number = 779
Timeout, sequence number = 782
Timeout, sequence number = 788
[CLIENT] Received ACK seq=800
Timeout, sequence number = 813
Timeout, sequence number = 836
[CLIENT] Sent data seq=900
Timeout, sequence number = 877
Timeout, sequence number = 881
Timeout, sequence number = 884
Timeout, sequence number = 898
[CLIENT] Received ACK seq=900
[CLIENT] Sent data seq=1000
Timeout, sequence number = 937
Timeout, sequence number = 961
Timeout, sequence number = 968
Timeout, sequence number = 994
Timeout, sequence number = 995
[CLIENT] Received ACK seq=1000
Timeout, sequence number = 1006
Timeout, sequence number = 1025
Timeout, sequence number = 1027
Timeout, sequence number = 1031
Timeout, sequence number = 1034
[CLIENT] Sent data seq=1100
[CLIENT] Received ACK seq=1100
Timeout, sequence number = 1108
Timeout, sequence number = 1126
Timeout, sequence number = 1134
[CLIENT] Sent data seq=1200
Timeout, sequence number = 1157
Timeout, sequence number = 1182
[CLIENT] Received ACK seq=1200
Timeout, sequence number = 1202
[CLIENT] Sent data seq=1300
Timeout, sequence number = 1263
Timeout, sequence number = 1264
Timeout, sequence number = 1300
[CLIENT] Received ACK seq=1300
Timeout, sequence number = 1302
Timeout, sequence number = 1306
[CLIENT] Sent data seq=1400
Timeout, sequence number = 1342
Timeout, sequence number = 1354
Timeout, sequence number = 1379
Timeout, sequence number = 1386
Timeout, sequence number = 1391
Timeout, sequence number = 1400
[CLIENT] Received ACK seq=1400
Timeout, sequence number = 1421
Timeout, sequence number = 1428
Timeout, sequence number = 1435
[CLIENT] Sent data seq=1500
Timeout, sequence number = 1453
Timeout, sequence number = 1474
Timeout, sequence number = 1481
[CLIENT] Received ACK seq=1500
Timeout, sequence number = 1528
Timeout, sequence number = 1533
[CLIENT] Sent data seq=1600
Timeout, sequence number = 1543
Timeout, sequence number = 1548
Timeout, sequence number = 1554
Timeout, sequence number = 1576
Timeout, sequence number = 1577
Timeout, sequence number = 1577
Timeout, sequence number = 1596
[CLIENT] Received ACK seq=1600
Timeout, sequence number = 1617
Timeout, sequence number = 1627
Timeout, sequence number = 1636
[CLIENT] Sent data seq=1700
Timeout, sequence number = 1650
Timeout, sequence number = 1665
Timeout, sequence number = 1683
Timeout, sequence number = 1700
[CLIENT] Received ACK seq=1700
Timeout, sequence number = 1707
Timeout, sequence number = 1729
Timeout, sequence number = 1730
[CLIENT] Sent data seq=1800
Timeout, sequence number = 1770
Timeout, sequence number = 1781
[CLIENT] Received ACK seq=1800
[CLIENT] Sent data seq=1900
Timeout, sequence number = 1847
Timeout, sequence number = 1850
Timeout, sequence number = 1884
[CLIENT] Received ACK seq=1900
Timeout, sequence number = 1925
Timeout, sequence number = 1928
[CLIENT] Sent data seq=2000
Timeout, sequence number = 1937
Timeout, sequence number = 1940
[CLIENT] Received ACK seq=2000
Timeout, sequence number = 2004
Timeout, sequence number = 2018
Timeout, sequence number = 2030
[CLIENT] Sent data seq=2100
Timeout, sequence number = 2062
Timeout, sequence number = 2070
Timeout, sequence number = 2091
[CLIENT] Received ACK seq=2100
[CLIENT] Sent data seq=2200
Timeout, sequence number = 2143
Timeout, sequence number = 2157
[CLIENT] Received ACK seq=2200
Timeout, sequence number = 2202
Timeout, sequence number = 2215
Timeout, sequence number = 2225
Timeout, sequence number = 2231
[CLIENT] Sent data seq=2300
Timeout, sequence number = 2256
[CLIENT] Received ACK seq=2300
Timeout, sequence number = 2305
Timeout, sequence number = 2315
Timeout, sequence number = 2317
Timeout, sequence number = 2331
Timeout, sequence number = 2335
[CLIENT] Sent data seq=2400
Timeout, sequence number = 2367
Timeout, sequence number = 2387
Timeout, sequence number = 2396
[CLIENT] Received ACK seq=2400
[CLIENT] Summary: sent_packets=2401, ack_packets=2401, retransmitted_packets=9141, timeout_events=145
Transfer complete. Delay = 76.096170 seconds

=== STDERR ===
