=== STDOUT ===
[CLIENT] Starting transfer: server=10.153.27.102:7735, file=demo_input.bin, N=64, MSS=200, total_segments=6001
[CLIENT] Sent data seq=0
[CLIENT] Sent data seq=1
[CLIENT] Sent data seq=2
[CLIENT] Sent data seq=3
[CLIENT] Sent data seq=4
[CLIENT] Received ACK seq=0
[CLIENT] Received ACK seq=1
[CLIENT] Received ACK seq=2
[CLIENT] Received ACK seq=3
[CLIENT] Received ACK seq=4
[CLIENT] Sent data seq=100
Timeout, sequence number = 88
Timeout, sequence number = 91
Timeout, sequence number = 95
Timeout, sequence number = 95
[CLIENT] Received ACK seq=100
Timeout, sequence number = 104
Timeout, sequence number = 123
Timeout, sequence number = 134
[CLIENT] Sent data seq=200
Timeout, sequence number = 155
Timeout, sequence number = 156
Timeout, sequence number = 169
[CLIENT] Received ACK seq=200
Timeout, sequence number = 205
Timeout, sequence number = 224
[CLIENT] Sent data seq=300
Timeout, sequence number = 261
Timeout, sequence number = 267
[CLIENT] Received ACK seq=300
Timeout, sequence number = 302
Timeout, sequence number = 309
Timeout, sequence number = 318
Timeout, sequence number = 321
Timeout, sequence number = 331
[CLIENT] Sent data seq=400
Timeout, sequence number = 349
Timeout, sequence number = 391
Timeout, sequence number = 393
[CLIENT] Received ACK seq=400
Timeout, sequence number = 430
Timeout, sequence number = 430
[CLIENT] Sent data seq=500
Timeout, sequence number = 438
Timeout, sequence number = 444
Timeout, sequence number = 444
Timeout, sequence number = 462
Timeout, sequence number = 476
Timeout, sequence number = 483
Timeout, sequence number = 493
[CLIENT] Received ACK seq=500
Timeout, sequence number = 527
[CLIENT] Sent data seq=600
Timeout, sequence number = 543
[CLIENT] Received ACK seq=600
[CLIENT] Sent data seq=700
Timeout, sequence number = 641
Timeout, sequence number = 647
Timeout, sequence number = 652
Timeout, sequence number = 653
Timeout, sequence number = 675
Timeout, sequence number = 677
Timeout, sequence number = 677
[CLIENT] Received ACK seq=700
Timeout, sequence number = 702
Timeout, sequence number = 705
Timeout, sequence number = 721
Timeout, sequence number = 723
Timeout, sequence number = 724
[CLIENT] Sent data seq=800
Timeout, sequence number = 744
Timeout, sequence number = 753
Timeout, sequence number = 760
Timeout, sequence number = 762
Timeout, sequence number = 773
Timeout, sequence number = 787
Timeout, sequence number = 790
[CLIENT] Received ACK seq=800
Timeout, sequence number = 817
[CLIENT] Sent data seq=900
Timeout, sequence number = 867
Timeout, sequence number = 867
Timeout, sequence number = 881
Timeout, sequence number = 885
[CLIENT] Received ACK seq=900
Timeout, sequence number = 915
Timeout, sequence number = 927
[CLIENT] Sent data seq=1000
Timeout, sequence number = 955
Timeout, sequence number = 966
Timeout, sequence number = 966
Timeout, sequence number = 979
[CLIENT] Received ACK seq=1000
Timeout, sequence number = 1017
Timeout, sequence number = 1030
[CLIENT] Sent data seq=1100
Timeout, sequence number = 1071
Timeout, sequence number = 1081
[CLIENT] Received ACK seq=1100
Timeout, sequence number = 1105
Timeout, sequence number = 1114
[CLIENT] Sent data seq=1200
[CLIENT] Received ACK seq=1200
Timeout, sequence number = 1207
Timeout, sequence number = 1213
Timeout, sequence number = 1231
[CLIENT] Sent data seq=1300
Timeout, sequence number = 1240
Timeout, sequence number = 1270
Timeout, sequence number = 1295
[CLIENT] Received ACK seq=1300
Timeout, sequence number = 1309
Timeout, sequence number = 1312
[CLIENT] Sent data seq=1400
Timeout, sequence number = 1341
Timeout, sequence number = 1348
Timeout, sequence number = 1356
Timeout, sequence number = 1385
[CLIENT] Received ACK seq=1400
Timeout, sequence number = 1414
Timeout, sequence number = 1417
Timeout, sequence number = 1435
[CLIENT] Sent data seq=1500
Timeout, sequence number = 1440
Timeout, sequence number = 1444
Timeout, sequence number = 1456
Timeout, sequence number = 1493
[CLIENT] Received ACK seq=1500
Timeout, sequence number = 1532
[CLIENT] Sent data seq=1600
Timeout, sequence number = 1539
Timeout, sequence number = 1545
[CLIENT] Received ACK seq=1600
Timeout, sequence number = 1601
[CLIENT] Sent data seq=1700
Timeout, sequence number = 1686
Timeout, sequence number = 1696
Timeout, sequence number = 1700
[CLIENT] Received ACK seq=1700
Timeout, sequence number = 1718
[CLIENT] Sent data seq=1800
Timeout, sequence number = 1761
Timeout, sequence number = 1789
[CLIENT] Received ACK seq=1800
[CLIENT] Sent data seq=1900
Timeout, sequence number = 1856
[CLIENT] Received ACK seq=1900
[CLIENT] Sent data seq=2000
Timeout, sequence number = 1938
Timeout, sequence number = 1944
Timeout, sequence number = 1947
[CLIENT] Received ACK seq=2000
[CLIENT] Sent data seq=2100
Timeout, sequence number = 2040
Timeout, sequence number = 2054
Timeout, sequence number = 2069
Timeout, sequence number = 2092
Timeout, sequence number = 2093
Timeout, sequence number = 2093
[CLIENT] Received ACK seq=2100
Timeout, sequence number = 2111
Timeout, sequence number = 2112
Timeout, sequence number = 2117
Timeout, sequence number = 2120
Timeout, sequence number = 2126
Timeout, sequence number = 2128
[CLIENT] Sent data seq=2200
Timeout, sequence number = 2166
Timeout, sequence number = 2192
[CLIENT] Received ACK seq=2200
[CLIENT] Sent data seq=2300
Timeout, sequence number = 2242
Timeout, sequence number = 2245
Timeout, sequence number = 2266
Timeout, sequence number = 2269
Timeout, sequence number = 2276
Timeout, sequence number = 2287
[CLIENT] Received ACK seq=2300
Timeout, sequence number = 2301
Timeout, sequence number = 2321
Timeout, sequence number = 2328
[CLIENT] Sent data seq=2400
[CLIENT] Received ACK seq=2400
Timeout, sequence number = 2428
[CLIENT] Sent data seq=2500
Timeout, sequence number = 2441
Timeout, sequence number = 2457
[CLIENT] Received ACK seq=2500
Timeout, sequence number = 2501
Timeout, sequence number = 2524
Timeout, sequence number = 2528
[CLIENT] Sent data seq=2600
Timeout, sequence number = 2578
Timeout, sequence number = 2588
Timeout, sequence number = 2596
[CLIENT] Received ACK seq=2600
Timeout, sequence number = 2612
Timeout, sequence number = 2614
Timeout, sequence number = 2620
Timeout, sequence number = 2633
[CLIENT] Sent data seq=2700
Timeout, sequence number = 2653
[CLIENT] Received ACK seq=2700
Timeout, sequence number = 2711
[CLIENT] Sent data seq=2800
Timeout, sequence number = 2740
Timeout, sequence number = 2743
Timeout, sequence number = 2745
Timeout, sequence number = 2761
Timeout, sequence number = 2800
[CLIENT] Received ACK seq=2800
[CLIENT] Sent data seq=2900
Timeout, sequence number = 2854
Timeout, sequence number = 2869
Timeout, sequence number = 2872
Timeout, sequence number = 2873
[CLIENT] Received ACK seq=2900
Timeout, sequence number = 2914
Timeout, sequence number = 2933
[CLIENT] Sent data seq=3000
Timeout, sequence number = 2949
Timeout, sequence number = 2949
Timeout, sequence number = 2958
Timeout, sequence number = 2987
[CLIENT] Received ACK seq=3000
Timeout, sequence number = 3022
[CLIENT] Sent data seq=3100
Timeout, sequence number = 3042
Timeout, sequence number = 3061
[CLIENT] Received ACK seq=3100
Timeout, sequence number = 3123
Timeout, sequence number = 3135
[CLIENT] Sent data seq=3200
[CLIENT] Received ACK seq=3200
Timeout, sequence number = 3203
Timeout, sequence number = 3206
Timeout, sequence number = 3207
Timeout, sequence number = 3227
[CLIENT] Sent data seq=3300
Timeout, sequence number = 3249
Timeout, sequence number = 3257
Timeout, sequence number = 3279
Timeout, sequence number = 3282
[CLIENT] Received ACK seq=3300
Timeout, sequence number = 3316
Timeout, sequence number = 3326
Timeout, sequence number = 3326
Timeout, sequence number = 3328
[CLIENT] Sent data seq=3400
Timeout, sequence number = 3357
Timeout, sequence number = 3400
[CLIENT] Received ACK seq=3400
Timeout, sequence number = 3406
Timeout, sequence number = 3407
[CLIENT] Sent data seq=3500
Timeout, sequence number = 3445
Timeout, sequence number = 3454
[CLIENT] Received ACK seq=3500
Timeout, sequence number = 3501
Timeout, sequence number = 3516
[CLIENT] Sent data seq=3600
Timeout, sequence number = 3566
[CLIENT] Received ACK seq=3600
Timeout, sequence number = 3601
[CLIENT] Sent data seq=3700
Timeout, sequence number = 3676
Timeout, sequence number = 3684
Timeout, sequence number = 3691
[CLIENT] Received ACK seq=3700
Timeout, sequence number = 3703
Timeout, sequence number = 3707
Timeout, sequence number = 3732
[CLIENT] Sent data seq=3800
Timeout, sequence number = 3741
Timeout, sequence number = 3749
Timeout, sequence number = 3777
Timeout, sequence number = 3792
[CLIENT] Received ACK seq=3800
[CLIENT] Sent data seq=3900
Timeout, sequence number = 3840
Timeout, sequence number = 3853
Timeout, sequence number = 3854
Timeout, sequence number = 3856
Timeout, sequence number = 3877
Timeout, sequence number = 3898
[CLIENT] Received ACK seq=3900
Timeout, sequence number = 3911
Timeout, sequence number = 3923
Timeout, sequence number = 3926
Timeout, sequence number = 3932
[CLIENT] Sent data seq=4000
Timeout, sequence number = 3949
Timeout, sequence number = 3960
Timeout, sequence number = 3977
Timeout, sequence number = 3977
Timeout, sequence number = 3981
Timeout, sequence number = 3996
[CLIENT] Received ACK seq=4000
Timeout, sequence number = 4027
Timeout, sequence number = 4030
Timeout, sequence number = 4034
[CLIENT] Sent data seq=4100
Timeout, sequence number = 4038
Timeout, sequence number = 4049
Timeout, sequence number = 4077
Timeout, sequence number = 4084
[CLIENT] Received ACK seq=4100
Timeout, sequence number = 4131
[CLIENT] Sent data seq=4200
Timeout, sequence number = 4188
[CLIENT] Received ACK seq=4200
Timeout, sequence number = 4219
Timeout, sequence number = 4221
Timeout, sequence number = 4233
[CLIENT] Sent data seq=4300
Timeout, sequence number = 4271
[CLIENT] Received ACK seq=4300
Timeout, sequence number = 4316
[CLIENT] Sent data seq=4400
Timeout, sequence number = 4345
Timeout, sequence number = 4351
Timeout, sequence number = 4354
Timeout, sequence number = 4359
Timeout, sequence number = 4359
Timeout, sequence number = 4391
[CLIENT] Received ACK seq=4400
Timeout, sequence number = 4407
Timeout, sequence number = 4432
[CLIENT] Sent data seq=4500
Timeout, sequence number = 4443
Timeout, sequence number = 4449
[CLIENT] Received ACK seq=4500
Timeout, sequence number = 4502
[CLIENT] Sent data seq=4600
Timeout, sequence number = 4555
Timeout, sequence number = 4555
Timeout, sequence number = 4559
Timeout, sequence number = 4593
[CLIENT] Received ACK seq=4600
Timeout, sequence number = 4603
Timeout, sequence number = 4604
Timeout, sequence number = 4631
[CLIENT] Sent data seq=4700
Timeout, sequence number = 4640
Timeout, sequence number = 4652
Timeout, sequence number = 4668
[CLIENT] Received ACK seq=4700
[CLIENT] Sent data seq=4800
Timeout, sequence number = 4741
Timeout, sequence number = 4771
Timeout, sequence number = 4778
[CLIENT] Received ACK seq=4800
Timeout, sequence number = 4827
Timeout, sequence number = 4829
Timeout, sequence number = 4832
[CLIENT] Sent data seq=4900
Timeout, sequence number = 4850
Timeout, sequence number = 4851
Timeout, sequence number = 4861
Timeout, sequence number = 4887
[CLIENT] Received ACK seq=4900
Timeout, sequence number = 4901
Timeout, sequence number = 4912
Timeout, sequence number = 4918
Timeout, sequence number = 4918
[CLIENT] Sent data seq=5000
Timeout, sequence number = 4946
Timeout, sequence number = 4959
[CLIENT] Received ACK seq=5000
Timeout, sequence number = 5014
Timeout, sequence number = 5016
Timeout, sequence number = 5028
[CLIENT] Sent data seq=5100
Timeout, sequence number = 5043
Timeout, sequence number = 5067
Timeout, sequence number = 5070
Timeout, sequence number = 5076
Timeout, sequence number = 5082
[CLIENT] Received ACK seq=5100
Timeout, sequence number = 5114
Timeout, sequence number = 5116
[CLIENT] Sent data seq=5200
Timeout, sequence number = 5160
Timeout, sequence number = 5177
[CLIENT] Received ACK seq=5200
Timeout, sequence number = 5222
[CLIENT] Sent data seq=5300
Timeout, sequence number = 5245
Timeout, sequence number = 5262
Timeout, sequence number = 5267
Timeout, sequence number = 5273
Timeout, sequence number = 5280
Timeout, sequence number = 5280
Timeout, sequence number = 5297
[CLIENT] Received ACK seq=5300
Timeout, sequence number = 5328
Timeout, sequence number = 5328
Timeout, sequence number = 5330
Timeout, sequence number = 5331
[CLIENT] Sent data seq=5400
Timeout, sequence number = 5362
Timeout, sequence number = 5381
Timeout, sequence number = 5388
[CLIENT] Received ACK seq=5400
Timeout, sequence number = 5406
[CLIENT] Sent data seq=5500
Timeout, sequence number = 5447
Timeout, sequence number = 5473
[CLIENT] Received ACK seq=5500
Timeout, sequence number = 5515
[CLIENT] Sent data seq=5600
Timeout, sequence number = 5544
Timeout, sequence number = 5544
Timeout, sequence number = 5569
Timeout, sequence number = 5579
[CLIENT] Received ACK seq=5600
Timeout, sequence number = 5613
Timeout, sequence number = 5624
Timeout, sequence number = 5625
[CLIENT] Sent data seq=5700
Timeout, sequence number = 5645
Timeout, sequence number = 5652
Timeout, sequence number = 5674
Timeout, sequence number = 5682
Timeout, sequence number = 5688
Timeout, sequence number = 5693
[CLIENT] Received ACK seq=5700
[CLIENT] Sent data seq=5800
Timeout, sequence number = 5780
Timeout, sequence number = 5793
[CLIENT] Received ACK seq=5800
[CLIENT] Sent data seq=5900
[CLIENT] Received ACK seq=5900
[CLIENT] Sent data seq=6000
Timeout, sequence number = 5946
Timeout, sequence number = 5987
[CLIENT] Received ACK seq=6000
[CLIENT] Summary: sent_packets=6001, ack_packets=6001, retransmitted_packets=19589, timeout_events=307
Transfer complete. Delay = 162.197633 seconds

=== STDERR ===
