=== STDOUT ===
[CLIENT] Starting transfer: server=10.153.27.102:7735, file=demo_input.bin, N=64, MSS=800, total_segments=1501
[CLIENT] Sent data seq=0
[CLIENT] Sent data seq=1
[CLIENT] Sent data seq=2
[CLIENT] Sent data seq=3
[CLIENT] Sent data seq=4
[CLIENT] Received ACK seq=0
Timeout, sequence number = 1
[CLIENT] Received ACK seq=1
[CLIENT] Received ACK seq=2
[CLIENT] Received ACK seq=3
[CLIENT] Received ACK seq=4
Timeout, sequence number = 31
[CLIENT] Sent data seq=100
Timeout, sequence number = 88
[CLIENT] Received ACK seq=100
Timeout, sequence number = 109
Timeout, sequence number = 110
Timeout, sequence number = 123
[CLIENT] Sent data seq=200
Timeout, sequence number = 147
Timeout, sequence number = 167
Timeout, sequence number = 192
Timeout, sequence number = 199
Timeout, sequence number = 200
[CLIENT] Received ACK seq=200
Timeout, sequence number = 219
Timeout, sequence number = 221
Timeout, sequence number = 225
[CLIENT] Sent data seq=300
Timeout, sequence number = 237
Timeout, sequence number = 274
[CLIENT] Received ACK seq=300
Timeout, sequence number = 305
Timeout, sequence number = 307
Timeout, sequence number = 315
[CLIENT] Sent data seq=400
Timeout, sequence number = 340
Timeout, sequence number = 361
Timeout, sequence number = 371
Timeout, sequence number = 372
Timeout, sequence number = 392
Timeout, sequence number = 395
[CLIENT] Received ACK seq=400
Timeout, sequence number = 417
Timeout, sequence number = 431
[CLIENT] Sent data seq=500
Timeout, sequence number = 446
Timeout, sequence number = 448
Timeout, sequence number = 453
Timeout, sequence number = 458
Timeout, sequence number = 461
Timeout, sequence number = 463
Timeout, sequence number = 464
Timeout, sequence number = 471
Timeout, sequence number = 477
Timeout, sequence number = 496
[CLIENT] Received ACK seq=500
Timeout, sequence number = 505
Timeout, sequence number = 510
Timeout, sequence number = 532
[CLIENT] Sent data seq=600
Timeout, sequence number = 540
Timeout, sequence number = 545
Timeout, sequence number = 558
Timeout, sequence number = 581
Timeout, sequence number = 600
[CLIENT] Received ACK seq=600
Timeout, sequence number = 601
Timeout, sequence number = 623
[CLIENT] Sent data seq=700
Timeout, sequence number = 648
Timeout, sequence number = 665
Timeout, sequence number = 672
Timeout, sequence number = 673
[CLIENT] Received ACK seq=700
Timeout, sequence number = 701
Timeout, sequence number = 706
Timeout, sequence number = 709
Timeout, sequence number = 718
[CLIENT] Sent data seq=800
Timeout, sequence number = 785
[CLIENT] Received ACK seq=800
Timeout, sequence number = 805
Timeout, sequence number = 811
[CLIENT] Sent data seq=900
Timeout, sequence number = 882
[CLIENT] Received ACK seq=900
Timeout, sequence number = 908
Timeout, sequence number = 914
[CLIENT] Sent data seq=1000
Timeout, sequence number = 938
Timeout, sequence number = 956
Timeout, sequence number = 983
[CLIENT] Received ACK seq=1000
[CLIENT] Sent data seq=1100
Timeout, sequence number = 1062
Timeout, sequence number = 1070
[CLIENT] Received ACK seq=1100
Timeout, sequence number = 1114
Timeout, sequence number = 1116
Timeout, sequence number = 1118
[CLIENT] Sent data seq=1200
Timeout, sequence number = 1140
Timeout, sequence number = 1159
Timeout, sequence number = 1164
Timeout, sequence number = 1182
[CLIENT] Received ACK seq=1200
Timeout, sequence number = 1206
Timeout, sequence number = 1222
Timeout, sequence number = 1228
[CLIENT] Sent data seq=1300
Timeout, sequence number = 1260
Timeout, sequence number = 1276
Timeout, sequence number = 1286
[CLIENT] Received ACK seq=1300
Timeout, sequence number = 1310
Timeout, sequence number = 1310
Timeout, sequence number = 1328
Timeout, sequence number = 1333
Timeout, sequence number = 1335
[CLIENT] Sent data seq=1400
Timeout, sequence number = 1358
[CLIENT] Received ACK seq=1400
Timeout, sequence number = 1419
Timeout, sequence number = 1420
Timeout, sequence number = 1427
Timeout, sequence number = 1427
[CLIENT] Sent data seq=1500
Timeout, sequence number = 1440
Timeout, sequence number = 1474
Timeout, sequence number = 1495
Timeout, sequence number = 1499
[CLIENT] Received ACK seq=1500
[CLIENT] Summary: sent_packets=1501, ack_packets=1501, retransmitted_packets=5792, timeout_events=93
Transfer complete. Delay = 49.028909 seconds

=== STDERR ===
