=== STDOUT ===
[CLIENT] Starting transfer: server=10.153.27.102:7735, file=demo_input.bin, N=64, MSS=500, total_segments=2401
[CLIENT] Sent data seq=0
[CLIENT] Sent data seq=1
[CLIENT] Sent data seq=2
[CLIENT] Sent data seq=3
[CLIENT] Sent data seq=4
[CLIENT] Received ACK seq=0
[CLIENT] Received ACK seq=1
[CLIENT] Received ACK seq=2
[CLIENT] Received ACK seq=3
[CLIENT] Received ACK seq=4
Timeout, sequence number = 9
Timeout, sequence number = 9
Timeout, sequence number = 21
Timeout, sequence number = 32
[CLIENT] Sent data seq=100
Timeout, sequence number = 39
Timeout, sequence number = 53
Timeout, sequence number = 64
[CLIENT] Received ACK seq=100
Timeout, sequence number = 101
Timeout, sequence number = 114
Timeout, sequence number = 130
Timeout, sequence number = 132
[CLIENT] Sent data seq=200
[CLIENT] Received ACK seq=200
Timeout, sequence number = 202
Timeout, sequence number = 236
Timeout, sequence number = 236
[CLIENT] Sent data seq=300
Timeout, sequence number = 257
Timeout, sequence number = 270
Timeout, sequence number = 292
Timeout, sequence number = 293
[CLIENT] Received ACK seq=300
Timeout, sequence number = 302
Timeout, sequence number = 308
Timeout, sequence number = 317
Timeout, sequence number = 327
[CLIENT] Sent data seq=400
Timeout, sequence number = 348
Timeout, sequence number = 358
Timeout, sequence number = 376
Timeout, sequence number = 382
Timeout, sequence number = 388
[CLIENT] Received ACK seq=400
Timeout, sequence number = 414
[CLIENT] Sent data seq=500
Timeout, sequence number = 457
Timeout, sequence number = 471
[CLIENT] Received ACK seq=500
[CLIENT] Sent data seq=600
Timeout, sequence number = 596
[CLIENT] Received ACK seq=600
Timeout, sequence number = 606
Timeout, sequence number = 621
Timeout, sequence number = 633
[CLIENT] Sent data seq=700
Timeout, sequence number = 652
Timeout, sequence number = 657
Timeout, sequence number = 657
Timeout, sequence number = 698
Timeout, sequence number = 698
[CLIENT] Received ACK seq=700
Timeout, sequence number = 719
Timeout, sequence number = 728
[CLIENT] Sent data seq=800
Timeout, sequence number = 793
Timeout, sequence number = 800
Timeout, sequence number = 800
[CLIENT] Received ACK seq=800
Timeout, sequence number = 811
Timeout, sequence number = 814
Timeout, sequence number = 832
Timeout, sequence number = 836
[CLIENT] Sent data seq=900
Timeout, sequence number = 847
Timeout, sequence number = 862
Timeout, sequence number = 869
Timeout, sequence number = 871
Timeout, sequence number = 878
[CLIENT] Received ACK seq=900
Timeout, sequence number = 901
Timeout, sequence number = 901
Timeout, sequence number = 906
[CLIENT] Sent data seq=1000
Timeout, sequence number = 985
[CLIENT] Received ACK seq=1000
Timeout, sequence number = 1023
Timeout, sequence number = 1025
[CLIENT] Sent data seq=1100
Timeout, sequence number = 1043
Timeout, sequence number = 1089
[CLIENT] Received ACK seq=1100
Timeout, sequence number = 1123
[CLIENT] Sent data seq=1200
Timeout, sequence number = 1160
Timeout, sequence number = 1196
[CLIENT] Received ACK seq=1200
Timeout, sequence number = 1202
Timeout, sequence number = 1228
Timeout, sequence number = 1229
[CLIENT] Sent data seq=1300
Timeout, sequence number = 1254
Timeout, sequence number = 1283
[CLIENT] Received ACK seq=1300
Timeout, sequence number = 1302
[CLIENT] Sent data seq=1400
Timeout, sequence number = 1346
Timeout, sequence number = 1374
Timeout, sequence number = 1381
[CLIENT] Received ACK seq=1400
Timeout, sequence number = 1425
Timeout, sequence number = 1432
[CLIENT] Sent data seq=1500
Timeout, sequence number = 1464
Timeout, sequence number = 1475
Timeout, sequence number = 1478
Timeout, sequence number = 1491
Timeout, sequence number = 1494
Timeout, sequence number = 1497
Timeout, sequence number = 1497
[CLIENT] Received ACK seq=1500
Timeout, sequence number = 1502
Timeout, sequence number = 1504
Timeout, sequence number = 1508
Timeout, sequence number = 1531
[CLIENT] Sent data seq=1600
Timeout, sequence number = 1588
Timeout, sequence number = 1595
[CLIENT] Received ACK seq=1600
Timeout, sequence number = 1615
Timeout, sequence number = 1628
[CLIENT] Sent data seq=1700
Timeout, sequence number = 1651
Timeout, sequence number = 1651
Timeout, sequence number = 1659
Timeout, sequence number = 1683
Timeout, sequence number = 1697
[CLIENT] Received ACK seq=1700
Timeout, sequence number = 1717
[CLIENT] Sent data seq=1800
[CLIENT] Received ACK seq=1800
Timeout, sequence number = 1809
Timeout, sequence number = 1826
Timeout, sequence number = 1827
[CLIENT] Sent data seq=1900
Timeout, sequence number = 1843
Timeout, sequence number = 1846
Timeout, sequence number = 1854
Timeout, sequence number = 1857
Timeout, sequence number = 1860
Timeout, sequence number = 1861
Timeout, sequence number = 1871
Timeout, sequence number = 1883
[CLIENT] Received ACK seq=1900
Timeout, sequence number = 1934
[CLIENT] Sent data seq=2000
Timeout, sequence number = 1946
Timeout, sequence number = 1952
Timeout, sequence number = 1961
Timeout, sequence number = 1999
[CLIENT] Received ACK seq=2000
Timeout, sequence number = 2020
Timeout, sequence number = 2028
[CLIENT] Sent data seq=2100
Timeout, sequence number = 2066
Timeout, sequence number = 2086
Timeout, sequence number = 2092
[CLIENT] Received ACK seq=2100
[CLIENT] Sent data seq=2200
Timeout, sequence number = 2195
[CLIENT] Received ACK seq=2200
[CLIENT] Sent data seq=2300
Timeout, sequence number = 2238
Timeout, sequence number = 2256
Timeout, sequence number = 2256
Timeout, sequence number = 2273
[CLIENT] Received ACK seq=2300
Timeout, sequence number = 2309
Timeout, sequence number = 2309
Timeout, sequence number = 2309
Timeout, sequence number = 2320
Timeout, sequence number = 2327
Timeout, sequence number = 2328
[CLIENT] Sent data seq=2400
Timeout, sequence number = 2344
Timeout, sequence number = 2376
Timeout, sequence number = 2379
[CLIENT] Received ACK seq=2400
[CLIENT] Summary: sent_packets=2401, ack_packets=2401, retransmitted_packets=8296, timeout_events=131
Transfer complete. Delay = 68.674751 seconds

=== STDERR ===
