=== STDOUT ===
[CLIENT] Starting transfer: server=10.153.27.102:7735, file=demo_input.bin, N=64, MSS=100, total_segments=12001
[CLIENT] Sent data seq=0
[CLIENT] Sent data seq=1
[CLIENT] Sent data seq=2
[CLIENT] Sent data seq=3
[CLIENT] Sent data seq=4
[CLIENT] Received ACK seq=0
[CLIENT] Received ACK seq=1
Timeout, sequence number = 2
Timeout, sequence number = 2
[CLIENT] Received ACK seq=2
[CLIENT] Received ACK seq=3
[CLIENT] Received ACK seq=4
Timeout, sequence number = 13
[CLIENT] Sent data seq=100
Timeout, sequence number = 41
Timeout, sequence number = 44
Timeout, sequence number = 57
Timeout, sequence number = 63
Timeout, sequence number = 74
[CLIENT] Received ACK seq=100
Timeout, sequence number = 123
[CLIENT] Sent data seq=200
Timeout, sequence number = 137
Timeout, sequence number = 196
[CLIENT] Received ACK seq=200
Timeout, sequence number = 219
Timeout, sequence number = 219
Timeout, sequence number = 220
Timeout, sequence number = 226
[CLIENT] Sent data seq=300
Timeout, sequence number = 244
Timeout, sequence number = 253
Timeout, sequence number = 257
Timeout, sequence number = 258
Timeout, sequence number = 282
Timeout, sequence number = 291
[CLIENT] Received ACK seq=300
Timeout, sequence number = 320
Timeout, sequence number = 333
[CLIENT] Sent data seq=400
Timeout, sequence number = 362
Timeout, sequence number = 391
Timeout, sequence number = 391
[CLIENT] Received ACK seq=400
[CLIENT] Sent data seq=500
Timeout, sequence number = 447
Timeout, sequence number = 475
Timeout, sequence number = 481
Timeout, sequence number = 490
[CLIENT] Received ACK seq=500
Timeout, sequence number = 507
Timeout, sequence number = 510
Timeout, sequence number = 512
Timeout, sequence number = 519
Timeout, sequence number = 529
[CLIENT] Sent data seq=600
Timeout, sequence number = 545
Timeout, sequence number = 557
Timeout, sequence number = 563
Timeout, sequence number = 597
Timeout, sequence number = 599
[CLIENT] Received ACK seq=600
Timeout, sequence number = 610
Timeout, sequence number = 626
[CLIENT] Sent data seq=700
Timeout, sequence number = 662
Timeout, sequence number = 692
Timeout, sequence number = 693
Timeout, sequence number = 698
[CLIENT] Received ACK seq=700
Timeout, sequence number = 707
Timeout, sequence number = 718
Timeout, sequence number = 725
[CLIENT] Sent data seq=800
Timeout, sequence number = 778
[CLIENT] Received ACK seq=800
Timeout, sequence number = 805
Timeout, sequence number = 815
Timeout, sequence number = 816
Timeout, sequence number = 828
Timeout, sequence number = 828
[CLIENT] Sent data seq=900
Timeout, sequence number = 854
Timeout, sequence number = 881
Timeout, sequence number = 886
[CLIENT] Received ACK seq=900
[CLIENT] Sent data seq=1000
Timeout, sequence number = 942
Timeout, sequence number = 988
[CLIENT] Received ACK seq=1000
Timeout, sequence number = 1017
Timeout, sequence number = 1034
[CLIENT] Sent data seq=1100
Timeout, sequence number = 1037
Timeout, sequence number = 1047
[CLIENT] Received ACK seq=1100
Timeout, sequence number = 1121
Timeout, sequence number = 1130
Timeout, sequence number = 1133
[CLIENT] Sent data seq=1200
Timeout, sequence number = 1137
Timeout, sequence number = 1181
Timeout, sequence number = 1195
[CLIENT] Received ACK seq=1200
Timeout, sequence number = 1209
Timeout, sequence number = 1209
Timeout, sequence number = 1223
Timeout, sequence number = 1227
[CLIENT] Sent data seq=1300
Timeout, sequence number = 1252
Timeout, sequence number = 1268
Timeout, sequence number = 1282
Timeout, sequence number = 1287
Timeout, sequence number = 1292
[CLIENT] Received ACK seq=1300
Timeout, sequence number = 1302
Timeout, sequence number = 1313
Timeout, sequence number = 1325
[CLIENT] Sent data seq=1400
Timeout, sequence number = 1342
Timeout, sequence number = 1361
Timeout, sequence number = 1362
Timeout, sequence number = 1369
Timeout, sequence number = 1378
Timeout, sequence number = 1378
Timeout, sequence number = 1393
[CLIENT] Received ACK seq=1400
Timeout, sequence number = 1426
Timeout, sequence number = 1432
[CLIENT] Sent data seq=1500
Timeout, sequence number = 1495
[CLIENT] Received ACK seq=1500
[CLIENT] Sent data seq=1600
Timeout, sequence number = 1551
Timeout, sequence number = 1551
Timeout, sequence number = 1559
Timeout, sequence number = 1559
Timeout, sequence number = 1566
Timeout, sequence number = 1575
[CLIENT] Received ACK seq=1600
Timeout, sequence number = 1616
[CLIENT] Sent data seq=1700
Timeout, sequence number = 1644
Timeout, sequence number = 1650
[CLIENT] Received ACK seq=1700
Timeout, sequence number = 1711
Timeout, sequence number = 1724
Timeout, sequence number = 1730
Timeout, sequence number = 1732
[CLIENT] Sent data seq=1800
Timeout, sequence number = 1743
Timeout, sequence number = 1776
Timeout, sequence number = 1788
[CLIENT] Received ACK seq=1800
Timeout, sequence number = 1810
Timeout, sequence number = 1816
Timeout, sequence number = 1819
[CLIENT] Sent data seq=1900
Timeout, sequence number = 1865
Timeout, sequence number = 1871
Timeout, sequence number = 1894
[CLIENT] Received ACK seq=1900
Timeout, sequence number = 1910
Timeout, sequence number = 1914
[CLIENT] Sent data seq=2000
Timeout, sequence number = 1944
Timeout, sequence number = 1969
[CLIENT] Received ACK seq=2000
[CLIENT] Sent data seq=2100
Timeout, sequence number = 2057
Timeout, sequence number = 2063
Timeout, sequence number = 2096
[CLIENT] Received ACK seq=2100
Timeout, sequence number = 2123
[CLIENT] Sent data seq=2200
Timeout, sequence number = 2145
Timeout, sequence number = 2151
Timeout, sequence number = 2173
Timeout, sequence number = 2177
Timeout, sequence number = 2183
Timeout, sequence number = 2197
[CLIENT] Received ACK seq=2200
Timeout, sequence number = 2206
Timeout, sequence number = 2206
[CLIENT] Sent data seq=2300
Timeout, sequence number = 2253
Timeout, sequence number = 2287
Timeout, sequence number = 2290
[CLIENT] Received ACK seq=2300
Timeout, sequence number = 2311
[CLIENT] Sent data seq=2400
Timeout, sequence number = 2347
Timeout, sequence number = 2378
Timeout, sequence number = 2389
[CLIENT] Received ACK seq=2400
Timeout, sequence number = 2409
Timeout, sequence number = 2417
Timeout, sequence number = 2422
Timeout, sequence number = 2427
[CLIENT] Sent data seq=2500
Timeout, sequence number = 2442
Timeout, sequence number = 2446
[CLIENT] Received ACK seq=2500
Timeout, sequence number = 2510
Timeout, sequence number = 2521
Timeout, sequence number = 2528
Timeout, sequence number = 2528
[CLIENT] Sent data seq=2600
Timeout, sequence number = 2545
Timeout, sequence number = 2573
Timeout, sequence number = 2580
Timeout, sequence number = 2594
[CLIENT] Received ACK seq=2600
Timeout, sequence number = 2614
Timeout, sequence number = 2630
[CLIENT] Sent data seq=2700
Timeout, sequence number = 2640
Timeout, sequence number = 2660
Timeout, sequence number = 2669
Timeout, sequence number = 2671
Timeout, sequence number = 2692
Timeout, sequence number = 2700
[CLIENT] Received ACK seq=2700
Timeout, sequence number = 2717
[CLIENT] Sent data seq=2800
Timeout, sequence number = 2756
Timeout, sequence number = 2756
Timeout, sequence number = 2797
[CLIENT] Received ACK seq=2800
Timeout, sequence number = 2802
Timeout, sequence number = 2811
[CLIENT] Sent data seq=2900
Timeout, sequence number = 2837
Timeout, sequence number = 2851
Timeout, sequence number = 2854
Timeout, sequence number = 2859
Timeout, sequence number = 2861
Timeout, sequence number = 2862
Timeout, sequence number = 2870
Timeout, sequence number = 2889
Timeout, sequence number = 2891
[CLIENT] Received ACK seq=2900
[CLIENT] Sent data seq=3000
Timeout, sequence number = 2954
Timeout, sequence number = 2991
[CLIENT] Received ACK seq=3000
[CLIENT] Sent data seq=3100
Timeout, sequence number = 3044
Timeout, sequence number = 3061
[CLIENT] Received ACK seq=3100
Timeout, sequence number = 3109
Timeout, sequence number = 3111
[CLIENT] Sent data seq=3200
Timeout, sequence number = 3143
Timeout, sequence number = 3159
Timeout, sequence number = 3179
Timeout, sequence number = 3181
[CLIENT] Received ACK seq=3200
[CLIENT] Sent data seq=3300
Timeout, sequence number = 3243
Timeout, sequence number = 3246
Timeout, sequence number = 3246
Timeout, sequence number = 3300
[CLIENT] Received ACK seq=3300
Timeout, sequence number = 3318
Timeout, sequence number = 3318
[CLIENT] Sent data seq=3400
Timeout, sequence number = 3361
Timeout, sequence number = 3392
[CLIENT] Received ACK seq=3400
[CLIENT] Sent data seq=3500
Timeout, sequence number = 3441
Timeout, sequence number = 3445
Timeout, sequence number = 3481
Timeout, sequence number = 3483
Timeout, sequence number = 3497
[CLIENT] Received ACK seq=3500
[CLIENT] Sent data seq=3600
Timeout, sequence number = 3565
[CLIENT] Received ACK seq=3600
[CLIENT] Sent data seq=3700
Timeout, sequence number = 3648
Timeout, sequence number = 3659
Timeout, sequence number = 3675
Timeout, sequence number = 3680
[CLIENT] Received ACK seq=3700
Timeout, sequence number = 3702
Timeout, sequence number = 3711
Timeout, sequence number = 3714
Timeout, sequence number = 3716
[CLIENT] Sent data seq=3800
Timeout, sequence number = 3767
Timeout, sequence number = 3775
[CLIENT] Received ACK seq=3800
Timeout, sequence number = 3831
[CLIENT] Sent data seq=3900
Timeout, sequence number = 3850
Timeout, sequence number = 3855
Timeout, sequence number = 3888
Timeout, sequence number = 3899
Timeout, sequence number = 3900
[CLIENT] Received ACK seq=3900
[CLIENT] Sent data seq=4000
Timeout, sequence number = 3953
Timeout, sequence number = 3991
Timeout, sequence number = 4000
[CLIENT] Received ACK seq=4000
Timeout, sequence number = 4011
Timeout, sequence number = 4024
[CLIENT] Sent data seq=4100
Timeout, sequence number = 4066
Timeout, sequence number = 4069
Timeout, sequence number = 4095
[CLIENT] Received ACK seq=4100
Timeout, sequence number = 4125
[CLIENT] Sent data seq=4200
Timeout, sequence number = 4157
Timeout, sequence number = 4170
Timeout, sequence number = 4200
[CLIENT] Received ACK seq=4200
Timeout, sequence number = 4231
Timeout, sequence number = 4234
[CLIENT] Sent data seq=4300
Timeout, sequence number = 4258
Timeout, sequence number = 4280
Timeout, sequence number = 4292
[CLIENT] Received ACK seq=4300
Timeout, sequence number = 4317
[CLIENT] Sent data seq=4400
Timeout, sequence number = 4355
Timeout, sequence number = 4374
Timeout, sequence number = 4375
Timeout, sequence number = 4388
[CLIENT] Received ACK seq=4400
Timeout, sequence number = 4405
Timeout, sequence number = 4431
[CLIENT] Sent data seq=4500
Timeout, sequence number = 4451
Timeout, sequence number = 4463
Timeout, sequence number = 4463
Timeout, sequence number = 4479
Timeout, sequence number = 4485
[CLIENT] Received ACK seq=4500
Timeout, sequence number = 4536
[CLIENT] Sent data seq=4600
[CLIENT] Received ACK seq=4600
Timeout, sequence number = 4605
Timeout, sequence number = 4612
[CLIENT] Sent data seq=4700
Timeout, sequence number = 4680
[CLIENT] Received ACK seq=4700
Timeout, sequence number = 4701
Timeout, sequence number = 4727
Timeout, sequence number = 4727
Timeout, sequence number = 4734
Timeout, sequence number = 4735
Timeout, sequence number = 4736
[CLIENT] Sent data seq=4800
Timeout, sequence number = 4746
[CLIENT] Received ACK seq=4800
Timeout, sequence number = 4817
Timeout, sequence number = 4831
[CLIENT] Sent data seq=4900
Timeout, sequence number = 4899
[CLIENT] Received ACK seq=4900
[CLIENT] Sent data seq=5000
Timeout, sequence number = 4962
Timeout, sequence number = 4962
Timeout, sequence number = 4985
Timeout, sequence number = 4986
Timeout, sequence number = 4989
Timeout, sequence number = 4990
[CLIENT] Received ACK seq=5000
Timeout, sequence number = 5009
Timeout, sequence number = 5019
Timeout, sequence number = 5027
Timeout, sequence number = 5028
Timeout, sequence number = 5032
Timeout, sequence number = 5034
[CLIENT] Sent data seq=5100
Timeout, sequence number = 5098
[CLIENT] Received ACK seq=5100
Timeout, sequence number = 5113
[CLIENT] Sent data seq=5200
Timeout, sequence number = 5145
Timeout, sequence number = 5164
Timeout, sequence number = 5166
Timeout, sequence number = 5175
Timeout, sequence number = 5193
[CLIENT] Received ACK seq=5200
Timeout, sequence number = 5210
Timeout, sequence number = 5215
Timeout, sequence number = 5234
[CLIENT] Sent data seq=5300
Timeout, sequence number = 5247
Timeout, sequence number = 5252
Timeout, sequence number = 5262
Timeout, sequence number = 5270
[CLIENT] Received ACK seq=5300
Timeout, sequence number = 5321
[CLIENT] Sent data seq=5400
Timeout, sequence number = 5362
[CLIENT] Received ACK seq=5400
Timeout, sequence number = 5407
[CLIENT] Sent data seq=5500
Timeout, sequence number = 5439
Timeout, sequence number = 5461
Timeout, sequence number = 5462
[CLIENT] Received ACK seq=5500
Timeout, sequence number = 5529
Timeout, sequence number = 5534
[CLIENT] Sent data seq=5600
Timeout, sequence number = 5544
Timeout, sequence number = 5548
[CLIENT] Received ACK seq=5600
Timeout, sequence number = 5614
Timeout, sequence number = 5616
Timeout, sequence number = 5627
Timeout, sequence number = 5632
[CLIENT] Sent data seq=5700
Timeout, sequence number = 5648
Timeout, sequence number = 5649
Timeout, sequence number = 5673
Timeout, sequence number = 5674
Timeout, sequence number = 5674
Timeout, sequence number = 5684
Timeout, sequence number = 5695
Timeout, sequence number = 5696
Timeout, sequence number = 5696
[CLIENT] Received ACK seq=5700
Timeout, sequence number = 5724
[CLIENT] Sent data seq=5800
Timeout, sequence number = 5758
Timeout, sequence number = 5765
Timeout, sequence number = 5791
[CLIENT] Received ACK seq=5800
Timeout, sequence number = 5823
[CLIENT] Sent data seq=5900
Timeout, sequence number = 5864
Timeout, sequence number = 5889
[CLIENT] Received ACK seq=5900
Timeout, sequence number = 5914
Timeout, sequence number = 5925
Timeout, sequence number = 5929
[CLIENT] Sent data seq=6000
[CLIENT] Received ACK seq=6000
[CLIENT] Sent data seq=6100
Timeout, sequence number = 6066
Timeout, sequence number = 6085
Timeout, sequence number = 6100
[CLIENT] Received ACK seq=6100
Timeout, sequence number = 6105
[CLIENT] Sent data seq=6200
Timeout, sequence number = 6148
Timeout, sequence number = 6162
Timeout, sequence number = 6185
[CLIENT] Received ACK seq=6200
Timeout, sequence number = 6222
Timeout, sequence number = 6226
[CLIENT] Sent data seq=6300
Timeout, sequence number = 6241
Timeout, sequence number = 6242
Timeout, sequence number = 6247
Timeout, sequence number = 6295
Timeout, sequence number = 6300
[CLIENT] Received ACK seq=6300
Timeout, sequence number = 6306
Timeout, sequence number = 6309
[CLIENT] Sent data seq=6400
Timeout, sequence number = 6344
Timeout, sequence number = 6346
Timeout, sequence number = 6361
Timeout, sequence number = 6378
[CLIENT] Received ACK seq=6400
[CLIENT] Sent data seq=6500
Timeout, sequence number = 6481
Timeout, sequence number = 6489
Timeout, sequence number = 6491
[CLIENT] Received ACK seq=6500
Timeout, sequence number = 6503
Timeout, sequence number = 6506
Timeout, sequence number = 6507
Timeout, sequence number = 6528
[CLIENT] Sent data seq=6600
Timeout, sequence number = 6539
Timeout, sequence number = 6570
Timeout, sequence number = 6586
[CLIENT] Received ACK seq=6600
Timeout, sequence number = 6602
Timeout, sequence number = 6609
[CLIENT] Sent data seq=6700
Timeout, sequence number = 6700
[CLIENT] Received ACK seq=6700
Timeout, sequence number = 6703
Timeout, sequence number = 6730
[CLIENT] Sent data seq=6800
Timeout, sequence number = 6767
[CLIENT] Received ACK seq=6800
Timeout, sequence number = 6802
Timeout, sequence number = 6813
[CLIENT] Sent data seq=6900
Timeout, sequence number = 6863
[CLIENT] Received ACK seq=6900
[CLIENT] Sent data seq=7000
Timeout, sequence number = 6940
Timeout, sequence number = 6947
Timeout, sequence number = 6979
[CLIENT] Received ACK seq=7000
Timeout, sequence number = 7010
Timeout, sequence number = 7014
Timeout, sequence number = 7017
[CLIENT] Sent data seq=7100
Timeout, sequence number = 7095
[CLIENT] Received ACK seq=7100
[CLIENT] Sent data seq=7200
Timeout, sequence number = 7144
Timeout, sequence number = 7171
Timeout, sequence number = 7181
Timeout, sequence number = 7185
Timeout, sequence number = 7186
Timeout, sequence number = 7195
[CLIENT] Received ACK seq=7200
Timeout, sequence number = 7211
[CLIENT] Sent data seq=7300
Timeout, sequence number = 7254
Timeout, sequence number = 7262
Timeout, sequence number = 7264
Timeout, sequence number = 7265
[CLIENT] Received ACK seq=7300
Timeout, sequence number = 7312
Timeout, sequence number = 7316
Timeout, sequence number = 7316
Timeout, sequence number = 7327
[CLIENT] Sent data seq=7400
Timeout, sequence number = 7337
Timeout, sequence number = 7364
Timeout, sequence number = 7374
Timeout, sequence number = 7399
[CLIENT] Received ACK seq=7400
Timeout, sequence number = 7403
[CLIENT] Sent data seq=7500
Timeout, sequence number = 7438
Timeout, sequence number = 7455
Timeout, sequence number = 7461
Timeout, sequence number = 7461
Timeout, sequence number = 7481
Timeout, sequence number = 7489
Timeout, sequence number = 7492
Timeout, sequence number = 7500
Timeout, sequence number = 7500
[CLIENT] Received ACK seq=7500
Timeout, sequence number = 7511
[CLIENT] Sent data seq=7600
Timeout, sequence number = 7537
Timeout, sequence number = 7544
Timeout, sequence number = 7548
Timeout, sequence number = 7577
[CLIENT] Received ACK seq=7600
Timeout, sequence number = 7606
[CLIENT] Sent data seq=7700
Timeout, sequence number = 7646
Timeout, sequence number = 7671
[CLIENT] Received ACK seq=7700
Timeout, sequence number = 7724
Timeout, sequence number = 7734
[CLIENT] Sent data seq=7800
Timeout, sequence number = 7738
Timeout, sequence number = 7745
Timeout, sequence number = 7746
Timeout, sequence number = 7748
Timeout, sequence number = 7796
Timeout, sequence number = 7799
[CLIENT] Received ACK seq=7800
[CLIENT] Sent data seq=7900
Timeout, sequence number = 7844
Timeout, sequence number = 7875
Timeout, sequence number = 7879
Timeout, sequence number = 7900
[CLIENT] Received ACK seq=7900
Timeout, sequence number = 7914
[CLIENT] Sent data seq=8000
[CLIENT] Received ACK seq=8000
Timeout, sequence number = 8006
Timeout, sequence number = 8011
Timeout, sequence number = 8011
Timeout, sequence number = 8011
Timeout, sequence number = 8012
Timeout, sequence number = 8017
Timeout, sequence number = 8033
Timeout, sequence number = 8033
Timeout, sequence number = 8034
[CLIENT] Sent data seq=8100
Timeout, sequence number = 8048
Timeout, sequence number = 8061
Timeout, sequence number = 8067
Timeout, sequence number = 8067
[CLIENT] Received ACK seq=8100
[CLIENT] Sent data seq=8200
Timeout, sequence number = 8151
Timeout, sequence number = 8164
Timeout, sequence number = 8172
Timeout, sequence number = 8179
Timeout, sequence number = 8180
Timeout, sequence number = 8189
[CLIENT] Received ACK seq=8200
[CLIENT] Sent data seq=8300
[CLIENT] Received ACK seq=8300
Timeout, sequence number = 8311
Timeout, sequence number = 8315
[CLIENT] Sent data seq=8400
Timeout, sequence number = 8351
Timeout, sequence number = 8387
Timeout, sequence number = 8387
Timeout, sequence number = 8390
Timeout, sequence number = 8399
Timeout, sequence number = 8399
[CLIENT] Received ACK seq=8400
Timeout, sequence number = 8413
Timeout, sequence number = 8419
[CLIENT] Sent data seq=8500
Timeout, sequence number = 8458
Timeout, sequence number = 8462
Timeout, sequence number = 8477
[CLIENT] Received ACK seq=8500
Timeout, sequence number = 8501
Timeout, sequence number = 8507
Timeout, sequence number = 8520
[CLIENT] Sent data seq=8600
Timeout, sequence number = 8539
Timeout, sequence number = 8565
Timeout, sequence number = 8578
[CLIENT] Received ACK seq=8600
Timeout, sequence number = 8606
Timeout, sequence number = 8633
Timeout, sequence number = 8634
[CLIENT] Sent data seq=8700
Timeout, sequence number = 8639
Timeout, sequence number = 8653
Timeout, sequence number = 8669
[CLIENT] Received ACK seq=8700
Timeout, sequence number = 8722
Timeout, sequence number = 8734
[CLIENT] Sent data seq=8800
Timeout, sequence number = 8748
Timeout, sequence number = 8778
Timeout, sequence number = 8779
Timeout, sequence number = 8799
[CLIENT] Received ACK seq=8800
Timeout, sequence number = 8801
Timeout, sequence number = 8806
Timeout, sequence number = 8815
Timeout, sequence number = 8821
[CLIENT] Sent data seq=8900
Timeout, sequence number = 8892
[CLIENT] Received ACK seq=8900
Timeout, sequence number = 8932
[CLIENT] Sent data seq=9000
Timeout, sequence number = 8953
Timeout, sequence number = 8980
Timeout, sequence number = 8984
[CLIENT] Received ACK seq=9000
Timeout, sequence number = 9015
Timeout, sequence number = 9026
[CLIENT] Sent data seq=9100
Timeout, sequence number = 9042
Timeout, sequence number = 9042
Timeout, sequence number = 9080
Timeout, sequence number = 9081
Timeout, sequence number = 9089
Timeout, sequence number = 9090
Timeout, sequence number = 9092
Timeout, sequence number = 9100
[CLIENT] Received ACK seq=9100
Timeout, sequence number = 9123
Timeout, sequence number = 9125
[CLIENT] Sent data seq=9200
Timeout, sequence number = 9191
[CLIENT] Received ACK seq=9200
Timeout, sequence number = 9204
Timeout, sequence number = 9208
Timeout, sequence number = 9228
Timeout, sequence number = 9236
[CLIENT] Sent data seq=9300
Timeout, sequence number = 9238
Timeout, sequence number = 9246
Timeout, sequence number = 9259
Timeout, sequence number = 9270
Timeout, sequence number = 9290
Timeout, sequence number = 9294
[CLIENT] Received ACK seq=9300
Timeout, sequence number = 9302
Timeout, sequence number = 9315
[CLIENT] Sent data seq=9400
Timeout, sequence number = 9349
Timeout, sequence number = 9395
[CLIENT] Received ACK seq=9400
Timeout, sequence number = 9405
Timeout, sequence number = 9419
[CLIENT] Sent data seq=9500
Timeout, sequence number = 9486
[CLIENT] Received ACK seq=9500
Timeout, sequence number = 9527
[CLIENT] Sent data seq=9600
Timeout, sequence number = 9544
Timeout, sequence number = 9551
Timeout, sequence number = 9564
[CLIENT] Received ACK seq=9600
Timeout, sequence number = 9615
Timeout, sequence number = 9633
[CLIENT] Sent data seq=9700
Timeout, sequence number = 9656
Timeout, sequence number = 9669
Timeout, sequence number = 9680
Timeout, sequence number = 9683
[CLIENT] Received ACK seq=9700
Timeout, sequence number = 9711
[CLIENT] Sent data seq=9800
Timeout, sequence number = 9737
Timeout, sequence number = 9757
Timeout, sequence number = 9777
Timeout, sequence number = 9795
Timeout, sequence number = 9797
Timeout, sequence number = 9798
Timeout, sequence number = 9800
[CLIENT] Received ACK seq=9800
Timeout, sequence number = 9834
[CLIENT] Sent data seq=9900
Timeout, sequence number = 9844
Timeout, sequence number = 9851
Timeout, sequence number = 9874
Timeout, sequence number = 9881
[CLIENT] Received ACK seq=9900
[CLIENT] Sent data seq=10000
Timeout, sequence number = 9970
Timeout, sequence number = 9998
[CLIENT] Received ACK seq=10000
Timeout, sequence number = 10005
Timeout, sequence number = 10008
Timeout, sequence number = 10024
Timeout, sequence number = 10031
[CLIENT] Sent data seq=10100
Timeout, sequence number = 10046
Timeout, sequence number = 10047
Timeout, sequence number = 10063
[CLIENT] Received ACK seq=10100
Timeout, sequence number = 10106
Timeout, sequence number = 10112
[CLIENT] Sent data seq=10200
Timeout, sequence number = 10180
[CLIENT] Received ACK seq=10200
Timeout, sequence number = 10203
Timeout, sequence number = 10214
[CLIENT] Sent data seq=10300
Timeout, sequence number = 10254
Timeout, sequence number = 10259
Timeout, sequence number = 10270
[CLIENT] Received ACK seq=10300
Timeout, sequence number = 10306
[CLIENT] Sent data seq=10400
Timeout, sequence number = 10357
Timeout, sequence number = 10362
[CLIENT] Received ACK seq=10400
Timeout, sequence number = 10404
[CLIENT] Sent data seq=10500
Timeout, sequence number = 10439
Timeout, sequence number = 10471
[CLIENT] Received ACK seq=10500
Timeout, sequence number = 10512
Timeout, sequence number = 10532
[CLIENT] Sent data seq=10600
[CLIENT] Received ACK seq=10600
[CLIENT] Sent data seq=10700
Timeout, sequence number = 10649
Timeout, sequence number = 10650
Timeout, sequence number = 10651
Timeout, sequence number = 10656
Timeout, sequence number = 10688
Timeout, sequence number = 10698
[CLIENT] Received ACK seq=10700
Timeout, sequence number = 10702
Timeout, sequence number = 10726
[CLIENT] Sent data seq=10800
Timeout, sequence number = 10767
Timeout, sequence number = 10789
[CLIENT] Received ACK seq=10800
Timeout, sequence number = 10801
Timeout, sequence number = 10807
Timeout, sequence number = 10808
Timeout, sequence number = 10820
Timeout, sequence number = 10823
[CLIENT] Sent data seq=10900
[CLIENT] Received ACK seq=10900
Timeout, sequence number = 10914
Timeout, sequence number = 10919
[CLIENT] Sent data seq=11000
Timeout, sequence number = 10984
[CLIENT] Received ACK seq=11000
Timeout, sequence number = 11008
Timeout, sequence number = 11019
Timeout, sequence number = 11026
Timeout, sequence number = 11031
[CLIENT] Sent data seq=11100
Timeout, sequence number = 11054
Timeout, sequence number = 11060
Timeout, sequence number = 11069
Timeout, sequence number = 11097
[CLIENT] Received ACK seq=11100
Timeout, sequence number = 11121
[CLIENT] Sent data seq=11200
Timeout, sequence number = 11137
Timeout, sequence number = 11146
Timeout, sequence number = 11155
Timeout, sequence number = 11174
Timeout, sequence number = 11190
[CLIENT] Received ACK seq=11200
Timeout, sequence number = 11202
Timeout, sequence number = 11211
Timeout, sequence number = 11222
Timeout, sequence number = 11228
Timeout, sequence number = 11234
Timeout, sequence number = 11235
[CLIENT] Sent data seq=11300
Timeout, sequence number = 11243
Timeout, sequence number = 11247
Timeout, sequence number = 11250
Timeout, sequence number = 11262
Timeout, sequence number = 11268
Timeout, sequence number = 11287
[CLIENT] Received ACK seq=11300
Timeout, sequence number = 11311
Timeout, sequence number = 11316
[CLIENT] Sent data seq=11400
Timeout, sequence number = 11337
Timeout, sequence number = 11337
Timeout, sequence number = 11341
Timeout, sequence number = 11375
Timeout, sequence number = 11386
Timeout, sequence number = 11392
[CLIENT] Received ACK seq=11400
Timeout, sequence number = 11407
[CLIENT] Sent data seq=11500
Timeout, sequence number = 11450
Timeout, sequence number = 11479
Timeout, sequence number = 11498
[CLIENT] Received ACK seq=11500
Timeout, sequence number = 11501
[CLIENT] Sent data seq=11600
Timeout, sequence number = 11592
Timeout, sequence number = 11600
[CLIENT] Received ACK seq=11600
Timeout, sequence number = 11617
[CLIENT] Sent data seq=11700
Timeout, sequence number = 11649
Timeout, sequence number = 11678
[CLIENT] Received ACK seq=11700
Timeout, sequence number = 11701
Timeout, sequence number = 11705
Timeout, sequence number = 11734
Timeout, sequence number = 11735
[CLIENT] Sent data seq=11800
Timeout, sequence number = 11750
Timeout, sequence number = 11752
Timeout, sequence number = 11754
Timeout, sequence number = 11759
Timeout, sequence number = 11773
Timeout, sequence number = 11793
Timeout, sequence number = 11794
[CLIENT] Received ACK seq=11800
Timeout, sequence number = 11816
Timeout, sequence number = 11816
Timeout, sequence number = 11820
[CLIENT] Sent data seq=11900
Timeout, sequence number = 11848
Timeout, sequence number = 11868
[CLIENT] Received ACK seq=11900
Timeout, sequence number = 11905
Timeout, sequence number = 11908
[CLIENT] Sent data seq=12000
Timeout, sequence number = 11991
[CLIENT] Received ACK seq=12000
[CLIENT] Summary: sent_packets=12001, ack_packets=12001, retransmitted_packets=40266, timeout_events=630
Transfer complete. Delay = 330.594382 seconds

=== STDERR ===
