=== STDOUT ===
[CLIENT] Starting transfer: server=10.153.27.102:7735, file=demo_input.bin, N=64, MSS=500, total_segments=2401
[CLIENT] Sent data seq=0
[CLIENT] Sent data seq=1
[CLIENT] Sent data seq=2
[CLIENT] Sent data seq=3
[CLIENT] Sent data seq=4
[CLIENT] Received ACK seq=0
[CLIENT] Received ACK seq=1
[CLIENT] Received ACK seq=2
Timeout, sequence number = 3
[CLIENT] Received ACK seq=3
Timeout, sequence number = 4
[CLIENT] Received ACK seq=4
[CLIENT] Sent data seq=100
[CLIENT] Received ACK seq=100
[CLIENT] Sent data seq=200
Timeout, sequence number = 156
[CLIENT] Received ACK seq=200
[CLIENT] Sent data seq=300
Timeout, sequence number = 285
[CLIENT] Received ACK seq=300
[CLIENT] Sent data seq=400
Timeout, sequence number = 368
[CLIENT] Received ACK seq=400
[CLIENT] Sent data seq=500
[CLIENT] Received ACK seq=500
Timeout, sequence number = 515
[CLIENT] Sent data seq=600
[CLIENT] Received ACK seq=600
Timeout, sequence number = 605
[CLIENT] Sent data seq=700
Timeout, sequence number = 681
Timeout, sequence number = 694
[CLIENT] Received ACK seq=700
Timeout, sequence number = 711
[CLIENT] Sent data seq=800
[CLIENT] Received ACK seq=800
[CLIENT] Sent data seq=900
[CLIENT] Received ACK seq=900
[CLIENT] Sent data seq=1000
[CLIENT] Received ACK seq=1000
Timeout, sequence number = 1012
[CLIENT] Sent data seq=1100
Timeout, sequence number = 1089
[CLIENT] Received ACK seq=1100
[CLIENT] Sent data seq=1200
Timeout, sequence number = 1182
[CLIENT] Received ACK seq=1200
Timeout, sequence number = 1213
[CLIENT] Sent data seq=1300
[CLIENT] Received ACK seq=1300
[CLIENT] Sent data seq=1400
[CLIENT] Received ACK seq=1400
Timeout, sequence number = 1406
Timeout, sequence number = 1407
Timeout, sequence number = 1414
[CLIENT] Sent data seq=1500
Timeout, sequence number = 1452
[CLIENT] Received ACK seq=1500
[CLIENT] Sent data seq=1600
[CLIENT] Received ACK seq=1600
[CLIENT] Sent data seq=1700
Timeout, sequence number = 1700
[CLIENT] Received ACK seq=1700
[CLIENT] Sent data seq=1800
[CLIENT] Received ACK seq=1800
[CLIENT] Sent data seq=1900
[CLIENT] Received ACK seq=1900
Timeout, sequence number = 1932
[CLIENT] Sent data seq=2000
[CLIENT] Received ACK seq=2000
Timeout, sequence number = 2011
[CLIENT] Sent data seq=2100
Timeout, sequence number = 2050
[CLIENT] Received ACK seq=2100
[CLIENT] Sent data seq=2200
[CLIENT] Received ACK seq=2200
Timeout, sequence number = 2208
[CLIENT] Sent data seq=2300
[CLIENT] Received ACK seq=2300
[CLIENT] Sent data seq=2400
Timeout, sequence number = 2350
[CLIENT] Received ACK seq=2400
[CLIENT] Summary: sent_packets=2401, ack_packets=2401, retransmitted_packets=1523, timeout_events=24
Transfer complete. Delay = 13.517694 seconds

=== STDERR ===
