=== STDOUT ===
[CLIENT] Starting transfer: server=10.153.27.102:7735, file=demo_input.bin, N=64, MSS=500, total_segments=2401
[CLIENT] Sent data seq=0
[CLIENT] Sent data seq=1
[CLIENT] Sent data seq=2
[CLIENT] Sent data seq=3
[CLIENT] Sent data seq=4
[CLIENT] Received ACK seq=0
[CLIENT] Received ACK seq=1
[CLIENT] Received ACK seq=2
[CLIENT] Received ACK seq=3
[CLIENT] Received ACK seq=4
Timeout, sequence number = 7
Timeout, sequence number = 25
[CLIENT] Sent data seq=100
Timeout, sequence number = 38
Timeout, sequence number = 54
Timeout, sequence number = 54
Timeout, sequence number = 58
Timeout, sequence number = 62
Timeout, sequence number = 76
[CLIENT] Received ACK seq=100
Timeout, sequence number = 130
[CLIENT] Sent data seq=200
Timeout, sequence number = 165
Timeout, sequence number = 172
Timeout, sequence number = 196
Timeout, sequence number = 199
[CLIENT] Received ACK seq=200
Timeout, sequence number = 203
Timeout, sequence number = 207
[CLIENT] Sent data seq=300
Timeout, sequence number = 242
Timeout, sequence number = 254
Timeout, sequence number = 261
Timeout, sequence number = 266
Timeout, sequence number = 277
Timeout, sequence number = 278
[CLIENT] Received ACK seq=300
Timeout, sequence number = 302
Timeout, sequence number = 306
Timeout, sequence number = 311
Timeout, sequence number = 317
Timeout, sequence number = 325
Timeout, sequence number = 326
[CLIENT] Sent data seq=400
Timeout, sequence number = 337
Timeout, sequence number = 349
Timeout, sequence number = 351
Timeout, sequence number = 367
Timeout, sequence number = 397
Timeout, sequence number = 400
[CLIENT] Received ACK seq=400
Timeout, sequence number = 404
Timeout, sequence number = 407
Timeout, sequence number = 413
Timeout, sequence number = 413
Timeout, sequence number = 419
[CLIENT] Sent data seq=500
Timeout, sequence number = 474
Timeout, sequence number = 486
Timeout, sequence number = 488
Timeout, sequence number = 497
[CLIENT] Received ACK seq=500
Timeout, sequence number = 502
Timeout, sequence number = 510
Timeout, sequence number = 511
Timeout, sequence number = 517
Timeout, sequence number = 531
Timeout, sequence number = 533
Timeout, sequence number = 533
Timeout, sequence number = 534
Timeout, sequence number = 536
[CLIENT] Sent data seq=600
Timeout, sequence number = 539
Timeout, sequence number = 539
Timeout, sequence number = 541
Timeout, sequence number = 545
Timeout, sequence number = 548
Timeout, sequence number = 559
Timeout, sequence number = 563
[CLIENT] Received ACK seq=600
Timeout, sequence number = 625
Timeout, sequence number = 630
[CLIENT] Sent data seq=700
Timeout, sequence number = 646
Timeout, sequence number = 646
Timeout, sequence number = 652
Timeout, sequence number = 678
Timeout, sequence number = 697
[CLIENT] Received ACK seq=700
[CLIENT] Sent data seq=800
Timeout, sequence number = 740
Timeout, sequence number = 744
Timeout, sequence number = 752
Timeout, sequence number = 759
Timeout, sequence number = 770
Timeout, sequence number = 773
Timeout, sequence number = 783
Timeout, sequence number = 783
Timeout, sequence number = 786
Timeout, sequence number = 794
[CLIENT] Received ACK seq=800
Timeout, sequence number = 808
Timeout, sequence number = 825
Timeout, sequence number = 827
[CLIENT] Sent data seq=900
Timeout, sequence number = 840
Timeout, sequence number = 842
Timeout, sequence number = 854
Timeout, sequence number = 875
Timeout, sequence number = 898
Timeout, sequence number = 900
[CLIENT] Received ACK seq=900
Timeout, sequence number = 904
Timeout, sequence number = 916
Timeout, sequence number = 934
[CLIENT] Sent data seq=1000
Timeout, sequence number = 947
Timeout, sequence number = 953
Timeout, sequence number = 970
Timeout, sequence number = 971
Timeout, sequence number = 987
Timeout, sequence number = 989
Timeout, sequence number = 998
[CLIENT] Received ACK seq=1000
Timeout, sequence number = 1016
Timeout, sequence number = 1026
Timeout, sequence number = 1033
[CLIENT] Sent data seq=1100
Timeout, sequence number = 1038
Timeout, sequence number = 1047
Timeout, sequence number = 1079
Timeout, sequence number = 1082
[CLIENT] Received ACK seq=1100
Timeout, sequence number = 1104
Timeout, sequence number = 1121
Timeout, sequence number = 1130
[CLIENT] Sent data seq=1200
Timeout, sequence number = 1138
Timeout, sequence number = 1139
Timeout, sequence number = 1141
Timeout, sequence number = 1145
Timeout, sequence number = 1175
Timeout, sequence number = 1176
Timeout, sequence number = 1189
[CLIENT] Received ACK seq=1200
Timeout, sequence number = 1217
Timeout, sequence number = 1221
Timeout, sequence number = 1236
[CLIENT] Sent data seq=1300
Timeout, sequence number = 1237
Timeout, sequence number = 1243
Timeout, sequence number = 1261
Timeout, sequence number = 1269
Timeout, sequence number = 1274
[CLIENT] Received ACK seq=1300
Timeout, sequence number = 1303
Timeout, sequence number = 1319
Timeout, sequence number = 1321
Timeout, sequence number = 1326
Timeout, sequence number = 1330
Timeout, sequence number = 1336
[CLIENT] Sent data seq=1400
Timeout, sequence number = 1340
Timeout, sequence number = 1340
Timeout, sequence number = 1357
Timeout, sequence number = 1363
Timeout, sequence number = 1365
Timeout, sequence number = 1367
Timeout, sequence number = 1376
Timeout, sequence number = 1376
Timeout, sequence number = 1384
[CLIENT] Received ACK seq=1400
Timeout, sequence number = 1418
Timeout, sequence number = 1423
Timeout, sequence number = 1431
Timeout, sequence number = 1434
[CLIENT] Sent data seq=1500
Timeout, sequence number = 1437
Timeout, sequence number = 1442
Timeout, sequence number = 1452
Timeout, sequence number = 1463
Timeout, sequence number = 1468
Timeout, sequence number = 1492
[CLIENT] Received ACK seq=1500
Timeout, sequence number = 1504
Timeout, sequence number = 1506
Timeout, sequence number = 1514
Timeout, sequence number = 1518
Timeout, sequence number = 1534
[CLIENT] Sent data seq=1600
Timeout, sequence number = 1538
Timeout, sequence number = 1550
Timeout, sequence number = 1566
Timeout, sequence number = 1585
Timeout, sequence number = 1588
[CLIENT] Received ACK seq=1600
Timeout, sequence number = 1608
Timeout, sequence number = 1608
Timeout, sequence number = 1618
Timeout, sequence number = 1624
[CLIENT] Sent data seq=1700
Timeout, sequence number = 1644
Timeout, sequence number = 1649
Timeout, sequence number = 1674
Timeout, sequence number = 1686
Timeout, sequence number = 1690
Timeout, sequence number = 1692
[CLIENT] Received ACK seq=1700
Timeout, sequence number = 1733
[CLIENT] Sent data seq=1800
Timeout, sequence number = 1745
Timeout, sequence number = 1768
Timeout, sequence number = 1770
Timeout, sequence number = 1775
Timeout, sequence number = 1776
Timeout, sequence number = 1785
Timeout, sequence number = 1787
Timeout, sequence number = 1798
[CLIENT] Received ACK seq=1800
Timeout, sequence number = 1822
[CLIENT] Sent data seq=1900
Timeout, sequence number = 1845
Timeout, sequence number = 1874
Timeout, sequence number = 1879
Timeout, sequence number = 1881
Timeout, sequence number = 1881
Timeout, sequence number = 1888
[CLIENT] Received ACK seq=1900
Timeout, sequence number = 1919
Timeout, sequence number = 1925
Timeout, sequence number = 1929
Timeout, sequence number = 1929
[CLIENT] Sent data seq=2000
Timeout, sequence number = 1940
Timeout, sequence number = 1950
Timeout, sequence number = 1969
Timeout, sequence number = 1969
Timeout, sequence number = 1980
Timeout, sequence number = 1985
Timeout, sequence number = 1987
Timeout, sequence number = 1997
[CLIENT] Received ACK seq=2000
Timeout, sequence number = 2012
Timeout, sequence number = 2014
Timeout, sequence number = 2019
Timeout, sequence number = 2023
Timeout, sequence number = 2034
[CLIENT] Sent data seq=2100
Timeout, sequence number = 2037
Timeout, sequence number = 2043
Timeout, sequence number = 2064
Timeout, sequence number = 2064
Timeout, sequence number = 2067
Timeout, sequence number = 2091
[CLIENT] Received ACK seq=2100
Timeout, sequence number = 2117
Timeout, sequence number = 2117
[CLIENT] Sent data seq=2200
Timeout, sequence number = 2158
Timeout, sequence number = 2164
Timeout, sequence number = 2176
Timeout, sequence number = 2192
Timeout, sequence number = 2193
[CLIENT] Received ACK seq=2200
Timeout, sequence number = 2209
Timeout, sequence number = 2211
Timeout, sequence number = 2220
Timeout, sequence number = 2220
Timeout, sequence number = 2227
Timeout, sequence number = 2234
[CLIENT] Sent data seq=2300
Timeout, sequence number = 2254
Timeout, sequence number = 2257
Timeout, sequence number = 2257
Timeout, sequence number = 2282
Timeout, sequence number = 2292
[CLIENT] Received ACK seq=2300
Timeout, sequence number = 2302
Timeout, sequence number = 2302
Timeout, sequence number = 2303
Timeout, sequence number = 2305
Timeout, sequence number = 2311
Timeout, sequence number = 2312
Timeout, sequence number = 2315
Timeout, sequence number = 2317
Timeout, sequence number = 2323
Timeout, sequence number = 2323
[CLIENT] Sent data seq=2400
Timeout, sequence number = 2337
Timeout, sequence number = 2364
Timeout, sequence number = 2380
Timeout, sequence number = 2385
Timeout, sequence number = 2398
[CLIENT] Received ACK seq=2400
[CLIENT] Summary: sent_packets=2401, ack_packets=2401, retransmitted_packets=14925, timeout_events=236
Transfer complete. Delay = 123.926926 seconds

=== STDERR ===
