=== STDOUT ===
[CLIENT] Starting transfer: server=10.153.27.102:7735, file=demo_input.bin, N=64, MSS=500, total_segments=2401
[CLIENT] Sent data seq=0
[CLIENT] Sent data seq=1
[CLIENT] Sent data seq=2
[CLIENT] Sent data seq=3
[CLIENT] Sent data seq=4
[CLIENT] Received ACK seq=0
[CLIENT] Received ACK seq=1
Timeout, sequence number = 2
[CLIENT] Received ACK seq=2
Timeout, sequence number = 3
Timeout, sequence number = 3
[CLIENT] Received ACK seq=3
[CLIENT] Received ACK seq=4
Timeout, sequence number = 6
Timeout, sequence number = 27
Timeout, sequence number = 30
Timeout, sequence number = 36
[CLIENT] Sent data seq=100
Timeout, sequence number = 42
Timeout, sequence number = 44
Timeout, sequence number = 57
Timeout, sequence number = 66
Timeout, sequence number = 71
Timeout, sequence number = 72
Timeout, sequence number = 97
[CLIENT] Received ACK seq=100
Timeout, sequence number = 104
Timeout, sequence number = 105
[CLIENT] Sent data seq=200
Timeout, sequence number = 148
Timeout, sequence number = 174
Timeout, sequence number = 185
Timeout, sequence number = 195
[CLIENT] Received ACK seq=200
Timeout, sequence number = 210
Timeout, sequence number = 213
Timeout, sequence number = 227
[CLIENT] Sent data seq=300
Timeout, sequence number = 244
Timeout, sequence number = 257
Timeout, sequence number = 261
Timeout, sequence number = 268
Timeout, sequence number = 268
Timeout, sequence number = 298
[CLIENT] Received ACK seq=300
Timeout, sequence number = 301
Timeout, sequence number = 319
Timeout, sequence number = 332
[CLIENT] Sent data seq=400
Timeout, sequence number = 348
Timeout, sequence number = 350
Timeout, sequence number = 351
Timeout, sequence number = 353
Timeout, sequence number = 369
Timeout, sequence number = 382
Timeout, sequence number = 395
[CLIENT] Received ACK seq=400
Timeout, sequence number = 406
Timeout, sequence number = 415
Timeout, sequence number = 419
Timeout, sequence number = 428
Timeout, sequence number = 429
Timeout, sequence number = 430
[CLIENT] Sent data seq=500
Timeout, sequence number = 438
Timeout, sequence number = 460
Timeout, sequence number = 463
Timeout, sequence number = 474
Timeout, sequence number = 475
Timeout, sequence number = 479
[CLIENT] Received ACK seq=500
Timeout, sequence number = 519
Timeout, sequence number = 522
Timeout, sequence number = 526
[CLIENT] Sent data seq=600
Timeout, sequence number = 537
Timeout, sequence number = 537
Timeout, sequence number = 541
Timeout, sequence number = 552
Timeout, sequence number = 583
Timeout, sequence number = 584
Timeout, sequence number = 587
Timeout, sequence number = 588
[CLIENT] Received ACK seq=600
Timeout, sequence number = 632
Timeout, sequence number = 634
Timeout, sequence number = 636
[CLIENT] Sent data seq=700
Timeout, sequence number = 649
Timeout, sequence number = 652
Timeout, sequence number = 653
Timeout, sequence number = 656
Timeout, sequence number = 658
Timeout, sequence number = 659
Timeout, sequence number = 665
Timeout, sequence number = 665
Timeout, sequence number = 680
Timeout, sequence number = 685
[CLIENT] Received ACK seq=700
Timeout, sequence number = 708
Timeout, sequence number = 723
Timeout, sequence number = 730
Timeout, sequence number = 731
[CLIENT] Sent data seq=800
Timeout, sequence number = 743
Timeout, sequence number = 764
Timeout, sequence number = 764
Timeout, sequence number = 769
Timeout, sequence number = 776
Timeout, sequence number = 785
Timeout, sequence number = 786
Timeout, sequence number = 787
Timeout, sequence number = 792
[CLIENT] Received ACK seq=800
Timeout, sequence number = 811
Timeout, sequence number = 832
[CLIENT] Sent data seq=900
Timeout, sequence number = 841
Timeout, sequence number = 845
Timeout, sequence number = 846
Timeout, sequence number = 871
Timeout, sequence number = 873
Timeout, sequence number = 892
[CLIENT] Received ACK seq=900
Timeout, sequence number = 917
Timeout, sequence number = 920
Timeout, sequence number = 933
Timeout, sequence number = 935
[CLIENT] Sent data seq=1000
Timeout, sequence number = 937
Timeout, sequence number = 938
Timeout, sequence number = 942
Timeout, sequence number = 951
Timeout, sequence number = 965
Timeout, sequence number = 965
Timeout, sequence number = 968
Timeout, sequence number = 979
[CLIENT] Received ACK seq=1000
Timeout, sequence number = 1014
Timeout, sequence number = 1022
[CLIENT] Sent data seq=1100
Timeout, sequence number = 1038
Timeout, sequence number = 1047
Timeout, sequence number = 1048
Timeout, sequence number = 1052
Timeout, sequence number = 1053
Timeout, sequence number = 1062
Timeout, sequence number = 1072
Timeout, sequence number = 1076
Timeout, sequence number = 1084
Timeout, sequence number = 1086
Timeout, sequence number = 1091
[CLIENT] Received ACK seq=1100
Timeout, sequence number = 1104
Timeout, sequence number = 1123
Timeout, sequence number = 1134
[CLIENT] Sent data seq=1200
Timeout, sequence number = 1140
Timeout, sequence number = 1141
Timeout, sequence number = 1144
Timeout, sequence number = 1168
Timeout, sequence number = 1170
Timeout, sequence number = 1178
Timeout, sequence number = 1183
Timeout, sequence number = 1187
[CLIENT] Received ACK seq=1200
Timeout, sequence number = 1205
Timeout, sequence number = 1210
Timeout, sequence number = 1216
Timeout, sequence number = 1216
[CLIENT] Sent data seq=1300
Timeout, sequence number = 1247
Timeout, sequence number = 1249
Timeout, sequence number = 1250
Timeout, sequence number = 1273
Timeout, sequence number = 1279
Timeout, sequence number = 1295
[CLIENT] Received ACK seq=1300
Timeout, sequence number = 1312
Timeout, sequence number = 1317
Timeout, sequence number = 1334
Timeout, sequence number = 1336
[CLIENT] Sent data seq=1400
Timeout, sequence number = 1348
Timeout, sequence number = 1349
Timeout, sequence number = 1350
Timeout, sequence number = 1358
Timeout, sequence number = 1387
[CLIENT] Received ACK seq=1400
Timeout, sequence number = 1406
Timeout, sequence number = 1408
Timeout, sequence number = 1414
Timeout, sequence number = 1414
Timeout, sequence number = 1415
Timeout, sequence number = 1416
Timeout, sequence number = 1433
[CLIENT] Sent data seq=1500
Timeout, sequence number = 1445
Timeout, sequence number = 1447
Timeout, sequence number = 1464
Timeout, sequence number = 1465
Timeout, sequence number = 1471
Timeout, sequence number = 1486
Timeout, sequence number = 1493
Timeout, sequence number = 1493
[CLIENT] Received ACK seq=1500
Timeout, sequence number = 1513
Timeout, sequence number = 1514
[CLIENT] Sent data seq=1600
Timeout, sequence number = 1560
Timeout, sequence number = 1562
Timeout, sequence number = 1583
Timeout, sequence number = 1583
Timeout, sequence number = 1593
[CLIENT] Received ACK seq=1600
Timeout, sequence number = 1625
[CLIENT] Sent data seq=1700
Timeout, sequence number = 1655
Timeout, sequence number = 1658
Timeout, sequence number = 1663
Timeout, sequence number = 1664
Timeout, sequence number = 1664
Timeout, sequence number = 1670
Timeout, sequence number = 1691
Timeout, sequence number = 1697
Timeout, sequence number = 1698
Timeout, sequence number = 1699
[CLIENT] Received ACK seq=1700
Timeout, sequence number = 1704
Timeout, sequence number = 1707
Timeout, sequence number = 1713
Timeout, sequence number = 1726
Timeout, sequence number = 1727
Timeout, sequence number = 1728
Timeout, sequence number = 1730
Timeout, sequence number = 1730
[CLIENT] Sent data seq=1800
Timeout, sequence number = 1746
Timeout, sequence number = 1754
Timeout, sequence number = 1787
Timeout, sequence number = 1787
Timeout, sequence number = 1793
Timeout, sequence number = 1793
[CLIENT] Received ACK seq=1800
Timeout, sequence number = 1805
Timeout, sequence number = 1806
Timeout, sequence number = 1815
Timeout, sequence number = 1815
Timeout, sequence number = 1828
Timeout, sequence number = 1830
[CLIENT] Sent data seq=1900
Timeout, sequence number = 1844
Timeout, sequence number = 1845
Timeout, sequence number = 1848
Timeout, sequence number = 1852
Timeout, sequence number = 1867
Timeout, sequence number = 1875
Timeout, sequence number = 1887
Timeout, sequence number = 1890
Timeout, sequence number = 1898
[CLIENT] Received ACK seq=1900
Timeout, sequence number = 1923
Timeout, sequence number = 1931
[CLIENT] Sent data seq=2000
Timeout, sequence number = 1939
Timeout, sequence number = 1973
[CLIENT] Received ACK seq=2000
Timeout, sequence number = 2010
Timeout, sequence number = 2011
Timeout, sequence number = 2033
Timeout, sequence number = 2033
[CLIENT] Sent data seq=2100
Timeout, sequence number = 2049
Timeout, sequence number = 2053
Timeout, sequence number = 2070
Timeout, sequence number = 2075
Timeout, sequence number = 2091
Timeout, sequence number = 2097
[CLIENT] Received ACK seq=2100
Timeout, sequence number = 2127
Timeout, sequence number = 2136
[CLIENT] Sent data seq=2200
Timeout, sequence number = 2143
Timeout, sequence number = 2148
Timeout, sequence number = 2149
Timeout, sequence number = 2170
Timeout, sequence number = 2192
Timeout, sequence number = 2194
Timeout, sequence number = 2197
[CLIENT] Received ACK seq=2200
Timeout, sequence number = 2210
Timeout, sequence number = 2216
Timeout, sequence number = 2224
Timeout, sequence number = 2229
[CLIENT] Sent data seq=2300
Timeout, sequence number = 2270
[CLIENT] Received ACK seq=2300
Timeout, sequence number = 2309
Timeout, sequence number = 2328
[CLIENT] Sent data seq=2400
Timeout, sequence number = 2337
Timeout, sequence number = 2340
Timeout, sequence number = 2363
Timeout, sequence number = 2368
Timeout, sequence number = 2374
Timeout, sequence number = 2395
[CLIENT] Received ACK seq=2400
[CLIENT] Summary: sent_packets=2401, ack_packets=2401, retransmitted_packets=15781, timeout_events=249
Transfer complete. Delay = 130.665476 seconds

=== STDERR ===
