=== STDOUT ===
[CLIENT] Starting transfer: server=10.153.27.102:7735, file=demo_input.bin, N=64, MSS=600, total_segments=2001
[CLIENT] Sent data seq=0
[CLIENT] Sent data seq=1
[CLIENT] Sent data seq=2
[CLIENT] Sent data seq=3
[CLIENT] Sent data seq=4
[CLIENT] Received ACK seq=0
[CLIENT] Received ACK seq=1
Timeout, sequence number = 2
[CLIENT] Received ACK seq=2
[CLIENT] Received ACK seq=3
[CLIENT] Received ACK seq=4
[CLIENT] Sent data seq=100
Timeout, sequence number = 51
Timeout, sequence number = 54
Timeout, sequence number = 72
Timeout, sequence number = 76
Timeout, sequence number = 80
Timeout, sequence number = 83
Timeout, sequence number = 85
[CLIENT] Received ACK seq=100
Timeout, sequence number = 129
[CLIENT] Sent data seq=200
Timeout, sequence number = 146
Timeout, sequence number = 174
Timeout, sequence number = 178
[CLIENT] Received ACK seq=200
Timeout, sequence number = 234
[CLIENT] Sent data seq=300
Timeout, sequence number = 240
Timeout, sequence number = 241
Timeout, sequence number = 244
Timeout, sequence number = 245
Timeout, sequence number = 273
Timeout, sequence number = 298
[CLIENT] Received ACK seq=300
Timeout, sequence number = 318
Timeout, sequence number = 332
[CLIENT] Sent data seq=400
Timeout, sequence number = 365
Timeout, sequence number = 368
Timeout, sequence number = 368
[CLIENT] Received ACK seq=400
Timeout, sequence number = 402
Timeout, sequence number = 403
Timeout, sequence number = 404
Timeout, sequence number = 434
[CLIENT] Sent data seq=500
Timeout, sequence number = 459
Timeout, sequence number = 480
Timeout, sequence number = 490
Timeout, sequence number = 497
[CLIENT] Received ACK seq=500
Timeout, sequence number = 525
[CLIENT] Sent data seq=600
Timeout, sequence number = 580
[CLIENT] Received ACK seq=600
[CLIENT] Sent data seq=700
Timeout, sequence number = 682
[CLIENT] Received ACK seq=700
Timeout, sequence number = 736
[CLIENT] Sent data seq=800
Timeout, sequence number = 764
Timeout, sequence number = 765
Timeout, sequence number = 768
Timeout, sequence number = 790
[CLIENT] Received ACK seq=800
Timeout, sequence number = 804
Timeout, sequence number = 820
Timeout, sequence number = 825
[CLIENT] Sent data seq=900
Timeout, sequence number = 838
Timeout, sequence number = 842
Timeout, sequence number = 854
Timeout, sequence number = 888
Timeout, sequence number = 891
Timeout, sequence number = 900
[CLIENT] Received ACK seq=900
Timeout, sequence number = 907
Timeout, sequence number = 918
[CLIENT] Sent data seq=1000
Timeout, sequence number = 950
Timeout, sequence number = 980
[CLIENT] Received ACK seq=1000
Timeout, sequence number = 1024
[CLIENT] Sent data seq=1100
Timeout, sequence number = 1038
Timeout, sequence number = 1078
Timeout, sequence number = 1088
[CLIENT] Received ACK seq=1100
[CLIENT] Sent data seq=1200
Timeout, sequence number = 1139
Timeout, sequence number = 1148
Timeout, sequence number = 1157
[CLIENT] Received ACK seq=1200
Timeout, sequence number = 1210
Timeout, sequence number = 1212
Timeout, sequence number = 1227
[CLIENT] Sent data seq=1300
Timeout, sequence number = 1282
Timeout, sequence number = 1288
[CLIENT] Received ACK seq=1300
Timeout, sequence number = 1326
Timeout, sequence number = 1330
Timeout, sequence number = 1336
[CLIENT] Sent data seq=1400
Timeout, sequence number = 1347
Timeout, sequence number = 1375
Timeout, sequence number = 1375
Timeout, sequence number = 1389
[CLIENT] Received ACK seq=1400
Timeout, sequence number = 1423
Timeout, sequence number = 1426
[CLIENT] Sent data seq=1500
Timeout, sequence number = 1474
[CLIENT] Received ACK seq=1500
Timeout, sequence number = 1503
Timeout, sequence number = 1507
Timeout, sequence number = 1512
[CLIENT] Sent data seq=1600
Timeout, sequence number = 1561
Timeout, sequence number = 1572
[CLIENT] Received ACK seq=1600
Timeout, sequence number = 1615
[CLIENT] Sent data seq=1700
Timeout, sequence number = 1650
[CLIENT] Received ACK seq=1700
Timeout, sequence number = 1703
Timeout, sequence number = 1705
Timeout, sequence number = 1723
[CLIENT] Sent data seq=1800
Timeout, sequence number = 1759
Timeout, sequence number = 1770
Timeout, sequence number = 1783
Timeout, sequence number = 1795
[CLIENT] Received ACK seq=1800
Timeout, sequence number = 1822
[CLIENT] Sent data seq=1900
Timeout, sequence number = 1838
Timeout, sequence number = 1887
[CLIENT] Received ACK seq=1900
Timeout, sequence number = 1910
Timeout, sequence number = 1919
[CLIENT] Sent data seq=2000
Timeout, sequence number = 1948
Timeout, sequence number = 1958
[CLIENT] Received ACK seq=2000
[CLIENT] Summary: sent_packets=2001, ack_packets=2001, retransmitted_packets=6112, timeout_events=96
Transfer complete. Delay = 50.519936 seconds

=== STDERR ===
