=== STDOUT ===
[CLIENT] Starting transfer: server=10.153.27.102:7735, file=demo_input.bin, N=64, MSS=500, total_segments=2401
[CLIENT] Sent data seq=0
[CLIENT] Sent data seq=1
[CLIENT] Sent data seq=2
[CLIENT] Sent data seq=3
[CLIENT] Sent data seq=4
[CLIENT] Received ACK seq=0
[CLIENT] Received ACK seq=1
Timeout, sequence number = 2
[CLIENT] Received ACK seq=2
[CLIENT] Received ACK seq=3
[CLIENT] Received ACK seq=4
Timeout, sequence number = 15
[CLIENT] Sent data seq=100
Timeout, sequence number = 43
[CLIENT] Received ACK seq=100
[CLIENT] Sent data seq=200
[CLIENT] Received ACK seq=200
[CLIENT] Sent data seq=300
Timeout, sequence number = 261
Timeout, sequence number = 273
[CLIENT] Received ACK seq=300
Timeout, sequence number = 306
Timeout, sequence number = 316
[CLIENT] Sent data seq=400
Timeout, sequence number = 396
[CLIENT] Received ACK seq=400
Timeout, sequence number = 403
Timeout, sequence number = 415
Timeout, sequence number = 435
[CLIENT] Sent data seq=500
Timeout, sequence number = 470
Timeout, sequence number = 478
[CLIENT] Received ACK seq=500
[CLIENT] Sent data seq=600
[CLIENT] Received ACK seq=600
Timeout, sequence number = 621
[CLIENT] Sent data seq=700
[CLIENT] Received ACK seq=700
[CLIENT] Sent data seq=800
Timeout, sequence number = 769
Timeout, sequence number = 772
[CLIENT] Received ACK seq=800
[CLIENT] Sent data seq=900
Timeout, sequence number = 889
[CLIENT] Received ACK seq=900
Timeout, sequence number = 905
Timeout, sequence number = 910
[CLIENT] Sent data seq=1000
Timeout, sequence number = 952
[CLIENT] Received ACK seq=1000
[CLIENT] Sent data seq=1100
Timeout, sequence number = 1059
Timeout, sequence number = 1082
[CLIENT] Received ACK seq=1100
Timeout, sequence number = 1112
Timeout, sequence number = 1134
[CLIENT] Sent data seq=1200
Timeout, sequence number = 1138
Timeout, sequence number = 1166
Timeout, sequence number = 1174
[CLIENT] Received ACK seq=1200
[CLIENT] Sent data seq=1300
Timeout, sequence number = 1280
[CLIENT] Received ACK seq=1300
[CLIENT] Sent data seq=1400
Timeout, sequence number = 1386
Timeout, sequence number = 1393
[CLIENT] Received ACK seq=1400
[CLIENT] Sent data seq=1500
Timeout, sequence number = 1438
Timeout, sequence number = 1476
[CLIENT] Received ACK seq=1500
[CLIENT] Sent data seq=1600
Timeout, sequence number = 1558
Timeout, sequence number = 1583
Timeout, sequence number = 1583
[CLIENT] Received ACK seq=1600
Timeout, sequence number = 1612
[CLIENT] Sent data seq=1700
[CLIENT] Received ACK seq=1700
Timeout, sequence number = 1731
[CLIENT] Sent data seq=1800
[CLIENT] Received ACK seq=1800
Timeout, sequence number = 1802
[CLIENT] Sent data seq=1900
Timeout, sequence number = 1854
[CLIENT] Received ACK seq=1900
[CLIENT] Sent data seq=2000
Timeout, sequence number = 1995
Timeout, sequence number = 1997
[CLIENT] Received ACK seq=2000
[CLIENT] Sent data seq=2100
Timeout, sequence number = 2056
[CLIENT] Received ACK seq=2100
Timeout, sequence number = 2114
[CLIENT] Sent data seq=2200
Timeout, sequence number = 2145
Timeout, sequence number = 2146
Timeout, sequence number = 2147
Timeout, sequence number = 2148
[CLIENT] Received ACK seq=2200
Timeout, sequence number = 2203
Timeout, sequence number = 2222
[CLIENT] Sent data seq=2300
Timeout, sequence number = 2248
Timeout, sequence number = 2255
Timeout, sequence number = 2255
Timeout, sequence number = 2268
[CLIENT] Received ACK seq=2300
[CLIENT] Sent data seq=2400
Timeout, sequence number = 2379
[CLIENT] Received ACK seq=2400
[CLIENT] Summary: sent_packets=2401, ack_packets=2401, retransmitted_packets=3414, timeout_events=54
Transfer complete. Delay = 28.651784 seconds

=== STDERR ===
