=== STDOUT ===
[CLIENT] Starting transfer: server=10.153.27.102:7735, file=demo_input.bin, N=64, MSS=500, total_segments=2401
[CLIENT] Sent data seq=0
[CLIENT] Sent data seq=1
[CLIENT] Sent data seq=2
[CLIENT] Sent data seq=3
[CLIENT] Sent data seq=4
[CLIENT] Received ACK seq=0
[CLIENT] Received ACK seq=1
Timeout, sequence number = 2
[CLIENT] Received ACK seq=2
[CLIENT] Received ACK seq=3
[CLIENT] Received ACK seq=4
Timeout, sequence number = 18
[CLIENT] Sent data seq=100
[CLIENT] Received ACK seq=100
[CLIENT] Sent data seq=200
Timeout, sequence number = 143
[CLIENT] Received ACK seq=200
Timeout, sequence number = 225
[CLIENT] Sent data seq=300
Timeout, sequence number = 241
[CLIENT] Received ACK seq=300
[CLIENT] Sent data seq=400
[CLIENT] Received ACK seq=400
[CLIENT] Sent data seq=500
[CLIENT] Received ACK seq=500
Timeout, sequence number = 501
[CLIENT] Sent data seq=600
[CLIENT] Received ACK seq=600
Timeout, sequence number = 614
[CLIENT] Sent data seq=700
Timeout, sequence number = 659
[CLIENT] Received ACK seq=700
Timeout, sequence number = 711
[CLIENT] Sent data seq=800
[CLIENT] Received ACK seq=800
[CLIENT] Sent data seq=900
Timeout, sequence number = 893
[CLIENT] Received ACK seq=900
[CLIENT] Sent data seq=1000
[CLIENT] Received ACK seq=1000
[CLIENT] Sent data seq=1100
[CLIENT] Received ACK seq=1100
[CLIENT] Sent data seq=1200
Timeout, sequence number = 1143
[CLIENT] Received ACK seq=1200
[CLIENT] Sent data seq=1300
Timeout, sequence number = 1278
[CLIENT] Received ACK seq=1300
[CLIENT] Sent data seq=1400
Timeout, sequence number = 1373
[CLIENT] Received ACK seq=1400
[CLIENT] Sent data seq=1500
[CLIENT] Received ACK seq=1500
[CLIENT] Sent data seq=1600
Timeout, sequence number = 1597
[CLIENT] Received ACK seq=1600
[CLIENT] Sent data seq=1700
Timeout, sequence number = 1671
Timeout, sequence number = 1691
[CLIENT] Received ACK seq=1700
[CLIENT] Sent data seq=1800
[CLIENT] Received ACK seq=1800
[CLIENT] Sent data seq=1900
Timeout, sequence number = 1845
[CLIENT] Received ACK seq=1900
[CLIENT] Sent data seq=2000
[CLIENT] Received ACK seq=2000
[CLIENT] Sent data seq=2100
[CLIENT] Received ACK seq=2100
Timeout, sequence number = 2108
[CLIENT] Sent data seq=2200
[CLIENT] Received ACK seq=2200
[CLIENT] Sent data seq=2300
[CLIENT] Received ACK seq=2300
Timeout, sequence number = 2321
[CLIENT] Sent data seq=2400
[CLIENT] Received ACK seq=2400
[CLIENT] Summary: sent_packets=2401, ack_packets=2401, retransmitted_packets=1216, timeout_events=19
Transfer complete. Delay = 10.372211 seconds

=== STDERR ===
