=== STDOUT ===
[CLIENT] Starting transfer: server=10.153.27.102:7735, file=demo_input.bin, N=64, MSS=800, total_segments=1501
[CLIENT] Sent data seq=0
[CLIENT] Sent data seq=1
[CLIENT] Sent data seq=2
[CLIENT] Sent data seq=3
[CLIENT] Sent data seq=4
[CLIENT] Received ACK seq=0
[CLIENT] Received ACK seq=1
[CLIENT] Received ACK seq=2
[CLIENT] Received ACK seq=3
Timeout, sequence number = 4
[CLIENT] Received ACK seq=4
Timeout, sequence number = 5
Timeout, sequence number = 17
Timeout, sequence number = 18
Timeout, sequence number = 33
[CLIENT] Sent data seq=100
Timeout, sequence number = 75
Timeout, sequence number = 79
[CLIENT] Received ACK seq=100
Timeout, sequence number = 102
[CLIENT] Sent data seq=200
Timeout, sequence number = 149
Timeout, sequence number = 155
Timeout, sequence number = 157
[CLIENT] Received ACK seq=200
Timeout, sequence number = 209
[CLIENT] Sent data seq=300
Timeout, sequence number = 248
Timeout, sequence number = 300
[CLIENT] Received ACK seq=300
Timeout, sequence number = 319
[CLIENT] Sent data seq=400
Timeout, sequence number = 350
Timeout, sequence number = 358
Timeout, sequence number = 392
Timeout, sequence number = 399
[CLIENT] Received ACK seq=400
Timeout, sequence number = 407
Timeout, sequence number = 429
[CLIENT] Sent data seq=500
Timeout, sequence number = 441
Timeout, sequence number = 460
Timeout, sequence number = 490
[CLIENT] Received ACK seq=500
Timeout, sequence number = 513
Timeout, sequence number = 520
Timeout, sequence number = 535
[CLIENT] Sent data seq=600
Timeout, sequence number = 538
Timeout, sequence number = 574
[CLIENT] Received ACK seq=600
Timeout, sequence number = 602
Timeout, sequence number = 628
[CLIENT] Sent data seq=700
Timeout, sequence number = 640
Timeout, sequence number = 644
Timeout, sequence number = 653
Timeout, sequence number = 653
Timeout, sequence number = 663
Timeout, sequence number = 682
[CLIENT] Received ACK seq=700
Timeout, sequence number = 734
[CLIENT] Sent data seq=800
Timeout, sequence number = 740
Timeout, sequence number = 771
Timeout, sequence number = 782
Timeout, sequence number = 794
[CLIENT] Received ACK seq=800
Timeout, sequence number = 812
[CLIENT] Sent data seq=900
Timeout, sequence number = 881
Timeout, sequence number = 897
Timeout, sequence number = 897
[CLIENT] Received ACK seq=900
Timeout, sequence number = 915
Timeout, sequence number = 917
Timeout, sequence number = 918
[CLIENT] Sent data seq=1000
Timeout, sequence number = 955
Timeout, sequence number = 978
Timeout, sequence number = 983
Timeout, sequence number = 986
[CLIENT] Received ACK seq=1000
Timeout, sequence number = 1006
Timeout, sequence number = 1025
[CLIENT] Sent data seq=1100
Timeout, sequence number = 1059
Timeout, sequence number = 1072
Timeout, sequence number = 1086
[CLIENT] Received ACK seq=1100
Timeout, sequence number = 1103
Timeout, sequence number = 1108
Timeout, sequence number = 1118
[CLIENT] Sent data seq=1200
Timeout, sequence number = 1139
Timeout, sequence number = 1162
Timeout, sequence number = 1162
Timeout, sequence number = 1162
Timeout, sequence number = 1176
Timeout, sequence number = 1199
[CLIENT] Received ACK seq=1200
Timeout, sequence number = 1201
[CLIENT] Sent data seq=1300
Timeout, sequence number = 1264
Timeout, sequence number = 1275
Timeout, sequence number = 1289
Timeout, sequence number = 1299
[CLIENT] Received ACK seq=1300
Timeout, sequence number = 1303
Timeout, sequence number = 1304
Timeout, sequence number = 1306
Timeout, sequence number = 1333
[CLIENT] Sent data seq=1400
Timeout, sequence number = 1368
Timeout, sequence number = 1369
Timeout, sequence number = 1369
[CLIENT] Received ACK seq=1400
Timeout, sequence number = 1405
Timeout, sequence number = 1405
[CLIENT] Sent data seq=1500
Timeout, sequence number = 1445
Timeout, sequence number = 1455
Timeout, sequence number = 1465
[CLIENT] Received ACK seq=1500
[CLIENT] Summary: sent_packets=1501, ack_packets=1501, retransmitted_packets=5322, timeout_events=84
Transfer complete. Delay = 44.306240 seconds

=== STDERR ===
