=== STDOUT ===
[CLIENT] Starting transfer: server=10.153.27.102:7735, file=demo_input.bin, N=64, MSS=500, total_segments=2401
[CLIENT] Sent data seq=0
[CLIENT] Sent data seq=1
[CLIENT] Sent data seq=2
[CLIENT] Sent data seq=3
[CLIENT] Sent data seq=4
[CLIENT] Received ACK seq=0
[CLIENT] Received ACK seq=1
[CLIENT] Received ACK seq=2
[CLIENT] Received ACK seq=3
[CLIENT] Received ACK seq=4
Timeout, sequence number = 7
Timeout, sequence number = 16
[CLIENT] Sent data seq=100
Timeout, sequence number = 45
Timeout, sequence number = 52
Timeout, sequence number = 55
Timeout, sequence number = 58
Timeout, sequence number = 94
[CLIENT] Received ACK seq=100
Timeout, sequence number = 110
Timeout, sequence number = 117
Timeout, sequence number = 133
[CLIENT] Sent data seq=200
Timeout, sequence number = 138
Timeout, sequence number = 155
Timeout, sequence number = 163
[CLIENT] Received ACK seq=200
[CLIENT] Sent data seq=300
Timeout, sequence number = 256
Timeout, sequence number = 285
Timeout, sequence number = 296
[CLIENT] Received ACK seq=300
[CLIENT] Sent data seq=400
Timeout, sequence number = 354
Timeout, sequence number = 376
[CLIENT] Received ACK seq=400
Timeout, sequence number = 426
Timeout, sequence number = 436
[CLIENT] Sent data seq=500
Timeout, sequence number = 446
Timeout, sequence number = 463
Timeout, sequence number = 474
Timeout, sequence number = 475
[CLIENT] Received ACK seq=500
Timeout, sequence number = 501
Timeout, sequence number = 515
[CLIENT] Sent data seq=600
Timeout, sequence number = 591
[CLIENT] Received ACK seq=600
Timeout, sequence number = 604
[CLIENT] Sent data seq=700
Timeout, sequence number = 643
Timeout, sequence number = 646
Timeout, sequence number = 650
Timeout, sequence number = 663
Timeout, sequence number = 670
Timeout, sequence number = 676
Timeout, sequence number = 689
[CLIENT] Received ACK seq=700
Timeout, sequence number = 713
Timeout, sequence number = 722
[CLIENT] Sent data seq=800
Timeout, sequence number = 737
Timeout, sequence number = 744
Timeout, sequence number = 772
Timeout, sequence number = 773
[CLIENT] Received ACK seq=800
[CLIENT] Sent data seq=900
Timeout, sequence number = 838
Timeout, sequence number = 866
Timeout, sequence number = 886
[CLIENT] Received ACK seq=900
[CLIENT] Sent data seq=1000
Timeout, sequence number = 945
Timeout, sequence number = 978
[CLIENT] Received ACK seq=1000
Timeout, sequence number = 1030
[CLIENT] Sent data seq=1100
Timeout, sequence number = 1072
Timeout, sequence number = 1081
Timeout, sequence number = 1089
[CLIENT] Received ACK seq=1100
Timeout, sequence number = 1101
Timeout, sequence number = 1101
Timeout, sequence number = 1119
Timeout, sequence number = 1125
Timeout, sequence number = 1131
[CLIENT] Sent data seq=1200
Timeout, sequence number = 1146
Timeout, sequence number = 1164
Timeout, sequence number = 1178
Timeout, sequence number = 1188
Timeout, sequence number = 1189
Timeout, sequence number = 1194
[CLIENT] Received ACK seq=1200
Timeout, sequence number = 1220
[CLIENT] Sent data seq=1300
Timeout, sequence number = 1241
Timeout, sequence number = 1243
Timeout, sequence number = 1246
Timeout, sequence number = 1250
[CLIENT] Received ACK seq=1300
[CLIENT] Sent data seq=1400
Timeout, sequence number = 1352
Timeout, sequence number = 1370
Timeout, sequence number = 1400
[CLIENT] Received ACK seq=1400
Timeout, sequence number = 1417
Timeout, sequence number = 1424
[CLIENT] Sent data seq=1500
Timeout, sequence number = 1483
Timeout, sequence number = 1494
Timeout, sequence number = 1495
[CLIENT] Received ACK seq=1500
Timeout, sequence number = 1502
Timeout, sequence number = 1525
Timeout, sequence number = 1526
[CLIENT] Sent data seq=1600
Timeout, sequence number = 1546
Timeout, sequence number = 1577
[CLIENT] Received ACK seq=1600
Timeout, sequence number = 1620
[CLIENT] Sent data seq=1700
Timeout, sequence number = 1650
Timeout, sequence number = 1658
Timeout, sequence number = 1663
Timeout, sequence number = 1663
Timeout, sequence number = 1673
Timeout, sequence number = 1698
Timeout, sequence number = 1698
[CLIENT] Received ACK seq=1700
Timeout, sequence number = 1714
Timeout, sequence number = 1728
Timeout, sequence number = 1731
[CLIENT] Sent data seq=1800
Timeout, sequence number = 1757
Timeout, sequence number = 1772
[CLIENT] Received ACK seq=1800
[CLIENT] Sent data seq=1900
Timeout, sequence number = 1882
[CLIENT] Received ACK seq=1900
[CLIENT] Sent data seq=2000
Timeout, sequence number = 1946
Timeout, sequence number = 1973
Timeout, sequence number = 1983
[CLIENT] Received ACK seq=2000
Timeout, sequence number = 2033
[CLIENT] Sent data seq=2100
Timeout, sequence number = 2039
Timeout, sequence number = 2042
Timeout, sequence number = 2065
Timeout, sequence number = 2068
Timeout, sequence number = 2077
Timeout, sequence number = 2080
Timeout, sequence number = 2093
[CLIENT] Received ACK seq=2100
Timeout, sequence number = 2101
[CLIENT] Sent data seq=2200
Timeout, sequence number = 2182
Timeout, sequence number = 2192
Timeout, sequence number = 2196
[CLIENT] Received ACK seq=2200
Timeout, sequence number = 2207
Timeout, sequence number = 2214
Timeout, sequence number = 2220
Timeout, sequence number = 2223
Timeout, sequence number = 2234
Timeout, sequence number = 2235
[CLIENT] Sent data seq=2300
[CLIENT] Received ACK seq=2300
Timeout, sequence number = 2308
Timeout, sequence number = 2308
Timeout, sequence number = 2324
Timeout, sequence number = 2327
[CLIENT] Sent data seq=2400
Timeout, sequence number = 2350
Timeout, sequence number = 2350
Timeout, sequence number = 2381
Timeout, sequence number = 2384
Timeout, sequence number = 2385
[CLIENT] Received ACK seq=2400
[CLIENT] Summary: sent_packets=2401, ack_packets=2401, retransmitted_packets=7707, timeout_events=123
Transfer complete. Delay = 64.606343 seconds

=== STDERR ===
