=== STDOUT ===
[CLIENT] Starting transfer: server=10.153.27.102:7735, file=demo_input.bin, N=64, MSS=700, total_segments=1716
[CLIENT] Sent data seq=0
[CLIENT] Sent data seq=1
[CLIENT] Sent data seq=2
[CLIENT] Sent data seq=3
[CLIENT] Sent data seq=4
[CLIENT] Received ACK seq=0
[CLIENT] Received ACK seq=1
Timeout, sequence number = 2
[CLIENT] Received ACK seq=2
[CLIENT] Received ACK seq=3
[CLIENT] Received ACK seq=4
[CLIENT] Sent data seq=100
[CLIENT] Received ACK seq=100
Timeout, sequence number = 123
[CLIENT] Sent data seq=200
Timeout, sequence number = 144
Timeout, sequence number = 176
[CLIENT] Received ACK seq=200
Timeout, sequence number = 201
Timeout, sequence number = 231
[CLIENT] Sent data seq=300
Timeout, sequence number = 245
Timeout, sequence number = 266
[CLIENT] Received ACK seq=300
[CLIENT] Sent data seq=400
Timeout, sequence number = 348
[CLIENT] Received ACK seq=400
Timeout, sequence number = 409
Timeout, sequence number = 431
[CLIENT] Sent data seq=500
Timeout, sequence number = 483
Timeout, sequence number = 493
[CLIENT] Received ACK seq=500
Timeout, sequence number = 502
Timeout, sequence number = 531
[CLIENT] Sent data seq=600
Timeout, sequence number = 538
Timeout, sequence number = 596
Timeout, sequence number = 597
Timeout, sequence number = 597
[CLIENT] Received ACK seq=600
Timeout, sequence number = 603
Timeout, sequence number = 610
[CLIENT] Sent data seq=700
Timeout, sequence number = 647
Timeout, sequence number = 654
Timeout, sequence number = 666
Timeout, sequence number = 676
Timeout, sequence number = 683
Timeout, sequence number = 694
Timeout, sequence number = 697
[CLIENT] Received ACK seq=700
Timeout, sequence number = 714
Timeout, sequence number = 718
[CLIENT] Sent data seq=800
Timeout, sequence number = 790
[CLIENT] Received ACK seq=800
[CLIENT] Sent data seq=900
Timeout, sequence number = 844
Timeout, sequence number = 848
Timeout, sequence number = 875
[CLIENT] Received ACK seq=900
Timeout, sequence number = 920
Timeout, sequence number = 924
[CLIENT] Sent data seq=1000
Timeout, sequence number = 957
Timeout, sequence number = 990
[CLIENT] Received ACK seq=1000
Timeout, sequence number = 1005
Timeout, sequence number = 1035
[CLIENT] Sent data seq=1100
Timeout, sequence number = 1088
[CLIENT] Received ACK seq=1100
Timeout, sequence number = 1105
Timeout, sequence number = 1108
Timeout, sequence number = 1113
Timeout, sequence number = 1129
[CLIENT] Sent data seq=1200
Timeout, sequence number = 1189
Timeout, sequence number = 1189
Timeout, sequence number = 1199
[CLIENT] Received ACK seq=1200
Timeout, sequence number = 1207
Timeout, sequence number = 1218
[CLIENT] Sent data seq=1300
Timeout, sequence number = 1256
Timeout, sequence number = 1259
Timeout, sequence number = 1274
Timeout, sequence number = 1274
Timeout, sequence number = 1279
[CLIENT] Received ACK seq=1300
Timeout, sequence number = 1301
Timeout, sequence number = 1306
[CLIENT] Sent data seq=1400
Timeout, sequence number = 1363
Timeout, sequence number = 1370
Timeout, sequence number = 1388
Timeout, sequence number = 1398
[CLIENT] Received ACK seq=1400
Timeout, sequence number = 1404
[CLIENT] Sent data seq=1500
Timeout, sequence number = 1449
Timeout, sequence number = 1456
Timeout, sequence number = 1495
Timeout, sequence number = 1496
[CLIENT] Received ACK seq=1500
[CLIENT] Sent data seq=1600
Timeout, sequence number = 1570
Timeout, sequence number = 1572
Timeout, sequence number = 1587
[CLIENT] Received ACK seq=1600
Timeout, sequence number = 1607
Timeout, sequence number = 1618
Timeout, sequence number = 1621
[CLIENT] Sent data seq=1700
Timeout, sequence number = 1645
Timeout, sequence number = 1656
Timeout, sequence number = 1659
Timeout, sequence number = 1674
Timeout, sequence number = 1694
Timeout, sequence number = 1696
[CLIENT] Received ACK seq=1700
[CLIENT] Summary: sent_packets=1716, ack_packets=1716, retransmitted_packets=4873, timeout_events=78
Transfer complete. Delay = 41.141929 seconds

=== STDERR ===
