=== STDOUT ===
[CLIENT] Starting transfer: server=10.153.27.102:7735, file=demo_input.bin, N=64, MSS=200, total_segments=6001
[CLIENT] Sent data seq=0
[CLIENT] Sent data seq=1
[CLIENT] Sent data seq=2
[CLIENT] Sent data seq=3
[CLIENT] Sent data seq=4
[CLIENT] Received ACK seq=0
[CLIENT] Received ACK seq=1
[CLIENT] Received ACK seq=2
[CLIENT] Received ACK seq=3
Timeout, sequence number = 4
[CLIENT] Received ACK seq=4
[CLIENT] Sent data seq=100
Timeout, sequence number = 49
[CLIENT] Received ACK seq=100
Timeout, sequence number = 107
Timeout, sequence number = 107
[CLIENT] Sent data seq=200
Timeout, sequence number = 150
Timeout, sequence number = 153
Timeout, sequence number = 157
Timeout, sequence number = 187
Timeout, sequence number = 191
Timeout, sequence number = 200
[CLIENT] Received ACK seq=200
[CLIENT] Sent data seq=300
Timeout, sequence number = 256
Timeout, sequence number = 257
Timeout, sequence number = 259
Timeout, sequence number = 265
Timeout, sequence number = 270
Timeout, sequence number = 273
Timeout, sequence number = 274
[CLIENT] Received ACK seq=300
Timeout, sequence number = 304
Timeout, sequence number = 305
Timeout, sequence number = 315
Timeout, sequence number = 322
Timeout, sequence number = 331
[CLIENT] Sent data seq=400
Timeout, sequence number = 343
Timeout, sequence number = 368
Timeout, sequence number = 380
Timeout, sequence number = 391
[CLIENT] Received ACK seq=400
Timeout, sequence number = 403
Timeout, sequence number = 424
[CLIENT] Sent data seq=500
Timeout, sequence number = 454
Timeout, sequence number = 475
Timeout, sequence number = 479
Timeout, sequence number = 495
Timeout, sequence number = 498
Timeout, sequence number = 500
[CLIENT] Received ACK seq=500
Timeout, sequence number = 510
Timeout, sequence number = 510
Timeout, sequence number = 519
Timeout, sequence number = 533
[CLIENT] Sent data seq=600
Timeout, sequence number = 540
Timeout, sequence number = 560
Timeout, sequence number = 590
[CLIENT] Received ACK seq=600
Timeout, sequence number = 628
[CLIENT] Sent data seq=700
Timeout, sequence number = 672
Timeout, sequence number = 675
Timeout, sequence number = 692
Timeout, sequence number = 698
[CLIENT] Received ACK seq=700
Timeout, sequence number = 725
[CLIENT] Sent data seq=800
Timeout, sequence number = 739
Timeout, sequence number = 754
[CLIENT] Received ACK seq=800
Timeout, sequence number = 816
[CLIENT] Sent data seq=900
Timeout, sequence number = 853
Timeout, sequence number = 870
Timeout, sequence number = 878
[CLIENT] Received ACK seq=900
Timeout, sequence number = 905
Timeout, sequence number = 907
[CLIENT] Sent data seq=1000
Timeout, sequence number = 947
Timeout, sequence number = 957
Timeout, sequence number = 980
Timeout, sequence number = 982
Timeout, sequence number = 999
[CLIENT] Received ACK seq=1000
Timeout, sequence number = 1007
Timeout, sequence number = 1036
[CLIENT] Sent data seq=1100
Timeout, sequence number = 1041
Timeout, sequence number = 1065
Timeout, sequence number = 1065
Timeout, sequence number = 1070
Timeout, sequence number = 1093
[CLIENT] Received ACK seq=1100
Timeout, sequence number = 1102
Timeout, sequence number = 1116
[CLIENT] Sent data seq=1200
Timeout, sequence number = 1148
Timeout, sequence number = 1163
Timeout, sequence number = 1168
Timeout, sequence number = 1172
Timeout, sequence number = 1172
Timeout, sequence number = 1197
[CLIENT] Received ACK seq=1200
Timeout, sequence number = 1216
Timeout, sequence number = 1235
[CLIENT] Sent data seq=1300
Timeout, sequence number = 1255
Timeout, sequence number = 1267
[CLIENT] Received ACK seq=1300
Timeout, sequence number = 1306
Timeout, sequence number = 1330
[CLIENT] Sent data seq=1400
Timeout, sequence number = 1352
[CLIENT] Received ACK seq=1400
Timeout, sequence number = 1403
[CLIENT] Sent data seq=1500
Timeout, sequence number = 1448
Timeout, sequence number = 1451
Timeout, sequence number = 1455
Timeout, sequence number = 1457
Timeout, sequence number = 1457
Timeout, sequence number = 1479
Timeout, sequence number = 1497
[CLIENT] Received ACK seq=1500
Timeout, sequence number = 1517
[CLIENT] Sent data seq=1600
Timeout, sequence number = 1578
Timeout, sequence number = 1592
[CLIENT] Received ACK seq=1600
Timeout, sequence number = 1617
Timeout, sequence number = 1622
Timeout, sequence number = 1636
[CLIENT] Sent data seq=1700
Timeout, sequence number = 1656
Timeout, sequence number = 1672
Timeout, sequence number = 1700
[CLIENT] Received ACK seq=1700
[CLIENT] Sent data seq=1800
Timeout, sequence number = 1753
Timeout, sequence number = 1771
[CLIENT] Received ACK seq=1800
Timeout, sequence number = 1835
[CLIENT] Sent data seq=1900
Timeout, sequence number = 1866
[CLIENT] Received ACK seq=1900
Timeout, sequence number = 1929
[CLIENT] Sent data seq=2000
Timeout, sequence number = 1939
Timeout, sequence number = 1948
Timeout, sequence number = 1958
Timeout, sequence number = 1971
Timeout, sequence number = 2000
Timeout, sequence number = 2000
[CLIENT] Received ACK seq=2000
Timeout, sequence number = 2014
Timeout, sequence number = 2028
[CLIENT] Sent data seq=2100
Timeout, sequence number = 2040
Timeout, sequence number = 2043
Timeout, sequence number = 2072
Timeout, sequence number = 2092
[CLIENT] Received ACK seq=2100
Timeout, sequence number = 2120
[CLIENT] Sent data seq=2200
Timeout, sequence number = 2147
Timeout, sequence number = 2154
Timeout, sequence number = 2173
Timeout, sequence number = 2189
Timeout, sequence number = 2190
Timeout, sequence number = 2199
[CLIENT] Received ACK seq=2200
Timeout, sequence number = 2218
[CLIENT] Sent data seq=2300
Timeout, sequence number = 2238
Timeout, sequence number = 2251
Timeout, sequence number = 2256
Timeout, sequence number = 2267
Timeout, sequence number = 2294
[CLIENT] Received ACK seq=2300
Timeout, sequence number = 2301
Timeout, sequence number = 2305
Timeout, sequence number = 2305
Timeout, sequence number = 2323
[CLIENT] Sent data seq=2400
Timeout, sequence number = 2377
Timeout, sequence number = 2399
[CLIENT] Received ACK seq=2400
Timeout, sequence number = 2407
[CLIENT] Sent data seq=2500
Timeout, sequence number = 2448
Timeout, sequence number = 2453
Timeout, sequence number = 2490
[CLIENT] Received ACK seq=2500
[CLIENT] Sent data seq=2600
Timeout, sequence number = 2550
Timeout, sequence number = 2551
Timeout, sequence number = 2555
Timeout, sequence number = 2563
Timeout, sequence number = 2566
[CLIENT] Received ACK seq=2600
Timeout, sequence number = 2613
Timeout, sequence number = 2622
[CLIENT] Sent data seq=2700
Timeout, sequence number = 2691
[CLIENT] Received ACK seq=2700
Timeout, sequence number = 2717
Timeout, sequence number = 2728
Timeout, sequence number = 2730
[CLIENT] Sent data seq=2800
Timeout, sequence number = 2737
Timeout, sequence number = 2746
Timeout, sequence number = 2764
Timeout, sequence number = 2779
Timeout, sequence number = 2798
[CLIENT] Received ACK seq=2800
[CLIENT] Sent data seq=2900
Timeout, sequence number = 2876
Timeout, sequence number = 2879
Timeout, sequence number = 2884
Timeout, sequence number = 2890
[CLIENT] Received ACK seq=2900
Timeout, sequence number = 2918
[CLIENT] Sent data seq=3000
Timeout, sequence number = 2983
[CLIENT] Received ACK seq=3000
Timeout, sequence number = 3001
Timeout, sequence number = 3005
Timeout, sequence number = 3005
Timeout, sequence number = 3013
Timeout, sequence number = 3027
Timeout, sequence number = 3030
[CLIENT] Sent data seq=3100
Timeout, sequence number = 3037
Timeout, sequence number = 3037
Timeout, sequence number = 3037
Timeout, sequence number = 3049
Timeout, sequence number = 3049
Timeout, sequence number = 3050
Timeout, sequence number = 3066
Timeout, sequence number = 3071
[CLIENT] Received ACK seq=3100
Timeout, sequence number = 3132
[CLIENT] Sent data seq=3200
Timeout, sequence number = 3175
Timeout, sequence number = 3193
[CLIENT] Received ACK seq=3200
Timeout, sequence number = 3229
Timeout, sequence number = 3232
Timeout, sequence number = 3235
[CLIENT] Sent data seq=3300
Timeout, sequence number = 3243
Timeout, sequence number = 3256
Timeout, sequence number = 3258
Timeout, sequence number = 3286
[CLIENT] Received ACK seq=3300
Timeout, sequence number = 3308
[CLIENT] Sent data seq=3400
Timeout, sequence number = 3346
Timeout, sequence number = 3370
Timeout, sequence number = 3371
Timeout, sequence number = 3377
Timeout, sequence number = 3381
[CLIENT] Received ACK seq=3400
Timeout, sequence number = 3407
Timeout, sequence number = 3427
[CLIENT] Sent data seq=3500
[CLIENT] Received ACK seq=3500
Timeout, sequence number = 3533
Timeout, sequence number = 3534
[CLIENT] Sent data seq=3600
Timeout, sequence number = 3541
Timeout, sequence number = 3555
Timeout, sequence number = 3567
Timeout, sequence number = 3581
Timeout, sequence number = 3587
[CLIENT] Received ACK seq=3600
Timeout, sequence number = 3622
[CLIENT] Sent data seq=3700
Timeout, sequence number = 3664
Timeout, sequence number = 3672
Timeout, sequence number = 3682
[CLIENT] Received ACK seq=3700
Timeout, sequence number = 3706
Timeout, sequence number = 3711
[CLIENT] Sent data seq=3800
Timeout, sequence number = 3754
Timeout, sequence number = 3779
Timeout, sequence number = 3793
[CLIENT] Received ACK seq=3800
Timeout, sequence number = 3807
Timeout, sequence number = 3811
[CLIENT] Sent data seq=3900
Timeout, sequence number = 3849
Timeout, sequence number = 3869
[CLIENT] Received ACK seq=3900
Timeout, sequence number = 3905
Timeout, sequence number = 3905
Timeout, sequence number = 3913
Timeout, sequence number = 3915
Timeout, sequence number = 3934
[CLIENT] Sent data seq=4000
Timeout, sequence number = 3940
Timeout, sequence number = 3966
Timeout, sequence number = 3966
Timeout, sequence number = 3974
Timeout, sequence number = 3993
Timeout, sequence number = 3995
[CLIENT] Received ACK seq=4000
Timeout, sequence number = 4005
[CLIENT] Sent data seq=4100
Timeout, sequence number = 4085
Timeout, sequence number = 4090
Timeout, sequence number = 4090
[CLIENT] Received ACK seq=4100
Timeout, sequence number = 4110
Timeout, sequence number = 4110
Timeout, sequence number = 4112
Timeout, sequence number = 4119
[CLIENT] Sent data seq=4200
Timeout, sequence number = 4157
Timeout, sequence number = 4171
Timeout, sequence number = 4178
[CLIENT] Received ACK seq=4200
Timeout, sequence number = 4205
Timeout, sequence number = 4227
[CLIENT] Sent data seq=4300
Timeout, sequence number = 4252
Timeout, sequence number = 4264
Timeout, sequence number = 4270
[CLIENT] Received ACK seq=4300
Timeout, sequence number = 4305
Timeout, sequence number = 4328
[CLIENT] Sent data seq=4400
Timeout, sequence number = 4342
Timeout, sequence number = 4371
Timeout, sequence number = 4378
[CLIENT] Received ACK seq=4400
Timeout, sequence number = 4405
[CLIENT] Sent data seq=4500
Timeout, sequence number = 4445
Timeout, sequence number = 4457
Timeout, sequence number = 4468
Timeout, sequence number = 4490
Timeout, sequence number = 4495
Timeout, sequence number = 4498
Timeout, sequence number = 4498
[CLIENT] Received ACK seq=4500
[CLIENT] Sent data seq=4600
Timeout, sequence number = 4562
Timeout, sequence number = 4562
Timeout, sequence number = 4581
[CLIENT] Received ACK seq=4600
Timeout, sequence number = 4604
[CLIENT] Sent data seq=4700
Timeout, sequence number = 4655
Timeout, sequence number = 4676
Timeout, sequence number = 4681
Timeout, sequence number = 4697
[CLIENT] Received ACK seq=4700
Timeout, sequence number = 4718
Timeout, sequence number = 4720
Timeout, sequence number = 4721
[CLIENT] Sent data seq=4800
Timeout, sequence number = 4751
Timeout, sequence number = 4754
[CLIENT] Received ACK seq=4800
Timeout, sequence number = 4820
[CLIENT] Sent data seq=4900
Timeout, sequence number = 4841
Timeout, sequence number = 4841
Timeout, sequence number = 4847
Timeout, sequence number = 4865
Timeout, sequence number = 4869
Timeout, sequence number = 4874
Timeout, sequence number = 4875
[CLIENT] Received ACK seq=4900
Timeout, sequence number = 4922
Timeout, sequence number = 4929
Timeout, sequence number = 4933
[CLIENT] Sent data seq=5000
Timeout, sequence number = 4940
Timeout, sequence number = 4973
Timeout, sequence number = 4974
Timeout, sequence number = 4974
Timeout, sequence number = 5000
[CLIENT] Received ACK seq=5000
Timeout, sequence number = 5005
Timeout, sequence number = 5022
Timeout, sequence number = 5022
Timeout, sequence number = 5029
[CLIENT] Sent data seq=5100
Timeout, sequence number = 5044
Timeout, sequence number = 5044
Timeout, sequence number = 5053
Timeout, sequence number = 5053
Timeout, sequence number = 5069
Timeout, sequence number = 5073
Timeout, sequence number = 5093
Timeout, sequence number = 5093
Timeout, sequence number = 5093
[CLIENT] Received ACK seq=5100
Timeout, sequence number = 5104
Timeout, sequence number = 5114
Timeout, sequence number = 5114
Timeout, sequence number = 5132
[CLIENT] Sent data seq=5200
Timeout, sequence number = 5141
Timeout, sequence number = 5145
Timeout, sequence number = 5164
[CLIENT] Received ACK seq=5200
Timeout, sequence number = 5218
[CLIENT] Sent data seq=5300
Timeout, sequence number = 5239
Timeout, sequence number = 5247
Timeout, sequence number = 5279
[CLIENT] Received ACK seq=5300
Timeout, sequence number = 5320
[CLIENT] Sent data seq=5400
Timeout, sequence number = 5342
Timeout, sequence number = 5346
Timeout, sequence number = 5347
Timeout, sequence number = 5384
Timeout, sequence number = 5387
[CLIENT] Received ACK seq=5400
Timeout, sequence number = 5404
Timeout, sequence number = 5416
Timeout, sequence number = 5422
[CLIENT] Sent data seq=5500
Timeout, sequence number = 5460
Timeout, sequence number = 5469
Timeout, sequence number = 5483
Timeout, sequence number = 5495
[CLIENT] Received ACK seq=5500
Timeout, sequence number = 5505
[CLIENT] Sent data seq=5600
Timeout, sequence number = 5573
Timeout, sequence number = 5575
Timeout, sequence number = 5589
Timeout, sequence number = 5594
Timeout, sequence number = 5595
Timeout, sequence number = 5596
[CLIENT] Received ACK seq=5600
Timeout, sequence number = 5605
Timeout, sequence number = 5635
[CLIENT] Sent data seq=5700
Timeout, sequence number = 5693
[CLIENT] Received ACK seq=5700
[CLIENT] Sent data seq=5800
Timeout, sequence number = 5739
Timeout, sequence number = 5749
Timeout, sequence number = 5759
Timeout, sequence number = 5766
Timeout, sequence number = 5769
Timeout, sequence number = 5775
[CLIENT] Received ACK seq=5800
Timeout, sequence number = 5809
Timeout, sequence number = 5820
Timeout, sequence number = 5822
[CLIENT] Sent data seq=5900
Timeout, sequence number = 5858
Timeout, sequence number = 5864
Timeout, sequence number = 5886
[CLIENT] Received ACK seq=5900
Timeout, sequence number = 5913
[CLIENT] Sent data seq=6000
Timeout, sequence number = 5963
Timeout, sequence number = 5966
Timeout, sequence number = 5990
Timeout, sequence number = 5995
[CLIENT] Received ACK seq=6000
[CLIENT] Summary: sent_packets=6001, ack_packets=6001, retransmitted_packets=21978, timeout_events=346
Transfer complete. Delay = 181.193850 seconds

=== STDERR ===
