=== STDOUT ===
[CLIENT] Starting transfer: server=10.153.27.102:7735, file=demo_input.bin, N=64, MSS=500, total_segments=2401
[CLIENT] Sent data seq=0
[CLIENT] Sent data seq=1
[CLIENT] Sent data seq=2
[CLIENT] Sent data seq=3
[CLIENT] Sent data seq=4
[CLIENT] Received ACK seq=0
Timeout, sequence number = 1
[CLIENT] Received ACK seq=1
[CLIENT] Received ACK seq=2
[CLIENT] Received ACK seq=3
[CLIENT] Received ACK seq=4
Timeout, sequence number = 11
Timeout, sequence number = 18
Timeout, sequence number = 27
[CLIENT] Sent data seq=100
Timeout, sequence number = 39
Timeout, sequence number = 41
Timeout, sequence number = 49
Timeout, sequence number = 55
Timeout, sequence number = 55
Timeout, sequence number = 65
Timeout, sequence number = 91
Timeout, sequence number = 92
[CLIENT] Received ACK seq=100
Timeout, sequence number = 118
[CLIENT] Sent data seq=200
Timeout, sequence number = 152
Timeout, sequence number = 161
Timeout, sequence number = 186
[CLIENT] Received ACK seq=200
Timeout, sequence number = 204
Timeout, sequence number = 207
Timeout, sequence number = 212
[CLIENT] Sent data seq=300
Timeout, sequence number = 241
Timeout, sequence number = 247
Timeout, sequence number = 274
Timeout, sequence number = 291
Timeout, sequence number = 294
[CLIENT] Received ACK seq=300
[CLIENT] Sent data seq=400
Timeout, sequence number = 346
Timeout, sequence number = 355
Timeout, sequence number = 379
Timeout, sequence number = 397
[CLIENT] Received ACK seq=400
Timeout, sequence number = 419
[CLIENT] Sent data seq=500
Timeout, sequence number = 463
Timeout, sequence number = 492
Timeout, sequence number = 492
Timeout, sequence number = 496
Timeout, sequence number = 496
Timeout, sequence number = 500
[CLIENT] Received ACK seq=500
Timeout, sequence number = 506
Timeout, sequence number = 511
Timeout, sequence number = 514
[CLIENT] Sent data seq=600
Timeout, sequence number = 571
Timeout, sequence number = 582
Timeout, sequence number = 587
Timeout, sequence number = 591
[CLIENT] Received ACK seq=600
Timeout, sequence number = 622
Timeout, sequence number = 623
Timeout, sequence number = 631
Timeout, sequence number = 634
[CLIENT] Sent data seq=700
Timeout, sequence number = 671
Timeout, sequence number = 671
Timeout, sequence number = 671
Timeout, sequence number = 685
Timeout, sequence number = 686
[CLIENT] Received ACK seq=700
Timeout, sequence number = 706
Timeout, sequence number = 730
Timeout, sequence number = 736
[CLIENT] Sent data seq=800
Timeout, sequence number = 747
Timeout, sequence number = 750
Timeout, sequence number = 766
Timeout, sequence number = 786
Timeout, sequence number = 796
[CLIENT] Received ACK seq=800
Timeout, sequence number = 808
Timeout, sequence number = 811
Timeout, sequence number = 816
Timeout, sequence number = 816
[CLIENT] Sent data seq=900
Timeout, sequence number = 838
Timeout, sequence number = 850
Timeout, sequence number = 853
Timeout, sequence number = 857
Timeout, sequence number = 860
Timeout, sequence number = 860
Timeout, sequence number = 867
Timeout, sequence number = 878
Timeout, sequence number = 886
Timeout, sequence number = 890
[CLIENT] Received ACK seq=900
Timeout, sequence number = 916
[CLIENT] Sent data seq=1000
Timeout, sequence number = 943
Timeout, sequence number = 948
Timeout, sequence number = 950
Timeout, sequence number = 963
Timeout, sequence number = 981
[CLIENT] Received ACK seq=1000
[CLIENT] Sent data seq=1100
Timeout, sequence number = 1056
Timeout, sequence number = 1062
Timeout, sequence number = 1067
Timeout, sequence number = 1071
Timeout, sequence number = 1091
[CLIENT] Received ACK seq=1100
Timeout, sequence number = 1129
[CLIENT] Sent data seq=1200
Timeout, sequence number = 1164
Timeout, sequence number = 1165
Timeout, sequence number = 1169
Timeout, sequence number = 1181
Timeout, sequence number = 1187
[CLIENT] Received ACK seq=1200
Timeout, sequence number = 1212
[CLIENT] Sent data seq=1300
Timeout, sequence number = 1252
[CLIENT] Received ACK seq=1300
Timeout, sequence number = 1313
[CLIENT] Sent data seq=1400
Timeout, sequence number = 1348
Timeout, sequence number = 1353
Timeout, sequence number = 1390
[CLIENT] Received ACK seq=1400
Timeout, sequence number = 1429
[CLIENT] Sent data seq=1500
Timeout, sequence number = 1444
Timeout, sequence number = 1453
Timeout, sequence number = 1454
Timeout, sequence number = 1457
Timeout, sequence number = 1462
Timeout, sequence number = 1463
Timeout, sequence number = 1464
Timeout, sequence number = 1491
Timeout, sequence number = 1496
Timeout, sequence number = 1500
[CLIENT] Received ACK seq=1500
Timeout, sequence number = 1502
Timeout, sequence number = 1511
Timeout, sequence number = 1511
Timeout, sequence number = 1531
[CLIENT] Sent data seq=1600
Timeout, sequence number = 1542
Timeout, sequence number = 1551
Timeout, sequence number = 1552
Timeout, sequence number = 1559
Timeout, sequence number = 1580
Timeout, sequence number = 1598
[CLIENT] Received ACK seq=1600
Timeout, sequence number = 1603
Timeout, sequence number = 1607
Timeout, sequence number = 1618
Timeout, sequence number = 1626
[CLIENT] Sent data seq=1700
Timeout, sequence number = 1638
Timeout, sequence number = 1640
Timeout, sequence number = 1651
Timeout, sequence number = 1653
Timeout, sequence number = 1658
Timeout, sequence number = 1660
Timeout, sequence number = 1684
Timeout, sequence number = 1695
[CLIENT] Received ACK seq=1700
Timeout, sequence number = 1702
Timeout, sequence number = 1706
Timeout, sequence number = 1733
Timeout, sequence number = 1734
[CLIENT] Sent data seq=1800
Timeout, sequence number = 1756
Timeout, sequence number = 1760
Timeout, sequence number = 1762
Timeout, sequence number = 1766
Timeout, sequence number = 1771
Timeout, sequence number = 1793
[CLIENT] Received ACK seq=1800
[CLIENT] Sent data seq=1900
Timeout, sequence number = 1837
Timeout, sequence number = 1850
Timeout, sequence number = 1855
Timeout, sequence number = 1863
Timeout, sequence number = 1874
[CLIENT] Received ACK seq=1900
Timeout, sequence number = 1901
Timeout, sequence number = 1918
Timeout, sequence number = 1931
[CLIENT] Sent data seq=2000
Timeout, sequence number = 1944
Timeout, sequence number = 1990
[CLIENT] Received ACK seq=2000
Timeout, sequence number = 2009
[CLIENT] Sent data seq=2100
Timeout, sequence number = 2050
Timeout, sequence number = 2051
Timeout, sequence number = 2053
[CLIENT] Received ACK seq=2100
Timeout, sequence number = 2129
[CLIENT] Sent data seq=2200
Timeout, sequence number = 2157
Timeout, sequence number = 2171
Timeout, sequence number = 2185
Timeout, sequence number = 2191
Timeout, sequence number = 2191
Timeout, sequence number = 2196
[CLIENT] Received ACK seq=2200
Timeout, sequence number = 2215
Timeout, sequence number = 2230
[CLIENT] Sent data seq=2300
Timeout, sequence number = 2243
Timeout, sequence number = 2244
Timeout, sequence number = 2250
Timeout, sequence number = 2257
[CLIENT] Received ACK seq=2300
Timeout, sequence number = 2311
Timeout, sequence number = 2315
[CLIENT] Sent data seq=2400
Timeout, sequence number = 2385
Timeout, sequence number = 2385
Timeout, sequence number = 2392
Timeout, sequence number = 2395
[CLIENT] Received ACK seq=2400
[CLIENT] Summary: sent_packets=2401, ack_packets=2401, retransmitted_packets=10799, timeout_events=172
Transfer complete. Delay = 90.157631 seconds

=== STDERR ===
