=== STDOUT ===
[CLIENT] Starting transfer: server=10.153.27.102:7735, file=demo_input.bin, N=64, MSS=500, total_segments=2401
[CLIENT] Sent data seq=0
[CLIENT] Sent data seq=1
[CLIENT] Sent data seq=2
[CLIENT] Sent data seq=3
[CLIENT] Sent data seq=4
[CLIENT] Received ACK seq=0
[CLIENT] Received ACK seq=1
[CLIENT] Received ACK seq=2
Timeout, sequence number = 3
[CLIENT] Received ACK seq=3
[CLIENT] Received ACK seq=4
Timeout, sequence number = 15
Timeout, sequence number = 23
[CLIENT] Sent data seq=100
Timeout, sequence number = 43
Timeout, sequence number = 57
[CLIENT] Received ACK seq=100
Timeout, sequence number = 119
[CLIENT] Sent data seq=200
Timeout, sequence number = 175
[CLIENT] Received ACK seq=200
Timeout, sequence number = 202
Timeout, sequence number = 204
Timeout, sequence number = 214
Timeout, sequence number = 225
[CLIENT] Sent data seq=300
Timeout, sequence number = 252
[CLIENT] Received ACK seq=300
Timeout, sequence number = 316
Timeout, sequence number = 331
[CLIENT] Sent data seq=400
Timeout, sequence number = 353
[CLIENT] Received ACK seq=400
Timeout, sequence number = 431
Timeout, sequence number = 431
[CLIENT] Sent data seq=500
Timeout, sequence number = 458
Timeout, sequence number = 462
Timeout, sequence number = 484
Timeout, sequence number = 497
[CLIENT] Received ACK seq=500
Timeout, sequence number = 523
Timeout, sequence number = 527
[CLIENT] Sent data seq=600
Timeout, sequence number = 538
Timeout, sequence number = 566
Timeout, sequence number = 577
Timeout, sequence number = 594
Timeout, sequence number = 598
Timeout, sequence number = 598
[CLIENT] Received ACK seq=600
Timeout, sequence number = 634
[CLIENT] Sent data seq=700
Timeout, sequence number = 659
[CLIENT] Received ACK seq=700
Timeout, sequence number = 730
[CLIENT] Sent data seq=800
Timeout, sequence number = 747
Timeout, sequence number = 757
Timeout, sequence number = 760
Timeout, sequence number = 794
Timeout, sequence number = 798
[CLIENT] Received ACK seq=800
Timeout, sequence number = 801
Timeout, sequence number = 803
Timeout, sequence number = 825
[CLIENT] Sent data seq=900
Timeout, sequence number = 837
Timeout, sequence number = 881
Timeout, sequence number = 886
[CLIENT] Received ACK seq=900
Timeout, sequence number = 934
[CLIENT] Sent data seq=1000
Timeout, sequence number = 977
[CLIENT] Received ACK seq=1000
Timeout, sequence number = 1010
[CLIENT] Sent data seq=1100
Timeout, sequence number = 1055
Timeout, sequence number = 1072
Timeout, sequence number = 1074
Timeout, sequence number = 1087
[CLIENT] Received ACK seq=1100
Timeout, sequence number = 1103
Timeout, sequence number = 1117
[CLIENT] Sent data seq=1200
Timeout, sequence number = 1159
[CLIENT] Received ACK seq=1200
[CLIENT] Sent data seq=1300
Timeout, sequence number = 1240
Timeout, sequence number = 1249
Timeout, sequence number = 1252
Timeout, sequence number = 1255
Timeout, sequence number = 1260
Timeout, sequence number = 1283
Timeout, sequence number = 1285
Timeout, sequence number = 1290
[CLIENT] Received ACK seq=1300
Timeout, sequence number = 1304
[CLIENT] Sent data seq=1400
Timeout, sequence number = 1343
Timeout, sequence number = 1344
Timeout, sequence number = 1380
[CLIENT] Received ACK seq=1400
Timeout, sequence number = 1423
[CLIENT] Sent data seq=1500
Timeout, sequence number = 1494
Timeout, sequence number = 1495
Timeout, sequence number = 1500
[CLIENT] Received ACK seq=1500
Timeout, sequence number = 1515
[CLIENT] Sent data seq=1600
Timeout, sequence number = 1565
Timeout, sequence number = 1580
Timeout, sequence number = 1585
[CLIENT] Received ACK seq=1600
Timeout, sequence number = 1613
Timeout, sequence number = 1632
[CLIENT] Sent data seq=1700
Timeout, sequence number = 1644
Timeout, sequence number = 1648
Timeout, sequence number = 1671
Timeout, sequence number = 1678
Timeout, sequence number = 1678
Timeout, sequence number = 1684
[CLIENT] Received ACK seq=1700
[CLIENT] Sent data seq=1800
[CLIENT] Received ACK seq=1800
Timeout, sequence number = 1802
Timeout, sequence number = 1816
[CLIENT] Sent data seq=1900
Timeout, sequence number = 1842
Timeout, sequence number = 1854
Timeout, sequence number = 1871
Timeout, sequence number = 1894
[CLIENT] Received ACK seq=1900
Timeout, sequence number = 1919
Timeout, sequence number = 1934
[CLIENT] Sent data seq=2000
Timeout, sequence number = 1941
Timeout, sequence number = 1948
Timeout, sequence number = 1999
[CLIENT] Received ACK seq=2000
[CLIENT] Sent data seq=2100
Timeout, sequence number = 2063
Timeout, sequence number = 2070
[CLIENT] Received ACK seq=2100
Timeout, sequence number = 2120
Timeout, sequence number = 2128
[CLIENT] Sent data seq=2200
Timeout, sequence number = 2156
[CLIENT] Received ACK seq=2200
Timeout, sequence number = 2202
Timeout, sequence number = 2205
Timeout, sequence number = 2207
Timeout, sequence number = 2229
Timeout, sequence number = 2230
Timeout, sequence number = 2234
Timeout, sequence number = 2236
[CLIENT] Sent data seq=2300
Timeout, sequence number = 2267
Timeout, sequence number = 2273
[CLIENT] Received ACK seq=2300
[CLIENT] Sent data seq=2400
Timeout, sequence number = 2337
Timeout, sequence number = 2359
Timeout, sequence number = 2362
Timeout, sequence number = 2383
[CLIENT] Received ACK seq=2400
[CLIENT] Summary: sent_packets=2401, ack_packets=2401, retransmitted_packets=6947, timeout_events=110
Transfer complete. Delay = 57.786262 seconds

=== STDERR ===
