=== STDOUT ===
[CLIENT] Starting transfer: server=10.153.27.102:7735, file=demo_input.bin, N=64, MSS=300, total_segments=4001
[CLIENT] Sent data seq=0
[CLIENT] Sent data seq=1
[CLIENT] Sent data seq=2
[CLIENT] Sent data seq=3
[CLIENT] Sent data seq=4
[CLIENT] Received ACK seq=0
Timeout, sequence number = 1
[CLIENT] Received ACK seq=1
[CLIENT] Received ACK seq=2
[CLIENT] Received ACK seq=3
[CLIENT] Received ACK seq=4
Timeout, sequence number = 12
Timeout, sequence number = 27
Timeout, sequence number = 27
[CLIENT] Sent data seq=100
Timeout, sequence number = 49
Timeout, sequence number = 51
Timeout, sequence number = 62
Timeout, sequence number = 63
Timeout, sequence number = 64
Timeout, sequence number = 64
Timeout, sequence number = 68
Timeout, sequence number = 82
[CLIENT] Received ACK seq=100
[CLIENT] Sent data seq=200
Timeout, sequence number = 156
Timeout, sequence number = 160
Timeout, sequence number = 190
Timeout, sequence number = 195
Timeout, sequence number = 198
[CLIENT] Received ACK seq=200
Timeout, sequence number = 202
Timeout, sequence number = 202
Timeout, sequence number = 204
Timeout, sequence number = 215
Timeout, sequence number = 215
Timeout, sequence number = 216
Timeout, sequence number = 222
Timeout, sequence number = 235
[CLIENT] Sent data seq=300
Timeout, sequence number = 278
[CLIENT] Received ACK seq=300
Timeout, sequence number = 309
Timeout, sequence number = 310
Timeout, sequence number = 318
Timeout, sequence number = 330
[CLIENT] Sent data seq=400
Timeout, sequence number = 357
Timeout, sequence number = 389
[CLIENT] Received ACK seq=400
Timeout, sequence number = 408
Timeout, sequence number = 409
Timeout, sequence number = 427
[CLIENT] Sent data seq=500
Timeout, sequence number = 441
Timeout, sequence number = 492
[CLIENT] Received ACK seq=500
Timeout, sequence number = 510
Timeout, sequence number = 518
Timeout, sequence number = 525
[CLIENT] Sent data seq=600
Timeout, sequence number = 539
Timeout, sequence number = 577
[CLIENT] Received ACK seq=600
Timeout, sequence number = 623
Timeout, sequence number = 623
Timeout, sequence number = 630
Timeout, sequence number = 632
Timeout, sequence number = 634
[CLIENT] Sent data seq=700
Timeout, sequence number = 638
Timeout, sequence number = 676
Timeout, sequence number = 677
Timeout, sequence number = 681
[CLIENT] Received ACK seq=700
Timeout, sequence number = 705
Timeout, sequence number = 719
[CLIENT] Sent data seq=800
Timeout, sequence number = 754
Timeout, sequence number = 761
Timeout, sequence number = 780
Timeout, sequence number = 782
Timeout, sequence number = 797
[CLIENT] Received ACK seq=800
[CLIENT] Sent data seq=900
Timeout, sequence number = 840
Timeout, sequence number = 846
Timeout, sequence number = 848
Timeout, sequence number = 852
Timeout, sequence number = 859
Timeout, sequence number = 869
Timeout, sequence number = 881
[CLIENT] Received ACK seq=900
Timeout, sequence number = 933
[CLIENT] Sent data seq=1000
Timeout, sequence number = 956
Timeout, sequence number = 970
Timeout, sequence number = 979
Timeout, sequence number = 986
[CLIENT] Received ACK seq=1000
Timeout, sequence number = 1020
Timeout, sequence number = 1026
[CLIENT] Sent data seq=1100
Timeout, sequence number = 1054
Timeout, sequence number = 1060
Timeout, sequence number = 1074
Timeout, sequence number = 1087
Timeout, sequence number = 1088
Timeout, sequence number = 1099
[CLIENT] Received ACK seq=1100
Timeout, sequence number = 1131
[CLIENT] Sent data seq=1200
Timeout, sequence number = 1150
Timeout, sequence number = 1150
Timeout, sequence number = 1192
Timeout, sequence number = 1198
[CLIENT] Received ACK seq=1200
Timeout, sequence number = 1213
[CLIENT] Sent data seq=1300
Timeout, sequence number = 1266
Timeout, sequence number = 1287
[CLIENT] Received ACK seq=1300
[CLIENT] Sent data seq=1400
Timeout, sequence number = 1371
Timeout, sequence number = 1379
[CLIENT] Received ACK seq=1400
Timeout, sequence number = 1403
Timeout, sequence number = 1404
Timeout, sequence number = 1426
Timeout, sequence number = 1426
Timeout, sequence number = 1431
[CLIENT] Sent data seq=1500
Timeout, sequence number = 1443
Timeout, sequence number = 1481
Timeout, sequence number = 1487
Timeout, sequence number = 1493
Timeout, sequence number = 1499
[CLIENT] Received ACK seq=1500
Timeout, sequence number = 1533
[CLIENT] Sent data seq=1600
Timeout, sequence number = 1586
[CLIENT] Received ACK seq=1600
Timeout, sequence number = 1607
Timeout, sequence number = 1616
Timeout, sequence number = 1619
Timeout, sequence number = 1630
Timeout, sequence number = 1631
Timeout, sequence number = 1632
[CLIENT] Sent data seq=1700
Timeout, sequence number = 1641
Timeout, sequence number = 1661
Timeout, sequence number = 1685
[CLIENT] Received ACK seq=1700
Timeout, sequence number = 1733
[CLIENT] Sent data seq=1800
Timeout, sequence number = 1763
Timeout, sequence number = 1788
Timeout, sequence number = 1790
[CLIENT] Received ACK seq=1800
Timeout, sequence number = 1823
[CLIENT] Sent data seq=1900
Timeout, sequence number = 1851
[CLIENT] Received ACK seq=1900
Timeout, sequence number = 1908
Timeout, sequence number = 1920
Timeout, sequence number = 1933
[CLIENT] Sent data seq=2000
Timeout, sequence number = 1957
[CLIENT] Received ACK seq=2000
Timeout, sequence number = 2036
[CLIENT] Sent data seq=2100
Timeout, sequence number = 2060
Timeout, sequence number = 2090
[CLIENT] Received ACK seq=2100
Timeout, sequence number = 2104
Timeout, sequence number = 2125
[CLIENT] Sent data seq=2200
Timeout, sequence number = 2160
Timeout, sequence number = 2199
[CLIENT] Received ACK seq=2200
Timeout, sequence number = 2219
Timeout, sequence number = 2225
[CLIENT] Sent data seq=2300
Timeout, sequence number = 2258
Timeout, sequence number = 2273
Timeout, sequence number = 2278
Timeout, sequence number = 2289
Timeout, sequence number = 2293
Timeout, sequence number = 2300
[CLIENT] Received ACK seq=2300
Timeout, sequence number = 2314
Timeout, sequence number = 2317
Timeout, sequence number = 2321
[CLIENT] Sent data seq=2400
Timeout, sequence number = 2378
Timeout, sequence number = 2380
[CLIENT] Received ACK seq=2400
Timeout, sequence number = 2409
Timeout, sequence number = 2411
Timeout, sequence number = 2419
[CLIENT] Sent data seq=2500
Timeout, sequence number = 2487
Timeout, sequence number = 2494
Timeout, sequence number = 2500
[CLIENT] Received ACK seq=2500
Timeout, sequence number = 2502
Timeout, sequence number = 2510
Timeout, sequence number = 2512
Timeout, sequence number = 2512
Timeout, sequence number = 2516
Timeout, sequence number = 2520
Timeout, sequence number = 2523
[CLIENT] Sent data seq=2600
Timeout, sequence number = 2542
Timeout, sequence number = 2546
Timeout, sequence number = 2549
Timeout, sequence number = 2563
Timeout, sequence number = 2581
Timeout, sequence number = 2583
Timeout, sequence number = 2598
[CLIENT] Received ACK seq=2600
Timeout, sequence number = 2613
Timeout, sequence number = 2617
Timeout, sequence number = 2622
Timeout, sequence number = 2636
Timeout, sequence number = 2636
[CLIENT] Sent data seq=2700
Timeout, sequence number = 2644
[CLIENT] Received ACK seq=2700
Timeout, sequence number = 2703
Timeout, sequence number = 2716
Timeout, sequence number = 2728
[CLIENT] Sent data seq=2800
Timeout, sequence number = 2774
Timeout, sequence number = 2775
Timeout, sequence number = 2779
[CLIENT] Received ACK seq=2800
Timeout, sequence number = 2805
Timeout, sequence number = 2836
[CLIENT] Sent data seq=2900
Timeout, sequence number = 2840
Timeout, sequence number = 2843
Timeout, sequence number = 2866
Timeout, sequence number = 2868
Timeout, sequence number = 2889
Timeout, sequence number = 2893
Timeout, sequence number = 2894
Timeout, sequence number = 2894
[CLIENT] Received ACK seq=2900
Timeout, sequence number = 2923
Timeout, sequence number = 2925
[CLIENT] Sent data seq=3000
Timeout, sequence number = 2940
Timeout, sequence number = 2954
[CLIENT] Received ACK seq=3000
Timeout, sequence number = 3028
[CLIENT] Sent data seq=3100
Timeout, sequence number = 3045
Timeout, sequence number = 3080
Timeout, sequence number = 3093
Timeout, sequence number = 3096
[CLIENT] Received ACK seq=3100
Timeout, sequence number = 3114
Timeout, sequence number = 3119
Timeout, sequence number = 3120
Timeout, sequence number = 3123
[CLIENT] Sent data seq=3200
Timeout, sequence number = 3144
Timeout, sequence number = 3163
Timeout, sequence number = 3189
Timeout, sequence number = 3189
Timeout, sequence number = 3189
Timeout, sequence number = 3199
[CLIENT] Received ACK seq=3200
Timeout, sequence number = 3202
Timeout, sequence number = 3220
[CLIENT] Sent data seq=3300
Timeout, sequence number = 3239
Timeout, sequence number = 3245
Timeout, sequence number = 3258
[CLIENT] Received ACK seq=3300
[CLIENT] Sent data seq=3400
Timeout, sequence number = 3367
Timeout, sequence number = 3399
Timeout, sequence number = 3400
[CLIENT] Received ACK seq=3400
[CLIENT] Sent data seq=3500
Timeout, sequence number = 3445
Timeout, sequence number = 3449
Timeout, sequence number = 3474
Timeout, sequence number = 3488
[CLIENT] Received ACK seq=3500
Timeout, sequence number = 3509
Timeout, sequence number = 3512
[CLIENT] Sent data seq=3600
Timeout, sequence number = 3587
[CLIENT] Received ACK seq=3600
Timeout, sequence number = 3604
[CLIENT] Sent data seq=3700
Timeout, sequence number = 3686
[CLIENT] Received ACK seq=3700
Timeout, sequence number = 3717
Timeout, sequence number = 3735
[CLIENT] Sent data seq=3800
Timeout, sequence number = 3787
Timeout, sequence number = 3797
[CLIENT] Received ACK seq=3800
[CLIENT] Sent data seq=3900
Timeout, sequence number = 3850
Timeout, sequence number = 3879
Timeout, sequence number = 3887
[CLIENT] Received ACK seq=3900
Timeout, sequence number = 3906
Timeout, sequence number = 3915
Timeout, sequence number = 3917
[CLIENT] Sent data seq=4000
Timeout, sequence number = 3959
Timeout, sequence number = 3966
[CLIENT] Received ACK seq=4000
[CLIENT] Summary: sent_packets=4001, ack_packets=4001, retransmitted_packets=14605, timeout_events=229
Transfer complete. Delay = 120.560390 seconds

=== STDERR ===
