=== STDOUT ===
[CLIENT] Starting transfer: server=10.153.27.102:7735, file=demo_input.bin, N=64, MSS=100, total_segments=12001
[CLIENT] Sent data seq=0
[CLIENT] Sent data seq=1
[CLIENT] Sent data seq=2
[CLIENT] Sent data seq=3
[CLIENT] Sent data seq=4
[CLIENT] Received ACK seq=0
[CLIENT] Received ACK seq=1
Timeout, sequence number = 2
[CLIENT] Received ACK seq=2
[CLIENT] Received ACK seq=3
Timeout, sequence number = 4
[CLIENT] Received ACK seq=4
Timeout, sequence number = 8
Timeout, sequence number = 19
Timeout, sequence number = 20
[CLIENT] Sent data seq=100
Timeout, sequence number = 79
Timeout, sequence number = 97
[CLIENT] Received ACK seq=100
Timeout, sequence number = 116
Timeout, sequence number = 122
Timeout, sequence number = 122
Timeout, sequence number = 130
[CLIENT] Sent data seq=200
Timeout, sequence number = 150
Timeout, sequence number = 152
[CLIENT] Received ACK seq=200
Timeout, sequence number = 230
[CLIENT] Sent data seq=300
Timeout, sequence number = 249
Timeout, sequence number = 263
Timeout, sequence number = 268
Timeout, sequence number = 272
[CLIENT] Received ACK seq=300
Timeout, sequence number = 302
Timeout, sequence number = 302
Timeout, sequence number = 305
Timeout, sequence number = 315
Timeout, sequence number = 317
Timeout, sequence number = 320
Timeout, sequence number = 320
[CLIENT] Sent data seq=400
Timeout, sequence number = 361
Timeout, sequence number = 372
Timeout, sequence number = 381
Timeout, sequence number = 389
Timeout, sequence number = 392
[CLIENT] Received ACK seq=400
Timeout, sequence number = 408
[CLIENT] Sent data seq=500
Timeout, sequence number = 439
Timeout, sequence number = 474
Timeout, sequence number = 482
Timeout, sequence number = 482
Timeout, sequence number = 492
Timeout, sequence number = 493
[CLIENT] Received ACK seq=500
Timeout, sequence number = 511
Timeout, sequence number = 522
Timeout, sequence number = 533
[CLIENT] Sent data seq=600
Timeout, sequence number = 574
Timeout, sequence number = 579
Timeout, sequence number = 591
[CLIENT] Received ACK seq=600
Timeout, sequence number = 622
Timeout, sequence number = 636
[CLIENT] Sent data seq=700
Timeout, sequence number = 655
Timeout, sequence number = 688
Timeout, sequence number = 690
[CLIENT] Received ACK seq=700
Timeout, sequence number = 716
[CLIENT] Sent data seq=800
Timeout, sequence number = 746
Timeout, sequence number = 755
Timeout, sequence number = 768
[CLIENT] Received ACK seq=800
Timeout, sequence number = 801
Timeout, sequence number = 805
Timeout, sequence number = 816
Timeout, sequence number = 823
[CLIENT] Sent data seq=900
Timeout, sequence number = 894
Timeout, sequence number = 894
Timeout, sequence number = 894
Timeout, sequence number = 898
Timeout, sequence number = 898
[CLIENT] Received ACK seq=900
Timeout, sequence number = 907
Timeout, sequence number = 915
Timeout, sequence number = 920
Timeout, sequence number = 936
[CLIENT] Sent data seq=1000
Timeout, sequence number = 941
Timeout, sequence number = 942
Timeout, sequence number = 990
[CLIENT] Received ACK seq=1000
[CLIENT] Sent data seq=1100
Timeout, sequence number = 1048
Timeout, sequence number = 1071
Timeout, sequence number = 1090
[CLIENT] Received ACK seq=1100
Timeout, sequence number = 1107
Timeout, sequence number = 1107
[CLIENT] Sent data seq=1200
Timeout, sequence number = 1137
Timeout, sequence number = 1142
Timeout, sequence number = 1147
Timeout, sequence number = 1156
Timeout, sequence number = 1174
Timeout, sequence number = 1182
Timeout, sequence number = 1194
Timeout, sequence number = 1195
[CLIENT] Received ACK seq=1200
[CLIENT] Sent data seq=1300
Timeout, sequence number = 1241
Timeout, sequence number = 1255
Timeout, sequence number = 1276
Timeout, sequence number = 1287
Timeout, sequence number = 1290
[CLIENT] Received ACK seq=1300
Timeout, sequence number = 1328
[CLIENT] Sent data seq=1400
Timeout, sequence number = 1361
Timeout, sequence number = 1373
Timeout, sequence number = 1380
Timeout, sequence number = 1382
Timeout, sequence number = 1394
Timeout, sequence number = 1395
Timeout, sequence number = 1400
[CLIENT] Received ACK seq=1400
Timeout, sequence number = 1430
[CLIENT] Sent data seq=1500
Timeout, sequence number = 1448
Timeout, sequence number = 1496
Timeout, sequence number = 1500
[CLIENT] Received ACK seq=1500
Timeout, sequence number = 1520
Timeout, sequence number = 1528
[CLIENT] Sent data seq=1600
Timeout, sequence number = 1537
Timeout, sequence number = 1542
[CLIENT] Received ACK seq=1600
Timeout, sequence number = 1623
Timeout, sequence number = 1632
[CLIENT] Sent data seq=1700
Timeout, sequence number = 1642
Timeout, sequence number = 1668
Timeout, sequence number = 1680
[CLIENT] Received ACK seq=1700
Timeout, sequence number = 1703
Timeout, sequence number = 1721
Timeout, sequence number = 1732
[CLIENT] Sent data seq=1800
Timeout, sequence number = 1739
Timeout, sequence number = 1771
Timeout, sequence number = 1787
[CLIENT] Received ACK seq=1800
Timeout, sequence number = 1824
[CLIENT] Sent data seq=1900
Timeout, sequence number = 1859
[CLIENT] Received ACK seq=1900
Timeout, sequence number = 1901
Timeout, sequence number = 1901
[CLIENT] Sent data seq=2000
Timeout, sequence number = 1938
Timeout, sequence number = 1982
[CLIENT] Received ACK seq=2000
Timeout, sequence number = 2021
Timeout, sequence number = 2035
Timeout, sequence number = 2035
Timeout, sequence number = 2036
[CLIENT] Sent data seq=2100
Timeout, sequence number = 2047
Timeout, sequence number = 2079
[CLIENT] Received ACK seq=2100
[CLIENT] Sent data seq=2200
[CLIENT] Received ACK seq=2200
Timeout, sequence number = 2221
[CLIENT] Sent data seq=2300
Timeout, sequence number = 2255
Timeout, sequence number = 2281
Timeout, sequence number = 2291
[CLIENT] Received ACK seq=2300
Timeout, sequence number = 2304
[CLIENT] Sent data seq=2400
Timeout, sequence number = 2352
Timeout, sequence number = 2363
Timeout, sequence number = 2382
[CLIENT] Received ACK seq=2400
Timeout, sequence number = 2419
Timeout, sequence number = 2423
[CLIENT] Sent data seq=2500
Timeout, sequence number = 2448
Timeout, sequence number = 2468
[CLIENT] Received ACK seq=2500
Timeout, sequence number = 2518
Timeout, sequence number = 2528
Timeout, sequence number = 2536
[CLIENT] Sent data seq=2600
Timeout, sequence number = 2551
Timeout, sequence number = 2568
Timeout, sequence number = 2573
Timeout, sequence number = 2588
[CLIENT] Received ACK seq=2600
Timeout, sequence number = 2609
Timeout, sequence number = 2631
[CLIENT] Sent data seq=2700
Timeout, sequence number = 2638
Timeout, sequence number = 2640
Timeout, sequence number = 2700
[CLIENT] Received ACK seq=2700
Timeout, sequence number = 2721
Timeout, sequence number = 2725
Timeout, sequence number = 2735
Timeout, sequence number = 2736
[CLIENT] Sent data seq=2800
Timeout, sequence number = 2738
Timeout, sequence number = 2741
Timeout, sequence number = 2769
Timeout, sequence number = 2788
[CLIENT] Received ACK seq=2800
Timeout, sequence number = 2802
Timeout, sequence number = 2831
[CLIENT] Sent data seq=2900
Timeout, sequence number = 2882
Timeout, sequence number = 2897
[CLIENT] Received ACK seq=2900
Timeout, sequence number = 2926
[CLIENT] Sent data seq=3000
[CLIENT] Received ACK seq=3000
Timeout, sequence number = 3023
[CLIENT] Sent data seq=3100
Timeout, sequence number = 3085
[CLIENT] Received ACK seq=3100
Timeout, sequence number = 3116
Timeout, sequence number = 3119
Timeout, sequence number = 3120
[CLIENT] Sent data seq=3200
Timeout, sequence number = 3185
Timeout, sequence number = 3191
[CLIENT] Received ACK seq=3200
Timeout, sequence number = 3210
Timeout, sequence number = 3235
[CLIENT] Sent data seq=3300
Timeout, sequence number = 3265
Timeout, sequence number = 3271
Timeout, sequence number = 3279
Timeout, sequence number = 3294
[CLIENT] Received ACK seq=3300
Timeout, sequence number = 3322
[CLIENT] Sent data seq=3400
Timeout, sequence number = 3352
[CLIENT] Received ACK seq=3400
[CLIENT] Sent data seq=3500
Timeout, sequence number = 3456
Timeout, sequence number = 3462
[CLIENT] Received ACK seq=3500
Timeout, sequence number = 3518
Timeout, sequence number = 3530
[CLIENT] Sent data seq=3600
Timeout, sequence number = 3579
Timeout, sequence number = 3579
[CLIENT] Received ACK seq=3600
Timeout, sequence number = 3607
Timeout, sequence number = 3635
[CLIENT] Sent data seq=3700
Timeout, sequence number = 3654
Timeout, sequence number = 3673
Timeout, sequence number = 3673
Timeout, sequence number = 3675
Timeout, sequence number = 3677
Timeout, sequence number = 3682
Timeout, sequence number = 3691
[CLIENT] Received ACK seq=3700
Timeout, sequence number = 3717
Timeout, sequence number = 3719
[CLIENT] Sent data seq=3800
Timeout, sequence number = 3771
Timeout, sequence number = 3793
[CLIENT] Received ACK seq=3800
Timeout, sequence number = 3804
Timeout, sequence number = 3813
Timeout, sequence number = 3832
[CLIENT] Sent data seq=3900
Timeout, sequence number = 3841
Timeout, sequence number = 3863
Timeout, sequence number = 3875
Timeout, sequence number = 3883
Timeout, sequence number = 3892
[CLIENT] Received ACK seq=3900
Timeout, sequence number = 3919
Timeout, sequence number = 3930
[CLIENT] Sent data seq=4000
Timeout, sequence number = 3971
Timeout, sequence number = 3996
[CLIENT] Received ACK seq=4000
Timeout, sequence number = 4027
[CLIENT] Sent data seq=4100
Timeout, sequence number = 4051
Timeout, sequence number = 4056
Timeout, sequence number = 4066
Timeout, sequence number = 4070
[CLIENT] Received ACK seq=4100
Timeout, sequence number = 4116
Timeout, sequence number = 4124
Timeout, sequence number = 4126
[CLIENT] Sent data seq=4200
Timeout, sequence number = 4151
Timeout, sequence number = 4170
Timeout, sequence number = 4174
[CLIENT] Received ACK seq=4200
Timeout, sequence number = 4214
Timeout, sequence number = 4214
[CLIENT] Sent data seq=4300
Timeout, sequence number = 4258
[CLIENT] Received ACK seq=4300
Timeout, sequence number = 4335
[CLIENT] Sent data seq=4400
Timeout, sequence number = 4337
[CLIENT] Received ACK seq=4400
Timeout, sequence number = 4407
Timeout, sequence number = 4408
Timeout, sequence number = 4422
Timeout, sequence number = 4433
[CLIENT] Sent data seq=4500
Timeout, sequence number = 4458
Timeout, sequence number = 4464
Timeout, sequence number = 4483
Timeout, sequence number = 4496
[CLIENT] Received ACK seq=4500
Timeout, sequence number = 4511
[CLIENT] Sent data seq=4600
Timeout, sequence number = 4544
Timeout, sequence number = 4548
Timeout, sequence number = 4594
Timeout, sequence number = 4598
Timeout, sequence number = 4600
[CLIENT] Received ACK seq=4600
Timeout, sequence number = 4607
Timeout, sequence number = 4612
Timeout, sequence number = 4622
Timeout, sequence number = 4632
[CLIENT] Sent data seq=4700
Timeout, sequence number = 4650
Timeout, sequence number = 4656
Timeout, sequence number = 4690
Timeout, sequence number = 4694
Timeout, sequence number = 4694
Timeout, sequence number = 4698
Timeout, sequence number = 4698
[CLIENT] Received ACK seq=4700
Timeout, sequence number = 4714
Timeout, sequence number = 4715
Timeout, sequence number = 4732
[CLIENT] Sent data seq=4800
Timeout, sequence number = 4758
Timeout, sequence number = 4797
[CLIENT] Received ACK seq=4800
Timeout, sequence number = 4817
Timeout, sequence number = 4821
Timeout, sequence number = 4822
[CLIENT] Sent data seq=4900
Timeout, sequence number = 4854
[CLIENT] Received ACK seq=4900
Timeout, sequence number = 4910
Timeout, sequence number = 4926
[CLIENT] Sent data seq=5000
Timeout, sequence number = 4958
Timeout, sequence number = 4997
[CLIENT] Received ACK seq=5000
Timeout, sequence number = 5020
Timeout, sequence number = 5031
Timeout, sequence number = 5034
[CLIENT] Sent data seq=5100
Timeout, sequence number = 5048
Timeout, sequence number = 5055
Timeout, sequence number = 5065
[CLIENT] Received ACK seq=5100
Timeout, sequence number = 5104
Timeout, sequence number = 5106
[CLIENT] Sent data seq=5200
Timeout, sequence number = 5145
Timeout, sequence number = 5159
Timeout, sequence number = 5167
Timeout, sequence number = 5167
Timeout, sequence number = 5199
[CLIENT] Received ACK seq=5200
Timeout, sequence number = 5204
Timeout, sequence number = 5206
Timeout, sequence number = 5228
Timeout, sequence number = 5231
[CLIENT] Sent data seq=5300
Timeout, sequence number = 5237
Timeout, sequence number = 5273
Timeout, sequence number = 5297
[CLIENT] Received ACK seq=5300
Timeout, sequence number = 5321
[CLIENT] Sent data seq=5400
Timeout, sequence number = 5351
[CLIENT] Received ACK seq=5400
Timeout, sequence number = 5428
Timeout, sequence number = 5436
Timeout, sequence number = 5436
[CLIENT] Sent data seq=5500
Timeout, sequence number = 5441
Timeout, sequence number = 5448
Timeout, sequence number = 5458
Timeout, sequence number = 5478
Timeout, sequence number = 5483
[CLIENT] Received ACK seq=5500
Timeout, sequence number = 5507
Timeout, sequence number = 5527
Timeout, sequence number = 5536
[CLIENT] Sent data seq=5600
Timeout, sequence number = 5551
Timeout, sequence number = 5553
Timeout, sequence number = 5555
Timeout, sequence number = 5577
Timeout, sequence number = 5589
Timeout, sequence number = 5591
[CLIENT] Received ACK seq=5600
Timeout, sequence number = 5613
[CLIENT] Sent data seq=5700
Timeout, sequence number = 5649
Timeout, sequence number = 5671
Timeout, sequence number = 5685
[CLIENT] Received ACK seq=5700
Timeout, sequence number = 5707
[CLIENT] Sent data seq=5800
Timeout, sequence number = 5770
Timeout, sequence number = 5770
[CLIENT] Received ACK seq=5800
Timeout, sequence number = 5832
[CLIENT] Sent data seq=5900
Timeout, sequence number = 5857
Timeout, sequence number = 5876
Timeout, sequence number = 5891
[CLIENT] Received ACK seq=5900
[CLIENT] Sent data seq=6000
Timeout, sequence number = 5945
Timeout, sequence number = 5956
Timeout, sequence number = 5963
Timeout, sequence number = 5992
[CLIENT] Received ACK seq=6000
Timeout, sequence number = 6019
Timeout, sequence number = 6021
[CLIENT] Sent data seq=6100
Timeout, sequence number = 6046
Timeout, sequence number = 6052
Timeout, sequence number = 6052
Timeout, sequence number = 6068
Timeout, sequence number = 6081
[CLIENT] Received ACK seq=6100
Timeout, sequence number = 6109
[CLIENT] Sent data seq=6200
Timeout, sequence number = 6167
Timeout, sequence number = 6176
Timeout, sequence number = 6190
Timeout, sequence number = 6192
[CLIENT] Received ACK seq=6200
Timeout, sequence number = 6217
Timeout, sequence number = 6223
[CLIENT] Sent data seq=6300
Timeout, sequence number = 6271
Timeout, sequence number = 6290
[CLIENT] Received ACK seq=6300
[CLIENT] Sent data seq=6400
Timeout, sequence number = 6353
Timeout, sequence number = 6366
Timeout, sequence number = 6367
Timeout, sequence number = 6387
Timeout, sequence number = 6389
Timeout, sequence number = 6400
[CLIENT] Received ACK seq=6400
Timeout, sequence number = 6411
[CLIENT] Sent data seq=6500
Timeout, sequence number = 6451
Timeout, sequence number = 6458
Timeout, sequence number = 6480
Timeout, sequence number = 6497
[CLIENT] Received ACK seq=6500
Timeout, sequence number = 6506
Timeout, sequence number = 6510
Timeout, sequence number = 6514
[CLIENT] Sent data seq=6600
Timeout, sequence number = 6566
Timeout, sequence number = 6574
Timeout, sequence number = 6574
[CLIENT] Received ACK seq=6600
Timeout, sequence number = 6603
Timeout, sequence number = 6610
[CLIENT] Sent data seq=6700
Timeout, sequence number = 6642
Timeout, sequence number = 6645
Timeout, sequence number = 6675
Timeout, sequence number = 6677
Timeout, sequence number = 6682
Timeout, sequence number = 6686
[CLIENT] Received ACK seq=6700
Timeout, sequence number = 6712
Timeout, sequence number = 6728
[CLIENT] Sent data seq=6800
Timeout, sequence number = 6763
Timeout, sequence number = 6787
[CLIENT] Received ACK seq=6800
Timeout, sequence number = 6804
[CLIENT] Sent data seq=6900
Timeout, sequence number = 6841
Timeout, sequence number = 6883
Timeout, sequence number = 6888
[CLIENT] Received ACK seq=6900
Timeout, sequence number = 6927
[CLIENT] Sent data seq=7000
Timeout, sequence number = 6975
Timeout, sequence number = 6988
[CLIENT] Received ACK seq=7000
[CLIENT] Sent data seq=7100
Timeout, sequence number = 7061
[CLIENT] Received ACK seq=7100
Timeout, sequence number = 7103
Timeout, sequence number = 7124
[CLIENT] Sent data seq=7200
Timeout, sequence number = 7141
Timeout, sequence number = 7169
Timeout, sequence number = 7176
Timeout, sequence number = 7182
Timeout, sequence number = 7190
Timeout, sequence number = 7198
Timeout, sequence number = 7199
[CLIENT] Received ACK seq=7200
Timeout, sequence number = 7203
[CLIENT] Sent data seq=7300
Timeout, sequence number = 7237
Timeout, sequence number = 7261
[CLIENT] Received ACK seq=7300
Timeout, sequence number = 7310
Timeout, sequence number = 7333
[CLIENT] Sent data seq=7400
Timeout, sequence number = 7346
Timeout, sequence number = 7392
[CLIENT] Received ACK seq=7400
Timeout, sequence number = 7401
Timeout, sequence number = 7405
Timeout, sequence number = 7410
[CLIENT] Sent data seq=7500
Timeout, sequence number = 7461
Timeout, sequence number = 7493
[CLIENT] Received ACK seq=7500
Timeout, sequence number = 7509
Timeout, sequence number = 7512
Timeout, sequence number = 7517
Timeout, sequence number = 7533
[CLIENT] Sent data seq=7600
Timeout, sequence number = 7545
Timeout, sequence number = 7599
[CLIENT] Received ACK seq=7600
Timeout, sequence number = 7619
Timeout, sequence number = 7620
[CLIENT] Sent data seq=7700
Timeout, sequence number = 7642
Timeout, sequence number = 7660
Timeout, sequence number = 7680
Timeout, sequence number = 7696
[CLIENT] Received ACK seq=7700
[CLIENT] Sent data seq=7800
[CLIENT] Received ACK seq=7800
Timeout, sequence number = 7801
Timeout, sequence number = 7812
Timeout, sequence number = 7820
[CLIENT] Sent data seq=7900
Timeout, sequence number = 7856
Timeout, sequence number = 7886
[CLIENT] Received ACK seq=7900
Timeout, sequence number = 7921
Timeout, sequence number = 7921
Timeout, sequence number = 7933
[CLIENT] Sent data seq=8000
Timeout, sequence number = 7972
Timeout, sequence number = 8000
[CLIENT] Received ACK seq=8000
[CLIENT] Sent data seq=8100
Timeout, sequence number = 8048
Timeout, sequence number = 8099
[CLIENT] Received ACK seq=8100
Timeout, sequence number = 8122
Timeout, sequence number = 8132
Timeout, sequence number = 8132
[CLIENT] Sent data seq=8200
Timeout, sequence number = 8159
Timeout, sequence number = 8167
Timeout, sequence number = 8194
[CLIENT] Received ACK seq=8200
Timeout, sequence number = 8204
Timeout, sequence number = 8218
Timeout, sequence number = 8221
Timeout, sequence number = 8236
[CLIENT] Sent data seq=8300
Timeout, sequence number = 8259
Timeout, sequence number = 8283
Timeout, sequence number = 8286
[CLIENT] Received ACK seq=8300
Timeout, sequence number = 8310
[CLIENT] Sent data seq=8400
Timeout, sequence number = 8342
Timeout, sequence number = 8360
Timeout, sequence number = 8372
[CLIENT] Received ACK seq=8400
Timeout, sequence number = 8403
[CLIENT] Sent data seq=8500
Timeout, sequence number = 8440
Timeout, sequence number = 8461
[CLIENT] Received ACK seq=8500
Timeout, sequence number = 8505
Timeout, sequence number = 8512
Timeout, sequence number = 8525
[CLIENT] Sent data seq=8600
Timeout, sequence number = 8545
Timeout, sequence number = 8558
Timeout, sequence number = 8567
Timeout, sequence number = 8576
Timeout, sequence number = 8579
Timeout, sequence number = 8581
[CLIENT] Received ACK seq=8600
Timeout, sequence number = 8616
[CLIENT] Sent data seq=8700
Timeout, sequence number = 8647
Timeout, sequence number = 8656
Timeout, sequence number = 8680
Timeout, sequence number = 8687
Timeout, sequence number = 8688
[CLIENT] Received ACK seq=8700
Timeout, sequence number = 8707
Timeout, sequence number = 8715
Timeout, sequence number = 8729
[CLIENT] Sent data seq=8800
Timeout, sequence number = 8744
Timeout, sequence number = 8744
Timeout, sequence number = 8748
Timeout, sequence number = 8771
Timeout, sequence number = 8777
Timeout, sequence number = 8794
[CLIENT] Received ACK seq=8800
[CLIENT] Sent data seq=8900
Timeout, sequence number = 8843
Timeout, sequence number = 8857
[CLIENT] Received ACK seq=8900
Timeout, sequence number = 8913
Timeout, sequence number = 8924
[CLIENT] Sent data seq=9000
Timeout, sequence number = 8937
Timeout, sequence number = 8938
Timeout, sequence number = 8940
Timeout, sequence number = 8963
Timeout, sequence number = 8976
Timeout, sequence number = 8989
[CLIENT] Received ACK seq=9000
[CLIENT] Sent data seq=9100
Timeout, sequence number = 9037
Timeout, sequence number = 9048
Timeout, sequence number = 9087
Timeout, sequence number = 9087
[CLIENT] Received ACK seq=9100
Timeout, sequence number = 9125
Timeout, sequence number = 9126
[CLIENT] Sent data seq=9200
Timeout, sequence number = 9174
Timeout, sequence number = 9180
Timeout, sequence number = 9192
Timeout, sequence number = 9197
Timeout, sequence number = 9200
[CLIENT] Received ACK seq=9200
Timeout, sequence number = 9231
[CLIENT] Sent data seq=9300
Timeout, sequence number = 9261
Timeout, sequence number = 9274
Timeout, sequence number = 9275
Timeout, sequence number = 9276
Timeout, sequence number = 9292
[CLIENT] Received ACK seq=9300
Timeout, sequence number = 9334
[CLIENT] Sent data seq=9400
Timeout, sequence number = 9372
[CLIENT] Received ACK seq=9400
Timeout, sequence number = 9404
Timeout, sequence number = 9411
Timeout, sequence number = 9411
Timeout, sequence number = 9415
Timeout, sequence number = 9426
[CLIENT] Sent data seq=9500
Timeout, sequence number = 9483
[CLIENT] Received ACK seq=9500
Timeout, sequence number = 9506
Timeout, sequence number = 9513
Timeout, sequence number = 9514
Timeout, sequence number = 9530
Timeout, sequence number = 9536
[CLIENT] Sent data seq=9600
Timeout, sequence number = 9578
Timeout, sequence number = 9591
[CLIENT] Received ACK seq=9600
Timeout, sequence number = 9636
[CLIENT] Sent data seq=9700
Timeout, sequence number = 9656
Timeout, sequence number = 9665
Timeout, sequence number = 9669
Timeout, sequence number = 9680
[CLIENT] Received ACK seq=9700
Timeout, sequence number = 9704
Timeout, sequence number = 9704
Timeout, sequence number = 9716
[CLIENT] Sent data seq=9800
Timeout, sequence number = 9748
Timeout, sequence number = 9787
[CLIENT] Received ACK seq=9800
Timeout, sequence number = 9806
Timeout, sequence number = 9806
Timeout, sequence number = 9812
Timeout, sequence number = 9820
Timeout, sequence number = 9823
Timeout, sequence number = 9823
Timeout, sequence number = 9829
[CLIENT] Sent data seq=9900
Timeout, sequence number = 9856
Timeout, sequence number = 9881
Timeout, sequence number = 9885
Timeout, sequence number = 9892
[CLIENT] Received ACK seq=9900
Timeout, sequence number = 9909
Timeout, sequence number = 9921
[CLIENT] Sent data seq=10000
Timeout, sequence number = 9951
Timeout, sequence number = 9961
Timeout, sequence number = 9962
Timeout, sequence number = 9971
Timeout, sequence number = 9997
[CLIENT] Received ACK seq=10000
Timeout, sequence number = 10019
Timeout, sequence number = 10026
[CLIENT] Sent data seq=10100
Timeout, sequence number = 10059
Timeout, sequence number = 10073
[CLIENT] Received ACK seq=10100
Timeout, sequence number = 10107
Timeout, sequence number = 10108
[CLIENT] Sent data seq=10200
Timeout, sequence number = 10148
Timeout, sequence number = 10155
Timeout, sequence number = 10182
[CLIENT] Received ACK seq=10200
Timeout, sequence number = 10217
Timeout, sequence number = 10219
Timeout, sequence number = 10219
[CLIENT] Sent data seq=10300
Timeout, sequence number = 10239
Timeout, sequence number = 10240
Timeout, sequence number = 10284
Timeout, sequence number = 10286
Timeout, sequence number = 10288
Timeout, sequence number = 10294
[CLIENT] Received ACK seq=10300
Timeout, sequence number = 10306
Timeout, sequence number = 10324
[CLIENT] Sent data seq=10400
Timeout, sequence number = 10351
Timeout, sequence number = 10357
Timeout, sequence number = 10391
[CLIENT] Received ACK seq=10400
Timeout, sequence number = 10407
[CLIENT] Sent data seq=10500
Timeout, sequence number = 10470
Timeout, sequence number = 10482
Timeout, sequence number = 10482
[CLIENT] Received ACK seq=10500
Timeout, sequence number = 10510
Timeout, sequence number = 10515
Timeout, sequence number = 10533
[CLIENT] Sent data seq=10600
Timeout, sequence number = 10537
Timeout, sequence number = 10555
Timeout, sequence number = 10564
Timeout, sequence number = 10594
Timeout, sequence number = 10595
Timeout, sequence number = 10598
Timeout, sequence number = 10599
[CLIENT] Received ACK seq=10600
Timeout, sequence number = 10607
Timeout, sequence number = 10615
Timeout, sequence number = 10619
Timeout, sequence number = 10622
[CLIENT] Sent data seq=10700
Timeout, sequence number = 10662
Timeout, sequence number = 10664
[CLIENT] Received ACK seq=10700
Timeout, sequence number = 10711
Timeout, sequence number = 10717
Timeout, sequence number = 10736
Timeout, sequence number = 10736
[CLIENT] Sent data seq=10800
Timeout, sequence number = 10754
Timeout, sequence number = 10759
Timeout, sequence number = 10781
[CLIENT] Received ACK seq=10800
Timeout, sequence number = 10827
[CLIENT] Sent data seq=10900
Timeout, sequence number = 10838
Timeout, sequence number = 10854
Timeout, sequence number = 10885
Timeout, sequence number = 10887
Timeout, sequence number = 10898
[CLIENT] Received ACK seq=10900
Timeout, sequence number = 10902
Timeout, sequence number = 10921
[CLIENT] Sent data seq=11000
Timeout, sequence number = 10942
Timeout, sequence number = 10947
Timeout, sequence number = 10948
Timeout, sequence number = 10989
[CLIENT] Received ACK seq=11000
Timeout, sequence number = 11021
Timeout, sequence number = 11022
[CLIENT] Sent data seq=11100
Timeout, sequence number = 11081
[CLIENT] Received ACK seq=11100
Timeout, sequence number = 11114
Timeout, sequence number = 11124
Timeout, sequence number = 11134
Timeout, sequence number = 11136
[CLIENT] Sent data seq=11200
Timeout, sequence number = 11162
Timeout, sequence number = 11167
Timeout, sequence number = 11189
Timeout, sequence number = 11197
[CLIENT] Received ACK seq=11200
Timeout, sequence number = 11205
Timeout, sequence number = 11232
Timeout, sequence number = 11232
[CLIENT] Sent data seq=11300
Timeout, sequence number = 11246
Timeout, sequence number = 11246
Timeout, sequence number = 11247
Timeout, sequence number = 11270
Timeout, sequence number = 11298
[CLIENT] Received ACK seq=11300
Timeout, sequence number = 11318
[CLIENT] Sent data seq=11400
Timeout, sequence number = 11400
[CLIENT] Received ACK seq=11400
Timeout, sequence number = 11402
Timeout, sequence number = 11417
Timeout, sequence number = 11423
Timeout, sequence number = 11426
[CLIENT] Sent data seq=11500
Timeout, sequence number = 11494
[CLIENT] Received ACK seq=11500
Timeout, sequence number = 11528
Timeout, sequence number = 11530
[CLIENT] Sent data seq=11600
Timeout, sequence number = 11544
Timeout, sequence number = 11549
Timeout, sequence number = 11562
Timeout, sequence number = 11589
Timeout, sequence number = 11596
[CLIENT] Received ACK seq=11600
Timeout, sequence number = 11603
Timeout, sequence number = 11615
Timeout, sequence number = 11615
[CLIENT] Sent data seq=11700
Timeout, sequence number = 11640
Timeout, sequence number = 11642
Timeout, sequence number = 11649
Timeout, sequence number = 11667
Timeout, sequence number = 11670
Timeout, sequence number = 11690
[CLIENT] Received ACK seq=11700
Timeout, sequence number = 11713
[CLIENT] Sent data seq=11800
Timeout, sequence number = 11745
Timeout, sequence number = 11761
Timeout, sequence number = 11800
[CLIENT] Received ACK seq=11800
Timeout, sequence number = 11820
Timeout, sequence number = 11834
[CLIENT] Sent data seq=11900
Timeout, sequence number = 11842
Timeout, sequence number = 11878
Timeout, sequence number = 11885
Timeout, sequence number = 11893
[CLIENT] Received ACK seq=11900
Timeout, sequence number = 11924
Timeout, sequence number = 11927
Timeout, sequence number = 11934
[CLIENT] Sent data seq=12000
Timeout, sequence number = 11964
Timeout, sequence number = 11967
Timeout, sequence number = 11972
Timeout, sequence number = 11974
[CLIENT] Received ACK seq=12000
[CLIENT] Summary: sent_packets=12001, ack_packets=12001, retransmitted_packets=41407, timeout_events=649
Transfer complete. Delay = 379.954512 seconds

=== STDERR ===
