=== STDOUT ===
[CLIENT] Starting transfer: server=10.153.27.102:7735, file=demo_input.bin, N=64, MSS=500, total_segments=2401
[CLIENT] Sent data seq=0
[CLIENT] Sent data seq=1
[CLIENT] Sent data seq=2
[CLIENT] Sent data seq=3
[CLIENT] Sent data seq=4
[CLIENT] Received ACK seq=0
[CLIENT] Received ACK seq=1
Timeout, sequence number = 2
[CLIENT] Received ACK seq=2
[CLIENT] Received ACK seq=3
[CLIENT] Received ACK seq=4
[CLIENT] Sent data seq=100
Timeout, sequence number = 40
Timeout, sequence number = 42
Timeout, sequence number = 61
Timeout, sequence number = 96
[CLIENT] Received ACK seq=100
Timeout, sequence number = 111
Timeout, sequence number = 113
[CLIENT] Sent data seq=200
Timeout, sequence number = 160
Timeout, sequence number = 177
[CLIENT] Received ACK seq=200
Timeout, sequence number = 216
Timeout, sequence number = 224
[CLIENT] Sent data seq=300
Timeout, sequence number = 265
Timeout, sequence number = 275
Timeout, sequence number = 283
[CLIENT] Received ACK seq=300
Timeout, sequence number = 309
Timeout, sequence number = 310
[CLIENT] Sent data seq=400
Timeout, sequence number = 343
Timeout, sequence number = 344
Timeout, sequence number = 360
Timeout, sequence number = 366
Timeout, sequence number = 367
Timeout, sequence number = 373
Timeout, sequence number = 384
Timeout, sequence number = 386
Timeout, sequence number = 392
Timeout, sequence number = 395
[CLIENT] Received ACK seq=400
Timeout, sequence number = 401
Timeout, sequence number = 404
Timeout, sequence number = 413
Timeout, sequence number = 415
Timeout, sequence number = 432
Timeout, sequence number = 432
Timeout, sequence number = 434
[CLIENT] Sent data seq=500
Timeout, sequence number = 437
Timeout, sequence number = 452
Timeout, sequence number = 483
Timeout, sequence number = 483
Timeout, sequence number = 487
Timeout, sequence number = 495
[CLIENT] Received ACK seq=500
Timeout, sequence number = 527
Timeout, sequence number = 534
[CLIENT] Sent data seq=600
Timeout, sequence number = 537
Timeout, sequence number = 541
Timeout, sequence number = 543
Timeout, sequence number = 558
Timeout, sequence number = 567
Timeout, sequence number = 570
Timeout, sequence number = 581
Timeout, sequence number = 581
Timeout, sequence number = 596
Timeout, sequence number = 599
[CLIENT] Received ACK seq=600
Timeout, sequence number = 603
Timeout, sequence number = 620
Timeout, sequence number = 635
[CLIENT] Sent data seq=700
Timeout, sequence number = 640
Timeout, sequence number = 652
Timeout, sequence number = 653
Timeout, sequence number = 654
Timeout, sequence number = 660
Timeout, sequence number = 662
[CLIENT] Received ACK seq=700
[CLIENT] Sent data seq=800
Timeout, sequence number = 752
Timeout, sequence number = 756
Timeout, sequence number = 758
Timeout, sequence number = 768
Timeout, sequence number = 796
Timeout, sequence number = 798
[CLIENT] Received ACK seq=800
Timeout, sequence number = 804
Timeout, sequence number = 805
Timeout, sequence number = 805
Timeout, sequence number = 811
Timeout, sequence number = 811
[CLIENT] Sent data seq=900
Timeout, sequence number = 862
Timeout, sequence number = 865
Timeout, sequence number = 867
Timeout, sequence number = 870
Timeout, sequence number = 878
Timeout, sequence number = 891
Timeout, sequence number = 891
[CLIENT] Received ACK seq=900
Timeout, sequence number = 901
Timeout, sequence number = 908
Timeout, sequence number = 919
Timeout, sequence number = 924
Timeout, sequence number = 935
[CLIENT] Sent data seq=1000
Timeout, sequence number = 956
Timeout, sequence number = 959
Timeout, sequence number = 959
Timeout, sequence number = 967
Timeout, sequence number = 970
Timeout, sequence number = 999
[CLIENT] Received ACK seq=1000
Timeout, sequence number = 1019
[CLIENT] Sent data seq=1100
Timeout, sequence number = 1045
Timeout, sequence number = 1052
Timeout, sequence number = 1065
Timeout, sequence number = 1067
Timeout, sequence number = 1071
Timeout, sequence number = 1075
Timeout, sequence number = 1077
Timeout, sequence number = 1079
[CLIENT] Received ACK seq=1100
Timeout, sequence number = 1125
[CLIENT] Sent data seq=1200
Timeout, sequence number = 1139
Timeout, sequence number = 1140
Timeout, sequence number = 1151
Timeout, sequence number = 1152
Timeout, sequence number = 1164
Timeout, sequence number = 1168
Timeout, sequence number = 1170
Timeout, sequence number = 1173
Timeout, sequence number = 1177
Timeout, sequence number = 1180
[CLIENT] Received ACK seq=1200
Timeout, sequence number = 1220
Timeout, sequence number = 1226
Timeout, sequence number = 1229
[CLIENT] Sent data seq=1300
Timeout, sequence number = 1262
[CLIENT] Received ACK seq=1300
Timeout, sequence number = 1301
Timeout, sequence number = 1315
Timeout, sequence number = 1327
[CLIENT] Sent data seq=1400
Timeout, sequence number = 1341
Timeout, sequence number = 1361
Timeout, sequence number = 1366
Timeout, sequence number = 1367
Timeout, sequence number = 1375
Timeout, sequence number = 1376
Timeout, sequence number = 1381
Timeout, sequence number = 1382
Timeout, sequence number = 1382
Timeout, sequence number = 1390
Timeout, sequence number = 1397
[CLIENT] Received ACK seq=1400
Timeout, sequence number = 1423
Timeout, sequence number = 1424
Timeout, sequence number = 1425
Timeout, sequence number = 1425
[CLIENT] Sent data seq=1500
Timeout, sequence number = 1439
Timeout, sequence number = 1449
Timeout, sequence number = 1461
Timeout, sequence number = 1477
Timeout, sequence number = 1481
Timeout, sequence number = 1483
Timeout, sequence number = 1490
Timeout, sequence number = 1491
[CLIENT] Received ACK seq=1500
Timeout, sequence number = 1506
Timeout, sequence number = 1508
[CLIENT] Sent data seq=1600
Timeout, sequence number = 1557
Timeout, sequence number = 1557
Timeout, sequence number = 1559
Timeout, sequence number = 1567
Timeout, sequence number = 1571
Timeout, sequence number = 1579
Timeout, sequence number = 1579
Timeout, sequence number = 1591
Timeout, sequence number = 1598
[CLIENT] Received ACK seq=1600
Timeout, sequence number = 1603
Timeout, sequence number = 1618
Timeout, sequence number = 1623
Timeout, sequence number = 1625
Timeout, sequence number = 1634
[CLIENT] Sent data seq=1700
Timeout, sequence number = 1641
Timeout, sequence number = 1652
Timeout, sequence number = 1654
Timeout, sequence number = 1662
Timeout, sequence number = 1666
Timeout, sequence number = 1668
Timeout, sequence number = 1695
Timeout, sequence number = 1699
Timeout, sequence number = 1700
[CLIENT] Received ACK seq=1700
Timeout, sequence number = 1703
[CLIENT] Sent data seq=1800
Timeout, sequence number = 1743
Timeout, sequence number = 1752
Timeout, sequence number = 1766
Timeout, sequence number = 1776
[CLIENT] Received ACK seq=1800
Timeout, sequence number = 1801
Timeout, sequence number = 1802
Timeout, sequence number = 1830
[CLIENT] Sent data seq=1900
Timeout, sequence number = 1851
Timeout, sequence number = 1855
Timeout, sequence number = 1859
Timeout, sequence number = 1863
Timeout, sequence number = 1869
Timeout, sequence number = 1875
Timeout, sequence number = 1878
Timeout, sequence number = 1884
Timeout, sequence number = 1884
Timeout, sequence number = 1900
[CLIENT] Received ACK seq=1900
Timeout, sequence number = 1902
Timeout, sequence number = 1909
Timeout, sequence number = 1924
Timeout, sequence number = 1927
[CLIENT] Sent data seq=2000
Timeout, sequence number = 1937
Timeout, sequence number = 1941
Timeout, sequence number = 1943
Timeout, sequence number = 1953
Timeout, sequence number = 1954
Timeout, sequence number = 1985
[CLIENT] Received ACK seq=2000
Timeout, sequence number = 2016
Timeout, sequence number = 2016
Timeout, sequence number = 2020
[CLIENT] Sent data seq=2100
Timeout, sequence number = 2037
Timeout, sequence number = 2037
Timeout, sequence number = 2045
Timeout, sequence number = 2067
Timeout, sequence number = 2070
Timeout, sequence number = 2075
Timeout, sequence number = 2095
Timeout, sequence number = 2099
[CLIENT] Received ACK seq=2100
Timeout, sequence number = 2104
Timeout, sequence number = 2104
Timeout, sequence number = 2106
Timeout, sequence number = 2107
Timeout, sequence number = 2118
Timeout, sequence number = 2124
Timeout, sequence number = 2125
[CLIENT] Sent data seq=2200
Timeout, sequence number = 2144
Timeout, sequence number = 2155
Timeout, sequence number = 2173
Timeout, sequence number = 2173
Timeout, sequence number = 2178
Timeout, sequence number = 2183
Timeout, sequence number = 2196
[CLIENT] Received ACK seq=2200
[CLIENT] Sent data seq=2300
Timeout, sequence number = 2239
Timeout, sequence number = 2247
Timeout, sequence number = 2271
Timeout, sequence number = 2281
[CLIENT] Received ACK seq=2300
Timeout, sequence number = 2318
Timeout, sequence number = 2332
Timeout, sequence number = 2335
Timeout, sequence number = 2336
[CLIENT] Sent data seq=2400
Timeout, sequence number = 2348
Timeout, sequence number = 2360
Timeout, sequence number = 2366
Timeout, sequence number = 2383
Timeout, sequence number = 2386
Timeout, sequence number = 2391
[CLIENT] Received ACK seq=2400
[CLIENT] Summary: sent_packets=2401, ack_packets=2401, retransmitted_packets=14572, timeout_events=231
Transfer complete. Delay = 121.369349 seconds

=== STDERR ===
