=== STDOUT ===
[CLIENT] Starting transfer: server=10.153.27.102:7735, file=demo_input.bin, N=64, MSS=500, total_segments=2401
[CLIENT] Sent data seq=0
[CLIENT] Sent data seq=1
[CLIENT] Sent data seq=2
[CLIENT] Sent data seq=3
[CLIENT] Sent data seq=4
[CLIENT] Received ACK seq=0
[CLIENT] Received ACK seq=1
Timeout, sequence number = 2
[CLIENT] Received ACK seq=2
[CLIENT] Received ACK seq=3
[CLIENT] Received ACK seq=4
Timeout, sequence number = 15
Timeout, sequence number = 22
Timeout, sequence number = 25
Timeout, sequence number = 27
Timeout, sequence number = 28
[CLIENT] Sent data seq=100
Timeout, sequence number = 46
Timeout, sequence number = 84
[CLIENT] Received ACK seq=100
[CLIENT] Sent data seq=200
Timeout, sequence number = 156
Timeout, sequence number = 157
Timeout, sequence number = 173
Timeout, sequence number = 178
[CLIENT] Received ACK seq=200
Timeout, sequence number = 209
Timeout, sequence number = 224
Timeout, sequence number = 232
[CLIENT] Sent data seq=300
Timeout, sequence number = 250
Timeout, sequence number = 260
Timeout, sequence number = 268
Timeout, sequence number = 300
[CLIENT] Received ACK seq=300
Timeout, sequence number = 309
Timeout, sequence number = 322
Timeout, sequence number = 323
[CLIENT] Sent data seq=400
Timeout, sequence number = 387
[CLIENT] Received ACK seq=400
Timeout, sequence number = 402
[CLIENT] Sent data seq=500
Timeout, sequence number = 466
Timeout, sequence number = 473
Timeout, sequence number = 486
[CLIENT] Received ACK seq=500
Timeout, sequence number = 513
Timeout, sequence number = 520
Timeout, sequence number = 524
[CLIENT] Sent data seq=600
Timeout, sequence number = 550
Timeout, sequence number = 558
Timeout, sequence number = 575
Timeout, sequence number = 576
Timeout, sequence number = 578
Timeout, sequence number = 581
Timeout, sequence number = 592
[CLIENT] Received ACK seq=600
[CLIENT] Sent data seq=700
Timeout, sequence number = 642
Timeout, sequence number = 646
Timeout, sequence number = 658
Timeout, sequence number = 667
Timeout, sequence number = 668
Timeout, sequence number = 688
[CLIENT] Received ACK seq=700
Timeout, sequence number = 702
Timeout, sequence number = 706
Timeout, sequence number = 729
[CLIENT] Sent data seq=800
Timeout, sequence number = 771
Timeout, sequence number = 772
Timeout, sequence number = 776
Timeout, sequence number = 776
Timeout, sequence number = 791
Timeout, sequence number = 798
[CLIENT] Received ACK seq=800
Timeout, sequence number = 806
[CLIENT] Sent data seq=900
Timeout, sequence number = 842
Timeout, sequence number = 846
Timeout, sequence number = 857
Timeout, sequence number = 861
Timeout, sequence number = 867
Timeout, sequence number = 878
Timeout, sequence number = 879
Timeout, sequence number = 888
Timeout, sequence number = 893
Timeout, sequence number = 893
Timeout, sequence number = 897
Timeout, sequence number = 898
[CLIENT] Received ACK seq=900
Timeout, sequence number = 903
Timeout, sequence number = 922
[CLIENT] Sent data seq=1000
Timeout, sequence number = 955
Timeout, sequence number = 972
Timeout, sequence number = 978
Timeout, sequence number = 986
[CLIENT] Received ACK seq=1000
Timeout, sequence number = 1002
Timeout, sequence number = 1009
[CLIENT] Sent data seq=1100
Timeout, sequence number = 1056
Timeout, sequence number = 1062
Timeout, sequence number = 1084
[CLIENT] Received ACK seq=1100
Timeout, sequence number = 1109
[CLIENT] Sent data seq=1200
Timeout, sequence number = 1138
Timeout, sequence number = 1145
Timeout, sequence number = 1150
Timeout, sequence number = 1172
Timeout, sequence number = 1199
[CLIENT] Received ACK seq=1200
Timeout, sequence number = 1209
[CLIENT] Sent data seq=1300
Timeout, sequence number = 1270
Timeout, sequence number = 1281
Timeout, sequence number = 1298
[CLIENT] Received ACK seq=1300
Timeout, sequence number = 1302
Timeout, sequence number = 1307
Timeout, sequence number = 1308
Timeout, sequence number = 1312
Timeout, sequence number = 1312
Timeout, sequence number = 1314
Timeout, sequence number = 1319
[CLIENT] Sent data seq=1400
Timeout, sequence number = 1353
Timeout, sequence number = 1392
[CLIENT] Received ACK seq=1400
Timeout, sequence number = 1429
[CLIENT] Sent data seq=1500
Timeout, sequence number = 1438
Timeout, sequence number = 1438
Timeout, sequence number = 1457
Timeout, sequence number = 1469
Timeout, sequence number = 1480
Timeout, sequence number = 1484
[CLIENT] Received ACK seq=1500
Timeout, sequence number = 1532
[CLIENT] Sent data seq=1600
Timeout, sequence number = 1544
Timeout, sequence number = 1550
Timeout, sequence number = 1553
Timeout, sequence number = 1579
[CLIENT] Received ACK seq=1600
Timeout, sequence number = 1605
Timeout, sequence number = 1605
Timeout, sequence number = 1622
[CLIENT] Sent data seq=1700
Timeout, sequence number = 1643
Timeout, sequence number = 1647
Timeout, sequence number = 1650
Timeout, sequence number = 1666
Timeout, sequence number = 1667
[CLIENT] Received ACK seq=1700
Timeout, sequence number = 1708
Timeout, sequence number = 1724
Timeout, sequence number = 1731
Timeout, sequence number = 1733
[CLIENT] Sent data seq=1800
Timeout, sequence number = 1757
Timeout, sequence number = 1762
Timeout, sequence number = 1775
Timeout, sequence number = 1794
[CLIENT] Received ACK seq=1800
Timeout, sequence number = 1805
Timeout, sequence number = 1805
[CLIENT] Sent data seq=1900
Timeout, sequence number = 1859
Timeout, sequence number = 1870
Timeout, sequence number = 1880
Timeout, sequence number = 1893
Timeout, sequence number = 1899
[CLIENT] Received ACK seq=1900
Timeout, sequence number = 1906
Timeout, sequence number = 1921
Timeout, sequence number = 1930
Timeout, sequence number = 1932
Timeout, sequence number = 1934
[CLIENT] Sent data seq=2000
Timeout, sequence number = 1945
Timeout, sequence number = 1958
Timeout, sequence number = 1971
[CLIENT] Received ACK seq=2000
Timeout, sequence number = 2021
Timeout, sequence number = 2021
[CLIENT] Sent data seq=2100
Timeout, sequence number = 2065
Timeout, sequence number = 2070
Timeout, sequence number = 2073
[CLIENT] Received ACK seq=2100
Timeout, sequence number = 2131
[CLIENT] Sent data seq=2200
Timeout, sequence number = 2137
Timeout, sequence number = 2138
Timeout, sequence number = 2147
Timeout, sequence number = 2178
Timeout, sequence number = 2184
Timeout, sequence number = 2189
[CLIENT] Received ACK seq=2200
[CLIENT] Sent data seq=2300
Timeout, sequence number = 2263
Timeout, sequence number = 2269
Timeout, sequence number = 2278
Timeout, sequence number = 2299
[CLIENT] Received ACK seq=2300
[CLIENT] Sent data seq=2400
Timeout, sequence number = 2355
Timeout, sequence number = 2365
Timeout, sequence number = 2373
[CLIENT] Received ACK seq=2400
[CLIENT] Summary: sent_packets=2401, ack_packets=2401, retransmitted_packets=9966, timeout_events=157
Transfer complete. Delay = 83.040798 seconds

=== STDERR ===
