=== STDOUT ===
[CLIENT] Starting transfer: server=10.153.27.102:7735, file=demo_input.bin, N=64, MSS=700, total_segments=1716
[CLIENT] Sent data seq=0
[CLIENT] Sent data seq=1
[CLIENT] Sent data seq=2
[CLIENT] Sent data seq=3
[CLIENT] Sent data seq=4
[CLIENT] Received ACK seq=0
[CLIENT] Received ACK seq=1
[CLIENT] Received ACK seq=2
[CLIENT] Received ACK seq=3
[CLIENT] Received ACK seq=4
Timeout, sequence number = 26
Timeout, sequence number = 33
[CLIENT] Sent data seq=100
Timeout, sequence number = 47
Timeout, sequence number = 49
[CLIENT] Received ACK seq=100
Timeout, sequence number = 111
[CLIENT] Sent data seq=200
Timeout, sequence number = 153
Timeout, sequence number = 162
Timeout, sequence number = 162
Timeout, sequence number = 183
Timeout, sequence number = 185
[CLIENT] Received ACK seq=200
Timeout, sequence number = 211
Timeout, sequence number = 225
Timeout, sequence number = 226
[CLIENT] Sent data seq=300
Timeout, sequence number = 240
Timeout, sequence number = 269
Timeout, sequence number = 294
[CLIENT] Received ACK seq=300
[CLIENT] Sent data seq=400
Timeout, sequence number = 341
Timeout, sequence number = 358
Timeout, sequence number = 360
Timeout, sequence number = 382
[CLIENT] Received ACK seq=400
Timeout, sequence number = 435
[CLIENT] Sent data seq=500
Timeout, sequence number = 437
Timeout, sequence number = 469
Timeout, sequence number = 489
[CLIENT] Received ACK seq=500
Timeout, sequence number = 519
Timeout, sequence number = 535
[CLIENT] Sent data seq=600
Timeout, sequence number = 570
Timeout, sequence number = 575
Timeout, sequence number = 588
Timeout, sequence number = 595
[CLIENT] Received ACK seq=600
Timeout, sequence number = 620
Timeout, sequence number = 627
[CLIENT] Sent data seq=700
[CLIENT] Received ACK seq=700
[CLIENT] Sent data seq=800
Timeout, sequence number = 745
Timeout, sequence number = 756
Timeout, sequence number = 762
Timeout, sequence number = 765
Timeout, sequence number = 777
Timeout, sequence number = 791
[CLIENT] Received ACK seq=800
Timeout, sequence number = 813
Timeout, sequence number = 835
[CLIENT] Sent data seq=900
Timeout, sequence number = 859
Timeout, sequence number = 866
Timeout, sequence number = 869
Timeout, sequence number = 879
Timeout, sequence number = 899
[CLIENT] Received ACK seq=900
Timeout, sequence number = 918
Timeout, sequence number = 930
[CLIENT] Sent data seq=1000
Timeout, sequence number = 943
Timeout, sequence number = 955
Timeout, sequence number = 956
Timeout, sequence number = 956
Timeout, sequence number = 984
Timeout, sequence number = 985
Timeout, sequence number = 990
Timeout, sequence number = 998
[CLIENT] Received ACK seq=1000
Timeout, sequence number = 1021
[CLIENT] Sent data seq=1100
Timeout, sequence number = 1062
Timeout, sequence number = 1072
Timeout, sequence number = 1075
Timeout, sequence number = 1079
Timeout, sequence number = 1098
[CLIENT] Received ACK seq=1100
Timeout, sequence number = 1123
[CLIENT] Sent data seq=1200
Timeout, sequence number = 1142
Timeout, sequence number = 1165
Timeout, sequence number = 1168
Timeout, sequence number = 1182
[CLIENT] Received ACK seq=1200
[CLIENT] Sent data seq=1300
Timeout, sequence number = 1255
Timeout, sequence number = 1263
Timeout, sequence number = 1279
Timeout, sequence number = 1281
Timeout, sequence number = 1287
[CLIENT] Received ACK seq=1300
Timeout, sequence number = 1310
Timeout, sequence number = 1336
[CLIENT] Sent data seq=1400
Timeout, sequence number = 1353
Timeout, sequence number = 1361
Timeout, sequence number = 1370
Timeout, sequence number = 1379
[CLIENT] Received ACK seq=1400
Timeout, sequence number = 1420
[CLIENT] Sent data seq=1500
Timeout, sequence number = 1442
Timeout, sequence number = 1444
Timeout, sequence number = 1468
[CLIENT] Received ACK seq=1500
Timeout, sequence number = 1507
Timeout, sequence number = 1510
Timeout, sequence number = 1535
[CLIENT] Sent data seq=1600
Timeout, sequence number = 1572
Timeout, sequence number = 1580
[CLIENT] Received ACK seq=1600
Timeout, sequence number = 1610
Timeout, sequence number = 1615
[CLIENT] Sent data seq=1700
Timeout, sequence number = 1654
Timeout, sequence number = 1661
Timeout, sequence number = 1666
Timeout, sequence number = 1692
[CLIENT] Received ACK seq=1700
[CLIENT] Summary: sent_packets=1716, ack_packets=1716, retransmitted_packets=5823, timeout_events=92
Transfer complete. Delay = 48.620914 seconds

=== STDERR ===
