=== STDOUT ===
[CLIENT] Starting transfer: server=10.153.27.102:7735, file=demo_input.bin, N=64, MSS=500, total_segments=2401
[CLIENT] Sent data seq=0
[CLIENT] Sent data seq=1
[CLIENT] Sent data seq=2
[CLIENT] Sent data seq=3
[CLIENT] Sent data seq=4
Timeout, sequence number = 0
[CLIENT] Received ACK seq=0
[CLIENT] Received ACK seq=1
[CLIENT] Received ACK seq=2
[CLIENT] Received ACK seq=3
Timeout, sequence number = 4
[CLIENT] Received ACK seq=4
[CLIENT] Sent data seq=100
Timeout, sequence number = 63
[CLIENT] Received ACK seq=100
Timeout, sequence number = 130
[CLIENT] Sent data seq=200
Timeout, sequence number = 142
Timeout, sequence number = 177
[CLIENT] Received ACK seq=200
Timeout, sequence number = 210
[CLIENT] Sent data seq=300
Timeout, sequence number = 249
Timeout, sequence number = 257
Timeout, sequence number = 281
[CLIENT] Received ACK seq=300
Timeout, sequence number = 301
[CLIENT] Sent data seq=400
Timeout, sequence number = 353
Timeout, sequence number = 377
[CLIENT] Received ACK seq=400
Timeout, sequence number = 418
[CLIENT] Sent data seq=500
Timeout, sequence number = 459
[CLIENT] Received ACK seq=500
Timeout, sequence number = 526
[CLIENT] Sent data seq=600
Timeout, sequence number = 595
[CLIENT] Received ACK seq=600
Timeout, sequence number = 633
[CLIENT] Sent data seq=700
Timeout, sequence number = 638
Timeout, sequence number = 643
Timeout, sequence number = 672
Timeout, sequence number = 672
[CLIENT] Received ACK seq=700
[CLIENT] Sent data seq=800
Timeout, sequence number = 769
[CLIENT] Received ACK seq=800
Timeout, sequence number = 814
Timeout, sequence number = 818
[CLIENT] Sent data seq=900
Timeout, sequence number = 852
Timeout, sequence number = 857
[CLIENT] Received ACK seq=900
Timeout, sequence number = 904
Timeout, sequence number = 913
Timeout, sequence number = 926
Timeout, sequence number = 928
Timeout, sequence number = 928
[CLIENT] Sent data seq=1000
[CLIENT] Received ACK seq=1000
[CLIENT] Sent data seq=1100
[CLIENT] Received ACK seq=1100
Timeout, sequence number = 1104
[CLIENT] Sent data seq=1200
Timeout, sequence number = 1140
Timeout, sequence number = 1146
Timeout, sequence number = 1165
[CLIENT] Received ACK seq=1200
[CLIENT] Sent data seq=1300
Timeout, sequence number = 1263
Timeout, sequence number = 1272
[CLIENT] Received ACK seq=1300
[CLIENT] Sent data seq=1400
Timeout, sequence number = 1346
Timeout, sequence number = 1347
Timeout, sequence number = 1349
Timeout, sequence number = 1359
Timeout, sequence number = 1368
Timeout, sequence number = 1373
[CLIENT] Received ACK seq=1400
Timeout, sequence number = 1415
[CLIENT] Sent data seq=1500
[CLIENT] Received ACK seq=1500
Timeout, sequence number = 1513
[CLIENT] Sent data seq=1600
[CLIENT] Received ACK seq=1600
Timeout, sequence number = 1634
[CLIENT] Sent data seq=1700
Timeout, sequence number = 1652
Timeout, sequence number = 1672
Timeout, sequence number = 1689
[CLIENT] Received ACK seq=1700
Timeout, sequence number = 1720
[CLIENT] Sent data seq=1800
[CLIENT] Received ACK seq=1800
Timeout, sequence number = 1824
[CLIENT] Sent data seq=1900
Timeout, sequence number = 1887
Timeout, sequence number = 1890
Timeout, sequence number = 1895
[CLIENT] Received ACK seq=1900
Timeout, sequence number = 1908
Timeout, sequence number = 1922
[CLIENT] Sent data seq=2000
Timeout, sequence number = 1988
Timeout, sequence number = 1993
[CLIENT] Received ACK seq=2000
Timeout, sequence number = 2003
Timeout, sequence number = 2008
Timeout, sequence number = 2019
[CLIENT] Sent data seq=2100
Timeout, sequence number = 2049
[CLIENT] Received ACK seq=2100
Timeout, sequence number = 2101
Timeout, sequence number = 2104
Timeout, sequence number = 2106
Timeout, sequence number = 2119
Timeout, sequence number = 2119
[CLIENT] Sent data seq=2200
[CLIENT] Received ACK seq=2200
[CLIENT] Sent data seq=2300
Timeout, sequence number = 2278
[CLIENT] Received ACK seq=2300
Timeout, sequence number = 2313
Timeout, sequence number = 2313
Timeout, sequence number = 2316
[CLIENT] Sent data seq=2400
[CLIENT] Received ACK seq=2400
[CLIENT] Summary: sent_packets=2401, ack_packets=2401, retransmitted_packets=4608, timeout_events=72
Transfer complete. Delay = 38.138390 seconds

=== STDERR ===
