=== STDOUT ===
[CLIENT] Starting transfer: server=10.153.27.102:7735, file=demo_input.bin, N=64, MSS=900, total_segments=1335
[CLIENT] Sent data seq=0
[CLIENT] Sent data seq=1
[CLIENT] Sent data seq=2
[CLIENT] Sent data seq=3
[CLIENT] Sent data seq=4
[CLIENT] Received ACK seq=0
Timeout, sequence number = 1
[CLIENT] Received ACK seq=1
[CLIENT] Received ACK seq=2
[CLIENT] Received ACK seq=3
[CLIENT] Received ACK seq=4
Timeout, sequence number = 14
Timeout, sequence number = 17
Timeout, sequence number = 17
[CLIENT] Sent data seq=100
Timeout, sequence number = 47
[CLIENT] Received ACK seq=100
Timeout, sequence number = 115
[CLIENT] Sent data seq=200
Timeout, sequence number = 147
Timeout, sequence number = 148
Timeout, sequence number = 156
Timeout, sequence number = 161
Timeout, sequence number = 166
Timeout, sequence number = 175
[CLIENT] Received ACK seq=200
Timeout, sequence number = 203
Timeout, sequence number = 211
[CLIENT] Sent data seq=300
Timeout, sequence number = 243
Timeout, sequence number = 274
Timeout, sequence number = 276
Timeout, sequence number = 284
Timeout, sequence number = 284
[CLIENT] Received ACK seq=300
[CLIENT] Sent data seq=400
Timeout, sequence number = 356
Timeout, sequence number = 364
Timeout, sequence number = 367
Timeout, sequence number = 384
[CLIENT] Received ACK seq=400
Timeout, sequence number = 436
[CLIENT] Sent data seq=500
Timeout, sequence number = 462
Timeout, sequence number = 470
[CLIENT] Received ACK seq=500
Timeout, sequence number = 532
[CLIENT] Sent data seq=600
Timeout, sequence number = 575
[CLIENT] Received ACK seq=600
[CLIENT] Sent data seq=700
Timeout, sequence number = 645
[CLIENT] Received ACK seq=700
Timeout, sequence number = 701
Timeout, sequence number = 711
Timeout, sequence number = 722
[CLIENT] Sent data seq=800
Timeout, sequence number = 765
[CLIENT] Received ACK seq=800
Timeout, sequence number = 836
[CLIENT] Sent data seq=900
Timeout, sequence number = 845
Timeout, sequence number = 857
Timeout, sequence number = 867
Timeout, sequence number = 886
[CLIENT] Received ACK seq=900
Timeout, sequence number = 915
Timeout, sequence number = 923
[CLIENT] Sent data seq=1000
Timeout, sequence number = 958
Timeout, sequence number = 969
[CLIENT] Received ACK seq=1000
Timeout, sequence number = 1036
[CLIENT] Sent data seq=1100
Timeout, sequence number = 1048
Timeout, sequence number = 1051
Timeout, sequence number = 1072
[CLIENT] Received ACK seq=1100
Timeout, sequence number = 1106
[CLIENT] Sent data seq=1200
Timeout, sequence number = 1145
Timeout, sequence number = 1179
[CLIENT] Received ACK seq=1200
Timeout, sequence number = 1202
[CLIENT] Sent data seq=1300
Timeout, sequence number = 1247
Timeout, sequence number = 1257
Timeout, sequence number = 1263
Timeout, sequence number = 1266
Timeout, sequence number = 1267
[CLIENT] Received ACK seq=1300
Timeout, sequence number = 1320
Timeout, sequence number = 1322
[CLIENT] Summary: sent_packets=1335, ack_packets=1335, retransmitted_packets=3548, timeout_events=57
Transfer complete. Delay = 30.181729 seconds

=== STDERR ===
