=== STDOUT ===
[CLIENT] Starting transfer: server=10.153.27.102:7735, file=demo_input.bin, N=64, MSS=100, total_segments=12001
[CLIENT] Sent data seq=0
[CLIENT] Sent data seq=1
[CLIENT] Sent data seq=2
[CLIENT] Sent data seq=3
[CLIENT] Sent data seq=4
Timeout, sequence number = 0
[CLIENT] Received ACK seq=0
[CLIENT] Received ACK seq=1
[CLIENT] Received ACK seq=2
[CLIENT] Received ACK seq=3
[CLIENT] Received ACK seq=4
Timeout, sequence number = 32
Timeout, sequence number = 35
[CLIENT] Sent data seq=100
Timeout, sequence number = 37
Timeout, sequence number = 45
Timeout, sequence number = 53
Timeout, sequence number = 83
Timeout, sequence number = 84
Timeout, sequence number = 87
Timeout, sequence number = 88
[CLIENT] Received ACK seq=100
Timeout, sequence number = 113
Timeout, sequence number = 133
[CLIENT] Sent data seq=200
Timeout, sequence number = 165
[CLIENT] Received ACK seq=200
Timeout, sequence number = 211
Timeout, sequence number = 231
[CLIENT] Sent data seq=300
Timeout, sequence number = 252
Timeout, sequence number = 291
Timeout, sequence number = 300
[CLIENT] Received ACK seq=300
[CLIENT] Sent data seq=400
Timeout, sequence number = 355
[CLIENT] Received ACK seq=400
Timeout, sequence number = 428
[CLIENT] Sent data seq=500
Timeout, sequence number = 443
Timeout, sequence number = 484
Timeout, sequence number = 487
Timeout, sequence number = 495
Timeout, sequence number = 495
[CLIENT] Received ACK seq=500
Timeout, sequence number = 508
Timeout, sequence number = 510
[CLIENT] Sent data seq=600
Timeout, sequence number = 548
Timeout, sequence number = 553
Timeout, sequence number = 578
[CLIENT] Received ACK seq=600
Timeout, sequence number = 609
Timeout, sequence number = 609
Timeout, sequence number = 617
[CLIENT] Sent data seq=700
Timeout, sequence number = 649
Timeout, sequence number = 651
Timeout, sequence number = 670
[CLIENT] Received ACK seq=700
Timeout, sequence number = 701
Timeout, sequence number = 705
Timeout, sequence number = 721
[CLIENT] Sent data seq=800
Timeout, sequence number = 761
[CLIENT] Received ACK seq=800
Timeout, sequence number = 811
Timeout, sequence number = 824
[CLIENT] Sent data seq=900
Timeout, sequence number = 851
Timeout, sequence number = 854
Timeout, sequence number = 864
Timeout, sequence number = 869
Timeout, sequence number = 872
Timeout, sequence number = 889
Timeout, sequence number = 890
[CLIENT] Received ACK seq=900
Timeout, sequence number = 932
[CLIENT] Sent data seq=1000
Timeout, sequence number = 947
Timeout, sequence number = 950
Timeout, sequence number = 991
[CLIENT] Received ACK seq=1000
Timeout, sequence number = 1002
Timeout, sequence number = 1023
Timeout, sequence number = 1032
Timeout, sequence number = 1032
[CLIENT] Sent data seq=1100
Timeout, sequence number = 1037
Timeout, sequence number = 1052
Timeout, sequence number = 1053
Timeout, sequence number = 1057
Timeout, sequence number = 1058
[CLIENT] Received ACK seq=1100
Timeout, sequence number = 1118
Timeout, sequence number = 1120
[CLIENT] Sent data seq=1200
Timeout, sequence number = 1140
Timeout, sequence number = 1190
Timeout, sequence number = 1193
Timeout, sequence number = 1197
[CLIENT] Received ACK seq=1200
Timeout, sequence number = 1217
[CLIENT] Sent data seq=1300
Timeout, sequence number = 1271
Timeout, sequence number = 1281
Timeout, sequence number = 1299
[CLIENT] Received ACK seq=1300
Timeout, sequence number = 1305
Timeout, sequence number = 1335
[CLIENT] Sent data seq=1400
Timeout, sequence number = 1346
Timeout, sequence number = 1365
Timeout, sequence number = 1371
Timeout, sequence number = 1373
Timeout, sequence number = 1390
Timeout, sequence number = 1392
[CLIENT] Received ACK seq=1400
Timeout, sequence number = 1416
Timeout, sequence number = 1416
[CLIENT] Sent data seq=1500
Timeout, sequence number = 1467
Timeout, sequence number = 1471
Timeout, sequence number = 1475
Timeout, sequence number = 1491
Timeout, sequence number = 1494
[CLIENT] Received ACK seq=1500
Timeout, sequence number = 1519
Timeout, sequence number = 1523
[CLIENT] Sent data seq=1600
Timeout, sequence number = 1555
Timeout, sequence number = 1563
Timeout, sequence number = 1580
Timeout, sequence number = 1587
[CLIENT] Received ACK seq=1600
Timeout, sequence number = 1627
[CLIENT] Sent data seq=1700
Timeout, sequence number = 1638
Timeout, sequence number = 1647
Timeout, sequence number = 1681
Timeout, sequence number = 1698
[CLIENT] Received ACK seq=1700
Timeout, sequence number = 1702
Timeout, sequence number = 1718
Timeout, sequence number = 1720
Timeout, sequence number = 1733
[CLIENT] Sent data seq=1800
Timeout, sequence number = 1749
Timeout, sequence number = 1762
[CLIENT] Received ACK seq=1800
Timeout, sequence number = 1814
Timeout, sequence number = 1820
Timeout, sequence number = 1834
[CLIENT] Sent data seq=1900
Timeout, sequence number = 1841
Timeout, sequence number = 1858
Timeout, sequence number = 1864
Timeout, sequence number = 1877
[CLIENT] Received ACK seq=1900
Timeout, sequence number = 1911
Timeout, sequence number = 1915
Timeout, sequence number = 1924
Timeout, sequence number = 1934
[CLIENT] Sent data seq=2000
Timeout, sequence number = 1955
Timeout, sequence number = 1958
[CLIENT] Received ACK seq=2000
Timeout, sequence number = 2003
Timeout, sequence number = 2020
Timeout, sequence number = 2027
Timeout, sequence number = 2031
Timeout, sequence number = 2031
[CLIENT] Sent data seq=2100
Timeout, sequence number = 2047
Timeout, sequence number = 2064
Timeout, sequence number = 2067
[CLIENT] Received ACK seq=2100
Timeout, sequence number = 2105
Timeout, sequence number = 2118
Timeout, sequence number = 2131
[CLIENT] Sent data seq=2200
Timeout, sequence number = 2137
Timeout, sequence number = 2140
Timeout, sequence number = 2147
Timeout, sequence number = 2153
Timeout, sequence number = 2156
Timeout, sequence number = 2188
Timeout, sequence number = 2192
[CLIENT] Received ACK seq=2200
Timeout, sequence number = 2206
Timeout, sequence number = 2214
Timeout, sequence number = 2220
Timeout, sequence number = 2228
Timeout, sequence number = 2232
[CLIENT] Sent data seq=2300
Timeout, sequence number = 2244
Timeout, sequence number = 2246
Timeout, sequence number = 2260
Timeout, sequence number = 2265
Timeout, sequence number = 2270
Timeout, sequence number = 2285
[CLIENT] Received ACK seq=2300
Timeout, sequence number = 2303
Timeout, sequence number = 2330
Timeout, sequence number = 2332
[CLIENT] Sent data seq=2400
Timeout, sequence number = 2375
[CLIENT] Received ACK seq=2400
Timeout, sequence number = 2408
Timeout, sequence number = 2432
Timeout, sequence number = 2432
[CLIENT] Sent data seq=2500
Timeout, sequence number = 2465
Timeout, sequence number = 2468
Timeout, sequence number = 2475
Timeout, sequence number = 2487
Timeout, sequence number = 2498
Timeout, sequence number = 2499
[CLIENT] Received ACK seq=2500
Timeout, sequence number = 2516
Timeout, sequence number = 2518
Timeout, sequence number = 2531
[CLIENT] Sent data seq=2600
Timeout, sequence number = 2550
Timeout, sequence number = 2550
Timeout, sequence number = 2580
[CLIENT] Received ACK seq=2600
Timeout, sequence number = 2634
[CLIENT] Sent data seq=2700
Timeout, sequence number = 2698
[CLIENT] Received ACK seq=2700
Timeout, sequence number = 2725
[CLIENT] Sent data seq=2800
Timeout, sequence number = 2754
Timeout, sequence number = 2772
Timeout, sequence number = 2772
[CLIENT] Received ACK seq=2800
Timeout, sequence number = 2801
Timeout, sequence number = 2830
[CLIENT] Sent data seq=2900
Timeout, sequence number = 2845
Timeout, sequence number = 2872
Timeout, sequence number = 2879
Timeout, sequence number = 2890
[CLIENT] Received ACK seq=2900
[CLIENT] Sent data seq=3000
Timeout, sequence number = 2954
[CLIENT] Received ACK seq=3000
Timeout, sequence number = 3001
Timeout, sequence number = 3033
[CLIENT] Sent data seq=3100
Timeout, sequence number = 3045
Timeout, sequence number = 3072
Timeout, sequence number = 3074
Timeout, sequence number = 3095
Timeout, sequence number = 3099
[CLIENT] Received ACK seq=3100
Timeout, sequence number = 3106
Timeout, sequence number = 3106
[CLIENT] Sent data seq=3200
Timeout, sequence number = 3150
Timeout, sequence number = 3152
[CLIENT] Received ACK seq=3200
[CLIENT] Sent data seq=3300
[CLIENT] Received ACK seq=3300
Timeout, sequence number = 3313
[CLIENT] Sent data seq=3400
Timeout, sequence number = 3338
Timeout, sequence number = 3346
Timeout, sequence number = 3354
[CLIENT] Received ACK seq=3400
Timeout, sequence number = 3429
[CLIENT] Sent data seq=3500
Timeout, sequence number = 3474
Timeout, sequence number = 3483
[CLIENT] Received ACK seq=3500
Timeout, sequence number = 3528
[CLIENT] Sent data seq=3600
[CLIENT] Received ACK seq=3600
Timeout, sequence number = 3631
Timeout, sequence number = 3635
[CLIENT] Sent data seq=3700
Timeout, sequence number = 3640
Timeout, sequence number = 3651
Timeout, sequence number = 3654
Timeout, sequence number = 3655
Timeout, sequence number = 3657
[CLIENT] Received ACK seq=3700
Timeout, sequence number = 3705
[CLIENT] Sent data seq=3800
Timeout, sequence number = 3749
Timeout, sequence number = 3756
Timeout, sequence number = 3783
Timeout, sequence number = 3794
[CLIENT] Received ACK seq=3800
[CLIENT] Sent data seq=3900
Timeout, sequence number = 3878
Timeout, sequence number = 3889
[CLIENT] Received ACK seq=3900
Timeout, sequence number = 3911
Timeout, sequence number = 3930
Timeout, sequence number = 3930
Timeout, sequence number = 3935
[CLIENT] Sent data seq=4000
Timeout, sequence number = 3979
[CLIENT] Received ACK seq=4000
Timeout, sequence number = 4026
Timeout, sequence number = 4031
[CLIENT] Sent data seq=4100
Timeout, sequence number = 4060
Timeout, sequence number = 4075
[CLIENT] Received ACK seq=4100
Timeout, sequence number = 4109
Timeout, sequence number = 4132
Timeout, sequence number = 4135
[CLIENT] Sent data seq=4200
Timeout, sequence number = 4162
Timeout, sequence number = 4173
Timeout, sequence number = 4180
Timeout, sequence number = 4180
[CLIENT] Received ACK seq=4200
Timeout, sequence number = 4221
[CLIENT] Sent data seq=4300
Timeout, sequence number = 4259
Timeout, sequence number = 4261
Timeout, sequence number = 4300
[CLIENT] Received ACK seq=4300
Timeout, sequence number = 4314
[CLIENT] Sent data seq=4400
Timeout, sequence number = 4344
Timeout, sequence number = 4351
[CLIENT] Received ACK seq=4400
Timeout, sequence number = 4435
[CLIENT] Sent data seq=4500
Timeout, sequence number = 4438
Timeout, sequence number = 4443
Timeout, sequence number = 4448
[CLIENT] Received ACK seq=4500
Timeout, sequence number = 4508
Timeout, sequence number = 4524
Timeout, sequence number = 4532
[CLIENT] Sent data seq=4600
Timeout, sequence number = 4546
Timeout, sequence number = 4554
Timeout, sequence number = 4554
Timeout, sequence number = 4566
Timeout, sequence number = 4566
Timeout, sequence number = 4587
Timeout, sequence number = 4589
Timeout, sequence number = 4591
Timeout, sequence number = 4597
[CLIENT] Received ACK seq=4600
Timeout, sequence number = 4602
Timeout, sequence number = 4603
Timeout, sequence number = 4626
Timeout, sequence number = 4635
[CLIENT] Sent data seq=4700
Timeout, sequence number = 4652
Timeout, sequence number = 4683
[CLIENT] Received ACK seq=4700
Timeout, sequence number = 4714
Timeout, sequence number = 4734
[CLIENT] Sent data seq=4800
Timeout, sequence number = 4751
Timeout, sequence number = 4752
Timeout, sequence number = 4770
Timeout, sequence number = 4776
Timeout, sequence number = 4782
Timeout, sequence number = 4795
[CLIENT] Received ACK seq=4800
Timeout, sequence number = 4803
Timeout, sequence number = 4805
[CLIENT] Sent data seq=4900
Timeout, sequence number = 4844
Timeout, sequence number = 4845
Timeout, sequence number = 4859
Timeout, sequence number = 4861
Timeout, sequence number = 4873
Timeout, sequence number = 4880
Timeout, sequence number = 4882
Timeout, sequence number = 4899
[CLIENT] Received ACK seq=4900
Timeout, sequence number = 4919
[CLIENT] Sent data seq=5000
Timeout, sequence number = 4949
Timeout, sequence number = 4974
Timeout, sequence number = 4980
Timeout, sequence number = 4990
Timeout, sequence number = 4994
Timeout, sequence number = 4996
[CLIENT] Received ACK seq=5000
Timeout, sequence number = 5005
[CLIENT] Sent data seq=5100
Timeout, sequence number = 5038
Timeout, sequence number = 5084
[CLIENT] Received ACK seq=5100
Timeout, sequence number = 5106
Timeout, sequence number = 5130
[CLIENT] Sent data seq=5200
[CLIENT] Received ACK seq=5200
Timeout, sequence number = 5233
[CLIENT] Sent data seq=5300
Timeout, sequence number = 5261
Timeout, sequence number = 5276
Timeout, sequence number = 5289
[CLIENT] Received ACK seq=5300
Timeout, sequence number = 5307
[CLIENT] Sent data seq=5400
Timeout, sequence number = 5350
Timeout, sequence number = 5353
Timeout, sequence number = 5365
Timeout, sequence number = 5368
Timeout, sequence number = 5373
Timeout, sequence number = 5377
Timeout, sequence number = 5394
[CLIENT] Received ACK seq=5400
Timeout, sequence number = 5424
[CLIENT] Sent data seq=5500
Timeout, sequence number = 5468
Timeout, sequence number = 5482
[CLIENT] Received ACK seq=5500
Timeout, sequence number = 5508
Timeout, sequence number = 5516
Timeout, sequence number = 5517
[CLIENT] Sent data seq=5600
Timeout, sequence number = 5573
Timeout, sequence number = 5599
[CLIENT] Received ACK seq=5600
Timeout, sequence number = 5621
[CLIENT] Sent data seq=5700
Timeout, sequence number = 5645
Timeout, sequence number = 5650
Timeout, sequence number = 5664
[CLIENT] Received ACK seq=5700
Timeout, sequence number = 5706
[CLIENT] Sent data seq=5800
Timeout, sequence number = 5784
Timeout, sequence number = 5792
[CLIENT] Received ACK seq=5800
Timeout, sequence number = 5807
[CLIENT] Sent data seq=5900
Timeout, sequence number = 5854
Timeout, sequence number = 5882
[CLIENT] Received ACK seq=5900
Timeout, sequence number = 5921
Timeout, sequence number = 5936
[CLIENT] Sent data seq=6000
Timeout, sequence number = 5947
Timeout, sequence number = 5961
Timeout, sequence number = 5967
Timeout, sequence number = 5982
Timeout, sequence number = 6000
Timeout, sequence number = 6000
[CLIENT] Received ACK seq=6000
Timeout, sequence number = 6005
[CLIENT] Sent data seq=6100
Timeout, sequence number = 6068
Timeout, sequence number = 6073
Timeout, sequence number = 6097
[CLIENT] Received ACK seq=6100
Timeout, sequence number = 6126
[CLIENT] Sent data seq=6200
Timeout, sequence number = 6149
Timeout, sequence number = 6168
Timeout, sequence number = 6174
Timeout, sequence number = 6183
Timeout, sequence number = 6183
Timeout, sequence number = 6184
[CLIENT] Received ACK seq=6200
Timeout, sequence number = 6201
Timeout, sequence number = 6224
[CLIENT] Sent data seq=6300
Timeout, sequence number = 6239
Timeout, sequence number = 6248
Timeout, sequence number = 6252
Timeout, sequence number = 6278
[CLIENT] Received ACK seq=6300
Timeout, sequence number = 6310
Timeout, sequence number = 6319
[CLIENT] Sent data seq=6400
Timeout, sequence number = 6341
Timeout, sequence number = 6345
Timeout, sequence number = 6371
Timeout, sequence number = 6377
Timeout, sequence number = 6386
Timeout, sequence number = 6394
Timeout, sequence number = 6394
[CLIENT] Received ACK seq=6400
Timeout, sequence number = 6408
Timeout, sequence number = 6426
[CLIENT] Sent data seq=6500
Timeout, sequence number = 6455
Timeout, sequence number = 6458
Timeout, sequence number = 6468
Timeout, sequence number = 6487
Timeout, sequence number = 6495
Timeout, sequence number = 6499
[CLIENT] Received ACK seq=6500
Timeout, sequence number = 6507
[CLIENT] Sent data seq=6600
Timeout, sequence number = 6547
Timeout, sequence number = 6578
Timeout, sequence number = 6592
[CLIENT] Received ACK seq=6600
[CLIENT] Sent data seq=6700
Timeout, sequence number = 6642
Timeout, sequence number = 6681
Timeout, sequence number = 6682
Timeout, sequence number = 6684
[CLIENT] Received ACK seq=6700
Timeout, sequence number = 6715
Timeout, sequence number = 6715
Timeout, sequence number = 6735
[CLIENT] Sent data seq=6800
Timeout, sequence number = 6784
Timeout, sequence number = 6791
[CLIENT] Received ACK seq=6800
Timeout, sequence number = 6813
Timeout, sequence number = 6827
[CLIENT] Sent data seq=6900
Timeout, sequence number = 6843
Timeout, sequence number = 6858
Timeout, sequence number = 6858
Timeout, sequence number = 6873
Timeout, sequence number = 6875
[CLIENT] Received ACK seq=6900
Timeout, sequence number = 6923
Timeout, sequence number = 6924
[CLIENT] Sent data seq=7000
Timeout, sequence number = 6941
Timeout, sequence number = 6997
Timeout, sequence number = 6999
[CLIENT] Received ACK seq=7000
Timeout, sequence number = 7004
Timeout, sequence number = 7004
Timeout, sequence number = 7024
[CLIENT] Sent data seq=7100
Timeout, sequence number = 7037
Timeout, sequence number = 7043
[CLIENT] Received ACK seq=7100
[CLIENT] Sent data seq=7200
Timeout, sequence number = 7161
Timeout, sequence number = 7162
Timeout, sequence number = 7166
Timeout, sequence number = 7183
[CLIENT] Received ACK seq=7200
Timeout, sequence number = 7202
Timeout, sequence number = 7208
Timeout, sequence number = 7215
[CLIENT] Sent data seq=7300
Timeout, sequence number = 7240
Timeout, sequence number = 7240
Timeout, sequence number = 7269
Timeout, sequence number = 7278
Timeout, sequence number = 7298
[CLIENT] Received ACK seq=7300
[CLIENT] Sent data seq=7400
Timeout, sequence number = 7340
Timeout, sequence number = 7341
Timeout, sequence number = 7366
[CLIENT] Received ACK seq=7400
Timeout, sequence number = 7436
[CLIENT] Sent data seq=7500
Timeout, sequence number = 7454
Timeout, sequence number = 7462
Timeout, sequence number = 7467
Timeout, sequence number = 7483
[CLIENT] Received ACK seq=7500
Timeout, sequence number = 7528
[CLIENT] Sent data seq=7600
[CLIENT] Received ACK seq=7600
Timeout, sequence number = 7607
Timeout, sequence number = 7609
[CLIENT] Sent data seq=7700
Timeout, sequence number = 7661
Timeout, sequence number = 7668
Timeout, sequence number = 7670
[CLIENT] Received ACK seq=7700
Timeout, sequence number = 7730
[CLIENT] Sent data seq=7800
Timeout, sequence number = 7743
Timeout, sequence number = 7747
[CLIENT] Received ACK seq=7800
Timeout, sequence number = 7808
Timeout, sequence number = 7836
[CLIENT] Sent data seq=7900
Timeout, sequence number = 7862
Timeout, sequence number = 7887
Timeout, sequence number = 7887
[CLIENT] Received ACK seq=7900
Timeout, sequence number = 7921
[CLIENT] Sent data seq=8000
Timeout, sequence number = 7945
Timeout, sequence number = 7953
Timeout, sequence number = 7973
Timeout, sequence number = 7990
[CLIENT] Received ACK seq=8000
Timeout, sequence number = 8010
Timeout, sequence number = 8012
Timeout, sequence number = 8012
Timeout, sequence number = 8026
Timeout, sequence number = 8028
[CLIENT] Sent data seq=8100
Timeout, sequence number = 8042
[CLIENT] Received ACK seq=8100
Timeout, sequence number = 8129
Timeout, sequence number = 8134
[CLIENT] Sent data seq=8200
[CLIENT] Received ACK seq=8200
[CLIENT] Sent data seq=8300
Timeout, sequence number = 8262
Timeout, sequence number = 8284
Timeout, sequence number = 8284
Timeout, sequence number = 8300
[CLIENT] Received ACK seq=8300
Timeout, sequence number = 8313
Timeout, sequence number = 8319
Timeout, sequence number = 8323
[CLIENT] Sent data seq=8400
Timeout, sequence number = 8345
Timeout, sequence number = 8350
Timeout, sequence number = 8355
Timeout, sequence number = 8362
Timeout, sequence number = 8398
[CLIENT] Received ACK seq=8400
[CLIENT] Sent data seq=8500
Timeout, sequence number = 8448
Timeout, sequence number = 8448
Timeout, sequence number = 8448
Timeout, sequence number = 8468
Timeout, sequence number = 8497
Timeout, sequence number = 8499
Timeout, sequence number = 8499
[CLIENT] Received ACK seq=8500
Timeout, sequence number = 8526
Timeout, sequence number = 8529
[CLIENT] Sent data seq=8600
Timeout, sequence number = 8544
Timeout, sequence number = 8546
Timeout, sequence number = 8564
Timeout, sequence number = 8589
[CLIENT] Received ACK seq=8600
Timeout, sequence number = 8627
[CLIENT] Sent data seq=8700
Timeout, sequence number = 8658
Timeout, sequence number = 8658
Timeout, sequence number = 8687
[CLIENT] Received ACK seq=8700
Timeout, sequence number = 8729
[CLIENT] Sent data seq=8800
Timeout, sequence number = 8772
Timeout, sequence number = 8795
[CLIENT] Received ACK seq=8800
Timeout, sequence number = 8802
Timeout, sequence number = 8811
Timeout, sequence number = 8826
[CLIENT] Sent data seq=8900
Timeout, sequence number = 8847
Timeout, sequence number = 8850
Timeout, sequence number = 8869
[CLIENT] Received ACK seq=8900
Timeout, sequence number = 8929
[CLIENT] Sent data seq=9000
Timeout, sequence number = 8939
Timeout, sequence number = 8943
Timeout, sequence number = 8976
Timeout, sequence number = 8991
[CLIENT] Received ACK seq=9000
[CLIENT] Sent data seq=9100
Timeout, sequence number = 9065
Timeout, sequence number = 9086
Timeout, sequence number = 9087
Timeout, sequence number = 9089
[CLIENT] Received ACK seq=9100
Timeout, sequence number = 9121
[CLIENT] Sent data seq=9200
Timeout, sequence number = 9170
Timeout, sequence number = 9175
Timeout, sequence number = 9191
[CLIENT] Received ACK seq=9200
Timeout, sequence number = 9211
Timeout, sequence number = 9212
Timeout, sequence number = 9222
[CLIENT] Sent data seq=9300
Timeout, sequence number = 9293
Timeout, sequence number = 9296
Timeout, sequence number = 9300
[CLIENT] Received ACK seq=9300
Timeout, sequence number = 9320
Timeout, sequence number = 9324
[CLIENT] Sent data seq=9400
Timeout, sequence number = 9346
Timeout, sequence number = 9346
Timeout, sequence number = 9359
Timeout, sequence number = 9400
[CLIENT] Received ACK seq=9400
Timeout, sequence number = 9409
Timeout, sequence number = 9431
[CLIENT] Sent data seq=9500
Timeout, sequence number = 9459
Timeout, sequence number = 9459
Timeout, sequence number = 9475
[CLIENT] Received ACK seq=9500
[CLIENT] Sent data seq=9600
Timeout, sequence number = 9546
Timeout, sequence number = 9579
[CLIENT] Received ACK seq=9600
Timeout, sequence number = 9620
Timeout, sequence number = 9620
Timeout, sequence number = 9620
[CLIENT] Sent data seq=9700
Timeout, sequence number = 9671
Timeout, sequence number = 9677
[CLIENT] Received ACK seq=9700
Timeout, sequence number = 9735
[CLIENT] Sent data seq=9800
Timeout, sequence number = 9753
[CLIENT] Received ACK seq=9800
Timeout, sequence number = 9817
Timeout, sequence number = 9823
[CLIENT] Sent data seq=9900
Timeout, sequence number = 9841
Timeout, sequence number = 9863
Timeout, sequence number = 9882
Timeout, sequence number = 9885
[CLIENT] Received ACK seq=9900
[CLIENT] Sent data seq=10000
Timeout, sequence number = 9955
Timeout, sequence number = 9980
Timeout, sequence number = 9994
[CLIENT] Received ACK seq=10000
[CLIENT] Sent data seq=10100
Timeout, sequence number = 10058
Timeout, sequence number = 10058
Timeout, sequence number = 10062
Timeout, sequence number = 10083
Timeout, sequence number = 10083
[CLIENT] Received ACK seq=10100
Timeout, sequence number = 10102
[CLIENT] Sent data seq=10200

=== STDERR ===
