=== STDOUT ===
[CLIENT] Starting transfer: server=10.153.27.102:7735, file=demo_input.bin, N=64, MSS=100, total_segments=12001
[CLIENT] Sent data seq=0
[CLIENT] Sent data seq=1
[CLIENT] Sent data seq=2
[CLIENT] Sent data seq=3
[CLIENT] Sent data seq=4
[CLIENT] Received ACK seq=0
[CLIENT] Received ACK seq=1
Timeout, sequence number = 2
[CLIENT] Received ACK seq=2
[CLIENT] Received ACK seq=3
[CLIENT] Received ACK seq=4
[CLIENT] Sent data seq=100
Timeout, sequence number = 62
Timeout, sequence number = 63
Timeout, sequence number = 79
[CLIENT] Received ACK seq=100
Timeout, sequence number = 111
Timeout, sequence number = 121
Timeout, sequence number = 136
[CLIENT] Sent data seq=200
Timeout, sequence number = 147
Timeout, sequence number = 194
[CLIENT] Received ACK seq=200
Timeout, sequence number = 207
[CLIENT] Sent data seq=300
Timeout, sequence number = 238
Timeout, sequence number = 243
Timeout, sequence number = 254
Timeout, sequence number = 285
Timeout, sequence number = 289
Timeout, sequence number = 298
[CLIENT] Received ACK seq=300
Timeout, sequence number = 327
[CLIENT] Sent data seq=400
Timeout, sequence number = 376
[CLIENT] Received ACK seq=400
Timeout, sequence number = 404
Timeout, sequence number = 428
[CLIENT] Sent data seq=500
Timeout, sequence number = 447
Timeout, sequence number = 449
Timeout, sequence number = 452
[CLIENT] Received ACK seq=500
Timeout, sequence number = 507
Timeout, sequence number = 536
[CLIENT] Sent data seq=600
Timeout, sequence number = 545
Timeout, sequence number = 564
Timeout, sequence number = 587
[CLIENT] Received ACK seq=600
Timeout, sequence number = 635
[CLIENT] Sent data seq=700
Timeout, sequence number = 639
Timeout, sequence number = 671
Timeout, sequence number = 674
Timeout, sequence number = 680
[CLIENT] Received ACK seq=700
Timeout, sequence number = 710
Timeout, sequence number = 733
[CLIENT] Sent data seq=800
Timeout, sequence number = 749
Timeout, sequence number = 772
Timeout, sequence number = 782
[CLIENT] Received ACK seq=800
Timeout, sequence number = 809
[CLIENT] Sent data seq=900
Timeout, sequence number = 846
Timeout, sequence number = 847
Timeout, sequence number = 848
Timeout, sequence number = 851
Timeout, sequence number = 857
Timeout, sequence number = 858
Timeout, sequence number = 858
Timeout, sequence number = 873
Timeout, sequence number = 895
Timeout, sequence number = 899
[CLIENT] Received ACK seq=900
Timeout, sequence number = 909
[CLIENT] Sent data seq=1000
Timeout, sequence number = 948
Timeout, sequence number = 951
Timeout, sequence number = 969
Timeout, sequence number = 984
Timeout, sequence number = 997
[CLIENT] Received ACK seq=1000
Timeout, sequence number = 1006
Timeout, sequence number = 1024
Timeout, sequence number = 1027
[CLIENT] Sent data seq=1100
Timeout, sequence number = 1051
Timeout, sequence number = 1051
Timeout, sequence number = 1073
Timeout, sequence number = 1087
[CLIENT] Received ACK seq=1100
Timeout, sequence number = 1112
Timeout, sequence number = 1117
Timeout, sequence number = 1128
Timeout, sequence number = 1133
Timeout, sequence number = 1135
[CLIENT] Sent data seq=1200
Timeout, sequence number = 1175
Timeout, sequence number = 1184
[CLIENT] Received ACK seq=1200
Timeout, sequence number = 1214
Timeout, sequence number = 1222
Timeout, sequence number = 1234
[CLIENT] Sent data seq=1300
Timeout, sequence number = 1253
Timeout, sequence number = 1287
[CLIENT] Received ACK seq=1300
Timeout, sequence number = 1305
Timeout, sequence number = 1336
[CLIENT] Sent data seq=1400
Timeout, sequence number = 1395
Timeout, sequence number = 1396
[CLIENT] Received ACK seq=1400
Timeout, sequence number = 1420
Timeout, sequence number = 1426
Timeout, sequence number = 1428
[CLIENT] Sent data seq=1500
Timeout, sequence number = 1464
Timeout, sequence number = 1473
Timeout, sequence number = 1479
Timeout, sequence number = 1480
Timeout, sequence number = 1497
[CLIENT] Received ACK seq=1500
Timeout, sequence number = 1526
[CLIENT] Sent data seq=1600
Timeout, sequence number = 1537
Timeout, sequence number = 1588
[CLIENT] Received ACK seq=1600
Timeout, sequence number = 1608
Timeout, sequence number = 1635
[CLIENT] Sent data seq=1700
Timeout, sequence number = 1637
Timeout, sequence number = 1646
Timeout, sequence number = 1659
Timeout, sequence number = 1678
Timeout, sequence number = 1680
[CLIENT] Received ACK seq=1700
Timeout, sequence number = 1709
Timeout, sequence number = 1716
Timeout, sequence number = 1728
Timeout, sequence number = 1728
Timeout, sequence number = 1728
Timeout, sequence number = 1736
[CLIENT] Sent data seq=1800
Timeout, sequence number = 1770
Timeout, sequence number = 1793
Timeout, sequence number = 1795
[CLIENT] Received ACK seq=1800
Timeout, sequence number = 1812
Timeout, sequence number = 1823
[CLIENT] Sent data seq=1900
Timeout, sequence number = 1844
Timeout, sequence number = 1847
Timeout, sequence number = 1852
Timeout, sequence number = 1858
Timeout, sequence number = 1871
[CLIENT] Received ACK seq=1900
Timeout, sequence number = 1919
Timeout, sequence number = 1931
[CLIENT] Sent data seq=2000
Timeout, sequence number = 1942
Timeout, sequence number = 1982
[CLIENT] Received ACK seq=2000
Timeout, sequence number = 2011
Timeout, sequence number = 2018
Timeout, sequence number = 2022
Timeout, sequence number = 2029
[CLIENT] Sent data seq=2100
Timeout, sequence number = 2047
Timeout, sequence number = 2048
Timeout, sequence number = 2056
Timeout, sequence number = 2076
Timeout, sequence number = 2087
Timeout, sequence number = 2087
[CLIENT] Received ACK seq=2100
[CLIENT] Sent data seq=2200
Timeout, sequence number = 2158
Timeout, sequence number = 2167
[CLIENT] Received ACK seq=2200
Timeout, sequence number = 2202
[CLIENT] Sent data seq=2300
Timeout, sequence number = 2241
Timeout, sequence number = 2271
Timeout, sequence number = 2283
[CLIENT] Received ACK seq=2300
[CLIENT] Sent data seq=2400
[CLIENT] Received ACK seq=2400
Timeout, sequence number = 2404
Timeout, sequence number = 2421
Timeout, sequence number = 2430
Timeout, sequence number = 2434
Timeout, sequence number = 2436
Timeout, sequence number = 2436
[CLIENT] Sent data seq=2500
Timeout, sequence number = 2481
[CLIENT] Received ACK seq=2500
Timeout, sequence number = 2515
[CLIENT] Sent data seq=2600
Timeout, sequence number = 2555
Timeout, sequence number = 2575
[CLIENT] Received ACK seq=2600
Timeout, sequence number = 2605
Timeout, sequence number = 2607
[CLIENT] Sent data seq=2700
Timeout, sequence number = 2648
Timeout, sequence number = 2658
Timeout, sequence number = 2694
Timeout, sequence number = 2697
[CLIENT] Received ACK seq=2700
Timeout, sequence number = 2704
Timeout, sequence number = 2722
[CLIENT] Sent data seq=2800
Timeout, sequence number = 2743
[CLIENT] Received ACK seq=2800
Timeout, sequence number = 2808
[CLIENT] Sent data seq=2900
[CLIENT] Received ACK seq=2900
Timeout, sequence number = 2912
Timeout, sequence number = 2929
Timeout, sequence number = 2935
[CLIENT] Sent data seq=3000
Timeout, sequence number = 2989
[CLIENT] Received ACK seq=3000
Timeout, sequence number = 3004
Timeout, sequence number = 3008
Timeout, sequence number = 3008
[CLIENT] Sent data seq=3100
Timeout, sequence number = 3042
Timeout, sequence number = 3042
Timeout, sequence number = 3086
Timeout, sequence number = 3087
Timeout, sequence number = 3089
[CLIENT] Received ACK seq=3100
Timeout, sequence number = 3123
[CLIENT] Sent data seq=3200
Timeout, sequence number = 3138
Timeout, sequence number = 3150
Timeout, sequence number = 3171
Timeout, sequence number = 3181
[CLIENT] Received ACK seq=3200
Timeout, sequence number = 3212
[CLIENT] Sent data seq=3300
Timeout, sequence number = 3251
Timeout, sequence number = 3284
Timeout, sequence number = 3298
[CLIENT] Received ACK seq=3300
Timeout, sequence number = 3313
Timeout, sequence number = 3319
[CLIENT] Sent data seq=3400
Timeout, sequence number = 3351
Timeout, sequence number = 3369
Timeout, sequence number = 3370
Timeout, sequence number = 3376
Timeout, sequence number = 3389
[CLIENT] Received ACK seq=3400
Timeout, sequence number = 3403
[CLIENT] Sent data seq=3500
Timeout, sequence number = 3454
Timeout, sequence number = 3459
Timeout, sequence number = 3469
Timeout, sequence number = 3476
Timeout, sequence number = 3480
[CLIENT] Received ACK seq=3500
[CLIENT] Sent data seq=3600
Timeout, sequence number = 3538
Timeout, sequence number = 3542
Timeout, sequence number = 3543
Timeout, sequence number = 3557
Timeout, sequence number = 3562
Timeout, sequence number = 3578
Timeout, sequence number = 3600
[CLIENT] Received ACK seq=3600
Timeout, sequence number = 3609
Timeout, sequence number = 3626
Timeout, sequence number = 3631
[CLIENT] Sent data seq=3700
Timeout, sequence number = 3642
[CLIENT] Received ACK seq=3700
[CLIENT] Sent data seq=3800
Timeout, sequence number = 3762
Timeout, sequence number = 3769
[CLIENT] Received ACK seq=3800
Timeout, sequence number = 3802
Timeout, sequence number = 3818
Timeout, sequence number = 3826
Timeout, sequence number = 3830
[CLIENT] Sent data seq=3900
Timeout, sequence number = 3859
Timeout, sequence number = 3867
[CLIENT] Received ACK seq=3900
Timeout, sequence number = 3902
Timeout, sequence number = 3904
Timeout, sequence number = 3904
Timeout, sequence number = 3906
Timeout, sequence number = 3934
[CLIENT] Sent data seq=4000
Timeout, sequence number = 3948
Timeout, sequence number = 3972
Timeout, sequence number = 3980
[CLIENT] Received ACK seq=4000
Timeout, sequence number = 4026
[CLIENT] Sent data seq=4100
Timeout, sequence number = 4038
Timeout, sequence number = 4040
Timeout, sequence number = 4043
Timeout, sequence number = 4094
[CLIENT] Received ACK seq=4100
Timeout, sequence number = 4113
Timeout, sequence number = 4114
Timeout, sequence number = 4115
Timeout, sequence number = 4125
Timeout, sequence number = 4126
[CLIENT] Sent data seq=4200
Timeout, sequence number = 4154
Timeout, sequence number = 4161
Timeout, sequence number = 4176
[CLIENT] Received ACK seq=4200
Timeout, sequence number = 4217
Timeout, sequence number = 4224
[CLIENT] Sent data seq=4300
Timeout, sequence number = 4242
Timeout, sequence number = 4287
[CLIENT] Received ACK seq=4300
[CLIENT] Sent data seq=4400
Timeout, sequence number = 4337
Timeout, sequence number = 4398
[CLIENT] Received ACK seq=4400
Timeout, sequence number = 4404
Timeout, sequence number = 4410
[CLIENT] Sent data seq=4500
Timeout, sequence number = 4453
Timeout, sequence number = 4460
Timeout, sequence number = 4462
Timeout, sequence number = 4462
[CLIENT] Received ACK seq=4500
Timeout, sequence number = 4503
Timeout, sequence number = 4520
Timeout, sequence number = 4527
Timeout, sequence number = 4530
[CLIENT] Sent data seq=4600
Timeout, sequence number = 4540
Timeout, sequence number = 4585
[CLIENT] Received ACK seq=4600
Timeout, sequence number = 4622
[CLIENT] Sent data seq=4700
Timeout, sequence number = 4643
Timeout, sequence number = 4652
Timeout, sequence number = 4695
Timeout, sequence number = 4699
[CLIENT] Received ACK seq=4700
Timeout, sequence number = 4710
Timeout, sequence number = 4720
[CLIENT] Sent data seq=4800
Timeout, sequence number = 4760
Timeout, sequence number = 4767
Timeout, sequence number = 4775
Timeout, sequence number = 4785
Timeout, sequence number = 4796
Timeout, sequence number = 4796
Timeout, sequence number = 4797
[CLIENT] Received ACK seq=4800
[CLIENT] Sent data seq=4900
Timeout, sequence number = 4888
[CLIENT] Received ACK seq=4900
Timeout, sequence number = 4930
[CLIENT] Sent data seq=5000
Timeout, sequence number = 4942
Timeout, sequence number = 4946
Timeout, sequence number = 4970
[CLIENT] Received ACK seq=5000
Timeout, sequence number = 5002
Timeout, sequence number = 5004
Timeout, sequence number = 5031
[CLIENT] Sent data seq=5100
Timeout, sequence number = 5037
Timeout, sequence number = 5043
Timeout, sequence number = 5051
[CLIENT] Received ACK seq=5100
Timeout, sequence number = 5118
Timeout, sequence number = 5118
Timeout, sequence number = 5121
[CLIENT] Sent data seq=5200
[CLIENT] Received ACK seq=5200
Timeout, sequence number = 5213
Timeout, sequence number = 5219
Timeout, sequence number = 5230
[CLIENT] Sent data seq=5300
Timeout, sequence number = 5243
Timeout, sequence number = 5253
Timeout, sequence number = 5278
[CLIENT] Received ACK seq=5300
Timeout, sequence number = 5303
Timeout, sequence number = 5310
Timeout, sequence number = 5312
Timeout, sequence number = 5316
[CLIENT] Sent data seq=5400
Timeout, sequence number = 5379
[CLIENT] Received ACK seq=5400
Timeout, sequence number = 5435
[CLIENT] Sent data seq=5500
Timeout, sequence number = 5446
Timeout, sequence number = 5485
Timeout, sequence number = 5495
Timeout, sequence number = 5495
[CLIENT] Received ACK seq=5500
Timeout, sequence number = 5536
[CLIENT] Sent data seq=5600
Timeout, sequence number = 5537
Timeout, sequence number = 5581
[CLIENT] Received ACK seq=5600
Timeout, sequence number = 5614
[CLIENT] Sent data seq=5700
Timeout, sequence number = 5640
Timeout, sequence number = 5642
Timeout, sequence number = 5652
Timeout, sequence number = 5665
Timeout, sequence number = 5687
Timeout, sequence number = 5689
Timeout, sequence number = 5700
[CLIENT] Received ACK seq=5700
[CLIENT] Sent data seq=5800
Timeout, sequence number = 5758
Timeout, sequence number = 5760
[CLIENT] Received ACK seq=5800
Timeout, sequence number = 5813
Timeout, sequence number = 5814
Timeout, sequence number = 5817
Timeout, sequence number = 5822
Timeout, sequence number = 5822
Timeout, sequence number = 5830
Timeout, sequence number = 5833
[CLIENT] Sent data seq=5900
Timeout, sequence number = 5847
Timeout, sequence number = 5848
Timeout, sequence number = 5878
Timeout, sequence number = 5891
Timeout, sequence number = 5898
[CLIENT] Received ACK seq=5900
Timeout, sequence number = 5915
Timeout, sequence number = 5927
Timeout, sequence number = 5936
[CLIENT] Sent data seq=6000
Timeout, sequence number = 5953
Timeout, sequence number = 5958
Timeout, sequence number = 5967
Timeout, sequence number = 5975
Timeout, sequence number = 5989
Timeout, sequence number = 5995
[CLIENT] Received ACK seq=6000
Timeout, sequence number = 6008
[CLIENT] Sent data seq=6100
Timeout, sequence number = 6049
Timeout, sequence number = 6049
Timeout, sequence number = 6050
Timeout, sequence number = 6060
Timeout, sequence number = 6073
Timeout, sequence number = 6073
Timeout, sequence number = 6077
Timeout, sequence number = 6100
[CLIENT] Received ACK seq=6100
Timeout, sequence number = 6111
Timeout, sequence number = 6135
[CLIENT] Sent data seq=6200
Timeout, sequence number = 6144
[CLIENT] Received ACK seq=6200
Timeout, sequence number = 6236
[CLIENT] Sent data seq=6300
Timeout, sequence number = 6238
Timeout, sequence number = 6249
Timeout, sequence number = 6274
Timeout, sequence number = 6297
Timeout, sequence number = 6298
Timeout, sequence number = 6299
[CLIENT] Received ACK seq=6300
[CLIENT] Sent data seq=6400
Timeout, sequence number = 6362
Timeout, sequence number = 6380
Timeout, sequence number = 6382
Timeout, sequence number = 6391
[CLIENT] Received ACK seq=6400
Timeout, sequence number = 6418
[CLIENT] Sent data seq=6500
Timeout, sequence number = 6446
Timeout, sequence number = 6486
Timeout, sequence number = 6496
[CLIENT] Received ACK seq=6500
Timeout, sequence number = 6506
Timeout, sequence number = 6536
[CLIENT] Sent data seq=6600
Timeout, sequence number = 6552
Timeout, sequence number = 6565
Timeout, sequence number = 6580
Timeout, sequence number = 6588
[CLIENT] Received ACK seq=6600
Timeout, sequence number = 6613
Timeout, sequence number = 6618
Timeout, sequence number = 6624
Timeout, sequence number = 6625
[CLIENT] Sent data seq=6700
Timeout, sequence number = 6665
Timeout, sequence number = 6690
Timeout, sequence number = 6691
Timeout, sequence number = 6700
[CLIENT] Received ACK seq=6700
Timeout, sequence number = 6716
Timeout, sequence number = 6727
[CLIENT] Sent data seq=6800
Timeout, sequence number = 6741
Timeout, sequence number = 6752
Timeout, sequence number = 6760
Timeout, sequence number = 6762
Timeout, sequence number = 6772
Timeout, sequence number = 6800
[CLIENT] Received ACK seq=6800
[CLIENT] Sent data seq=6900
Timeout, sequence number = 6847
Timeout, sequence number = 6849
Timeout, sequence number = 6854
[CLIENT] Received ACK seq=6900
Timeout, sequence number = 6904
[CLIENT] Sent data seq=7000
Timeout, sequence number = 6968
Timeout, sequence number = 6982
Timeout, sequence number = 6985
Timeout, sequence number = 6999
[CLIENT] Received ACK seq=7000
[CLIENT] Sent data seq=7100
Timeout, sequence number = 7040
Timeout, sequence number = 7047
Timeout, sequence number = 7056
[CLIENT] Received ACK seq=7100
Timeout, sequence number = 7102
Timeout, sequence number = 7132
[CLIENT] Sent data seq=7200
Timeout, sequence number = 7187
Timeout, sequence number = 7189
[CLIENT] Received ACK seq=7200
Timeout, sequence number = 7202
Timeout, sequence number = 7208
Timeout, sequence number = 7210
[CLIENT] Sent data seq=7300
Timeout, sequence number = 7261
Timeout, sequence number = 7272
[CLIENT] Received ACK seq=7300
Timeout, sequence number = 7321
[CLIENT] Sent data seq=7400
Timeout, sequence number = 7375
Timeout, sequence number = 7380
[CLIENT] Received ACK seq=7400
Timeout, sequence number = 7420
[CLIENT] Sent data seq=7500
Timeout, sequence number = 7448
[CLIENT] Received ACK seq=7500
Timeout, sequence number = 7503
Timeout, sequence number = 7506
Timeout, sequence number = 7513
Timeout, sequence number = 7523
[CLIENT] Sent data seq=7600
Timeout, sequence number = 7573
Timeout, sequence number = 7582
Timeout, sequence number = 7595
[CLIENT] Received ACK seq=7600
Timeout, sequence number = 7615
Timeout, sequence number = 7629
[CLIENT] Sent data seq=7700
Timeout, sequence number = 7682
[CLIENT] Received ACK seq=7700
Timeout, sequence number = 7729
Timeout, sequence number = 7733
Timeout, sequence number = 7735
[CLIENT] Sent data seq=7800
Timeout, sequence number = 7746
Timeout, sequence number = 7750
Timeout, sequence number = 7751
Timeout, sequence number = 7753
Timeout, sequence number = 7753
Timeout, sequence number = 7762
Timeout, sequence number = 7780
Timeout, sequence number = 7783
Timeout, sequence number = 7790
[CLIENT] Received ACK seq=7800
[CLIENT] Sent data seq=7900
Timeout, sequence number = 7852
Timeout, sequence number = 7888
Timeout, sequence number = 7899
[CLIENT] Received ACK seq=7900
Timeout, sequence number = 7929
Timeout, sequence number = 7930
[CLIENT] Sent data seq=8000
Timeout, sequence number = 7991
[CLIENT] Received ACK seq=8000
[CLIENT] Sent data seq=8100
Timeout, sequence number = 8051
Timeout, sequence number = 8064
Timeout, sequence number = 8075
[CLIENT] Received ACK seq=8100
[CLIENT] Sent data seq=8200
Timeout, sequence number = 8146
Timeout, sequence number = 8173
Timeout, sequence number = 8173
[CLIENT] Received ACK seq=8200
Timeout, sequence number = 8208
Timeout, sequence number = 8210
[CLIENT] Sent data seq=8300
Timeout, sequence number = 8242
Timeout, sequence number = 8242
Timeout, sequence number = 8275
Timeout, sequence number = 8293
Timeout, sequence number = 8294
[CLIENT] Received ACK seq=8300
Timeout, sequence number = 8310
Timeout, sequence number = 8310
Timeout, sequence number = 8322
Timeout, sequence number = 8326
[CLIENT] Sent data seq=8400
Timeout, sequence number = 8341
Timeout, sequence number = 8343
Timeout, sequence number = 8343
[CLIENT] Received ACK seq=8400
Timeout, sequence number = 8422
Timeout, sequence number = 8425
[CLIENT] Sent data seq=8500
Timeout, sequence number = 8442
Timeout, sequence number = 8459
Timeout, sequence number = 8474
Timeout, sequence number = 8495
Timeout, sequence number = 8498
[CLIENT] Received ACK seq=8500
[CLIENT] Sent data seq=8600
Timeout, sequence number = 8538
Timeout, sequence number = 8538
Timeout, sequence number = 8541
Timeout, sequence number = 8552
Timeout, sequence number = 8585
Timeout, sequence number = 8596
[CLIENT] Received ACK seq=8600
Timeout, sequence number = 8602
[CLIENT] Sent data seq=8700
Timeout, sequence number = 8687
[CLIENT] Received ACK seq=8700
[CLIENT] Sent data seq=8800
Timeout, sequence number = 8743
Timeout, sequence number = 8746
Timeout, sequence number = 8751
Timeout, sequence number = 8784
[CLIENT] Received ACK seq=8800
Timeout, sequence number = 8805
Timeout, sequence number = 8811
[CLIENT] Sent data seq=8900
Timeout, sequence number = 8838
Timeout, sequence number = 8858
Timeout, sequence number = 8863
Timeout, sequence number = 8885
[CLIENT] Received ACK seq=8900
Timeout, sequence number = 8922
Timeout, sequence number = 8929
[CLIENT] Sent data seq=9000
Timeout, sequence number = 8965
[CLIENT] Received ACK seq=9000
Timeout, sequence number = 9010
[CLIENT] Sent data seq=9100
Timeout, sequence number = 9050
Timeout, sequence number = 9077
[CLIENT] Received ACK seq=9100
Timeout, sequence number = 9107
Timeout, sequence number = 9110
Timeout, sequence number = 9116
[CLIENT] Sent data seq=9200
Timeout, sequence number = 9138
Timeout, sequence number = 9145
Timeout, sequence number = 9151
Timeout, sequence number = 9169
Timeout, sequence number = 9171
Timeout, sequence number = 9183
Timeout, sequence number = 9184
Timeout, sequence number = 9184
Timeout, sequence number = 9200
[CLIENT] Received ACK seq=9200
Timeout, sequence number = 9213
Timeout, sequence number = 9234
[CLIENT] Sent data seq=9300
Timeout, sequence number = 9250
[CLIENT] Received ACK seq=9300
Timeout, sequence number = 9332
Timeout, sequence number = 9336
[CLIENT] Sent data seq=9400
Timeout, sequence number = 9369
Timeout, sequence number = 9378
Timeout, sequence number = 9384
Timeout, sequence number = 9395
Timeout, sequence number = 9399
[CLIENT] Received ACK seq=9400
Timeout, sequence number = 9401
Timeout, sequence number = 9417
[CLIENT] Sent data seq=9500
Timeout, sequence number = 9449
Timeout, sequence number = 9451
Timeout, sequence number = 9471
Timeout, sequence number = 9492
Timeout, sequence number = 9492
Timeout, sequence number = 9493
Timeout, sequence number = 9499
[CLIENT] Received ACK seq=9500
Timeout, sequence number = 9501
[CLIENT] Sent data seq=9600
Timeout, sequence number = 9540
Timeout, sequence number = 9545
Timeout, sequence number = 9545
Timeout, sequence number = 9566
Timeout, sequence number = 9588
[CLIENT] Received ACK seq=9600
Timeout, sequence number = 9625
[CLIENT] Sent data seq=9700
Timeout, sequence number = 9640
Timeout, sequence number = 9642
Timeout, sequence number = 9643
Timeout, sequence number = 9666
Timeout, sequence number = 9672
Timeout, sequence number = 9691
Timeout, sequence number = 9691
[CLIENT] Received ACK seq=9700
Timeout, sequence number = 9731
[CLIENT] Sent data seq=9800
Timeout, sequence number = 9739
Timeout, sequence number = 9753
Timeout, sequence number = 9754
Timeout, sequence number = 9787
Timeout, sequence number = 9789
[CLIENT] Received ACK seq=9800
Timeout, sequence number = 9803
Timeout, sequence number = 9823
Timeout, sequence number = 9833
[CLIENT] Sent data seq=9900
Timeout, sequence number = 9865
Timeout, sequence number = 9873
[CLIENT] Received ACK seq=9900
Timeout, sequence number = 9907
Timeout, sequence number = 9933
[CLIENT] Sent data seq=10000
[CLIENT] Received ACK seq=10000
Timeout, sequence number = 10001
Timeout, sequence number = 10020
[CLIENT] Sent data seq=10100
Timeout, sequence number = 10037
Timeout, sequence number = 10038
Timeout, sequence number = 10056
[CLIENT] Received ACK seq=10100
[CLIENT] Sent data seq=10200
Timeout, sequence number = 10137
Timeout, sequence number = 10141
Timeout, sequence number = 10159
Timeout, sequence number = 10159
Timeout, sequence number = 10190
Timeout, sequence number = 10200
[CLIENT] Received ACK seq=10200
Timeout, sequence number = 10202
[CLIENT] Sent data seq=10300
Timeout, sequence number = 10276
Timeout, sequence number = 10299
[CLIENT] Received ACK seq=10300
Timeout, sequence number = 10303
Timeout, sequence number = 10332
Timeout, sequence number = 10336
[CLIENT] Sent data seq=10400
Timeout, sequence number = 10355
Timeout, sequence number = 10355
Timeout, sequence number = 10396
Timeout, sequence number = 10400
[CLIENT] Received ACK seq=10400
Timeout, sequence number = 10411
[CLIENT] Sent data seq=10500
Timeout, sequence number = 10465
Timeout, sequence number = 10478
[CLIENT] Received ACK seq=10500
Timeout, sequence number = 10517
Timeout, sequence number = 10519
Timeout, sequence number = 10530
[CLIENT] Sent data seq=10600
Timeout, sequence number = 10538
Timeout, sequence number = 10563
[CLIENT] Received ACK seq=10600
Timeout, sequence number = 10624
[CLIENT] Sent data seq=10700
Timeout, sequence number = 10642
Timeout, sequence number = 10656
Timeout, sequence number = 10663
Timeout, sequence number = 10700
[CLIENT] Received ACK seq=10700
Timeout, sequence number = 10717
Timeout, sequence number = 10717
[CLIENT] Sent data seq=10800
[CLIENT] Received ACK seq=10800
Timeout, sequence number = 10824
[CLIENT] Sent data seq=10900
Timeout, sequence number = 10862
Timeout, sequence number = 10896
[CLIENT] Received ACK seq=10900
Timeout, sequence number = 10919
[CLIENT] Sent data seq=11000
Timeout, sequence number = 10952
Timeout, sequence number = 10954
Timeout, sequence number = 10961
Timeout, sequence number = 10963
Timeout, sequence number = 10988
[CLIENT] Received ACK seq=11000
[CLIENT] Sent data seq=11100
Timeout, sequence number = 11054
Timeout, sequence number = 11056
Timeout, sequence number = 11063
Timeout, sequence number = 11074
[CLIENT] Received ACK seq=11100
Timeout, sequence number = 11103
Timeout, sequence number = 11120
Timeout, sequence number = 11124
Timeout, sequence number = 11126
[CLIENT] Sent data seq=11200
Timeout, sequence number = 11152
Timeout, sequence number = 11162
Timeout, sequence number = 11171
Timeout, sequence number = 11174
Timeout, sequence number = 11175
Timeout, sequence number = 11177
[CLIENT] Received ACK seq=11200
Timeout, sequence number = 11207
Timeout, sequence number = 11217
Timeout, sequence number = 11227
[CLIENT] Sent data seq=11300
Timeout, sequence number = 11246
Timeout, sequence number = 11258
Timeout, sequence number = 11267
Timeout, sequence number = 11290
[CLIENT] Received ACK seq=11300
Timeout, sequence number = 11301
Timeout, sequence number = 11327
[CLIENT] Sent data seq=11400
Timeout, sequence number = 11338
Timeout, sequence number = 11365
Timeout, sequence number = 11368
Timeout, sequence number = 11369
Timeout, sequence number = 11384
[CLIENT] Received ACK seq=11400
[CLIENT] Sent data seq=11500
Timeout, sequence number = 11455
Timeout, sequence number = 11493
[CLIENT] Received ACK seq=11500
Timeout, sequence number = 11533
[CLIENT] Sent data seq=11600
Timeout, sequence number = 11540
Timeout, sequence number = 11540
Timeout, sequence number = 11582
Timeout, sequence number = 11584
[CLIENT] Received ACK seq=11600
Timeout, sequence number = 11616
Timeout, sequence number = 11616
Timeout, sequence number = 11616
Timeout, sequence number = 11624
[CLIENT] Sent data seq=11700
Timeout, sequence number = 11697
Timeout, sequence number = 11698
[CLIENT] Received ACK seq=11700
Timeout, sequence number = 11723
Timeout, sequence number = 11734
[CLIENT] Sent data seq=11800
Timeout, sequence number = 11773
Timeout, sequence number = 11773
Timeout, sequence number = 11794
[CLIENT] Received ACK seq=11800
[CLIENT] Sent data seq=11900
[CLIENT] Received ACK seq=11900
Timeout, sequence number = 11904
Timeout, sequence number = 11904
Timeout, sequence number = 11906
[CLIENT] Sent data seq=12000
Timeout, sequence number = 11938
Timeout, sequence number = 11943
Timeout, sequence number = 11954
Timeout, sequence number = 11965
Timeout, sequence number = 11985
Timeout, sequence number = 11993
[CLIENT] Received ACK seq=12000
[CLIENT] Summary: sent_packets=12001, ack_packets=12001, retransmitted_packets=40356, timeout_events=633
Transfer complete. Delay = 331.800544 seconds

=== STDERR ===
