=== STDOUT ===
[CLIENT] Starting transfer: server=10.153.27.102:7735, file=demo_input.bin, N=64, MSS=300, total_segments=4001
[CLIENT] Sent data seq=0
[CLIENT] Sent data seq=1
[CLIENT] Sent data seq=2
[CLIENT] Sent data seq=3
[CLIENT] Sent data seq=4
[CLIENT] Received ACK seq=0
[CLIENT] Received ACK seq=1
Timeout, sequence number = 2
Timeout, sequence number = 2
[CLIENT] Received ACK seq=2
[CLIENT] Received ACK seq=3
[CLIENT] Received ACK seq=4
Timeout, sequence number = 17
[CLIENT] Sent data seq=100
Timeout, sequence number = 59
Timeout, sequence number = 70
Timeout, sequence number = 80
[CLIENT] Received ACK seq=100
Timeout, sequence number = 135
[CLIENT] Sent data seq=200
Timeout, sequence number = 148
Timeout, sequence number = 148
Timeout, sequence number = 198
[CLIENT] Received ACK seq=200
Timeout, sequence number = 225
Timeout, sequence number = 226
Timeout, sequence number = 229
[CLIENT] Sent data seq=300
Timeout, sequence number = 240
Timeout, sequence number = 247
Timeout, sequence number = 252
[CLIENT] Received ACK seq=300
[CLIENT] Sent data seq=400
Timeout, sequence number = 340
Timeout, sequence number = 381
[CLIENT] Received ACK seq=400
Timeout, sequence number = 425
[CLIENT] Sent data seq=500
Timeout, sequence number = 455
Timeout, sequence number = 476
Timeout, sequence number = 486
Timeout, sequence number = 491
[CLIENT] Received ACK seq=500
Timeout, sequence number = 506
Timeout, sequence number = 531
[CLIENT] Sent data seq=600
Timeout, sequence number = 559
Timeout, sequence number = 577
[CLIENT] Received ACK seq=600
Timeout, sequence number = 620
Timeout, sequence number = 620
Timeout, sequence number = 633
[CLIENT] Sent data seq=700
Timeout, sequence number = 640
Timeout, sequence number = 657
Timeout, sequence number = 659
Timeout, sequence number = 683
Timeout, sequence number = 685
[CLIENT] Received ACK seq=700
[CLIENT] Sent data seq=800
Timeout, sequence number = 743
Timeout, sequence number = 761
Timeout, sequence number = 799
Timeout, sequence number = 800
Timeout, sequence number = 800
[CLIENT] Received ACK seq=800
Timeout, sequence number = 830
Timeout, sequence number = 835
[CLIENT] Sent data seq=900
Timeout, sequence number = 843
Timeout, sequence number = 898
[CLIENT] Received ACK seq=900
Timeout, sequence number = 917
[CLIENT] Sent data seq=1000
Timeout, sequence number = 939
Timeout, sequence number = 939
Timeout, sequence number = 941
Timeout, sequence number = 950
Timeout, sequence number = 967
Timeout, sequence number = 983
[CLIENT] Received ACK seq=1000
[CLIENT] Sent data seq=1100
Timeout, sequence number = 1067
Timeout, sequence number = 1069
Timeout, sequence number = 1080
[CLIENT] Received ACK seq=1100
Timeout, sequence number = 1125
[CLIENT] Sent data seq=1200
Timeout, sequence number = 1140
Timeout, sequence number = 1149
Timeout, sequence number = 1156
Timeout, sequence number = 1166
[CLIENT] Received ACK seq=1200
Timeout, sequence number = 1230
[CLIENT] Sent data seq=1300
Timeout, sequence number = 1248
Timeout, sequence number = 1250
Timeout, sequence number = 1275
Timeout, sequence number = 1280
Timeout, sequence number = 1288
[CLIENT] Received ACK seq=1300
Timeout, sequence number = 1322
Timeout, sequence number = 1331
[CLIENT] Sent data seq=1400
Timeout, sequence number = 1358
Timeout, sequence number = 1395
[CLIENT] Received ACK seq=1400
Timeout, sequence number = 1403
Timeout, sequence number = 1407
Timeout, sequence number = 1426
Timeout, sequence number = 1428
[CLIENT] Sent data seq=1500
Timeout, sequence number = 1446
Timeout, sequence number = 1467
Timeout, sequence number = 1473
Timeout, sequence number = 1490
[CLIENT] Received ACK seq=1500
Timeout, sequence number = 1501
Timeout, sequence number = 1521
Timeout, sequence number = 1521
[CLIENT] Sent data seq=1600
Timeout, sequence number = 1538
Timeout, sequence number = 1594
[CLIENT] Received ACK seq=1600
Timeout, sequence number = 1614
Timeout, sequence number = 1635
[CLIENT] Sent data seq=1700
Timeout, sequence number = 1645
Timeout, sequence number = 1646
Timeout, sequence number = 1652
Timeout, sequence number = 1683
[CLIENT] Received ACK seq=1700
Timeout, sequence number = 1705
Timeout, sequence number = 1719
Timeout, sequence number = 1721
[CLIENT] Sent data seq=1800
Timeout, sequence number = 1738
Timeout, sequence number = 1744
Timeout, sequence number = 1752
Timeout, sequence number = 1777
Timeout, sequence number = 1800
[CLIENT] Received ACK seq=1800
Timeout, sequence number = 1814
[CLIENT] Sent data seq=1900
Timeout, sequence number = 1845
Timeout, sequence number = 1856
Timeout, sequence number = 1861
Timeout, sequence number = 1863
Timeout, sequence number = 1870
Timeout, sequence number = 1872
Timeout, sequence number = 1897
[CLIENT] Received ACK seq=1900
Timeout, sequence number = 1905
Timeout, sequence number = 1906
Timeout, sequence number = 1930
[CLIENT] Sent data seq=2000
Timeout, sequence number = 1957
Timeout, sequence number = 1981
Timeout, sequence number = 2000
[CLIENT] Received ACK seq=2000
Timeout, sequence number = 2022
[CLIENT] Sent data seq=2100
Timeout, sequence number = 2095
[CLIENT] Received ACK seq=2100
Timeout, sequence number = 2114
Timeout, sequence number = 2122
[CLIENT] Sent data seq=2200
Timeout, sequence number = 2160
[CLIENT] Received ACK seq=2200
Timeout, sequence number = 2203
[CLIENT] Sent data seq=2300
Timeout, sequence number = 2253
Timeout, sequence number = 2261
Timeout, sequence number = 2266
Timeout, sequence number = 2283
[CLIENT] Received ACK seq=2300
Timeout, sequence number = 2301
[CLIENT] Sent data seq=2400
Timeout, sequence number = 2347
[CLIENT] Received ACK seq=2400
Timeout, sequence number = 2415
[CLIENT] Sent data seq=2500
Timeout, sequence number = 2445
Timeout, sequence number = 2462
Timeout, sequence number = 2465
Timeout, sequence number = 2465
Timeout, sequence number = 2466
Timeout, sequence number = 2494
[CLIENT] Received ACK seq=2500
Timeout, sequence number = 2509
Timeout, sequence number = 2515
[CLIENT] Sent data seq=2600
Timeout, sequence number = 2557
Timeout, sequence number = 2557
Timeout, sequence number = 2580
Timeout, sequence number = 2582
[CLIENT] Received ACK seq=2600
[CLIENT] Sent data seq=2700
Timeout, sequence number = 2644
Timeout, sequence number = 2659
Timeout, sequence number = 2696
Timeout, sequence number = 2696
[CLIENT] Received ACK seq=2700
Timeout, sequence number = 2728
[CLIENT] Sent data seq=2800
Timeout, sequence number = 2780
Timeout, sequence number = 2785
Timeout, sequence number = 2788
[CLIENT] Received ACK seq=2800
Timeout, sequence number = 2820
[CLIENT] Sent data seq=2900
Timeout, sequence number = 2860
Timeout, sequence number = 2866
[CLIENT] Received ACK seq=2900
Timeout, sequence number = 2917
Timeout, sequence number = 2921
Timeout, sequence number = 2934
[CLIENT] Sent data seq=3000
Timeout, sequence number = 2938
Timeout, sequence number = 2957
Timeout, sequence number = 2963
Timeout, sequence number = 2981
Timeout, sequence number = 2998
[CLIENT] Received ACK seq=3000
Timeout, sequence number = 3005
Timeout, sequence number = 3021
[CLIENT] Sent data seq=3100
Timeout, sequence number = 3041
Timeout, sequence number = 3064
Timeout, sequence number = 3066
Timeout, sequence number = 3066
Timeout, sequence number = 3085
Timeout, sequence number = 3092
[CLIENT] Received ACK seq=3100
Timeout, sequence number = 3101
Timeout, sequence number = 3106
Timeout, sequence number = 3135
Timeout, sequence number = 3136
[CLIENT] Sent data seq=3200
Timeout, sequence number = 3147
Timeout, sequence number = 3147
Timeout, sequence number = 3149
Timeout, sequence number = 3171
[CLIENT] Received ACK seq=3200
Timeout, sequence number = 3210
Timeout, sequence number = 3227
[CLIENT] Sent data seq=3300
Timeout, sequence number = 3247
[CLIENT] Received ACK seq=3300
Timeout, sequence number = 3313
[CLIENT] Sent data seq=3400
Timeout, sequence number = 3344
Timeout, sequence number = 3387
Timeout, sequence number = 3387
[CLIENT] Received ACK seq=3400
Timeout, sequence number = 3430
[CLIENT] Sent data seq=3500
Timeout, sequence number = 3473
Timeout, sequence number = 3477
[CLIENT] Received ACK seq=3500
Timeout, sequence number = 3504
[CLIENT] Sent data seq=3600
Timeout, sequence number = 3557
Timeout, sequence number = 3558
Timeout, sequence number = 3563
Timeout, sequence number = 3565
[CLIENT] Received ACK seq=3600
Timeout, sequence number = 3605
Timeout, sequence number = 3607
Timeout, sequence number = 3607
[CLIENT] Sent data seq=3700
Timeout, sequence number = 3678
Timeout, sequence number = 3681
[CLIENT] Received ACK seq=3700
Timeout, sequence number = 3712
Timeout, sequence number = 3714
[CLIENT] Sent data seq=3800
Timeout, sequence number = 3751
Timeout, sequence number = 3753
Timeout, sequence number = 3753
Timeout, sequence number = 3767
Timeout, sequence number = 3767
[CLIENT] Received ACK seq=3800
Timeout, sequence number = 3803
Timeout, sequence number = 3810
Timeout, sequence number = 3812
[CLIENT] Sent data seq=3900
Timeout, sequence number = 3843
Timeout, sequence number = 3856
Timeout, sequence number = 3873
Timeout, sequence number = 3882
Timeout, sequence number = 3895
[CLIENT] Received ACK seq=3900
Timeout, sequence number = 3907
Timeout, sequence number = 3931
Timeout, sequence number = 3933
Timeout, sequence number = 3936
Timeout, sequence number = 3936
[CLIENT] Sent data seq=4000
Timeout, sequence number = 3937
Timeout, sequence number = 3974
[CLIENT] Received ACK seq=4000
[CLIENT] Summary: sent_packets=4001, ack_packets=4001, retransmitted_packets=13531, timeout_events=212
Transfer complete. Delay = 110.887738 seconds

=== STDERR ===
