=== STDOUT ===
[CLIENT] Starting transfer: server=10.153.27.102:7735, file=demo_input.bin, N=64, MSS=600, total_segments=2001
[CLIENT] Sent data seq=0
[CLIENT] Sent data seq=1
[CLIENT] Sent data seq=2
[CLIENT] Sent data seq=3
[CLIENT] Sent data seq=4
[CLIENT] Received ACK seq=0
[CLIENT] Received ACK seq=1
[CLIENT] Received ACK seq=2
[CLIENT] Received ACK seq=3
[CLIENT] Received ACK seq=4
Timeout, sequence number = 10
Timeout, sequence number = 13
Timeout, sequence number = 15
[CLIENT] Sent data seq=100
Timeout, sequence number = 53
Timeout, sequence number = 94
[CLIENT] Received ACK seq=100
[CLIENT] Sent data seq=200
Timeout, sequence number = 169
Timeout, sequence number = 182
[CLIENT] Received ACK seq=200
Timeout, sequence number = 213
[CLIENT] Sent data seq=300
Timeout, sequence number = 261
Timeout, sequence number = 269
Timeout, sequence number = 275
Timeout, sequence number = 295
[CLIENT] Received ACK seq=300
Timeout, sequence number = 304
Timeout, sequence number = 312
[CLIENT] Sent data seq=400
Timeout, sequence number = 370
Timeout, sequence number = 377
[CLIENT] Received ACK seq=400
Timeout, sequence number = 415
[CLIENT] Sent data seq=500
[CLIENT] Received ACK seq=500
Timeout, sequence number = 513
[CLIENT] Sent data seq=600
Timeout, sequence number = 595
[CLIENT] Received ACK seq=600
Timeout, sequence number = 632
Timeout, sequence number = 633
Timeout, sequence number = 635
[CLIENT] Sent data seq=700
Timeout, sequence number = 643
Timeout, sequence number = 656
Timeout, sequence number = 699
[CLIENT] Received ACK seq=700
Timeout, sequence number = 717
Timeout, sequence number = 720
[CLIENT] Sent data seq=800
Timeout, sequence number = 751
Timeout, sequence number = 761
[CLIENT] Received ACK seq=800
Timeout, sequence number = 809
Timeout, sequence number = 824
[CLIENT] Sent data seq=900
Timeout, sequence number = 879
[CLIENT] Received ACK seq=900
Timeout, sequence number = 919
Timeout, sequence number = 920
[CLIENT] Sent data seq=1000
Timeout, sequence number = 937
Timeout, sequence number = 945
Timeout, sequence number = 962
Timeout, sequence number = 978
Timeout, sequence number = 983
Timeout, sequence number = 997
Timeout, sequence number = 998
Timeout, sequence number = 1000
[CLIENT] Received ACK seq=1000
Timeout, sequence number = 1034
[CLIENT] Sent data seq=1100
Timeout, sequence number = 1044
Timeout, sequence number = 1059
[CLIENT] Received ACK seq=1100
[CLIENT] Sent data seq=1200
Timeout, sequence number = 1159
Timeout, sequence number = 1171
[CLIENT] Received ACK seq=1200
Timeout, sequence number = 1218
Timeout, sequence number = 1227
[CLIENT] Sent data seq=1300
[CLIENT] Received ACK seq=1300
Timeout, sequence number = 1311
[CLIENT] Sent data seq=1400
Timeout, sequence number = 1343
Timeout, sequence number = 1367
Timeout, sequence number = 1381
Timeout, sequence number = 1382
[CLIENT] Received ACK seq=1400
Timeout, sequence number = 1421
Timeout, sequence number = 1424
[CLIENT] Sent data seq=1500
Timeout, sequence number = 1464
[CLIENT] Received ACK seq=1500
[CLIENT] Sent data seq=1600
Timeout, sequence number = 1547
Timeout, sequence number = 1566
Timeout, sequence number = 1566
Timeout, sequence number = 1568
[CLIENT] Received ACK seq=1600
[CLIENT] Sent data seq=1700
Timeout, sequence number = 1639
Timeout, sequence number = 1650
Timeout, sequence number = 1678
Timeout, sequence number = 1693
[CLIENT] Received ACK seq=1700
Timeout, sequence number = 1702
Timeout, sequence number = 1703
[CLIENT] Sent data seq=1800
Timeout, sequence number = 1743
Timeout, sequence number = 1769
Timeout, sequence number = 1773
Timeout, sequence number = 1776
Timeout, sequence number = 1793
Timeout, sequence number = 1796
[CLIENT] Received ACK seq=1800
[CLIENT] Sent data seq=1900
Timeout, sequence number = 1850
Timeout, sequence number = 1853
Timeout, sequence number = 1857
Timeout, sequence number = 1883
[CLIENT] Received ACK seq=1900
Timeout, sequence number = 1902
Timeout, sequence number = 1913
[CLIENT] Sent data seq=2000
Timeout, sequence number = 1950
[CLIENT] Received ACK seq=2000
[CLIENT] Summary: sent_packets=2001, ack_packets=2001, retransmitted_packets=5107, timeout_events=80
Transfer complete. Delay = 41.903551 seconds

=== STDERR ===
