=== STDOUT ===
[CLIENT] Starting transfer: server=10.153.27.102:7735, file=demo_input.bin, N=64, MSS=500, total_segments=2401
[CLIENT] Sent data seq=0
[CLIENT] Sent data seq=1
[CLIENT] Sent data seq=2
[CLIENT] Sent data seq=3
[CLIENT] Sent data seq=4
[CLIENT] Received ACK seq=0
[CLIENT] Received ACK seq=1
Timeout, sequence number = 2
[CLIENT] Received ACK seq=2
[CLIENT] Received ACK seq=3
[CLIENT] Received ACK seq=4
[CLIENT] Sent data seq=100
Timeout, sequence number = 38
Timeout, sequence number = 97
Timeout, sequence number = 99
[CLIENT] Received ACK seq=100
Timeout, sequence number = 120
Timeout, sequence number = 136
[CLIENT] Sent data seq=200
Timeout, sequence number = 184
[CLIENT] Received ACK seq=200
[CLIENT] Sent data seq=300
Timeout, sequence number = 289
[CLIENT] Received ACK seq=300
[CLIENT] Sent data seq=400
[CLIENT] Received ACK seq=400
Timeout, sequence number = 425
[CLIENT] Sent data seq=500
Timeout, sequence number = 459
Timeout, sequence number = 483
Timeout, sequence number = 489
[CLIENT] Received ACK seq=500
[CLIENT] Sent data seq=600
Timeout, sequence number = 544
[CLIENT] Received ACK seq=600
Timeout, sequence number = 601
Timeout, sequence number = 617
[CLIENT] Sent data seq=700
Timeout, sequence number = 644
Timeout, sequence number = 669
[CLIENT] Received ACK seq=700
Timeout, sequence number = 708
Timeout, sequence number = 721
[CLIENT] Sent data seq=800
[CLIENT] Received ACK seq=800
[CLIENT] Sent data seq=900
Timeout, sequence number = 841
[CLIENT] Received ACK seq=900
[CLIENT] Sent data seq=1000
[CLIENT] Received ACK seq=1000
Timeout, sequence number = 1026
[CLIENT] Sent data seq=1100
Timeout, sequence number = 1061
[CLIENT] Received ACK seq=1100
[CLIENT] Sent data seq=1200
Timeout, sequence number = 1171
Timeout, sequence number = 1182
Timeout, sequence number = 1200
[CLIENT] Received ACK seq=1200
[CLIENT] Sent data seq=1300
Timeout, sequence number = 1267
[CLIENT] Received ACK seq=1300
Timeout, sequence number = 1312
Timeout, sequence number = 1326
[CLIENT] Sent data seq=1400
[CLIENT] Received ACK seq=1400
[CLIENT] Sent data seq=1500
[CLIENT] Received ACK seq=1500
Timeout, sequence number = 1525
[CLIENT] Sent data seq=1600
Timeout, sequence number = 1555
[CLIENT] Received ACK seq=1600
[CLIENT] Sent data seq=1700
[CLIENT] Received ACK seq=1700
Timeout, sequence number = 1706
[CLIENT] Sent data seq=1800
Timeout, sequence number = 1764
[CLIENT] Received ACK seq=1800
[CLIENT] Sent data seq=1900
[CLIENT] Received ACK seq=1900
Timeout, sequence number = 1924
[CLIENT] Sent data seq=2000
Timeout, sequence number = 1965
Timeout, sequence number = 1968
[CLIENT] Received ACK seq=2000
Timeout, sequence number = 2022
[CLIENT] Sent data seq=2100
[CLIENT] Received ACK seq=2100
[CLIENT] Sent data seq=2200
Timeout, sequence number = 2173
[CLIENT] Received ACK seq=2200
Timeout, sequence number = 2221
[CLIENT] Sent data seq=2300
Timeout, sequence number = 2290
[CLIENT] Received ACK seq=2300
Timeout, sequence number = 2329
[CLIENT] Sent data seq=2400
Timeout, sequence number = 2350
Timeout, sequence number = 2354
Timeout, sequence number = 2384
Timeout, sequence number = 2386
Timeout, sequence number = 2386
[CLIENT] Received ACK seq=2400
[CLIENT] Summary: sent_packets=2401, ack_packets=2401, retransmitted_packets=2705, timeout_events=45
Transfer complete. Delay = 24.067079 seconds

=== STDERR ===
