=== STDOUT ===
[CLIENT] Starting transfer: server=10.153.27.102:7735, file=demo_input.bin, N=64, MSS=500, total_segments=2401
[CLIENT] Sent data seq=0
[CLIENT] Sent data seq=1
[CLIENT] Sent data seq=2
[CLIENT] Sent data seq=3
[CLIENT] Sent data seq=4
[CLIENT] Received ACK seq=0
[CLIENT] Received ACK seq=1
Timeout, sequence number = 2
[CLIENT] Received ACK seq=2
[CLIENT] Received ACK seq=3
[CLIENT] Received ACK seq=4
Timeout, sequence number = 22
Timeout, sequence number = 31
[CLIENT] Sent data seq=100
Timeout, sequence number = 55
Timeout, sequence number = 57
Timeout, sequence number = 75
Timeout, sequence number = 76
Timeout, sequence number = 86
[CLIENT] Received ACK seq=100
Timeout, sequence number = 101
Timeout, sequence number = 113
Timeout, sequence number = 113
Timeout, sequence number = 115
Timeout, sequence number = 130
Timeout, sequence number = 135
[CLIENT] Sent data seq=200
Timeout, sequence number = 144
Timeout, sequence number = 153
Timeout, sequence number = 157
Timeout, sequence number = 164
Timeout, sequence number = 165
Timeout, sequence number = 180
Timeout, sequence number = 185
Timeout, sequence number = 198
[CLIENT] Received ACK seq=200
Timeout, sequence number = 206
[CLIENT] Sent data seq=300
Timeout, sequence number = 251
Timeout, sequence number = 279
Timeout, sequence number = 284
Timeout, sequence number = 288
Timeout, sequence number = 289
[CLIENT] Received ACK seq=300
Timeout, sequence number = 301
Timeout, sequence number = 302
Timeout, sequence number = 304
Timeout, sequence number = 318
Timeout, sequence number = 320
[CLIENT] Sent data seq=400
Timeout, sequence number = 361
Timeout, sequence number = 375
Timeout, sequence number = 379
[CLIENT] Received ACK seq=400
Timeout, sequence number = 405
Timeout, sequence number = 409
Timeout, sequence number = 413
Timeout, sequence number = 421
Timeout, sequence number = 428
[CLIENT] Sent data seq=500
Timeout, sequence number = 443
Timeout, sequence number = 451
Timeout, sequence number = 454
Timeout, sequence number = 475
Timeout, sequence number = 477
Timeout, sequence number = 483
Timeout, sequence number = 493
Timeout, sequence number = 499
[CLIENT] Received ACK seq=500
Timeout, sequence number = 516
Timeout, sequence number = 516
Timeout, sequence number = 529
Timeout, sequence number = 530
[CLIENT] Sent data seq=600
Timeout, sequence number = 539
Timeout, sequence number = 542
Timeout, sequence number = 543
Timeout, sequence number = 560
Timeout, sequence number = 568
Timeout, sequence number = 595
Timeout, sequence number = 598
[CLIENT] Received ACK seq=600
Timeout, sequence number = 604
Timeout, sequence number = 617
Timeout, sequence number = 622
Timeout, sequence number = 624
Timeout, sequence number = 628
[CLIENT] Sent data seq=700
Timeout, sequence number = 655
Timeout, sequence number = 665
Timeout, sequence number = 666
Timeout, sequence number = 674
Timeout, sequence number = 679
Timeout, sequence number = 680
Timeout, sequence number = 695
[CLIENT] Received ACK seq=700
Timeout, sequence number = 711
[CLIENT] Sent data seq=800
Timeout, sequence number = 776
Timeout, sequence number = 779
Timeout, sequence number = 791
Timeout, sequence number = 794
[CLIENT] Received ACK seq=800
Timeout, sequence number = 803
[CLIENT] Sent data seq=900
Timeout, sequence number = 842
Timeout, sequence number = 846
Timeout, sequence number = 871
Timeout, sequence number = 875
Timeout, sequence number = 886
[CLIENT] Received ACK seq=900
Timeout, sequence number = 905
Timeout, sequence number = 914
[CLIENT] Sent data seq=1000
Timeout, sequence number = 949
Timeout, sequence number = 950
Timeout, sequence number = 960
Timeout, sequence number = 963
Timeout, sequence number = 967
[CLIENT] Received ACK seq=1000
Timeout, sequence number = 1002
Timeout, sequence number = 1008
Timeout, sequence number = 1021
Timeout, sequence number = 1032
[CLIENT] Sent data seq=1100
Timeout, sequence number = 1048
Timeout, sequence number = 1057
Timeout, sequence number = 1061
Timeout, sequence number = 1082
Timeout, sequence number = 1095
[CLIENT] Received ACK seq=1100
[CLIENT] Sent data seq=1200
Timeout, sequence number = 1137
Timeout, sequence number = 1143
Timeout, sequence number = 1147
Timeout, sequence number = 1164
Timeout, sequence number = 1169
Timeout, sequence number = 1169
Timeout, sequence number = 1169
Timeout, sequence number = 1177
Timeout, sequence number = 1181
Timeout, sequence number = 1198
Timeout, sequence number = 1198
[CLIENT] Received ACK seq=1200
Timeout, sequence number = 1207
Timeout, sequence number = 1208
Timeout, sequence number = 1215
Timeout, sequence number = 1215
Timeout, sequence number = 1226
Timeout, sequence number = 1227
Timeout, sequence number = 1227
Timeout, sequence number = 1236
Timeout, sequence number = 1236
[CLIENT] Sent data seq=1300
Timeout, sequence number = 1239
Timeout, sequence number = 1250
Timeout, sequence number = 1258
Timeout, sequence number = 1259
Timeout, sequence number = 1278
Timeout, sequence number = 1283
Timeout, sequence number = 1288
Timeout, sequence number = 1296
Timeout, sequence number = 1300
[CLIENT] Received ACK seq=1300
Timeout, sequence number = 1302
Timeout, sequence number = 1309
Timeout, sequence number = 1332
[CLIENT] Sent data seq=1400
Timeout, sequence number = 1338
Timeout, sequence number = 1375
Timeout, sequence number = 1376
Timeout, sequence number = 1390
[CLIENT] Received ACK seq=1400
Timeout, sequence number = 1408
Timeout, sequence number = 1413
Timeout, sequence number = 1429
[CLIENT] Sent data seq=1500
Timeout, sequence number = 1456
Timeout, sequence number = 1461
Timeout, sequence number = 1462
Timeout, sequence number = 1473
Timeout, sequence number = 1477
Timeout, sequence number = 1479
Timeout, sequence number = 1489
Timeout, sequence number = 1489
Timeout, sequence number = 1491
[CLIENT] Received ACK seq=1500
Timeout, sequence number = 1508
Timeout, sequence number = 1519
[CLIENT] Sent data seq=1600
Timeout, sequence number = 1543
Timeout, sequence number = 1555
Timeout, sequence number = 1558
Timeout, sequence number = 1561
Timeout, sequence number = 1567
Timeout, sequence number = 1581
Timeout, sequence number = 1583
[CLIENT] Received ACK seq=1600
Timeout, sequence number = 1605
Timeout, sequence number = 1610
[CLIENT] Sent data seq=1700
Timeout, sequence number = 1642
Timeout, sequence number = 1647
Timeout, sequence number = 1654
Timeout, sequence number = 1693
Timeout, sequence number = 1698
Timeout, sequence number = 1698
[CLIENT] Received ACK seq=1700
Timeout, sequence number = 1720
[CLIENT] Sent data seq=1800
Timeout, sequence number = 1742
Timeout, sequence number = 1746
Timeout, sequence number = 1749
Timeout, sequence number = 1757
Timeout, sequence number = 1763
Timeout, sequence number = 1763
Timeout, sequence number = 1766
Timeout, sequence number = 1776
Timeout, sequence number = 1782
Timeout, sequence number = 1794
[CLIENT] Received ACK seq=1800
Timeout, sequence number = 1819
Timeout, sequence number = 1823
Timeout, sequence number = 1836
[CLIENT] Sent data seq=1900
Timeout, sequence number = 1843
Timeout, sequence number = 1846
Timeout, sequence number = 1862
Timeout, sequence number = 1862
Timeout, sequence number = 1878
Timeout, sequence number = 1890
Timeout, sequence number = 1894
Timeout, sequence number = 1897
Timeout, sequence number = 1900
Timeout, sequence number = 1900
[CLIENT] Received ACK seq=1900
Timeout, sequence number = 1902
Timeout, sequence number = 1912
Timeout, sequence number = 1922
[CLIENT] Sent data seq=2000
Timeout, sequence number = 1941
Timeout, sequence number = 1941
Timeout, sequence number = 1950
Timeout, sequence number = 1970
Timeout, sequence number = 1975
Timeout, sequence number = 1983
Timeout, sequence number = 1987
Timeout, sequence number = 1994
Timeout, sequence number = 1998
Timeout, sequence number = 1999
[CLIENT] Received ACK seq=2000
Timeout, sequence number = 2010
Timeout, sequence number = 2026
Timeout, sequence number = 2033
[CLIENT] Sent data seq=2100
Timeout, sequence number = 2043
Timeout, sequence number = 2046
Timeout, sequence number = 2063
Timeout, sequence number = 2064
Timeout, sequence number = 2064
Timeout, sequence number = 2075
Timeout, sequence number = 2075
Timeout, sequence number = 2086
Timeout, sequence number = 2094
[CLIENT] Received ACK seq=2100
Timeout, sequence number = 2117
Timeout, sequence number = 2120
Timeout, sequence number = 2135
Timeout, sequence number = 2135
[CLIENT] Sent data seq=2200
Timeout, sequence number = 2138
Timeout, sequence number = 2167
Timeout, sequence number = 2177
Timeout, sequence number = 2186
Timeout, sequence number = 2190
Timeout, sequence number = 2195
[CLIENT] Received ACK seq=2200
Timeout, sequence number = 2227
[CLIENT] Sent data seq=2300
Timeout, sequence number = 2248
Timeout, sequence number = 2266
Timeout, sequence number = 2267
Timeout, sequence number = 2267
Timeout, sequence number = 2271
Timeout, sequence number = 2272
Timeout, sequence number = 2292
Timeout, sequence number = 2297
Timeout, sequence number = 2298
[CLIENT] Received ACK seq=2300
Timeout, sequence number = 2301
Timeout, sequence number = 2304
Timeout, sequence number = 2308
Timeout, sequence number = 2314
Timeout, sequence number = 2321
[CLIENT] Sent data seq=2400
Timeout, sequence number = 2342
Timeout, sequence number = 2343
Timeout, sequence number = 2352
Timeout, sequence number = 2384
Timeout, sequence number = 2391
[CLIENT] Received ACK seq=2400
[CLIENT] Summary: sent_packets=2401, ack_packets=2401, retransmitted_packets=15425, timeout_events=243
Transfer complete. Delay = 127.303192 seconds

=== STDERR ===
