=== STDOUT ===
[CLIENT] Starting transfer: server=10.153.27.102:7735, file=demo_input.bin, N=64, MSS=1000, total_segments=1201
[CLIENT] Sent data seq=0
[CLIENT] Sent data seq=1
[CLIENT] Sent data seq=2
[CLIENT] Sent data seq=3
[CLIENT] Sent data seq=4
[CLIENT] Received ACK seq=0
[CLIENT] Received ACK seq=1
[CLIENT] Received ACK seq=2
[CLIENT] Received ACK seq=3
[CLIENT] Received ACK seq=4
Timeout, sequence number = 17
Timeout, sequence number = 18
[CLIENT] Sent data seq=100
Timeout, sequence number = 44
Timeout, sequence number = 45
Timeout, sequence number = 48
Timeout, sequence number = 56
Timeout, sequence number = 85
[CLIENT] Received ACK seq=100
Timeout, sequence number = 107
[CLIENT] Sent data seq=200
Timeout, sequence number = 143
Timeout, sequence number = 155
Timeout, sequence number = 175
[CLIENT] Received ACK seq=200
Timeout, sequence number = 227
Timeout, sequence number = 232
[CLIENT] Sent data seq=300
Timeout, sequence number = 246
Timeout, sequence number = 259
Timeout, sequence number = 292
[CLIENT] Received ACK seq=300
Timeout, sequence number = 306
Timeout, sequence number = 325
[CLIENT] Sent data seq=400
Timeout, sequence number = 351
[CLIENT] Received ACK seq=400
Timeout, sequence number = 402
Timeout, sequence number = 418
[CLIENT] Sent data seq=500
Timeout, sequence number = 463
Timeout, sequence number = 463
Timeout, sequence number = 490
[CLIENT] Received ACK seq=500
Timeout, sequence number = 502
Timeout, sequence number = 519
[CLIENT] Sent data seq=600
Timeout, sequence number = 584
[CLIENT] Received ACK seq=600
Timeout, sequence number = 602
Timeout, sequence number = 607
[CLIENT] Sent data seq=700
Timeout, sequence number = 662
Timeout, sequence number = 663
Timeout, sequence number = 679
Timeout, sequence number = 687
Timeout, sequence number = 695
[CLIENT] Received ACK seq=700
Timeout, sequence number = 707
Timeout, sequence number = 715
[CLIENT] Sent data seq=800
Timeout, sequence number = 751
Timeout, sequence number = 756
[CLIENT] Received ACK seq=800
Timeout, sequence number = 815
Timeout, sequence number = 820
[CLIENT] Sent data seq=900
Timeout, sequence number = 840
Timeout, sequence number = 850
Timeout, sequence number = 874
[CLIENT] Received ACK seq=900
Timeout, sequence number = 915
Timeout, sequence number = 925
Timeout, sequence number = 927
[CLIENT] Sent data seq=1000
Timeout, sequence number = 961
Timeout, sequence number = 970
Timeout, sequence number = 989
[CLIENT] Received ACK seq=1000
Timeout, sequence number = 1002
Timeout, sequence number = 1006
Timeout, sequence number = 1008
[CLIENT] Sent data seq=1100
Timeout, sequence number = 1049
Timeout, sequence number = 1052
Timeout, sequence number = 1084
[CLIENT] Received ACK seq=1100
Timeout, sequence number = 1126
Timeout, sequence number = 1128
[CLIENT] Sent data seq=1200
Timeout, sequence number = 1148
Timeout, sequence number = 1148
Timeout, sequence number = 1154
Timeout, sequence number = 1156
Timeout, sequence number = 1184
Timeout, sequence number = 1200
[CLIENT] Received ACK seq=1200
[CLIENT] Summary: sent_packets=1201, ack_packets=1201, retransmitted_packets=3864, timeout_events=63
Transfer complete. Delay = 33.026515 seconds

=== STDERR ===
