=== STDOUT ===
[CLIENT] Starting transfer: server=10.153.27.102:7735, file=demo_input.bin, N=64, MSS=400, total_segments=3001
[CLIENT] Sent data seq=0
[CLIENT] Sent data seq=1
[CLIENT] Sent data seq=2
[CLIENT] Sent data seq=3
[CLIENT] Sent data seq=4
[CLIENT] Received ACK seq=0
[CLIENT] Received ACK seq=1
[CLIENT] Received ACK seq=2
Timeout, sequence number = 3
[CLIENT] Received ACK seq=3
[CLIENT] Received ACK seq=4
[CLIENT] Sent data seq=100
Timeout, sequence number = 38
[CLIENT] Received ACK seq=100
Timeout, sequence number = 102
[CLIENT] Sent data seq=200
Timeout, sequence number = 149
Timeout, sequence number = 156
Timeout, sequence number = 181
Timeout, sequence number = 181
Timeout, sequence number = 196
[CLIENT] Received ACK seq=200
Timeout, sequence number = 218
Timeout, sequence number = 220
Timeout, sequence number = 225
Timeout, sequence number = 226
[CLIENT] Sent data seq=300
Timeout, sequence number = 243
Timeout, sequence number = 271
[CLIENT] Received ACK seq=300
Timeout, sequence number = 312
Timeout, sequence number = 312
[CLIENT] Sent data seq=400
Timeout, sequence number = 343
Timeout, sequence number = 349
[CLIENT] Received ACK seq=400
Timeout, sequence number = 421
Timeout, sequence number = 436
[CLIENT] Sent data seq=500
Timeout, sequence number = 455
Timeout, sequence number = 477
Timeout, sequence number = 477
Timeout, sequence number = 495
Timeout, sequence number = 495
[CLIENT] Received ACK seq=500
Timeout, sequence number = 507
Timeout, sequence number = 520
[CLIENT] Sent data seq=600
Timeout, sequence number = 582
Timeout, sequence number = 588
[CLIENT] Received ACK seq=600
Timeout, sequence number = 623
Timeout, sequence number = 626
[CLIENT] Sent data seq=700
Timeout, sequence number = 641
Timeout, sequence number = 643
Timeout, sequence number = 653
Timeout, sequence number = 670
Timeout, sequence number = 681
[CLIENT] Received ACK seq=700
Timeout, sequence number = 710
Timeout, sequence number = 712
Timeout, sequence number = 721
[CLIENT] Sent data seq=800
Timeout, sequence number = 739
Timeout, sequence number = 771
Timeout, sequence number = 772
Timeout, sequence number = 779
Timeout, sequence number = 791
Timeout, sequence number = 792
[CLIENT] Received ACK seq=800
Timeout, sequence number = 805
Timeout, sequence number = 823
Timeout, sequence number = 826
Timeout, sequence number = 830
[CLIENT] Sent data seq=900
Timeout, sequence number = 844
Timeout, sequence number = 848
Timeout, sequence number = 857
Timeout, sequence number = 864
Timeout, sequence number = 875
Timeout, sequence number = 895
[CLIENT] Received ACK seq=900
[CLIENT] Sent data seq=1000
Timeout, sequence number = 982
Timeout, sequence number = 992
Timeout, sequence number = 992
[CLIENT] Received ACK seq=1000
Timeout, sequence number = 1024
[CLIENT] Sent data seq=1100
Timeout, sequence number = 1059
Timeout, sequence number = 1074
Timeout, sequence number = 1093
Timeout, sequence number = 1100
[CLIENT] Received ACK seq=1100
Timeout, sequence number = 1113
Timeout, sequence number = 1115
[CLIENT] Sent data seq=1200
Timeout, sequence number = 1164
Timeout, sequence number = 1172
Timeout, sequence number = 1186
Timeout, sequence number = 1190
[CLIENT] Received ACK seq=1200
Timeout, sequence number = 1208
Timeout, sequence number = 1219
[CLIENT] Sent data seq=1300
Timeout, sequence number = 1256
Timeout, sequence number = 1272
Timeout, sequence number = 1285
Timeout, sequence number = 1297
[CLIENT] Received ACK seq=1300
Timeout, sequence number = 1325
Timeout, sequence number = 1335
[CLIENT] Sent data seq=1400
Timeout, sequence number = 1348
Timeout, sequence number = 1365
Timeout, sequence number = 1393
[CLIENT] Received ACK seq=1400
[CLIENT] Sent data seq=1500
Timeout, sequence number = 1441
Timeout, sequence number = 1450
Timeout, sequence number = 1454
Timeout, sequence number = 1460
Timeout, sequence number = 1489
[CLIENT] Received ACK seq=1500
[CLIENT] Sent data seq=1600
Timeout, sequence number = 1538
Timeout, sequence number = 1554
Timeout, sequence number = 1554
Timeout, sequence number = 1600
[CLIENT] Received ACK seq=1600
Timeout, sequence number = 1606
Timeout, sequence number = 1627
[CLIENT] Sent data seq=1700
Timeout, sequence number = 1643
Timeout, sequence number = 1645
Timeout, sequence number = 1646
Timeout, sequence number = 1653
Timeout, sequence number = 1658
Timeout, sequence number = 1662
Timeout, sequence number = 1666
Timeout, sequence number = 1669
[CLIENT] Received ACK seq=1700
[CLIENT] Sent data seq=1800
Timeout, sequence number = 1762
Timeout, sequence number = 1795
[CLIENT] Received ACK seq=1800
Timeout, sequence number = 1809
Timeout, sequence number = 1809
Timeout, sequence number = 1814
[CLIENT] Sent data seq=1900
Timeout, sequence number = 1848
Timeout, sequence number = 1867
Timeout, sequence number = 1875
[CLIENT] Received ACK seq=1900
Timeout, sequence number = 1930
Timeout, sequence number = 1933
[CLIENT] Sent data seq=2000
Timeout, sequence number = 1939
Timeout, sequence number = 1945
Timeout, sequence number = 1946
Timeout, sequence number = 1952
Timeout, sequence number = 1978
Timeout, sequence number = 1980
Timeout, sequence number = 1997
Timeout, sequence number = 1997
[CLIENT] Received ACK seq=2000
[CLIENT] Sent data seq=2100
Timeout, sequence number = 2093
Timeout, sequence number = 2098
[CLIENT] Received ACK seq=2100
Timeout, sequence number = 2103
Timeout, sequence number = 2119
[CLIENT] Sent data seq=2200
Timeout, sequence number = 2152
Timeout, sequence number = 2154
Timeout, sequence number = 2169
[CLIENT] Received ACK seq=2200
[CLIENT] Sent data seq=2300
Timeout, sequence number = 2237
Timeout, sequence number = 2240
Timeout, sequence number = 2241
Timeout, sequence number = 2257
Timeout, sequence number = 2261
Timeout, sequence number = 2279
Timeout, sequence number = 2287
Timeout, sequence number = 2296
Timeout, sequence number = 2298
[CLIENT] Received ACK seq=2300
Timeout, sequence number = 2301
Timeout, sequence number = 2304
Timeout, sequence number = 2319
Timeout, sequence number = 2333
Timeout, sequence number = 2333
Timeout, sequence number = 2334
[CLIENT] Sent data seq=2400
Timeout, sequence number = 2367
Timeout, sequence number = 2382
Timeout, sequence number = 2386
[CLIENT] Received ACK seq=2400
Timeout, sequence number = 2421
[CLIENT] Sent data seq=2500
Timeout, sequence number = 2457
Timeout, sequence number = 2473
[CLIENT] Received ACK seq=2500
Timeout, sequence number = 2527
Timeout, sequence number = 2529
Timeout, sequence number = 2534
[CLIENT] Sent data seq=2600
Timeout, sequence number = 2544
Timeout, sequence number = 2544
Timeout, sequence number = 2577
[CLIENT] Received ACK seq=2600
Timeout, sequence number = 2603
Timeout, sequence number = 2603
Timeout, sequence number = 2604
Timeout, sequence number = 2628
Timeout, sequence number = 2628
[CLIENT] Sent data seq=2700
[CLIENT] Received ACK seq=2700
Timeout, sequence number = 2720
[CLIENT] Sent data seq=2800
Timeout, sequence number = 2746
Timeout, sequence number = 2747
Timeout, sequence number = 2758
Timeout, sequence number = 2767
Timeout, sequence number = 2781
Timeout, sequence number = 2789
[CLIENT] Received ACK seq=2800
Timeout, sequence number = 2820
[CLIENT] Sent data seq=2900
Timeout, sequence number = 2847
Timeout, sequence number = 2873
Timeout, sequence number = 2892
Timeout, sequence number = 2892
Timeout, sequence number = 2900
[CLIENT] Received ACK seq=2900
Timeout, sequence number = 2903
Timeout, sequence number = 2916
Timeout, sequence number = 2923
[CLIENT] Sent data seq=3000
Timeout, sequence number = 2940
Timeout, sequence number = 2997
[CLIENT] Received ACK seq=3000
[CLIENT] Summary: sent_packets=3001, ack_packets=3001, retransmitted_packets=11073, timeout_events=174
Transfer complete. Delay = 90.932560 seconds

=== STDERR ===
