=== STDOUT ===
[CLIENT] Starting transfer: server=10.153.27.102:7735, file=demo_input.bin, N=64, MSS=800, total_segments=1501
[CLIENT] Sent data seq=0
[CLIENT] Sent data seq=1
[CLIENT] Sent data seq=2
[CLIENT] Sent data seq=3
[CLIENT] Sent data seq=4
[CLIENT] Received ACK seq=0
[CLIENT] Received ACK seq=1
Timeout, sequence number = 2
[CLIENT] Received ACK seq=2
[CLIENT] Received ACK seq=3
[CLIENT] Received ACK seq=4
[CLIENT] Sent data seq=100
Timeout, sequence number = 37
Timeout, sequence number = 52
[CLIENT] Received ACK seq=100
Timeout, sequence number = 126
[CLIENT] Sent data seq=200
Timeout, sequence number = 163
[CLIENT] Received ACK seq=200
Timeout, sequence number = 224
Timeout, sequence number = 231
Timeout, sequence number = 232
[CLIENT] Sent data seq=300
Timeout, sequence number = 252
Timeout, sequence number = 254
Timeout, sequence number = 263
Timeout, sequence number = 280
Timeout, sequence number = 282
Timeout, sequence number = 287
Timeout, sequence number = 295
[CLIENT] Received ACK seq=300
[CLIENT] Sent data seq=400
Timeout, sequence number = 341
Timeout, sequence number = 363
Timeout, sequence number = 368
Timeout, sequence number = 391
Timeout, sequence number = 392
Timeout, sequence number = 394
Timeout, sequence number = 398
[CLIENT] Received ACK seq=400
Timeout, sequence number = 401
Timeout, sequence number = 413
Timeout, sequence number = 417
Timeout, sequence number = 431
[CLIENT] Sent data seq=500
Timeout, sequence number = 464
Timeout, sequence number = 479
Timeout, sequence number = 483
Timeout, sequence number = 488
[CLIENT] Received ACK seq=500
Timeout, sequence number = 535
[CLIENT] Sent data seq=600
Timeout, sequence number = 546
Timeout, sequence number = 549
Timeout, sequence number = 553
Timeout, sequence number = 566
Timeout, sequence number = 575
Timeout, sequence number = 584
Timeout, sequence number = 590
[CLIENT] Received ACK seq=600
[CLIENT] Sent data seq=700
Timeout, sequence number = 672
Timeout, sequence number = 683
[CLIENT] Received ACK seq=700
[CLIENT] Sent data seq=800
Timeout, sequence number = 772
Timeout, sequence number = 773
Timeout, sequence number = 798
[CLIENT] Received ACK seq=800
Timeout, sequence number = 824
[CLIENT] Sent data seq=900
Timeout, sequence number = 839
[CLIENT] Received ACK seq=900
Timeout, sequence number = 918
Timeout, sequence number = 918
Timeout, sequence number = 923
Timeout, sequence number = 923
[CLIENT] Sent data seq=1000
Timeout, sequence number = 956
Timeout, sequence number = 990
Timeout, sequence number = 1000
[CLIENT] Received ACK seq=1000
Timeout, sequence number = 1002
[CLIENT] Sent data seq=1100
Timeout, sequence number = 1064
Timeout, sequence number = 1097
[CLIENT] Received ACK seq=1100
Timeout, sequence number = 1105
Timeout, sequence number = 1111
Timeout, sequence number = 1125
[CLIENT] Sent data seq=1200
Timeout, sequence number = 1139
Timeout, sequence number = 1142
Timeout, sequence number = 1171
Timeout, sequence number = 1197
[CLIENT] Received ACK seq=1200
Timeout, sequence number = 1226
Timeout, sequence number = 1232
Timeout, sequence number = 1233
[CLIENT] Sent data seq=1300
Timeout, sequence number = 1260
Timeout, sequence number = 1262
Timeout, sequence number = 1269
Timeout, sequence number = 1286
[CLIENT] Received ACK seq=1300
Timeout, sequence number = 1310
Timeout, sequence number = 1311
Timeout, sequence number = 1318
[CLIENT] Sent data seq=1400
Timeout, sequence number = 1341
Timeout, sequence number = 1347
Timeout, sequence number = 1392
[CLIENT] Received ACK seq=1400
Timeout, sequence number = 1415
Timeout, sequence number = 1419
Timeout, sequence number = 1422
[CLIENT] Sent data seq=1500
Timeout, sequence number = 1488
Timeout, sequence number = 1491
Timeout, sequence number = 1492
[CLIENT] Received ACK seq=1500
[CLIENT] Summary: sent_packets=1501, ack_packets=1501, retransmitted_packets=5024, timeout_events=81
Transfer complete. Delay = 42.467275 seconds

=== STDERR ===
