=== STDOUT ===
[CLIENT] Starting transfer: server=10.153.27.102:7735, file=demo_input.bin, N=64, MSS=300, total_segments=4001
[CLIENT] Sent data seq=0
[CLIENT] Sent data seq=1
[CLIENT] Sent data seq=2
[CLIENT] Sent data seq=3
[CLIENT] Sent data seq=4
[CLIENT] Received ACK seq=0
[CLIENT] Received ACK seq=1
[CLIENT] Received ACK seq=2
[CLIENT] Received ACK seq=3
[CLIENT] Received ACK seq=4
Timeout, sequence number = 8
Timeout, sequence number = 28
Timeout, sequence number = 34
[CLIENT] Sent data seq=100
Timeout, sequence number = 39
Timeout, sequence number = 54
Timeout, sequence number = 62
Timeout, sequence number = 81
[CLIENT] Received ACK seq=100
[CLIENT] Sent data seq=200
Timeout, sequence number = 157
Timeout, sequence number = 190
Timeout, sequence number = 192
[CLIENT] Received ACK seq=200
Timeout, sequence number = 206
Timeout, sequence number = 217
Timeout, sequence number = 217
Timeout, sequence number = 220
Timeout, sequence number = 232
[CLIENT] Sent data seq=300
Timeout, sequence number = 264
Timeout, sequence number = 265
Timeout, sequence number = 287
Timeout, sequence number = 290
[CLIENT] Received ACK seq=300
[CLIENT] Sent data seq=400
Timeout, sequence number = 362
Timeout, sequence number = 369
[CLIENT] Received ACK seq=400
Timeout, sequence number = 406
Timeout, sequence number = 413
Timeout, sequence number = 421
Timeout, sequence number = 423
[CLIENT] Sent data seq=500
Timeout, sequence number = 460
Timeout, sequence number = 481
[CLIENT] Received ACK seq=500
Timeout, sequence number = 521
Timeout, sequence number = 522
[CLIENT] Sent data seq=600
Timeout, sequence number = 541
Timeout, sequence number = 548
Timeout, sequence number = 550
Timeout, sequence number = 551
Timeout, sequence number = 571
Timeout, sequence number = 571
Timeout, sequence number = 574
Timeout, sequence number = 598
Timeout, sequence number = 598
Timeout, sequence number = 598
[CLIENT] Received ACK seq=600
[CLIENT] Sent data seq=700
Timeout, sequence number = 644
Timeout, sequence number = 650
Timeout, sequence number = 663
Timeout, sequence number = 680
Timeout, sequence number = 686
Timeout, sequence number = 693
[CLIENT] Received ACK seq=700
Timeout, sequence number = 702
Timeout, sequence number = 705
Timeout, sequence number = 725
Timeout, sequence number = 734
[CLIENT] Sent data seq=800
Timeout, sequence number = 746
Timeout, sequence number = 748
Timeout, sequence number = 749
Timeout, sequence number = 758
Timeout, sequence number = 762
Timeout, sequence number = 776
Timeout, sequence number = 796
[CLIENT] Received ACK seq=800
Timeout, sequence number = 826
[CLIENT] Sent data seq=900
Timeout, sequence number = 860
Timeout, sequence number = 878
Timeout, sequence number = 878
Timeout, sequence number = 891
[CLIENT] Received ACK seq=900
Timeout, sequence number = 907
Timeout, sequence number = 922
Timeout, sequence number = 934
[CLIENT] Sent data seq=1000
Timeout, sequence number = 953
Timeout, sequence number = 954
Timeout, sequence number = 967
Timeout, sequence number = 991
[CLIENT] Received ACK seq=1000
Timeout, sequence number = 1022
Timeout, sequence number = 1029
[CLIENT] Sent data seq=1100
Timeout, sequence number = 1052
[CLIENT] Received ACK seq=1100
Timeout, sequence number = 1115
Timeout, sequence number = 1116
Timeout, sequence number = 1130
[CLIENT] Sent data seq=1200
Timeout, sequence number = 1182
Timeout, sequence number = 1189
[CLIENT] Received ACK seq=1200
Timeout, sequence number = 1201
Timeout, sequence number = 1210
Timeout, sequence number = 1213
[CLIENT] Sent data seq=1300
Timeout, sequence number = 1269
Timeout, sequence number = 1274
[CLIENT] Received ACK seq=1300
Timeout, sequence number = 1322
[CLIENT] Sent data seq=1400
Timeout, sequence number = 1358
Timeout, sequence number = 1381
[CLIENT] Received ACK seq=1400
Timeout, sequence number = 1420
[CLIENT] Sent data seq=1500
Timeout, sequence number = 1442
Timeout, sequence number = 1465
Timeout, sequence number = 1480
Timeout, sequence number = 1493
[CLIENT] Received ACK seq=1500
Timeout, sequence number = 1536
[CLIENT] Sent data seq=1600
Timeout, sequence number = 1553
Timeout, sequence number = 1554
Timeout, sequence number = 1555
Timeout, sequence number = 1555
Timeout, sequence number = 1567
[CLIENT] Received ACK seq=1600
Timeout, sequence number = 1624
[CLIENT] Sent data seq=1700
Timeout, sequence number = 1643
Timeout, sequence number = 1645
Timeout, sequence number = 1651
Timeout, sequence number = 1676
Timeout, sequence number = 1688
[CLIENT] Received ACK seq=1700
Timeout, sequence number = 1713
[CLIENT] Sent data seq=1800
Timeout, sequence number = 1781
[CLIENT] Received ACK seq=1800
[CLIENT] Sent data seq=1900
Timeout, sequence number = 1838
Timeout, sequence number = 1849
Timeout, sequence number = 1880
[CLIENT] Received ACK seq=1900
Timeout, sequence number = 1915
[CLIENT] Sent data seq=2000
Timeout, sequence number = 1957
Timeout, sequence number = 1964
Timeout, sequence number = 1981
Timeout, sequence number = 1987
Timeout, sequence number = 1992
[CLIENT] Received ACK seq=2000
[CLIENT] Sent data seq=2100
Timeout, sequence number = 2037
[CLIENT] Received ACK seq=2100
[CLIENT] Sent data seq=2200
Timeout, sequence number = 2158
Timeout, sequence number = 2181
Timeout, sequence number = 2199
[CLIENT] Received ACK seq=2200
Timeout, sequence number = 2216
Timeout, sequence number = 2225
[CLIENT] Sent data seq=2300
Timeout, sequence number = 2237
Timeout, sequence number = 2270
Timeout, sequence number = 2270
Timeout, sequence number = 2288
Timeout, sequence number = 2299
[CLIENT] Received ACK seq=2300
[CLIENT] Sent data seq=2400
Timeout, sequence number = 2386
Timeout, sequence number = 2396
[CLIENT] Received ACK seq=2400
Timeout, sequence number = 2401
Timeout, sequence number = 2418
Timeout, sequence number = 2435
[CLIENT] Sent data seq=2500
Timeout, sequence number = 2444
Timeout, sequence number = 2445
Timeout, sequence number = 2466
Timeout, sequence number = 2472
Timeout, sequence number = 2479
Timeout, sequence number = 2489
[CLIENT] Received ACK seq=2500
Timeout, sequence number = 2506
Timeout, sequence number = 2520
[CLIENT] Sent data seq=2600
Timeout, sequence number = 2587
Timeout, sequence number = 2598
[CLIENT] Received ACK seq=2600
Timeout, sequence number = 2604
[CLIENT] Sent data seq=2700
Timeout, sequence number = 2641
[CLIENT] Received ACK seq=2700
Timeout, sequence number = 2711
Timeout, sequence number = 2714
Timeout, sequence number = 2715
Timeout, sequence number = 2719
[CLIENT] Sent data seq=2800
Timeout, sequence number = 2776
Timeout, sequence number = 2797
[CLIENT] Received ACK seq=2800
Timeout, sequence number = 2815
[CLIENT] Sent data seq=2900
Timeout, sequence number = 2854
Timeout, sequence number = 2861
Timeout, sequence number = 2876
Timeout, sequence number = 2894
[CLIENT] Received ACK seq=2900
[CLIENT] Sent data seq=3000
Timeout, sequence number = 2943
Timeout, sequence number = 2978
[CLIENT] Received ACK seq=3000
Timeout, sequence number = 3031
[CLIENT] Sent data seq=3100
Timeout, sequence number = 3040
Timeout, sequence number = 3076
Timeout, sequence number = 3076
Timeout, sequence number = 3099
Timeout, sequence number = 3100
[CLIENT] Received ACK seq=3100
Timeout, sequence number = 3101
[CLIENT] Sent data seq=3200
Timeout, sequence number = 3137
Timeout, sequence number = 3139
Timeout, sequence number = 3147
Timeout, sequence number = 3181
[CLIENT] Received ACK seq=3200
Timeout, sequence number = 3217
[CLIENT] Sent data seq=3300
Timeout, sequence number = 3250
Timeout, sequence number = 3291
[CLIENT] Received ACK seq=3300
Timeout, sequence number = 3320
Timeout, sequence number = 3322
[CLIENT] Sent data seq=3400
Timeout, sequence number = 3347
Timeout, sequence number = 3380
[CLIENT] Received ACK seq=3400
Timeout, sequence number = 3416
[CLIENT] Sent data seq=3500
Timeout, sequence number = 3446
Timeout, sequence number = 3451
Timeout, sequence number = 3490
[CLIENT] Received ACK seq=3500
Timeout, sequence number = 3511
[CLIENT] Sent data seq=3600
Timeout, sequence number = 3552
Timeout, sequence number = 3593
[CLIENT] Received ACK seq=3600
Timeout, sequence number = 3615
Timeout, sequence number = 3628
[CLIENT] Sent data seq=3700
Timeout, sequence number = 3661
Timeout, sequence number = 3668
Timeout, sequence number = 3670
Timeout, sequence number = 3672
Timeout, sequence number = 3673
Timeout, sequence number = 3689
[CLIENT] Received ACK seq=3700
Timeout, sequence number = 3704
Timeout, sequence number = 3717
Timeout, sequence number = 3727
[CLIENT] Sent data seq=3800
Timeout, sequence number = 3740
Timeout, sequence number = 3751
Timeout, sequence number = 3797
[CLIENT] Received ACK seq=3800
Timeout, sequence number = 3828
Timeout, sequence number = 3831
Timeout, sequence number = 3832
[CLIENT] Sent data seq=3900
Timeout, sequence number = 3851
Timeout, sequence number = 3859
Timeout, sequence number = 3871
Timeout, sequence number = 3871
Timeout, sequence number = 3888
[CLIENT] Received ACK seq=3900
Timeout, sequence number = 3912
Timeout, sequence number = 3922
[CLIENT] Sent data seq=4000
Timeout, sequence number = 3963
Timeout, sequence number = 3986
Timeout, sequence number = 4000
[CLIENT] Received ACK seq=4000
[CLIENT] Summary: sent_packets=4001, ack_packets=4001, retransmitted_packets=12982, timeout_events=205
Transfer complete. Delay = 107.759640 seconds

=== STDERR ===
