=== STDOUT ===
[CLIENT] Starting transfer: server=10.153.27.102:7735, file=demo_input.bin, N=64, MSS=500, total_segments=2401
[CLIENT] Sent data seq=0
[CLIENT] Sent data seq=1
[CLIENT] Sent data seq=2
[CLIENT] Sent data seq=3
[CLIENT] Sent data seq=4
[CLIENT] Received ACK seq=0
[CLIENT] Received ACK seq=1
[CLIENT] Received ACK seq=2
[CLIENT] Received ACK seq=3
[CLIENT] Received ACK seq=4
Timeout, sequence number = 22
Timeout, sequence number = 26
[CLIENT] Sent data seq=100
Timeout, sequence number = 42
Timeout, sequence number = 43
Timeout, sequence number = 63
Timeout, sequence number = 65
Timeout, sequence number = 70
Timeout, sequence number = 74
Timeout, sequence number = 75
Timeout, sequence number = 78
Timeout, sequence number = 81
[CLIENT] Received ACK seq=100
Timeout, sequence number = 112
Timeout, sequence number = 119
Timeout, sequence number = 119
Timeout, sequence number = 122
Timeout, sequence number = 122
Timeout, sequence number = 129
[CLIENT] Sent data seq=200
Timeout, sequence number = 141
Timeout, sequence number = 144
Timeout, sequence number = 147
Timeout, sequence number = 151
Timeout, sequence number = 154
Timeout, sequence number = 158
Timeout, sequence number = 176
Timeout, sequence number = 184
Timeout, sequence number = 193
[CLIENT] Received ACK seq=200
Timeout, sequence number = 201
Timeout, sequence number = 207
Timeout, sequence number = 229
Timeout, sequence number = 231
[CLIENT] Sent data seq=300
Timeout, sequence number = 241
Timeout, sequence number = 245
Timeout, sequence number = 245
Timeout, sequence number = 258
Timeout, sequence number = 258
Timeout, sequence number = 262
Timeout, sequence number = 300
[CLIENT] Received ACK seq=300
Timeout, sequence number = 302
Timeout, sequence number = 302
Timeout, sequence number = 332
[CLIENT] Sent data seq=400
Timeout, sequence number = 338
Timeout, sequence number = 341
Timeout, sequence number = 341
Timeout, sequence number = 372
Timeout, sequence number = 378
Timeout, sequence number = 398
[CLIENT] Received ACK seq=400
Timeout, sequence number = 401
Timeout, sequence number = 411
Timeout, sequence number = 427
Timeout, sequence number = 433
[CLIENT] Sent data seq=500
Timeout, sequence number = 473
Timeout, sequence number = 482
Timeout, sequence number = 485
Timeout, sequence number = 491
Timeout, sequence number = 500
[CLIENT] Received ACK seq=500
Timeout, sequence number = 520
Timeout, sequence number = 528
[CLIENT] Sent data seq=600
Timeout, sequence number = 557
Timeout, sequence number = 574
Timeout, sequence number = 576
Timeout, sequence number = 577
Timeout, sequence number = 578
Timeout, sequence number = 590
[CLIENT] Received ACK seq=600
Timeout, sequence number = 608
Timeout, sequence number = 623
[CLIENT] Sent data seq=700
Timeout, sequence number = 654
Timeout, sequence number = 666
Timeout, sequence number = 690
Timeout, sequence number = 699
[CLIENT] Received ACK seq=700
Timeout, sequence number = 709
[CLIENT] Sent data seq=800
Timeout, sequence number = 742
Timeout, sequence number = 749
Timeout, sequence number = 751
Timeout, sequence number = 763
Timeout, sequence number = 763
[CLIENT] Received ACK seq=800
Timeout, sequence number = 807
Timeout, sequence number = 819
Timeout, sequence number = 821
[CLIENT] Sent data seq=900
Timeout, sequence number = 849
Timeout, sequence number = 850
Timeout, sequence number = 860
Timeout, sequence number = 865
Timeout, sequence number = 878
Timeout, sequence number = 884
[CLIENT] Received ACK seq=900
Timeout, sequence number = 901
Timeout, sequence number = 902
Timeout, sequence number = 919
Timeout, sequence number = 925
Timeout, sequence number = 935
[CLIENT] Sent data seq=1000
Timeout, sequence number = 943
Timeout, sequence number = 949
Timeout, sequence number = 975
[CLIENT] Received ACK seq=1000
Timeout, sequence number = 1030
[CLIENT] Sent data seq=1100
Timeout, sequence number = 1047
Timeout, sequence number = 1057
Timeout, sequence number = 1070
Timeout, sequence number = 1078
[CLIENT] Received ACK seq=1100
Timeout, sequence number = 1102
Timeout, sequence number = 1105
Timeout, sequence number = 1112
[CLIENT] Sent data seq=1200
Timeout, sequence number = 1138
Timeout, sequence number = 1143
Timeout, sequence number = 1156
Timeout, sequence number = 1176
Timeout, sequence number = 1176
Timeout, sequence number = 1183
Timeout, sequence number = 1190
Timeout, sequence number = 1191
[CLIENT] Received ACK seq=1200
Timeout, sequence number = 1208
Timeout, sequence number = 1236
[CLIENT] Sent data seq=1300
Timeout, sequence number = 1300
[CLIENT] Received ACK seq=1300
Timeout, sequence number = 1309
Timeout, sequence number = 1323
[CLIENT] Sent data seq=1400
Timeout, sequence number = 1350
Timeout, sequence number = 1390
[CLIENT] Received ACK seq=1400
Timeout, sequence number = 1428
Timeout, sequence number = 1431
Timeout, sequence number = 1435
[CLIENT] Sent data seq=1500
Timeout, sequence number = 1437
Timeout, sequence number = 1440
Timeout, sequence number = 1453
Timeout, sequence number = 1453
Timeout, sequence number = 1454
Timeout, sequence number = 1477
Timeout, sequence number = 1480
Timeout, sequence number = 1497
[CLIENT] Received ACK seq=1500
Timeout, sequence number = 1519
Timeout, sequence number = 1523
[CLIENT] Sent data seq=1600
Timeout, sequence number = 1546
Timeout, sequence number = 1554
Timeout, sequence number = 1573
Timeout, sequence number = 1575
Timeout, sequence number = 1596
[CLIENT] Received ACK seq=1600
Timeout, sequence number = 1610
Timeout, sequence number = 1612
Timeout, sequence number = 1616
Timeout, sequence number = 1618
Timeout, sequence number = 1625
[CLIENT] Sent data seq=1700
Timeout, sequence number = 1652
Timeout, sequence number = 1694
Timeout, sequence number = 1699
[CLIENT] Received ACK seq=1700
Timeout, sequence number = 1705
Timeout, sequence number = 1709
[CLIENT] Sent data seq=1800
Timeout, sequence number = 1737
Timeout, sequence number = 1744
Timeout, sequence number = 1745
Timeout, sequence number = 1746
Timeout, sequence number = 1751
Timeout, sequence number = 1760
Timeout, sequence number = 1769
Timeout, sequence number = 1794
[CLIENT] Received ACK seq=1800
Timeout, sequence number = 1817
[CLIENT] Sent data seq=1900
Timeout, sequence number = 1852
Timeout, sequence number = 1855
Timeout, sequence number = 1875
Timeout, sequence number = 1879
Timeout, sequence number = 1883
[CLIENT] Received ACK seq=1900
Timeout, sequence number = 1906
Timeout, sequence number = 1911
Timeout, sequence number = 1920
Timeout, sequence number = 1930
Timeout, sequence number = 1934
[CLIENT] Sent data seq=2000
Timeout, sequence number = 1938
Timeout, sequence number = 1965
Timeout, sequence number = 1969
Timeout, sequence number = 1998
[CLIENT] Received ACK seq=2000
Timeout, sequence number = 2014
[CLIENT] Sent data seq=2100
Timeout, sequence number = 2045
Timeout, sequence number = 2045
Timeout, sequence number = 2048
[CLIENT] Received ACK seq=2100
Timeout, sequence number = 2106
[CLIENT] Sent data seq=2200
Timeout, sequence number = 2137
Timeout, sequence number = 2148
Timeout, sequence number = 2167
Timeout, sequence number = 2171
[CLIENT] Received ACK seq=2200
Timeout, sequence number = 2204
Timeout, sequence number = 2206
Timeout, sequence number = 2234
[CLIENT] Sent data seq=2300
Timeout, sequence number = 2238
Timeout, sequence number = 2246
Timeout, sequence number = 2254
Timeout, sequence number = 2273
Timeout, sequence number = 2274
Timeout, sequence number = 2298
[CLIENT] Received ACK seq=2300
Timeout, sequence number = 2310
Timeout, sequence number = 2312
Timeout, sequence number = 2316
Timeout, sequence number = 2328
Timeout, sequence number = 2329
[CLIENT] Sent data seq=2400
Timeout, sequence number = 2345
Timeout, sequence number = 2361
Timeout, sequence number = 2368
Timeout, sequence number = 2378
Timeout, sequence number = 2380
Timeout, sequence number = 2388
[CLIENT] Received ACK seq=2400
[CLIENT] Summary: sent_packets=2401, ack_packets=2401, retransmitted_packets=12282, timeout_events=195
Transfer complete. Delay = 102.791526 seconds

=== STDERR ===
