=== STDOUT ===
[CLIENT] Starting transfer: server=10.153.27.102:7735, file=demo_input.bin, N=64, MSS=1000, total_segments=1201
[CLIENT] Sent data seq=0
[CLIENT] Sent data seq=1
[CLIENT] Sent data seq=2
[CLIENT] Sent data seq=3
[CLIENT] Sent data seq=4
[CLIENT] Received ACK seq=0
Timeout, sequence number = 1
[CLIENT] Received ACK seq=1
[CLIENT] Received ACK seq=2
[CLIENT] Received ACK seq=3
[CLIENT] Received ACK seq=4
Timeout, sequence number = 20
Timeout, sequence number = 28
Timeout, sequence number = 34
[CLIENT] Sent data seq=100
Timeout, sequence number = 58
Timeout, sequence number = 85
[CLIENT] Received ACK seq=100
Timeout, sequence number = 102
Timeout, sequence number = 111
Timeout, sequence number = 118
[CLIENT] Sent data seq=200
Timeout, sequence number = 196
Timeout, sequence number = 199
[CLIENT] Received ACK seq=200
Timeout, sequence number = 205
Timeout, sequence number = 210
Timeout, sequence number = 210
Timeout, sequence number = 218
Timeout, sequence number = 229
Timeout, sequence number = 231
[CLIENT] Sent data seq=300
Timeout, sequence number = 273
Timeout, sequence number = 289
[CLIENT] Received ACK seq=300
Timeout, sequence number = 322
Timeout, sequence number = 332
[CLIENT] Sent data seq=400
Timeout, sequence number = 355
Timeout, sequence number = 359
Timeout, sequence number = 361
Timeout, sequence number = 382
[CLIENT] Received ACK seq=400
Timeout, sequence number = 421
[CLIENT] Sent data seq=500
Timeout, sequence number = 451
Timeout, sequence number = 460
Timeout, sequence number = 495
[CLIENT] Received ACK seq=500
Timeout, sequence number = 519
Timeout, sequence number = 526
[CLIENT] Sent data seq=600
Timeout, sequence number = 560
[CLIENT] Received ACK seq=600
Timeout, sequence number = 617
Timeout, sequence number = 623
[CLIENT] Sent data seq=700
Timeout, sequence number = 653
Timeout, sequence number = 660
[CLIENT] Received ACK seq=700
Timeout, sequence number = 712
Timeout, sequence number = 724
Timeout, sequence number = 727
[CLIENT] Sent data seq=800
Timeout, sequence number = 740
Timeout, sequence number = 751
Timeout, sequence number = 753
Timeout, sequence number = 758
Timeout, sequence number = 759
Timeout, sequence number = 798
[CLIENT] Received ACK seq=800
Timeout, sequence number = 822
[CLIENT] Sent data seq=900
Timeout, sequence number = 877
Timeout, sequence number = 891
Timeout, sequence number = 895
[CLIENT] Received ACK seq=900
[CLIENT] Sent data seq=1000
Timeout, sequence number = 947
Timeout, sequence number = 947
Timeout, sequence number = 948
Timeout, sequence number = 949
Timeout, sequence number = 978
Timeout, sequence number = 993
[CLIENT] Received ACK seq=1000
[CLIENT] Sent data seq=1100
Timeout, sequence number = 1073
Timeout, sequence number = 1077
Timeout, sequence number = 1082
Timeout, sequence number = 1096
[CLIENT] Received ACK seq=1100
[CLIENT] Sent data seq=1200
Timeout, sequence number = 1145
Timeout, sequence number = 1171
Timeout, sequence number = 1174
Timeout, sequence number = 1178
Timeout, sequence number = 1200
[CLIENT] Received ACK seq=1200
[CLIENT] Summary: sent_packets=1201, ack_packets=1201, retransmitted_packets=3913, timeout_events=64
Transfer complete. Delay = 34.369189 seconds

=== STDERR ===
