=== STDOUT ===
[CLIENT] Starting transfer: server=10.153.27.102:7735, file=demo_input.bin, N=64, MSS=500, total_segments=2401
[CLIENT] Sent data seq=0
[CLIENT] Sent data seq=1
[CLIENT] Sent data seq=2
[CLIENT] Sent data seq=3
[CLIENT] Sent data seq=4
[CLIENT] Received ACK seq=0
Timeout, sequence number = 1
[CLIENT] Received ACK seq=1
[CLIENT] Received ACK seq=2
[CLIENT] Received ACK seq=3
[CLIENT] Received ACK seq=4
Timeout, sequence number = 5
Timeout, sequence number = 7
[CLIENT] Sent data seq=100
Timeout, sequence number = 45
Timeout, sequence number = 64
[CLIENT] Received ACK seq=100
Timeout, sequence number = 105
Timeout, sequence number = 105
Timeout, sequence number = 135
[CLIENT] Sent data seq=200
Timeout, sequence number = 170
Timeout, sequence number = 172
Timeout, sequence number = 182
Timeout, sequence number = 185
Timeout, sequence number = 188
[CLIENT] Received ACK seq=200
Timeout, sequence number = 208
Timeout, sequence number = 217
Timeout, sequence number = 226
Timeout, sequence number = 226
[CLIENT] Sent data seq=300
Timeout, sequence number = 258
Timeout, sequence number = 293
Timeout, sequence number = 300
[CLIENT] Received ACK seq=300
Timeout, sequence number = 321
Timeout, sequence number = 330
Timeout, sequence number = 331
[CLIENT] Sent data seq=400
Timeout, sequence number = 382
Timeout, sequence number = 387
Timeout, sequence number = 387
Timeout, sequence number = 394
[CLIENT] Received ACK seq=400
Timeout, sequence number = 405
Timeout, sequence number = 406
Timeout, sequence number = 407
Timeout, sequence number = 415
Timeout, sequence number = 428
[CLIENT] Sent data seq=500
Timeout, sequence number = 448
Timeout, sequence number = 497
[CLIENT] Received ACK seq=500
Timeout, sequence number = 503
Timeout, sequence number = 522
[CLIENT] Sent data seq=600
Timeout, sequence number = 553
Timeout, sequence number = 570
Timeout, sequence number = 593
[CLIENT] Received ACK seq=600
Timeout, sequence number = 604
Timeout, sequence number = 609
Timeout, sequence number = 630
[CLIENT] Sent data seq=700
Timeout, sequence number = 638
Timeout, sequence number = 640
Timeout, sequence number = 668
Timeout, sequence number = 691
Timeout, sequence number = 699
[CLIENT] Received ACK seq=700
[CLIENT] Sent data seq=800
Timeout, sequence number = 747
Timeout, sequence number = 751
Timeout, sequence number = 777
Timeout, sequence number = 799
[CLIENT] Received ACK seq=800
Timeout, sequence number = 815
Timeout, sequence number = 825
[CLIENT] Sent data seq=900
Timeout, sequence number = 875
Timeout, sequence number = 882
Timeout, sequence number = 891
Timeout, sequence number = 897
[CLIENT] Received ACK seq=900
Timeout, sequence number = 910
Timeout, sequence number = 919
Timeout, sequence number = 920
[CLIENT] Sent data seq=1000
Timeout, sequence number = 944
Timeout, sequence number = 986
[CLIENT] Received ACK seq=1000
Timeout, sequence number = 1004
Timeout, sequence number = 1013
Timeout, sequence number = 1013
Timeout, sequence number = 1019
[CLIENT] Sent data seq=1100
Timeout, sequence number = 1067
Timeout, sequence number = 1081
Timeout, sequence number = 1089
Timeout, sequence number = 1091
[CLIENT] Received ACK seq=1100
Timeout, sequence number = 1104
Timeout, sequence number = 1114
Timeout, sequence number = 1116
[CLIENT] Sent data seq=1200
Timeout, sequence number = 1147
Timeout, sequence number = 1158
Timeout, sequence number = 1163
Timeout, sequence number = 1180
Timeout, sequence number = 1185
Timeout, sequence number = 1186
Timeout, sequence number = 1190
[CLIENT] Received ACK seq=1200
Timeout, sequence number = 1207
Timeout, sequence number = 1226
[CLIENT] Sent data seq=1300
Timeout, sequence number = 1292
Timeout, sequence number = 1294
Timeout, sequence number = 1299
[CLIENT] Received ACK seq=1300
Timeout, sequence number = 1302
Timeout, sequence number = 1316
Timeout, sequence number = 1318
Timeout, sequence number = 1322
Timeout, sequence number = 1328
[CLIENT] Sent data seq=1400
Timeout, sequence number = 1360
[CLIENT] Received ACK seq=1400
Timeout, sequence number = 1402
Timeout, sequence number = 1420
[CLIENT] Sent data seq=1500
Timeout, sequence number = 1452
Timeout, sequence number = 1463
Timeout, sequence number = 1480
[CLIENT] Received ACK seq=1500
Timeout, sequence number = 1505
Timeout, sequence number = 1509
Timeout, sequence number = 1511
Timeout, sequence number = 1535
[CLIENT] Sent data seq=1600
Timeout, sequence number = 1545
Timeout, sequence number = 1550
Timeout, sequence number = 1576
Timeout, sequence number = 1582
Timeout, sequence number = 1590
Timeout, sequence number = 1598
[CLIENT] Received ACK seq=1600
Timeout, sequence number = 1614
Timeout, sequence number = 1622
Timeout, sequence number = 1636
[CLIENT] Sent data seq=1700
Timeout, sequence number = 1645
Timeout, sequence number = 1658
Timeout, sequence number = 1680
Timeout, sequence number = 1683
Timeout, sequence number = 1683
[CLIENT] Received ACK seq=1700
Timeout, sequence number = 1703
Timeout, sequence number = 1715
Timeout, sequence number = 1719
Timeout, sequence number = 1723
Timeout, sequence number = 1736
[CLIENT] Sent data seq=1800
Timeout, sequence number = 1746
Timeout, sequence number = 1747
Timeout, sequence number = 1754
Timeout, sequence number = 1761
Timeout, sequence number = 1764
Timeout, sequence number = 1770
Timeout, sequence number = 1770
Timeout, sequence number = 1770
Timeout, sequence number = 1779
Timeout, sequence number = 1794
[CLIENT] Received ACK seq=1800
Timeout, sequence number = 1807
Timeout, sequence number = 1808
[CLIENT] Sent data seq=1900
Timeout, sequence number = 1856
Timeout, sequence number = 1861
Timeout, sequence number = 1895
Timeout, sequence number = 1896
[CLIENT] Received ACK seq=1900
Timeout, sequence number = 1914
[CLIENT] Sent data seq=2000
Timeout, sequence number = 1943
Timeout, sequence number = 1952
Timeout, sequence number = 1953
[CLIENT] Received ACK seq=2000
Timeout, sequence number = 2005
Timeout, sequence number = 2006
Timeout, sequence number = 2010
Timeout, sequence number = 2010
Timeout, sequence number = 2010
Timeout, sequence number = 2024
Timeout, sequence number = 2032
Timeout, sequence number = 2035
[CLIENT] Sent data seq=2100
Timeout, sequence number = 2040
Timeout, sequence number = 2042
Timeout, sequence number = 2047
Timeout, sequence number = 2049
Timeout, sequence number = 2081
Timeout, sequence number = 2100
[CLIENT] Received ACK seq=2100
Timeout, sequence number = 2110
Timeout, sequence number = 2120
Timeout, sequence number = 2124
Timeout, sequence number = 2126
Timeout, sequence number = 2126
[CLIENT] Sent data seq=2200
Timeout, sequence number = 2154
Timeout, sequence number = 2162
Timeout, sequence number = 2162
Timeout, sequence number = 2166
Timeout, sequence number = 2174
Timeout, sequence number = 2187
Timeout, sequence number = 2193
[CLIENT] Received ACK seq=2200
[CLIENT] Sent data seq=2300
Timeout, sequence number = 2237
Timeout, sequence number = 2238
Timeout, sequence number = 2249
Timeout, sequence number = 2276
Timeout, sequence number = 2280
Timeout, sequence number = 2297
[CLIENT] Received ACK seq=2300
Timeout, sequence number = 2306
Timeout, sequence number = 2332
[CLIENT] Sent data seq=2400
Timeout, sequence number = 2345
Timeout, sequence number = 2367
Timeout, sequence number = 2369
Timeout, sequence number = 2372
Timeout, sequence number = 2372
Timeout, sequence number = 2390
Timeout, sequence number = 2391
Timeout, sequence number = 2396
Timeout, sequence number = 2397
[CLIENT] Received ACK seq=2400
[CLIENT] Summary: sent_packets=2401, ack_packets=2401, retransmitted_packets=11282, timeout_events=182
Transfer complete. Delay = 95.348786 seconds

=== STDERR ===
