=== STDOUT ===
[CLIENT] Starting transfer: server=10.153.27.102:7735, file=demo_input.bin, N=64, MSS=500, total_segments=2401
[CLIENT] Sent data seq=0
[CLIENT] Sent data seq=1
[CLIENT] Sent data seq=2
[CLIENT] Sent data seq=3
[CLIENT] Sent data seq=4
[CLIENT] Received ACK seq=0
[CLIENT] Received ACK seq=1
[CLIENT] Received ACK seq=2
[CLIENT] Received ACK seq=3
[CLIENT] Received ACK seq=4
[CLIENT] Sent data seq=100
Timeout, sequence number = 43
Timeout, sequence number = 68
[CLIENT] Received ACK seq=100
Timeout, sequence number = 135
[CLIENT] Sent data seq=200
Timeout, sequence number = 155
[CLIENT] Received ACK seq=200
[CLIENT] Sent data seq=300
Timeout, sequence number = 248
Timeout, sequence number = 249
Timeout, sequence number = 253
Timeout, sequence number = 273
Timeout, sequence number = 291
[CLIENT] Received ACK seq=300
Timeout, sequence number = 311
Timeout, sequence number = 336
[CLIENT] Sent data seq=400
[CLIENT] Received ACK seq=400
Timeout, sequence number = 402
Timeout, sequence number = 403
Timeout, sequence number = 411
[CLIENT] Sent data seq=500
[CLIENT] Received ACK seq=500
Timeout, sequence number = 506
[CLIENT] Sent data seq=600
Timeout, sequence number = 584
[CLIENT] Received ACK seq=600
Timeout, sequence number = 623
Timeout, sequence number = 630
[CLIENT] Sent data seq=700
Timeout, sequence number = 644
Timeout, sequence number = 650
Timeout, sequence number = 679
[CLIENT] Received ACK seq=700
Timeout, sequence number = 716
Timeout, sequence number = 717
[CLIENT] Sent data seq=800
Timeout, sequence number = 753
[CLIENT] Received ACK seq=800
[CLIENT] Sent data seq=900
Timeout, sequence number = 883
[CLIENT] Received ACK seq=900
Timeout, sequence number = 908
[CLIENT] Sent data seq=1000
Timeout, sequence number = 939
Timeout, sequence number = 945
[CLIENT] Received ACK seq=1000
[CLIENT] Sent data seq=1100
Timeout, sequence number = 1044
Timeout, sequence number = 1082
[CLIENT] Received ACK seq=1100
Timeout, sequence number = 1122
[CLIENT] Sent data seq=1200
Timeout, sequence number = 1138
Timeout, sequence number = 1150
Timeout, sequence number = 1174
[CLIENT] Received ACK seq=1200
[CLIENT] Sent data seq=1300
Timeout, sequence number = 1289
[CLIENT] Received ACK seq=1300
[CLIENT] Sent data seq=1400
Timeout, sequence number = 1338
Timeout, sequence number = 1370
Timeout, sequence number = 1388
[CLIENT] Received ACK seq=1400
Timeout, sequence number = 1402
Timeout, sequence number = 1406
Timeout, sequence number = 1423
[CLIENT] Sent data seq=1500
Timeout, sequence number = 1484
[CLIENT] Received ACK seq=1500
Timeout, sequence number = 1530
[CLIENT] Sent data seq=1600
Timeout, sequence number = 1548
Timeout, sequence number = 1552
Timeout, sequence number = 1593
[CLIENT] Received ACK seq=1600
[CLIENT] Sent data seq=1700
[CLIENT] Received ACK seq=1700
[CLIENT] Sent data seq=1800
[CLIENT] Received ACK seq=1800
Timeout, sequence number = 1833
[CLIENT] Sent data seq=1900
[CLIENT] Received ACK seq=1900
Timeout, sequence number = 1929
[CLIENT] Sent data seq=2000
Timeout, sequence number = 1980
[CLIENT] Received ACK seq=2000
Timeout, sequence number = 2012
[CLIENT] Sent data seq=2100
Timeout, sequence number = 2057
Timeout, sequence number = 2095
[CLIENT] Received ACK seq=2100
[CLIENT] Sent data seq=2200
[CLIENT] Received ACK seq=2200
[CLIENT] Sent data seq=2300
Timeout, sequence number = 2279
[CLIENT] Received ACK seq=2300
Timeout, sequence number = 2332
[CLIENT] Sent data seq=2400
Timeout, sequence number = 2348
Timeout, sequence number = 2352
Timeout, sequence number = 2375
Timeout, sequence number = 2375
Timeout, sequence number = 2379
[CLIENT] Received ACK seq=2400
[CLIENT] Summary: sent_packets=2401, ack_packets=2401, retransmitted_packets=3632, timeout_events=59
Transfer complete. Delay = 31.519870 seconds

=== STDERR ===
