=== STDOUT ===
[CLIENT] Starting transfer: server=10.153.27.102:7735, file=demo_input.bin, N=64, MSS=500, total_segments=2401
[CLIENT] Sent data seq=0
[CLIENT] Sent data seq=1
[CLIENT] Sent data seq=2
[CLIENT] Sent data seq=3
[CLIENT] Sent data seq=4
Timeout, sequence number = 0
[CLIENT] Received ACK seq=0
[CLIENT] Received ACK seq=1
[CLIENT] Received ACK seq=2
[CLIENT] Received ACK seq=3
[CLIENT] Received ACK seq=4
Timeout, sequence number = 13
Timeout, sequence number = 14
Timeout, sequence number = 15
Timeout, sequence number = 31
Timeout, sequence number = 31
[CLIENT] Sent data seq=100
Timeout, sequence number = 63
[CLIENT] Received ACK seq=100
[CLIENT] Sent data seq=200
Timeout, sequence number = 165
Timeout, sequence number = 167
Timeout, sequence number = 168
Timeout, sequence number = 183
Timeout, sequence number = 190
[CLIENT] Received ACK seq=200
Timeout, sequence number = 202
Timeout, sequence number = 220
Timeout, sequence number = 223
[CLIENT] Sent data seq=300
Timeout, sequence number = 241
Timeout, sequence number = 262
Timeout, sequence number = 264
Timeout, sequence number = 279
Timeout, sequence number = 296
[CLIENT] Received ACK seq=300
Timeout, sequence number = 302
Timeout, sequence number = 310
[CLIENT] Sent data seq=400
Timeout, sequence number = 341
Timeout, sequence number = 343
Timeout, sequence number = 349
Timeout, sequence number = 353
[CLIENT] Received ACK seq=400
Timeout, sequence number = 430
[CLIENT] Sent data seq=500
Timeout, sequence number = 473
[CLIENT] Received ACK seq=500
Timeout, sequence number = 510
Timeout, sequence number = 515
Timeout, sequence number = 534
Timeout, sequence number = 535
[CLIENT] Sent data seq=600
Timeout, sequence number = 575
[CLIENT] Received ACK seq=600
Timeout, sequence number = 605
Timeout, sequence number = 616
Timeout, sequence number = 629
Timeout, sequence number = 634
[CLIENT] Sent data seq=700
Timeout, sequence number = 654
Timeout, sequence number = 665
Timeout, sequence number = 667
Timeout, sequence number = 695
Timeout, sequence number = 697
[CLIENT] Received ACK seq=700
Timeout, sequence number = 711
Timeout, sequence number = 728
Timeout, sequence number = 728
Timeout, sequence number = 734
[CLIENT] Sent data seq=800
Timeout, sequence number = 740
Timeout, sequence number = 760
Timeout, sequence number = 760
Timeout, sequence number = 778
[CLIENT] Received ACK seq=800
Timeout, sequence number = 809
Timeout, sequence number = 830
Timeout, sequence number = 830
[CLIENT] Sent data seq=900
Timeout, sequence number = 842
Timeout, sequence number = 867
[CLIENT] Received ACK seq=900
Timeout, sequence number = 930
[CLIENT] Sent data seq=1000
Timeout, sequence number = 979
Timeout, sequence number = 988
[CLIENT] Received ACK seq=1000
Timeout, sequence number = 1001
Timeout, sequence number = 1005
Timeout, sequence number = 1014
Timeout, sequence number = 1028
[CLIENT] Sent data seq=1100
Timeout, sequence number = 1048
Timeout, sequence number = 1050
Timeout, sequence number = 1092
[CLIENT] Received ACK seq=1100
Timeout, sequence number = 1113
Timeout, sequence number = 1118
Timeout, sequence number = 1127
[CLIENT] Sent data seq=1200
Timeout, sequence number = 1139
Timeout, sequence number = 1140
Timeout, sequence number = 1180
Timeout, sequence number = 1182
Timeout, sequence number = 1182
[CLIENT] Received ACK seq=1200
Timeout, sequence number = 1236
[CLIENT] Sent data seq=1300
Timeout, sequence number = 1237
Timeout, sequence number = 1240
Timeout, sequence number = 1249
Timeout, sequence number = 1267
Timeout, sequence number = 1268
Timeout, sequence number = 1286
[CLIENT] Received ACK seq=1300
Timeout, sequence number = 1301
Timeout, sequence number = 1320
[CLIENT] Sent data seq=1400
Timeout, sequence number = 1339
Timeout, sequence number = 1364
Timeout, sequence number = 1367
Timeout, sequence number = 1375
Timeout, sequence number = 1396
[CLIENT] Received ACK seq=1400
Timeout, sequence number = 1420
Timeout, sequence number = 1422
Timeout, sequence number = 1425
Timeout, sequence number = 1425
Timeout, sequence number = 1429
Timeout, sequence number = 1436
[CLIENT] Sent data seq=1500
Timeout, sequence number = 1459
Timeout, sequence number = 1482
Timeout, sequence number = 1496
[CLIENT] Received ACK seq=1500
Timeout, sequence number = 1523
[CLIENT] Sent data seq=1600
Timeout, sequence number = 1553
Timeout, sequence number = 1554
Timeout, sequence number = 1559
Timeout, sequence number = 1560
Timeout, sequence number = 1578
Timeout, sequence number = 1587
Timeout, sequence number = 1592
[CLIENT] Received ACK seq=1600
Timeout, sequence number = 1607
Timeout, sequence number = 1634
[CLIENT] Sent data seq=1700
Timeout, sequence number = 1651
Timeout, sequence number = 1657
Timeout, sequence number = 1700
[CLIENT] Received ACK seq=1700
Timeout, sequence number = 1715
Timeout, sequence number = 1727
[CLIENT] Sent data seq=1800
Timeout, sequence number = 1751
Timeout, sequence number = 1756
Timeout, sequence number = 1778
Timeout, sequence number = 1793
[CLIENT] Received ACK seq=1800
Timeout, sequence number = 1819
Timeout, sequence number = 1827
[CLIENT] Sent data seq=1900
Timeout, sequence number = 1837
Timeout, sequence number = 1844
Timeout, sequence number = 1879
Timeout, sequence number = 1891
Timeout, sequence number = 1893
Timeout, sequence number = 1893
[CLIENT] Received ACK seq=1900
Timeout, sequence number = 1906
Timeout, sequence number = 1913
Timeout, sequence number = 1913
Timeout, sequence number = 1914
[CLIENT] Sent data seq=2000
Timeout, sequence number = 1942
Timeout, sequence number = 1950
Timeout, sequence number = 1957
Timeout, sequence number = 1969
Timeout, sequence number = 1983
Timeout, sequence number = 1988
Timeout, sequence number = 1991
Timeout, sequence number = 1994
Timeout, sequence number = 1999
[CLIENT] Received ACK seq=2000
Timeout, sequence number = 2006
Timeout, sequence number = 2006
Timeout, sequence number = 2011
Timeout, sequence number = 2021
Timeout, sequence number = 2031
Timeout, sequence number = 2032
Timeout, sequence number = 2034
[CLIENT] Sent data seq=2100
Timeout, sequence number = 2043
Timeout, sequence number = 2050
Timeout, sequence number = 2077
Timeout, sequence number = 2091
Timeout, sequence number = 2097
Timeout, sequence number = 2100
Timeout, sequence number = 2100
[CLIENT] Received ACK seq=2100
Timeout, sequence number = 2115
Timeout, sequence number = 2119
Timeout, sequence number = 2126
Timeout, sequence number = 2134
Timeout, sequence number = 2134
Timeout, sequence number = 2135
[CLIENT] Sent data seq=2200
Timeout, sequence number = 2143
Timeout, sequence number = 2147
Timeout, sequence number = 2161
Timeout, sequence number = 2195
Timeout, sequence number = 2195
[CLIENT] Received ACK seq=2200
Timeout, sequence number = 2201
Timeout, sequence number = 2202
Timeout, sequence number = 2221
Timeout, sequence number = 2221
Timeout, sequence number = 2229
[CLIENT] Sent data seq=2300
Timeout, sequence number = 2255
Timeout, sequence number = 2267
[CLIENT] Received ACK seq=2300
Timeout, sequence number = 2302
Timeout, sequence number = 2311
Timeout, sequence number = 2315
Timeout, sequence number = 2328
Timeout, sequence number = 2330
Timeout, sequence number = 2336
[CLIENT] Sent data seq=2400
Timeout, sequence number = 2340
Timeout, sequence number = 2342
Timeout, sequence number = 2348
Timeout, sequence number = 2348
Timeout, sequence number = 2354
Timeout, sequence number = 2365
Timeout, sequence number = 2366
Timeout, sequence number = 2372
Timeout, sequence number = 2374
Timeout, sequence number = 2385
Timeout, sequence number = 2387
Timeout, sequence number = 2388
[CLIENT] Received ACK seq=2400
[CLIENT] Summary: sent_packets=2401, ack_packets=2401, retransmitted_packets=11579, timeout_events=186
Transfer complete. Delay = 97.480065 seconds

=== STDERR ===
