=== STDOUT ===
[CLIENT] Starting transfer: server=10.153.27.102:7735, file=demo_input.bin, N=64, MSS=500, total_segments=2401
[CLIENT] Sent data seq=0
[CLIENT] Sent data seq=1
[CLIENT] Sent data seq=2
[CLIENT] Sent data seq=3
[CLIENT] Sent data seq=4
[CLIENT] Received ACK seq=0
[CLIENT] Received ACK seq=1
[CLIENT] Received ACK seq=2
[CLIENT] Received ACK seq=3
[CLIENT] Received ACK seq=4
Timeout, sequence number = 21
Timeout, sequence number = 27
Timeout, sequence number = 31
[CLIENT] Sent data seq=100
Timeout, sequence number = 37
Timeout, sequence number = 39
Timeout, sequence number = 51
Timeout, sequence number = 66
Timeout, sequence number = 78
Timeout, sequence number = 87
[CLIENT] Received ACK seq=100
Timeout, sequence number = 128
Timeout, sequence number = 134
[CLIENT] Sent data seq=200
Timeout, sequence number = 156
Timeout, sequence number = 165
Timeout, sequence number = 173
Timeout, sequence number = 173
Timeout, sequence number = 184
Timeout, sequence number = 200
[CLIENT] Received ACK seq=200
Timeout, sequence number = 203
Timeout, sequence number = 209
Timeout, sequence number = 209
Timeout, sequence number = 210
Timeout, sequence number = 214
Timeout, sequence number = 214
Timeout, sequence number = 214
Timeout, sequence number = 215
Timeout, sequence number = 220
Timeout, sequence number = 225
[CLIENT] Sent data seq=300
Timeout, sequence number = 243
Timeout, sequence number = 245
Timeout, sequence number = 255
Timeout, sequence number = 255
Timeout, sequence number = 261
Timeout, sequence number = 263
Timeout, sequence number = 272
Timeout, sequence number = 272
Timeout, sequence number = 289
[CLIENT] Received ACK seq=300
Timeout, sequence number = 305
Timeout, sequence number = 320
Timeout, sequence number = 326
[CLIENT] Sent data seq=400
Timeout, sequence number = 338
Timeout, sequence number = 345
Timeout, sequence number = 363
Timeout, sequence number = 372
Timeout, sequence number = 399
[CLIENT] Received ACK seq=400
Timeout, sequence number = 411
Timeout, sequence number = 420
Timeout, sequence number = 420
Timeout, sequence number = 427
Timeout, sequence number = 434
[CLIENT] Sent data seq=500
Timeout, sequence number = 444
Timeout, sequence number = 462
Timeout, sequence number = 476
Timeout, sequence number = 482
[CLIENT] Received ACK seq=500
Timeout, sequence number = 514
Timeout, sequence number = 523
Timeout, sequence number = 524
Timeout, sequence number = 534
[CLIENT] Sent data seq=600
Timeout, sequence number = 537
Timeout, sequence number = 551
Timeout, sequence number = 575
Timeout, sequence number = 575
Timeout, sequence number = 579
Timeout, sequence number = 587
Timeout, sequence number = 595
Timeout, sequence number = 595
Timeout, sequence number = 597
[CLIENT] Received ACK seq=600
Timeout, sequence number = 617
Timeout, sequence number = 621
Timeout, sequence number = 623
[CLIENT] Sent data seq=700
Timeout, sequence number = 645
Timeout, sequence number = 661
Timeout, sequence number = 664
Timeout, sequence number = 667
Timeout, sequence number = 668
Timeout, sequence number = 669
Timeout, sequence number = 675
Timeout, sequence number = 685
[CLIENT] Received ACK seq=700
Timeout, sequence number = 708
Timeout, sequence number = 716
Timeout, sequence number = 717
Timeout, sequence number = 728
[CLIENT] Sent data seq=800
Timeout, sequence number = 737
Timeout, sequence number = 737
Timeout, sequence number = 740
Timeout, sequence number = 743
Timeout, sequence number = 756
Timeout, sequence number = 786
Timeout, sequence number = 789
Timeout, sequence number = 791
Timeout, sequence number = 796
[CLIENT] Received ACK seq=800
Timeout, sequence number = 801
Timeout, sequence number = 801
Timeout, sequence number = 816
Timeout, sequence number = 834
Timeout, sequence number = 834
[CLIENT] Sent data seq=900
Timeout, sequence number = 869
Timeout, sequence number = 869
Timeout, sequence number = 874
Timeout, sequence number = 892
[CLIENT] Received ACK seq=900
Timeout, sequence number = 903
Timeout, sequence number = 927
Timeout, sequence number = 936
[CLIENT] Sent data seq=1000
Timeout, sequence number = 950
Timeout, sequence number = 957
Timeout, sequence number = 964
Timeout, sequence number = 984
Timeout, sequence number = 984
Timeout, sequence number = 988
Timeout, sequence number = 991
[CLIENT] Received ACK seq=1000
Timeout, sequence number = 1007
Timeout, sequence number = 1007
Timeout, sequence number = 1014
Timeout, sequence number = 1036
[CLIENT] Sent data seq=1100
Timeout, sequence number = 1043
Timeout, sequence number = 1046
Timeout, sequence number = 1047
Timeout, sequence number = 1050
Timeout, sequence number = 1054
Timeout, sequence number = 1061
Timeout, sequence number = 1061
Timeout, sequence number = 1096
[CLIENT] Received ACK seq=1100
Timeout, sequence number = 1113
Timeout, sequence number = 1114
Timeout, sequence number = 1124
Timeout, sequence number = 1126
Timeout, sequence number = 1136
[CLIENT] Sent data seq=1200
Timeout, sequence number = 1139
[CLIENT] Received ACK seq=1200
Timeout, sequence number = 1233
[CLIENT] Sent data seq=1300
Timeout, sequence number = 1268
Timeout, sequence number = 1269
Timeout, sequence number = 1288
Timeout, sequence number = 1292
Timeout, sequence number = 1294
Timeout, sequence number = 1295
Timeout, sequence number = 1296
[CLIENT] Received ACK seq=1300
Timeout, sequence number = 1305
Timeout, sequence number = 1314
Timeout, sequence number = 1334
[CLIENT] Sent data seq=1400
Timeout, sequence number = 1395
[CLIENT] Received ACK seq=1400
Timeout, sequence number = 1405
[CLIENT] Sent data seq=1500
Timeout, sequence number = 1448
Timeout, sequence number = 1450
Timeout, sequence number = 1465
Timeout, sequence number = 1471
Timeout, sequence number = 1475
Timeout, sequence number = 1487
[CLIENT] Received ACK seq=1500
Timeout, sequence number = 1510
[CLIENT] Sent data seq=1600
Timeout, sequence number = 1553
Timeout, sequence number = 1556
Timeout, sequence number = 1572
Timeout, sequence number = 1598
[CLIENT] Received ACK seq=1600
Timeout, sequence number = 1603
Timeout, sequence number = 1610
Timeout, sequence number = 1618
[CLIENT] Sent data seq=1700
Timeout, sequence number = 1641
Timeout, sequence number = 1641
Timeout, sequence number = 1648
Timeout, sequence number = 1664
Timeout, sequence number = 1667
Timeout, sequence number = 1683
[CLIENT] Received ACK seq=1700
Timeout, sequence number = 1712
[CLIENT] Sent data seq=1800
Timeout, sequence number = 1742
Timeout, sequence number = 1777
Timeout, sequence number = 1800
[CLIENT] Received ACK seq=1800
Timeout, sequence number = 1803
Timeout, sequence number = 1810
Timeout, sequence number = 1810
[CLIENT] Sent data seq=1900
Timeout, sequence number = 1858
Timeout, sequence number = 1862
Timeout, sequence number = 1869
Timeout, sequence number = 1869
Timeout, sequence number = 1877
Timeout, sequence number = 1895
[CLIENT] Received ACK seq=1900
Timeout, sequence number = 1902
Timeout, sequence number = 1904
Timeout, sequence number = 1911
Timeout, sequence number = 1914
Timeout, sequence number = 1916
[CLIENT] Sent data seq=2000
Timeout, sequence number = 1945
Timeout, sequence number = 1948
Timeout, sequence number = 1952
Timeout, sequence number = 1956
Timeout, sequence number = 1975
Timeout, sequence number = 1990
[CLIENT] Received ACK seq=2000
Timeout, sequence number = 2015
Timeout, sequence number = 2016
[CLIENT] Sent data seq=2100
Timeout, sequence number = 2054
Timeout, sequence number = 2062
Timeout, sequence number = 2063
Timeout, sequence number = 2074
Timeout, sequence number = 2087
Timeout, sequence number = 2089
[CLIENT] Received ACK seq=2100
Timeout, sequence number = 2108
Timeout, sequence number = 2124
[CLIENT] Sent data seq=2200
Timeout, sequence number = 2157
Timeout, sequence number = 2171
Timeout, sequence number = 2189
Timeout, sequence number = 2191
Timeout, sequence number = 2191
[CLIENT] Received ACK seq=2200
Timeout, sequence number = 2206
Timeout, sequence number = 2210
Timeout, sequence number = 2221
[CLIENT] Sent data seq=2300
Timeout, sequence number = 2241
Timeout, sequence number = 2249
Timeout, sequence number = 2256
Timeout, sequence number = 2263
Timeout, sequence number = 2280
[CLIENT] Received ACK seq=2300
Timeout, sequence number = 2303
Timeout, sequence number = 2308
Timeout, sequence number = 2315
Timeout, sequence number = 2323
Timeout, sequence number = 2326
[CLIENT] Sent data seq=2400
Timeout, sequence number = 2353
Timeout, sequence number = 2359
Timeout, sequence number = 2359
Timeout, sequence number = 2376
Timeout, sequence number = 2387
Timeout, sequence number = 2396
[CLIENT] Received ACK seq=2400
[CLIENT] Summary: sent_packets=2401, ack_packets=2401, retransmitted_packets=13744, timeout_events=218
Transfer complete. Delay = 114.339125 seconds

=== STDERR ===
