=== STDOUT ===
[CLIENT] Starting transfer: server=10.153.27.102:7735, file=demo_input.bin, N=64, MSS=500, total_segments=2401
[CLIENT] Sent data seq=0
[CLIENT] Sent data seq=1
[CLIENT] Sent data seq=2
[CLIENT] Sent data seq=3
[CLIENT] Sent data seq=4
[CLIENT] Received ACK seq=0
[CLIENT] Received ACK seq=1
[CLIENT] Received ACK seq=2
[CLIENT] Received ACK seq=3
[CLIENT] Received ACK seq=4
[CLIENT] Sent data seq=100
[CLIENT] Received ACK seq=100
[CLIENT] Sent data seq=200
Timeout, sequence number = 150
Timeout, sequence number = 155
[CLIENT] Received ACK seq=200
Timeout, sequence number = 227
[CLIENT] Sent data seq=300
[CLIENT] Received ACK seq=300
Timeout, sequence number = 301
[CLIENT] Sent data seq=400
Timeout, sequence number = 352
[CLIENT] Received ACK seq=400
[CLIENT] Sent data seq=500
Timeout, sequence number = 477
Timeout, sequence number = 494
[CLIENT] Received ACK seq=500
[CLIENT] Sent data seq=600
[CLIENT] Received ACK seq=600
Timeout, sequence number = 621
[CLIENT] Sent data seq=700
Timeout, sequence number = 685
[CLIENT] Received ACK seq=700
[CLIENT] Sent data seq=800
[CLIENT] Received ACK seq=800
[CLIENT] Sent data seq=900
[CLIENT] Received ACK seq=900
[CLIENT] Sent data seq=1000
Timeout, sequence number = 968
[CLIENT] Received ACK seq=1000
Timeout, sequence number = 1005
[CLIENT] Sent data seq=1100
[CLIENT] Received ACK seq=1100
Timeout, sequence number = 1118
[CLIENT] Sent data seq=1200
[CLIENT] Received ACK seq=1200
Timeout, sequence number = 1204
[CLIENT] Sent data seq=1300
[CLIENT] Received ACK seq=1300
[CLIENT] Sent data seq=1400
[CLIENT] Received ACK seq=1400
[CLIENT] Sent data seq=1500
[CLIENT] Received ACK seq=1500
[CLIENT] Sent data seq=1600
[CLIENT] Received ACK seq=1600
[CLIENT] Sent data seq=1700
Timeout, sequence number = 1659
[CLIENT] Received ACK seq=1700
Timeout, sequence number = 1722
[CLIENT] Sent data seq=1800
Timeout, sequence number = 1750
[CLIENT] Received ACK seq=1800
[CLIENT] Sent data seq=1900
[CLIENT] Received ACK seq=1900
[CLIENT] Sent data seq=2000
Timeout, sequence number = 1964
[CLIENT] Received ACK seq=2000
[CLIENT] Sent data seq=2100
[CLIENT] Received ACK seq=2100
Timeout, sequence number = 2106
[CLIENT] Sent data seq=2200
[CLIENT] Received ACK seq=2200
Timeout, sequence number = 2202
Timeout, sequence number = 2234
[CLIENT] Sent data seq=2300
Timeout, sequence number = 2258
Timeout, sequence number = 2293
[CLIENT] Received ACK seq=2300
[CLIENT] Sent data seq=2400
[CLIENT] Received ACK seq=2400
[CLIENT] Summary: sent_packets=2401, ack_packets=2401, retransmitted_packets=1408, timeout_events=22
Transfer complete. Delay = 11.916421 seconds

=== STDERR ===
