=== STDOUT ===
[CLIENT] Starting transfer: server=10.153.27.102:7735, file=demo_input.bin, N=64, MSS=800, total_segments=1501
[CLIENT] Sent data seq=0
[CLIENT] Sent data seq=1
[CLIENT] Sent data seq=2
[CLIENT] Sent data seq=3
[CLIENT] Sent data seq=4
[CLIENT] Received ACK seq=0
Timeout, sequence number = 1
[CLIENT] Received ACK seq=1
[CLIENT] Received ACK seq=2
[CLIENT] Received ACK seq=3
[CLIENT] Received ACK seq=4
Timeout, sequence number = 23
Timeout, sequence number = 30
Timeout, sequence number = 32
[CLIENT] Sent data seq=100
Timeout, sequence number = 71
Timeout, sequence number = 71
Timeout, sequence number = 72
Timeout, sequence number = 73
Timeout, sequence number = 86
[CLIENT] Received ACK seq=100
Timeout, sequence number = 105
[CLIENT] Sent data seq=200
Timeout, sequence number = 142
Timeout, sequence number = 150
Timeout, sequence number = 164
Timeout, sequence number = 169
[CLIENT] Received ACK seq=200
Timeout, sequence number = 223
[CLIENT] Sent data seq=300
Timeout, sequence number = 237
Timeout, sequence number = 238
Timeout, sequence number = 277
Timeout, sequence number = 282
[CLIENT] Received ACK seq=300
Timeout, sequence number = 336
[CLIENT] Sent data seq=400
Timeout, sequence number = 354
[CLIENT] Received ACK seq=400
[CLIENT] Sent data seq=500
Timeout, sequence number = 476
Timeout, sequence number = 478
[CLIENT] Received ACK seq=500
Timeout, sequence number = 504
[CLIENT] Sent data seq=600
Timeout, sequence number = 558
Timeout, sequence number = 564
[CLIENT] Received ACK seq=600
Timeout, sequence number = 605
[CLIENT] Sent data seq=700
Timeout, sequence number = 657
Timeout, sequence number = 675
Timeout, sequence number = 681
Timeout, sequence number = 684
[CLIENT] Received ACK seq=700
Timeout, sequence number = 716
[CLIENT] Sent data seq=800
Timeout, sequence number = 749
Timeout, sequence number = 757
Timeout, sequence number = 776
Timeout, sequence number = 782
Timeout, sequence number = 791
[CLIENT] Received ACK seq=800
Timeout, sequence number = 802
Timeout, sequence number = 804
Timeout, sequence number = 820
[CLIENT] Sent data seq=900
Timeout, sequence number = 856
Timeout, sequence number = 883
Timeout, sequence number = 898
Timeout, sequence number = 900
[CLIENT] Received ACK seq=900
[CLIENT] Sent data seq=1000
Timeout, sequence number = 941
Timeout, sequence number = 954
Timeout, sequence number = 956
[CLIENT] Received ACK seq=1000
Timeout, sequence number = 1005
Timeout, sequence number = 1021
[CLIENT] Sent data seq=1100
Timeout, sequence number = 1084
Timeout, sequence number = 1097
[CLIENT] Received ACK seq=1100
Timeout, sequence number = 1102
Timeout, sequence number = 1106
[CLIENT] Sent data seq=1200
Timeout, sequence number = 1172
[CLIENT] Received ACK seq=1200
Timeout, sequence number = 1214
Timeout, sequence number = 1214
[CLIENT] Sent data seq=1300
Timeout, sequence number = 1257
Timeout, sequence number = 1258
Timeout, sequence number = 1272
Timeout, sequence number = 1299
[CLIENT] Received ACK seq=1300
Timeout, sequence number = 1321
[CLIENT] Sent data seq=1400
Timeout, sequence number = 1375
[CLIENT] Received ACK seq=1400
[CLIENT] Sent data seq=1500
Timeout, sequence number = 1490
Timeout, sequence number = 1490
[CLIENT] Received ACK seq=1500
[CLIENT] Summary: sent_packets=1501, ack_packets=1501, retransmitted_packets=3990, timeout_events=64
Transfer complete. Delay = 33.690538 seconds

=== STDERR ===
