=== STDOUT ===
[CLIENT] Starting transfer: server=10.153.27.102:7735, file=demo_input.bin, N=64, MSS=500, total_segments=2401
[CLIENT] Sent data seq=0
[CLIENT] Sent data seq=1
[CLIENT] Sent data seq=2
[CLIENT] Sent data seq=3
[CLIENT] Sent data seq=4
[CLIENT] Received ACK seq=0
[CLIENT] Received ACK seq=1
[CLIENT] Received ACK seq=2
Timeout, sequence number = 3
[CLIENT] Received ACK seq=3
[CLIENT] Received ACK seq=4
Timeout, sequence number = 21
Timeout, sequence number = 30
[CLIENT] Sent data seq=100
Timeout, sequence number = 94
[CLIENT] Received ACK seq=100
[CLIENT] Sent data seq=200
Timeout, sequence number = 146
Timeout, sequence number = 147
Timeout, sequence number = 181
[CLIENT] Received ACK seq=200
[CLIENT] Sent data seq=300
[CLIENT] Received ACK seq=300
[CLIENT] Sent data seq=400
[CLIENT] Received ACK seq=400
Timeout, sequence number = 412
[CLIENT] Sent data seq=500
[CLIENT] Received ACK seq=500
[CLIENT] Sent data seq=600
[CLIENT] Received ACK seq=600
Timeout, sequence number = 631
[CLIENT] Sent data seq=700
Timeout, sequence number = 648
Timeout, sequence number = 666
Timeout, sequence number = 667
[CLIENT] Received ACK seq=700
Timeout, sequence number = 720
[CLIENT] Sent data seq=800
[CLIENT] Received ACK seq=800
[CLIENT] Sent data seq=900
Timeout, sequence number = 868
Timeout, sequence number = 870
Timeout, sequence number = 878
Timeout, sequence number = 886
[CLIENT] Received ACK seq=900
[CLIENT] Sent data seq=1000
Timeout, sequence number = 946
Timeout, sequence number = 952
[CLIENT] Received ACK seq=1000
[CLIENT] Sent data seq=1100
[CLIENT] Received ACK seq=1100
Timeout, sequence number = 1113
Timeout, sequence number = 1132
[CLIENT] Sent data seq=1200
Timeout, sequence number = 1182
[CLIENT] Received ACK seq=1200
[CLIENT] Sent data seq=1300
Timeout, sequence number = 1247
[CLIENT] Received ACK seq=1300
Timeout, sequence number = 1332
[CLIENT] Sent data seq=1400
Timeout, sequence number = 1339
Timeout, sequence number = 1393
[CLIENT] Received ACK seq=1400
Timeout, sequence number = 1424
[CLIENT] Sent data seq=1500
Timeout, sequence number = 1454
Timeout, sequence number = 1482
[CLIENT] Received ACK seq=1500
[CLIENT] Sent data seq=1600
Timeout, sequence number = 1579
[CLIENT] Received ACK seq=1600
[CLIENT] Sent data seq=1700
Timeout, sequence number = 1662
[CLIENT] Received ACK seq=1700
[CLIENT] Sent data seq=1800
Timeout, sequence number = 1766
Timeout, sequence number = 1772
Timeout, sequence number = 1778
[CLIENT] Received ACK seq=1800
[CLIENT] Sent data seq=1900
[CLIENT] Received ACK seq=1900
Timeout, sequence number = 1929
[CLIENT] Sent data seq=2000
[CLIENT] Received ACK seq=2000
[CLIENT] Sent data seq=2100
Timeout, sequence number = 2055
[CLIENT] Received ACK seq=2100
[CLIENT] Sent data seq=2200
[CLIENT] Received ACK seq=2200
Timeout, sequence number = 2235
[CLIENT] Sent data seq=2300
Timeout, sequence number = 2246
Timeout, sequence number = 2281
Timeout, sequence number = 2284
[CLIENT] Received ACK seq=2300
Timeout, sequence number = 2322
Timeout, sequence number = 2326
[CLIENT] Sent data seq=2400
Timeout, sequence number = 2344
[CLIENT] Received ACK seq=2400
[CLIENT] Summary: sent_packets=2401, ack_packets=2401, retransmitted_packets=2745, timeout_events=43
Transfer complete. Delay = 22.840131 seconds

=== STDERR ===
