=== STDOUT ===
[CLIENT] Starting transfer: server=10.153.27.102:7735, file=demo_input.bin, N=64, MSS=500, total_segments=2401
[CLIENT] Sent data seq=0
[CLIENT] Sent data seq=1
[CLIENT] Sent data seq=2
[CLIENT] Sent data seq=3
[CLIENT] Sent data seq=4
[CLIENT] Received ACK seq=0
[CLIENT] Received ACK seq=1
[CLIENT] Received ACK seq=2
[CLIENT] Received ACK seq=3
[CLIENT] Received ACK seq=4
Timeout, sequence number = 5
Timeout, sequence number = 9
[CLIENT] Sent data seq=100
Timeout, sequence number = 46
Timeout, sequence number = 46
Timeout, sequence number = 66
Timeout, sequence number = 93
Timeout, sequence number = 98
[CLIENT] Received ACK seq=100
Timeout, sequence number = 118
[CLIENT] Sent data seq=200
Timeout, sequence number = 150
Timeout, sequence number = 194
[CLIENT] Received ACK seq=200
Timeout, sequence number = 203
Timeout, sequence number = 216
Timeout, sequence number = 230
Timeout, sequence number = 233
Timeout, sequence number = 233
[CLIENT] Sent data seq=300
Timeout, sequence number = 240
Timeout, sequence number = 259
Timeout, sequence number = 268
Timeout, sequence number = 291
[CLIENT] Received ACK seq=300
Timeout, sequence number = 328
[CLIENT] Sent data seq=400
Timeout, sequence number = 398
[CLIENT] Received ACK seq=400
Timeout, sequence number = 408
[CLIENT] Sent data seq=500
Timeout, sequence number = 448
Timeout, sequence number = 455
Timeout, sequence number = 482
Timeout, sequence number = 494
[CLIENT] Received ACK seq=500
Timeout, sequence number = 520
[CLIENT] Sent data seq=600
Timeout, sequence number = 538
Timeout, sequence number = 560
Timeout, sequence number = 562
Timeout, sequence number = 575
Timeout, sequence number = 587
[CLIENT] Received ACK seq=600
Timeout, sequence number = 613
Timeout, sequence number = 613
Timeout, sequence number = 615
Timeout, sequence number = 632
Timeout, sequence number = 632
[CLIENT] Sent data seq=700
Timeout, sequence number = 640
Timeout, sequence number = 655
Timeout, sequence number = 679
[CLIENT] Received ACK seq=700
Timeout, sequence number = 731
[CLIENT] Sent data seq=800
Timeout, sequence number = 748
Timeout, sequence number = 749
Timeout, sequence number = 763
Timeout, sequence number = 774
Timeout, sequence number = 780
[CLIENT] Received ACK seq=800
Timeout, sequence number = 832
[CLIENT] Sent data seq=900
Timeout, sequence number = 844
Timeout, sequence number = 859
[CLIENT] Received ACK seq=900
Timeout, sequence number = 935
[CLIENT] Sent data seq=1000
Timeout, sequence number = 948
Timeout, sequence number = 966
Timeout, sequence number = 972
Timeout, sequence number = 980
Timeout, sequence number = 982
Timeout, sequence number = 988
Timeout, sequence number = 990
Timeout, sequence number = 991
Timeout, sequence number = 999
[CLIENT] Received ACK seq=1000
Timeout, sequence number = 1004
Timeout, sequence number = 1020
[CLIENT] Sent data seq=1100
Timeout, sequence number = 1043
Timeout, sequence number = 1064
Timeout, sequence number = 1073
Timeout, sequence number = 1075
Timeout, sequence number = 1089
Timeout, sequence number = 1100
[CLIENT] Received ACK seq=1100
Timeout, sequence number = 1117
Timeout, sequence number = 1117
Timeout, sequence number = 1118
Timeout, sequence number = 1121
[CLIENT] Sent data seq=1200
Timeout, sequence number = 1139
Timeout, sequence number = 1139
Timeout, sequence number = 1176
Timeout, sequence number = 1192
[CLIENT] Received ACK seq=1200
Timeout, sequence number = 1216
Timeout, sequence number = 1220
Timeout, sequence number = 1221
Timeout, sequence number = 1232
[CLIENT] Sent data seq=1300
Timeout, sequence number = 1240
Timeout, sequence number = 1250
Timeout, sequence number = 1275
Timeout, sequence number = 1282
[CLIENT] Received ACK seq=1300
Timeout, sequence number = 1301
Timeout, sequence number = 1318
Timeout, sequence number = 1334
[CLIENT] Sent data seq=1400
Timeout, sequence number = 1378
Timeout, sequence number = 1382
Timeout, sequence number = 1400
[CLIENT] Received ACK seq=1400
Timeout, sequence number = 1404
Timeout, sequence number = 1418
[CLIENT] Sent data seq=1500
Timeout, sequence number = 1440
Timeout, sequence number = 1459
Timeout, sequence number = 1483
[CLIENT] Received ACK seq=1500
[CLIENT] Sent data seq=1600
Timeout, sequence number = 1557
Timeout, sequence number = 1591
[CLIENT] Received ACK seq=1600
Timeout, sequence number = 1607
Timeout, sequence number = 1621
[CLIENT] Sent data seq=1700
Timeout, sequence number = 1644
Timeout, sequence number = 1654
Timeout, sequence number = 1657
Timeout, sequence number = 1665
[CLIENT] Received ACK seq=1700
Timeout, sequence number = 1714
Timeout, sequence number = 1714
Timeout, sequence number = 1724
[CLIENT] Sent data seq=1800
Timeout, sequence number = 1737
Timeout, sequence number = 1754
Timeout, sequence number = 1765
Timeout, sequence number = 1772
Timeout, sequence number = 1778
Timeout, sequence number = 1799
[CLIENT] Received ACK seq=1800
Timeout, sequence number = 1804
Timeout, sequence number = 1804
Timeout, sequence number = 1827
Timeout, sequence number = 1830
[CLIENT] Sent data seq=1900
Timeout, sequence number = 1852
Timeout, sequence number = 1866
Timeout, sequence number = 1869
Timeout, sequence number = 1879
Timeout, sequence number = 1886
[CLIENT] Received ACK seq=1900
Timeout, sequence number = 1901
Timeout, sequence number = 1918
Timeout, sequence number = 1928
[CLIENT] Sent data seq=2000
Timeout, sequence number = 1945
Timeout, sequence number = 1951
Timeout, sequence number = 1959
Timeout, sequence number = 1973
Timeout, sequence number = 1991
Timeout, sequence number = 2000
[CLIENT] Received ACK seq=2000
Timeout, sequence number = 2005
Timeout, sequence number = 2016
Timeout, sequence number = 2022
[CLIENT] Sent data seq=2100
Timeout, sequence number = 2055
Timeout, sequence number = 2058
Timeout, sequence number = 2058
Timeout, sequence number = 2064
Timeout, sequence number = 2085
Timeout, sequence number = 2087
[CLIENT] Received ACK seq=2100
Timeout, sequence number = 2105
Timeout, sequence number = 2113
Timeout, sequence number = 2121
Timeout, sequence number = 2136
[CLIENT] Sent data seq=2200
Timeout, sequence number = 2172
Timeout, sequence number = 2176
Timeout, sequence number = 2180
[CLIENT] Received ACK seq=2200
Timeout, sequence number = 2223
Timeout, sequence number = 2225
[CLIENT] Sent data seq=2300
Timeout, sequence number = 2257
Timeout, sequence number = 2275
Timeout, sequence number = 2287
[CLIENT] Received ACK seq=2300
Timeout, sequence number = 2314
Timeout, sequence number = 2314
[CLIENT] Sent data seq=2400
Timeout, sequence number = 2341
Timeout, sequence number = 2358
Timeout, sequence number = 2371
[CLIENT] Received ACK seq=2400
[CLIENT] Summary: sent_packets=2401, ack_packets=2401, retransmitted_packets=9861, timeout_events=155
Transfer complete. Delay = 81.303591 seconds

=== STDERR ===
