=== STDOUT ===
[CLIENT] Starting transfer: server=10.153.27.102:7735, file=demo_input.bin, N=64, MSS=500, total_segments=2401
[CLIENT] Sent data seq=0
[CLIENT] Sent data seq=1
[CLIENT] Sent data seq=2
[CLIENT] Sent data seq=3
[CLIENT] Sent data seq=4
[CLIENT] Received ACK seq=0
[CLIENT] Received ACK seq=1
[CLIENT] Received ACK seq=2
[CLIENT] Received ACK seq=3
[CLIENT] Received ACK seq=4
[CLIENT] Sent data seq=100
Timeout, sequence number = 57
Timeout, sequence number = 60
Timeout, sequence number = 73
[CLIENT] Received ACK seq=100
Timeout, sequence number = 111
Timeout, sequence number = 112
Timeout, sequence number = 114
Timeout, sequence number = 127
[CLIENT] Sent data seq=200
Timeout, sequence number = 138
Timeout, sequence number = 150
Timeout, sequence number = 152
Timeout, sequence number = 162
Timeout, sequence number = 198
Timeout, sequence number = 199
[CLIENT] Received ACK seq=200
Timeout, sequence number = 228
[CLIENT] Sent data seq=300
Timeout, sequence number = 250
Timeout, sequence number = 258
Timeout, sequence number = 274
Timeout, sequence number = 277
[CLIENT] Received ACK seq=300
Timeout, sequence number = 307
Timeout, sequence number = 320
Timeout, sequence number = 323
Timeout, sequence number = 334
[CLIENT] Sent data seq=400
Timeout, sequence number = 355
Timeout, sequence number = 363
Timeout, sequence number = 369
Timeout, sequence number = 377
Timeout, sequence number = 382
[CLIENT] Received ACK seq=400
Timeout, sequence number = 414
[CLIENT] Sent data seq=500
Timeout, sequence number = 439
Timeout, sequence number = 442
Timeout, sequence number = 487
Timeout, sequence number = 500
[CLIENT] Received ACK seq=500
[CLIENT] Sent data seq=600
Timeout, sequence number = 553
Timeout, sequence number = 579
[CLIENT] Received ACK seq=600
Timeout, sequence number = 606
Timeout, sequence number = 609
Timeout, sequence number = 612
Timeout, sequence number = 636
[CLIENT] Sent data seq=700
Timeout, sequence number = 672
Timeout, sequence number = 698
Timeout, sequence number = 699
[CLIENT] Received ACK seq=700
Timeout, sequence number = 701
Timeout, sequence number = 705
Timeout, sequence number = 720
Timeout, sequence number = 721
Timeout, sequence number = 724
Timeout, sequence number = 726
Timeout, sequence number = 732
[CLIENT] Sent data seq=800
Timeout, sequence number = 744
Timeout, sequence number = 746
Timeout, sequence number = 749
Timeout, sequence number = 756
Timeout, sequence number = 760
Timeout, sequence number = 774
Timeout, sequence number = 784
Timeout, sequence number = 794
[CLIENT] Received ACK seq=800
[CLIENT] Sent data seq=900
Timeout, sequence number = 848
Timeout, sequence number = 849
Timeout, sequence number = 857
Timeout, sequence number = 857
Timeout, sequence number = 877
[CLIENT] Received ACK seq=900
Timeout, sequence number = 915
Timeout, sequence number = 927
[CLIENT] Sent data seq=1000
Timeout, sequence number = 957
Timeout, sequence number = 975
Timeout, sequence number = 983
[CLIENT] Received ACK seq=1000
Timeout, sequence number = 1016
Timeout, sequence number = 1018
[CLIENT] Sent data seq=1100
Timeout, sequence number = 1039
Timeout, sequence number = 1060
Timeout, sequence number = 1076
Timeout, sequence number = 1086
[CLIENT] Received ACK seq=1100
Timeout, sequence number = 1107
Timeout, sequence number = 1112
Timeout, sequence number = 1124
Timeout, sequence number = 1136
[CLIENT] Sent data seq=1200
Timeout, sequence number = 1144
Timeout, sequence number = 1168
[CLIENT] Received ACK seq=1200
Timeout, sequence number = 1214
[CLIENT] Sent data seq=1300
Timeout, sequence number = 1239
Timeout, sequence number = 1259
Timeout, sequence number = 1266
Timeout, sequence number = 1279
Timeout, sequence number = 1290
[CLIENT] Received ACK seq=1300
Timeout, sequence number = 1327
Timeout, sequence number = 1336
Timeout, sequence number = 1336
[CLIENT] Sent data seq=1400
Timeout, sequence number = 1349
Timeout, sequence number = 1354
Timeout, sequence number = 1363
Timeout, sequence number = 1363
Timeout, sequence number = 1369
Timeout, sequence number = 1380
Timeout, sequence number = 1388
Timeout, sequence number = 1393
Timeout, sequence number = 1395
[CLIENT] Received ACK seq=1400
Timeout, sequence number = 1404
Timeout, sequence number = 1429
[CLIENT] Sent data seq=1500
Timeout, sequence number = 1467
Timeout, sequence number = 1473
Timeout, sequence number = 1486
Timeout, sequence number = 1491
[CLIENT] Received ACK seq=1500
Timeout, sequence number = 1527
Timeout, sequence number = 1530
[CLIENT] Sent data seq=1600
Timeout, sequence number = 1558
Timeout, sequence number = 1559
Timeout, sequence number = 1560
Timeout, sequence number = 1570
[CLIENT] Received ACK seq=1600
Timeout, sequence number = 1609
Timeout, sequence number = 1629
[CLIENT] Sent data seq=1700
Timeout, sequence number = 1658
Timeout, sequence number = 1658
[CLIENT] Received ACK seq=1700
Timeout, sequence number = 1704
Timeout, sequence number = 1704
Timeout, sequence number = 1716
Timeout, sequence number = 1727
[CLIENT] Sent data seq=1800
Timeout, sequence number = 1754
Timeout, sequence number = 1793
Timeout, sequence number = 1795
Timeout, sequence number = 1799
[CLIENT] Received ACK seq=1800
Timeout, sequence number = 1827
Timeout, sequence number = 1835
[CLIENT] Sent data seq=1900
Timeout, sequence number = 1839
Timeout, sequence number = 1887
Timeout, sequence number = 1898
[CLIENT] Received ACK seq=1900
Timeout, sequence number = 1912
Timeout, sequence number = 1935
[CLIENT] Sent data seq=2000
[CLIENT] Received ACK seq=2000
Timeout, sequence number = 2007
Timeout, sequence number = 2029
[CLIENT] Sent data seq=2100
Timeout, sequence number = 2045
Timeout, sequence number = 2060
Timeout, sequence number = 2068
Timeout, sequence number = 2078
[CLIENT] Received ACK seq=2100
Timeout, sequence number = 2106
Timeout, sequence number = 2122
Timeout, sequence number = 2124
[CLIENT] Sent data seq=2200
Timeout, sequence number = 2141
Timeout, sequence number = 2141
Timeout, sequence number = 2143
Timeout, sequence number = 2144
Timeout, sequence number = 2166
Timeout, sequence number = 2188
Timeout, sequence number = 2194
[CLIENT] Received ACK seq=2200
Timeout, sequence number = 2207
Timeout, sequence number = 2209
Timeout, sequence number = 2221
[CLIENT] Sent data seq=2300
Timeout, sequence number = 2259
Timeout, sequence number = 2272
Timeout, sequence number = 2294
[CLIENT] Received ACK seq=2300
Timeout, sequence number = 2317
Timeout, sequence number = 2324
Timeout, sequence number = 2336
[CLIENT] Sent data seq=2400
Timeout, sequence number = 2367
Timeout, sequence number = 2392
Timeout, sequence number = 2392
[CLIENT] Received ACK seq=2400
[CLIENT] Summary: sent_packets=2401, ack_packets=2401, retransmitted_packets=9780, timeout_events=155
Transfer complete. Delay = 81.640891 seconds

=== STDERR ===
