=== STDOUT ===
[CLIENT] Starting transfer: server=10.153.27.102:7735, file=demo_input.bin, N=64, MSS=500, total_segments=2401
[CLIENT] Sent data seq=0
[CLIENT] Sent data seq=1
[CLIENT] Sent data seq=2
[CLIENT] Sent data seq=3
[CLIENT] Sent data seq=4
[CLIENT] Received ACK seq=0
[CLIENT] Received ACK seq=1
[CLIENT] Received ACK seq=2
Timeout, sequence number = 3
[CLIENT] Received ACK seq=3
[CLIENT] Received ACK seq=4
Timeout, sequence number = 12
Timeout, sequence number = 13
Timeout, sequence number = 26
[CLIENT] Sent data seq=100
Timeout, sequence number = 41
Timeout, sequence number = 48
Timeout, sequence number = 51
Timeout, sequence number = 54
Timeout, sequence number = 56
Timeout, sequence number = 73
Timeout, sequence number = 73
Timeout, sequence number = 81
Timeout, sequence number = 91
Timeout, sequence number = 93
Timeout, sequence number = 93
Timeout, sequence number = 99
[CLIENT] Received ACK seq=100
Timeout, sequence number = 106
Timeout, sequence number = 117
Timeout, sequence number = 125
[CLIENT] Sent data seq=200
Timeout, sequence number = 141
Timeout, sequence number = 143
Timeout, sequence number = 148
Timeout, sequence number = 151
Timeout, sequence number = 152
Timeout, sequence number = 153
Timeout, sequence number = 178
Timeout, sequence number = 180
Timeout, sequence number = 184
Timeout, sequence number = 190
Timeout, sequence number = 192
Timeout, sequence number = 193
Timeout, sequence number = 193
[CLIENT] Received ACK seq=200
Timeout, sequence number = 203
Timeout, sequence number = 204
Timeout, sequence number = 214
Timeout, sequence number = 225
[CLIENT] Sent data seq=300
Timeout, sequence number = 237
Timeout, sequence number = 247
Timeout, sequence number = 258
Timeout, sequence number = 265
Timeout, sequence number = 269
Timeout, sequence number = 273
[CLIENT] Received ACK seq=300
Timeout, sequence number = 326
[CLIENT] Sent data seq=400
Timeout, sequence number = 345
Timeout, sequence number = 346
Timeout, sequence number = 349
Timeout, sequence number = 373
Timeout, sequence number = 389
Timeout, sequence number = 389
[CLIENT] Received ACK seq=400
Timeout, sequence number = 411
Timeout, sequence number = 412
Timeout, sequence number = 419
Timeout, sequence number = 422
Timeout, sequence number = 424
Timeout, sequence number = 432
[CLIENT] Sent data seq=500
Timeout, sequence number = 444
Timeout, sequence number = 472
[CLIENT] Received ACK seq=500
Timeout, sequence number = 502
Timeout, sequence number = 526
Timeout, sequence number = 526
[CLIENT] Sent data seq=600
Timeout, sequence number = 551
Timeout, sequence number = 558
Timeout, sequence number = 570
Timeout, sequence number = 571
Timeout, sequence number = 571
Timeout, sequence number = 572
Timeout, sequence number = 582
[CLIENT] Received ACK seq=600
Timeout, sequence number = 601
Timeout, sequence number = 602
Timeout, sequence number = 605
Timeout, sequence number = 619
Timeout, sequence number = 635
[CLIENT] Sent data seq=700
Timeout, sequence number = 638
Timeout, sequence number = 642
Timeout, sequence number = 642
Timeout, sequence number = 655
Timeout, sequence number = 673
Timeout, sequence number = 674
Timeout, sequence number = 675
Timeout, sequence number = 682
[CLIENT] Received ACK seq=700
Timeout, sequence number = 704
Timeout, sequence number = 705
[CLIENT] Sent data seq=800
Timeout, sequence number = 762
Timeout, sequence number = 766
Timeout, sequence number = 771
Timeout, sequence number = 790
[CLIENT] Received ACK seq=800
Timeout, sequence number = 815
Timeout, sequence number = 823
Timeout, sequence number = 828
Timeout, sequence number = 828
[CLIENT] Sent data seq=900
Timeout, sequence number = 838
Timeout, sequence number = 854
Timeout, sequence number = 879
Timeout, sequence number = 880
Timeout, sequence number = 888
[CLIENT] Received ACK seq=900
Timeout, sequence number = 904
Timeout, sequence number = 915
Timeout, sequence number = 915
Timeout, sequence number = 922
Timeout, sequence number = 927
[CLIENT] Sent data seq=1000
[CLIENT] Received ACK seq=1000
[CLIENT] Sent data seq=1100
Timeout, sequence number = 1045
Timeout, sequence number = 1045
Timeout, sequence number = 1047
Timeout, sequence number = 1050
Timeout, sequence number = 1051
Timeout, sequence number = 1051
Timeout, sequence number = 1052
Timeout, sequence number = 1052
Timeout, sequence number = 1055
Timeout, sequence number = 1057
Timeout, sequence number = 1063
Timeout, sequence number = 1066
Timeout, sequence number = 1069
Timeout, sequence number = 1072
Timeout, sequence number = 1076
Timeout, sequence number = 1084
Timeout, sequence number = 1089
Timeout, sequence number = 1090
Timeout, sequence number = 1096
[CLIENT] Received ACK seq=1100
Timeout, sequence number = 1112
Timeout, sequence number = 1112
Timeout, sequence number = 1112
Timeout, sequence number = 1112
Timeout, sequence number = 1113
Timeout, sequence number = 1114
Timeout, sequence number = 1131
Timeout, sequence number = 1131
Timeout, sequence number = 1136
Timeout, sequence number = 1136
[CLIENT] Sent data seq=1200
Timeout, sequence number = 1143
Timeout, sequence number = 1148
Timeout, sequence number = 1153
Timeout, sequence number = 1185
Timeout, sequence number = 1187
Timeout, sequence number = 1197
[CLIENT] Received ACK seq=1200
Timeout, sequence number = 1206
Timeout, sequence number = 1207
Timeout, sequence number = 1208
Timeout, sequence number = 1219
Timeout, sequence number = 1226
[CLIENT] Sent data seq=1300
Timeout, sequence number = 1263
Timeout, sequence number = 1268
Timeout, sequence number = 1275
Timeout, sequence number = 1296
Timeout, sequence number = 1298
[CLIENT] Received ACK seq=1300
Timeout, sequence number = 1311
Timeout, sequence number = 1314
Timeout, sequence number = 1333
[CLIENT] Sent data seq=1400
Timeout, sequence number = 1341
Timeout, sequence number = 1348
Timeout, sequence number = 1353
Timeout, sequence number = 1361
Timeout, sequence number = 1364
Timeout, sequence number = 1367
Timeout, sequence number = 1375
Timeout, sequence number = 1379
Timeout, sequence number = 1382
Timeout, sequence number = 1386
Timeout, sequence number = 1389
[CLIENT] Received ACK seq=1400
Timeout, sequence number = 1401
Timeout, sequence number = 1405
Timeout, sequence number = 1410
Timeout, sequence number = 1413
Timeout, sequence number = 1418
Timeout, sequence number = 1419
Timeout, sequence number = 1419
Timeout, sequence number = 1419
Timeout, sequence number = 1421
Timeout, sequence number = 1423
Timeout, sequence number = 1424
[CLIENT] Sent data seq=1500
Timeout, sequence number = 1443
Timeout, sequence number = 1447
Timeout, sequence number = 1452
Timeout, sequence number = 1462
Timeout, sequence number = 1464
Timeout, sequence number = 1474
Timeout, sequence number = 1479
[CLIENT] Received ACK seq=1500
Timeout, sequence number = 1501
Timeout, sequence number = 1501
Timeout, sequence number = 1504
Timeout, sequence number = 1506
Timeout, sequence number = 1507
Timeout, sequence number = 1525
[CLIENT] Sent data seq=1600
Timeout, sequence number = 1556
Timeout, sequence number = 1559
Timeout, sequence number = 1564
Timeout, sequence number = 1565
Timeout, sequence number = 1586
[CLIENT] Received ACK seq=1600
Timeout, sequence number = 1602
Timeout, sequence number = 1602
Timeout, sequence number = 1605
Timeout, sequence number = 1605
Timeout, sequence number = 1606
Timeout, sequence number = 1608
Timeout, sequence number = 1608
Timeout, sequence number = 1625
Timeout, sequence number = 1626
[CLIENT] Sent data seq=1700
Timeout, sequence number = 1639
Timeout, sequence number = 1655
Timeout, sequence number = 1676
Timeout, sequence number = 1688
Timeout, sequence number = 1692
Timeout, sequence number = 1696
Timeout, sequence number = 1697
[CLIENT] Received ACK seq=1700
Timeout, sequence number = 1714
Timeout, sequence number = 1718
Timeout, sequence number = 1723
Timeout, sequence number = 1731
Timeout, sequence number = 1736
[CLIENT] Sent data seq=1800
Timeout, sequence number = 1745
Timeout, sequence number = 1765
Timeout, sequence number = 1770
Timeout, sequence number = 1773
Timeout, sequence number = 1777
Timeout, sequence number = 1778
Timeout, sequence number = 1778
[CLIENT] Received ACK seq=1800
Timeout, sequence number = 1815
[CLIENT] Sent data seq=1900
Timeout, sequence number = 1860
Timeout, sequence number = 1865
Timeout, sequence number = 1865
Timeout, sequence number = 1865
Timeout, sequence number = 1894
[CLIENT] Received ACK seq=1900
Timeout, sequence number = 1903
Timeout, sequence number = 1910
[CLIENT] Sent data seq=2000
Timeout, sequence number = 1938
Timeout, sequence number = 1944
Timeout, sequence number = 1946
Timeout, sequence number = 1970
[CLIENT] Received ACK seq=2000
Timeout, sequence number = 2016
[CLIENT] Sent data seq=2100
Timeout, sequence number = 2037
Timeout, sequence number = 2045
Timeout, sequence number = 2054
Timeout, sequence number = 2063
Timeout, sequence number = 2064
Timeout, sequence number = 2066
Timeout, sequence number = 2070
Timeout, sequence number = 2072
Timeout, sequence number = 2072
Timeout, sequence number = 2078
Timeout, sequence number = 2093
Timeout, sequence number = 2093
Timeout, sequence number = 2097
[CLIENT] Received ACK seq=2100
Timeout, sequence number = 2102
Timeout, sequence number = 2104
Timeout, sequence number = 2118
[CLIENT] Sent data seq=2200
Timeout, sequence number = 2139
Timeout, sequence number = 2140
Timeout, sequence number = 2145
Timeout, sequence number = 2145
Timeout, sequence number = 2153
Timeout, sequence number = 2153
Timeout, sequence number = 2159
Timeout, sequence number = 2161
Timeout, sequence number = 2177
Timeout, sequence number = 2185
Timeout, sequence number = 2185
Timeout, sequence number = 2185
Timeout, sequence number = 2192
Timeout, sequence number = 2199
Timeout, sequence number = 2200
[CLIENT] Received ACK seq=2200
Timeout, sequence number = 2224
[CLIENT] Sent data seq=2300
Timeout, sequence number = 2237
Timeout, sequence number = 2238
Timeout, sequence number = 2244
Timeout, sequence number = 2252
Timeout, sequence number = 2260
Timeout, sequence number = 2261
Timeout, sequence number = 2279
Timeout, sequence number = 2282
Timeout, sequence number = 2300
[CLIENT] Received ACK seq=2300
Timeout, sequence number = 2302
Timeout, sequence number = 2331
[CLIENT] Sent data seq=2400
Timeout, sequence number = 2350
[CLIENT] Received ACK seq=2400
[CLIENT] Summary: sent_packets=2401, ack_packets=2401, retransmitted_packets=17459, timeout_events=273
Transfer complete. Delay = 143.167440 seconds

=== STDERR ===
