=== STDOUT ===
[CLIENT] Starting transfer: server=10.153.27.102:7735, file=demo_input.bin, N=64, MSS=200, total_segments=6001
[CLIENT] Sent data seq=0
[CLIENT] Sent data seq=1
[CLIENT] Sent data seq=2
[CLIENT] Sent data seq=3
[CLIENT] Sent data seq=4
[CLIENT] Received ACK seq=0
[CLIENT] Received ACK seq=1
[CLIENT] Received ACK seq=2
Timeout, sequence number = 3
[CLIENT] Received ACK seq=3
[CLIENT] Received ACK seq=4
Timeout, sequence number = 13
[CLIENT] Sent data seq=100
Timeout, sequence number = 64
Timeout, sequence number = 76
Timeout, sequence number = 92
[CLIENT] Received ACK seq=100
[CLIENT] Sent data seq=200
Timeout, sequence number = 137
Timeout, sequence number = 150
Timeout, sequence number = 153
Timeout, sequence number = 170
[CLIENT] Received ACK seq=200
Timeout, sequence number = 204
Timeout, sequence number = 210
Timeout, sequence number = 231
Timeout, sequence number = 232
Timeout, sequence number = 233
[CLIENT] Sent data seq=300
Timeout, sequence number = 270
Timeout, sequence number = 291
Timeout, sequence number = 297
[CLIENT] Received ACK seq=300
Timeout, sequence number = 327
[CLIENT] Sent data seq=400
Timeout, sequence number = 347
[CLIENT] Received ACK seq=400
Timeout, sequence number = 403
Timeout, sequence number = 428
[CLIENT] Sent data seq=500
Timeout, sequence number = 442
Timeout, sequence number = 448
[CLIENT] Received ACK seq=500
Timeout, sequence number = 507
Timeout, sequence number = 507
Timeout, sequence number = 516
[CLIENT] Sent data seq=600
Timeout, sequence number = 553
Timeout, sequence number = 561
Timeout, sequence number = 562
Timeout, sequence number = 567
Timeout, sequence number = 589
Timeout, sequence number = 592
[CLIENT] Received ACK seq=600
[CLIENT] Sent data seq=700
Timeout, sequence number = 678
Timeout, sequence number = 678
Timeout, sequence number = 687
[CLIENT] Received ACK seq=700
Timeout, sequence number = 731
Timeout, sequence number = 735
[CLIENT] Sent data seq=800
Timeout, sequence number = 738
Timeout, sequence number = 760
Timeout, sequence number = 777
Timeout, sequence number = 787
[CLIENT] Received ACK seq=800
Timeout, sequence number = 833
Timeout, sequence number = 834
[CLIENT] Sent data seq=900
Timeout, sequence number = 862
Timeout, sequence number = 872
Timeout, sequence number = 872
Timeout, sequence number = 896
[CLIENT] Received ACK seq=900
Timeout, sequence number = 903
Timeout, sequence number = 910
[CLIENT] Sent data seq=1000
Timeout, sequence number = 946
Timeout, sequence number = 961
Timeout, sequence number = 978
Timeout, sequence number = 984
Timeout, sequence number = 991
[CLIENT] Received ACK seq=1000
Timeout, sequence number = 1030
[CLIENT] Sent data seq=1100
[CLIENT] Received ACK seq=1100
[CLIENT] Sent data seq=1200
Timeout, sequence number = 1152
Timeout, sequence number = 1157
Timeout, sequence number = 1176
[CLIENT] Received ACK seq=1200
Timeout, sequence number = 1201
Timeout, sequence number = 1217
[CLIENT] Sent data seq=1300
Timeout, sequence number = 1255
[CLIENT] Received ACK seq=1300
Timeout, sequence number = 1307
Timeout, sequence number = 1317
[CLIENT] Sent data seq=1400
Timeout, sequence number = 1348
Timeout, sequence number = 1356
Timeout, sequence number = 1357
Timeout, sequence number = 1370
Timeout, sequence number = 1376
Timeout, sequence number = 1382
[CLIENT] Received ACK seq=1400
[CLIENT] Sent data seq=1500
Timeout, sequence number = 1453
Timeout, sequence number = 1468
Timeout, sequence number = 1485
Timeout, sequence number = 1495
[CLIENT] Received ACK seq=1500
Timeout, sequence number = 1520
[CLIENT] Sent data seq=1600
Timeout, sequence number = 1597
[CLIENT] Received ACK seq=1600
Timeout, sequence number = 1616
Timeout, sequence number = 1622
[CLIENT] Sent data seq=1700
Timeout, sequence number = 1690
Timeout, sequence number = 1697
[CLIENT] Received ACK seq=1700
Timeout, sequence number = 1719
[CLIENT] Sent data seq=1800
Timeout, sequence number = 1737
[CLIENT] Received ACK seq=1800
Timeout, sequence number = 1808
Timeout, sequence number = 1812
Timeout, sequence number = 1812
Timeout, sequence number = 1818
Timeout, sequence number = 1826
Timeout, sequence number = 1829
[CLIENT] Sent data seq=1900
Timeout, sequence number = 1850
Timeout, sequence number = 1857
Timeout, sequence number = 1875
Timeout, sequence number = 1890
Timeout, sequence number = 1899
Timeout, sequence number = 1900
[CLIENT] Received ACK seq=1900
Timeout, sequence number = 1901
Timeout, sequence number = 1905
Timeout, sequence number = 1926
[CLIENT] Sent data seq=2000
Timeout, sequence number = 1948
[CLIENT] Received ACK seq=2000
[CLIENT] Sent data seq=2100
Timeout, sequence number = 2043
Timeout, sequence number = 2071
Timeout, sequence number = 2093
[CLIENT] Received ACK seq=2100
Timeout, sequence number = 2110
Timeout, sequence number = 2116
[CLIENT] Sent data seq=2200
Timeout, sequence number = 2166
Timeout, sequence number = 2169
Timeout, sequence number = 2179
[CLIENT] Received ACK seq=2200
Timeout, sequence number = 2203
[CLIENT] Sent data seq=2300
Timeout, sequence number = 2255
Timeout, sequence number = 2281
[CLIENT] Received ACK seq=2300
Timeout, sequence number = 2301
Timeout, sequence number = 2320
[CLIENT] Sent data seq=2400
Timeout, sequence number = 2341
Timeout, sequence number = 2353
Timeout, sequence number = 2353
Timeout, sequence number = 2354
Timeout, sequence number = 2378
Timeout, sequence number = 2385
[CLIENT] Received ACK seq=2400
Timeout, sequence number = 2406
[CLIENT] Sent data seq=2500
Timeout, sequence number = 2441
Timeout, sequence number = 2444
Timeout, sequence number = 2466
Timeout, sequence number = 2470
[CLIENT] Received ACK seq=2500
Timeout, sequence number = 2522
[CLIENT] Sent data seq=2600
Timeout, sequence number = 2556
[CLIENT] Received ACK seq=2600
Timeout, sequence number = 2601
Timeout, sequence number = 2614
Timeout, sequence number = 2624
Timeout, sequence number = 2629
[CLIENT] Sent data seq=2700
Timeout, sequence number = 2675
Timeout, sequence number = 2692
[CLIENT] Received ACK seq=2700
Timeout, sequence number = 2701
Timeout, sequence number = 2714
Timeout, sequence number = 2728
[CLIENT] Sent data seq=2800
Timeout, sequence number = 2739
Timeout, sequence number = 2757
Timeout, sequence number = 2758
Timeout, sequence number = 2773
Timeout, sequence number = 2774
[CLIENT] Received ACK seq=2800
Timeout, sequence number = 2803
Timeout, sequence number = 2805
Timeout, sequence number = 2827
[CLIENT] Sent data seq=2900
Timeout, sequence number = 2843
Timeout, sequence number = 2844
Timeout, sequence number = 2850
Timeout, sequence number = 2850
Timeout, sequence number = 2858
Timeout, sequence number = 2870
Timeout, sequence number = 2883
[CLIENT] Received ACK seq=2900
[CLIENT] Sent data seq=3000
Timeout, sequence number = 2956
Timeout, sequence number = 2959
Timeout, sequence number = 2961
Timeout, sequence number = 2971
Timeout, sequence number = 2976
Timeout, sequence number = 2996
[CLIENT] Received ACK seq=3000
Timeout, sequence number = 3026
[CLIENT] Sent data seq=3100
Timeout, sequence number = 3069
Timeout, sequence number = 3087
Timeout, sequence number = 3090
[CLIENT] Received ACK seq=3100
[CLIENT] Sent data seq=3200
Timeout, sequence number = 3138
Timeout, sequence number = 3155
[CLIENT] Received ACK seq=3200
Timeout, sequence number = 3212
Timeout, sequence number = 3228
[CLIENT] Sent data seq=3300
[CLIENT] Received ACK seq=3300
Timeout, sequence number = 3322
Timeout, sequence number = 3331
[CLIENT] Sent data seq=3400
Timeout, sequence number = 3339
Timeout, sequence number = 3343
Timeout, sequence number = 3384
[CLIENT] Received ACK seq=3400
Timeout, sequence number = 3423
Timeout, sequence number = 3423
[CLIENT] Sent data seq=3500
Timeout, sequence number = 3494
[CLIENT] Received ACK seq=3500
Timeout, sequence number = 3515
[CLIENT] Sent data seq=3600
Timeout, sequence number = 3549
Timeout, sequence number = 3552
Timeout, sequence number = 3580
Timeout, sequence number = 3583
Timeout, sequence number = 3591
[CLIENT] Received ACK seq=3600
Timeout, sequence number = 3627
[CLIENT] Sent data seq=3700
Timeout, sequence number = 3644
Timeout, sequence number = 3648
Timeout, sequence number = 3666
Timeout, sequence number = 3679
Timeout, sequence number = 3681
[CLIENT] Received ACK seq=3700
Timeout, sequence number = 3726
Timeout, sequence number = 3730
Timeout, sequence number = 3735
[CLIENT] Sent data seq=3800
Timeout, sequence number = 3769
Timeout, sequence number = 3784
Timeout, sequence number = 3787
Timeout, sequence number = 3794
Timeout, sequence number = 3796
[CLIENT] Received ACK seq=3800
Timeout, sequence number = 3812
Timeout, sequence number = 3826
Timeout, sequence number = 3826
[CLIENT] Sent data seq=3900
Timeout, sequence number = 3841
Timeout, sequence number = 3854
Timeout, sequence number = 3880
Timeout, sequence number = 3883
Timeout, sequence number = 3891
Timeout, sequence number = 3891
[CLIENT] Received ACK seq=3900
Timeout, sequence number = 3927
Timeout, sequence number = 3934
Timeout, sequence number = 3935
[CLIENT] Sent data seq=4000
Timeout, sequence number = 3938
Timeout, sequence number = 3975
Timeout, sequence number = 3976
[CLIENT] Received ACK seq=4000
Timeout, sequence number = 4012
Timeout, sequence number = 4016
Timeout, sequence number = 4033
Timeout, sequence number = 4034
[CLIENT] Sent data seq=4100
Timeout, sequence number = 4048
Timeout, sequence number = 4052
Timeout, sequence number = 4057
Timeout, sequence number = 4059
Timeout, sequence number = 4089
Timeout, sequence number = 4095
Timeout, sequence number = 4098
[CLIENT] Received ACK seq=4100
Timeout, sequence number = 4113
Timeout, sequence number = 4129
Timeout, sequence number = 4135
[CLIENT] Sent data seq=4200
Timeout, sequence number = 4139
Timeout, sequence number = 4146
Timeout, sequence number = 4155
Timeout, sequence number = 4166
Timeout, sequence number = 4184
Timeout, sequence number = 4192
[CLIENT] Received ACK seq=4200
Timeout, sequence number = 4201
Timeout, sequence number = 4216
Timeout, sequence number = 4224
[CLIENT] Sent data seq=4300
Timeout, sequence number = 4251
Timeout, sequence number = 4275
[CLIENT] Received ACK seq=4300
[CLIENT] Sent data seq=4400
Timeout, sequence number = 4362
[CLIENT] Received ACK seq=4400
Timeout, sequence number = 4405
Timeout, sequence number = 4421
Timeout, sequence number = 4425
[CLIENT] Sent data seq=4500
Timeout, sequence number = 4437
Timeout, sequence number = 4439
Timeout, sequence number = 4448
Timeout, sequence number = 4490
[CLIENT] Received ACK seq=4500
[CLIENT] Sent data seq=4600
Timeout, sequence number = 4545
Timeout, sequence number = 4571
[CLIENT] Received ACK seq=4600
Timeout, sequence number = 4634
Timeout, sequence number = 4635
[CLIENT] Sent data seq=4700
Timeout, sequence number = 4653
[CLIENT] Received ACK seq=4700
Timeout, sequence number = 4705
Timeout, sequence number = 4705
Timeout, sequence number = 4727
Timeout, sequence number = 4735
[CLIENT] Sent data seq=4800
Timeout, sequence number = 4740
Timeout, sequence number = 4765
Timeout, sequence number = 4768
Timeout, sequence number = 4772
[CLIENT] Received ACK seq=4800
[CLIENT] Sent data seq=4900
Timeout, sequence number = 4855
Timeout, sequence number = 4886
Timeout, sequence number = 4887
[CLIENT] Received ACK seq=4900
Timeout, sequence number = 4907
Timeout, sequence number = 4916
Timeout, sequence number = 4916
Timeout, sequence number = 4916
Timeout, sequence number = 4916
Timeout, sequence number = 4935
[CLIENT] Sent data seq=5000
Timeout, sequence number = 4975
[CLIENT] Received ACK seq=5000
Timeout, sequence number = 5004
Timeout, sequence number = 5012
Timeout, sequence number = 5014
Timeout, sequence number = 5025
Timeout, sequence number = 5034
Timeout, sequence number = 5036
[CLIENT] Sent data seq=5100
Timeout, sequence number = 5042
Timeout, sequence number = 5046
Timeout, sequence number = 5048
Timeout, sequence number = 5049
Timeout, sequence number = 5079
[CLIENT] Received ACK seq=5100
Timeout, sequence number = 5106
Timeout, sequence number = 5112
Timeout, sequence number = 5114
Timeout, sequence number = 5118
Timeout, sequence number = 5126
[CLIENT] Sent data seq=5200
Timeout, sequence number = 5182
Timeout, sequence number = 5198
[CLIENT] Received ACK seq=5200
Timeout, sequence number = 5216
Timeout, sequence number = 5219
Timeout, sequence number = 5228
Timeout, sequence number = 5231
[CLIENT] Sent data seq=5300
Timeout, sequence number = 5273
[CLIENT] Received ACK seq=5300
[CLIENT] Sent data seq=5400
Timeout, sequence number = 5344
Timeout, sequence number = 5357
Timeout, sequence number = 5369
Timeout, sequence number = 5375
Timeout, sequence number = 5400
[CLIENT] Received ACK seq=5400
Timeout, sequence number = 5401
[CLIENT] Sent data seq=5500
Timeout, sequence number = 5441
Timeout, sequence number = 5498
[CLIENT] Received ACK seq=5500
Timeout, sequence number = 5505
Timeout, sequence number = 5515
[CLIENT] Sent data seq=5600
Timeout, sequence number = 5577
Timeout, sequence number = 5580
[CLIENT] Received ACK seq=5600
Timeout, sequence number = 5604
Timeout, sequence number = 5615
Timeout, sequence number = 5616
[CLIENT] Sent data seq=5700
Timeout, sequence number = 5664
Timeout, sequence number = 5691
Timeout, sequence number = 5698
[CLIENT] Received ACK seq=5700
Timeout, sequence number = 5709
Timeout, sequence number = 5720
Timeout, sequence number = 5731
[CLIENT] Sent data seq=5800
Timeout, sequence number = 5741
Timeout, sequence number = 5741
Timeout, sequence number = 5767
Timeout, sequence number = 5791
[CLIENT] Received ACK seq=5800
Timeout, sequence number = 5824
[CLIENT] Sent data seq=5900
Timeout, sequence number = 5844
Timeout, sequence number = 5848
Timeout, sequence number = 5849
Timeout, sequence number = 5858
Timeout, sequence number = 5883
Timeout, sequence number = 5892
[CLIENT] Received ACK seq=5900
Timeout, sequence number = 5914
Timeout, sequence number = 5914
[CLIENT] Sent data seq=6000
Timeout, sequence number = 5938
Timeout, sequence number = 5969
[CLIENT] Received ACK seq=6000
[CLIENT] Summary: sent_packets=6001, ack_packets=6001, retransmitted_packets=20383, timeout_events=319
Transfer complete. Delay = 166.766514 seconds

=== STDERR ===
