=== STDOUT ===
[CLIENT] Starting transfer: server=10.153.27.102:7735, file=demo_input.bin, N=64, MSS=500, total_segments=2401
[CLIENT] Sent data seq=0
[CLIENT] Sent data seq=1
[CLIENT] Sent data seq=2
[CLIENT] Sent data seq=3
[CLIENT] Sent data seq=4
[CLIENT] Received ACK seq=0
[CLIENT] Received ACK seq=1
[CLIENT] Received ACK seq=2
Timeout, sequence number = 3
[CLIENT] Received ACK seq=3
[CLIENT] Received ACK seq=4
[CLIENT] Sent data seq=100
Timeout, sequence number = 58
Timeout, sequence number = 60
Timeout, sequence number = 67
[CLIENT] Received ACK seq=100
Timeout, sequence number = 108
[CLIENT] Sent data seq=200
Timeout, sequence number = 162
[CLIENT] Received ACK seq=200
[CLIENT] Sent data seq=300
[CLIENT] Received ACK seq=300
[CLIENT] Sent data seq=400
[CLIENT] Received ACK seq=400
Timeout, sequence number = 423
[CLIENT] Sent data seq=500
[CLIENT] Received ACK seq=500
[CLIENT] Sent data seq=600
[CLIENT] Received ACK seq=600
Timeout, sequence number = 617
[CLIENT] Sent data seq=700
[CLIENT] Received ACK seq=700
[CLIENT] Sent data seq=800
Timeout, sequence number = 750
Timeout, sequence number = 758
[CLIENT] Received ACK seq=800
[CLIENT] Sent data seq=900
[CLIENT] Received ACK seq=900
Timeout, sequence number = 935
[CLIENT] Sent data seq=1000
Timeout, sequence number = 962
[CLIENT] Received ACK seq=1000
[CLIENT] Sent data seq=1100
Timeout, sequence number = 1039
[CLIENT] Received ACK seq=1100
[CLIENT] Sent data seq=1200
Timeout, sequence number = 1143
[CLIENT] Received ACK seq=1200
[CLIENT] Sent data seq=1300
Timeout, sequence number = 1264
[CLIENT] Received ACK seq=1300
[CLIENT] Sent data seq=1400
Timeout, sequence number = 1341
Timeout, sequence number = 1400
[CLIENT] Received ACK seq=1400
[CLIENT] Sent data seq=1500
Timeout, sequence number = 1476
[CLIENT] Received ACK seq=1500
[CLIENT] Sent data seq=1600
Timeout, sequence number = 1550
[CLIENT] Received ACK seq=1600
[CLIENT] Sent data seq=1700
Timeout, sequence number = 1668
[CLIENT] Received ACK seq=1700
[CLIENT] Sent data seq=1800
[CLIENT] Received ACK seq=1800
[CLIENT] Sent data seq=1900
[CLIENT] Received ACK seq=1900
[CLIENT] Sent data seq=2000
[CLIENT] Received ACK seq=2000
[CLIENT] Sent data seq=2100
Timeout, sequence number = 2093
[CLIENT] Received ACK seq=2100
Timeout, sequence number = 2125
[CLIENT] Sent data seq=2200
[CLIENT] Received ACK seq=2200
[CLIENT] Sent data seq=2300
Timeout, sequence number = 2244
Timeout, sequence number = 2262
[CLIENT] Received ACK seq=2300
[CLIENT] Sent data seq=2400
Timeout, sequence number = 2358
Timeout, sequence number = 2399
[CLIENT] Received ACK seq=2400
[CLIENT] Summary: sent_packets=2401, ack_packets=2401, retransmitted_packets=1581, timeout_events=26
Transfer complete. Delay = 13.955231 seconds

=== STDERR ===
