=== STDOUT ===
[CLIENT] Starting transfer: server=10.153.27.102:7735, file=demo_input.bin, N=64, MSS=500, total_segments=2401
[CLIENT] Sent data seq=0
[CLIENT] Sent data seq=1
[CLIENT] Sent data seq=2
[CLIENT] Sent data seq=3
[CLIENT] Sent data seq=4
[CLIENT] Received ACK seq=0
[CLIENT] Received ACK seq=1
Timeout, sequence number = 2
[CLIENT] Received ACK seq=2
[CLIENT] Received ACK seq=3
[CLIENT] Received ACK seq=4
Timeout, sequence number = 17
[CLIENT] Sent data seq=100
Timeout, sequence number = 40
Timeout, sequence number = 50
Timeout, sequence number = 60
Timeout, sequence number = 92
Timeout, sequence number = 93
[CLIENT] Received ACK seq=100
Timeout, sequence number = 105
Timeout, sequence number = 108
[CLIENT] Sent data seq=200
Timeout, sequence number = 139
Timeout, sequence number = 143
Timeout, sequence number = 176
[CLIENT] Received ACK seq=200
Timeout, sequence number = 204
Timeout, sequence number = 218
[CLIENT] Sent data seq=300
Timeout, sequence number = 245
Timeout, sequence number = 256
Timeout, sequence number = 257
Timeout, sequence number = 267
Timeout, sequence number = 284
Timeout, sequence number = 295
[CLIENT] Received ACK seq=300
Timeout, sequence number = 304
Timeout, sequence number = 310
Timeout, sequence number = 311
Timeout, sequence number = 330
[CLIENT] Sent data seq=400
Timeout, sequence number = 337
Timeout, sequence number = 344
Timeout, sequence number = 346
Timeout, sequence number = 350
Timeout, sequence number = 374
[CLIENT] Received ACK seq=400
Timeout, sequence number = 422
Timeout, sequence number = 434
[CLIENT] Sent data seq=500
Timeout, sequence number = 440
Timeout, sequence number = 460
Timeout, sequence number = 471
[CLIENT] Received ACK seq=500
Timeout, sequence number = 516
Timeout, sequence number = 516
Timeout, sequence number = 522
[CLIENT] Sent data seq=600
Timeout, sequence number = 541
Timeout, sequence number = 573
[CLIENT] Received ACK seq=600
Timeout, sequence number = 617
[CLIENT] Sent data seq=700
Timeout, sequence number = 641
Timeout, sequence number = 641
Timeout, sequence number = 651
Timeout, sequence number = 663
Timeout, sequence number = 664
Timeout, sequence number = 665
Timeout, sequence number = 700
[CLIENT] Received ACK seq=700
Timeout, sequence number = 725
Timeout, sequence number = 726
[CLIENT] Sent data seq=800
Timeout, sequence number = 741
Timeout, sequence number = 780
Timeout, sequence number = 800
[CLIENT] Received ACK seq=800
Timeout, sequence number = 804
Timeout, sequence number = 804
Timeout, sequence number = 826
Timeout, sequence number = 831
[CLIENT] Sent data seq=900
Timeout, sequence number = 852
Timeout, sequence number = 860
Timeout, sequence number = 872
Timeout, sequence number = 876
Timeout, sequence number = 881
[CLIENT] Received ACK seq=900
Timeout, sequence number = 908
[CLIENT] Sent data seq=1000
Timeout, sequence number = 953
Timeout, sequence number = 957
[CLIENT] Received ACK seq=1000
[CLIENT] Sent data seq=1100
Timeout, sequence number = 1069
Timeout, sequence number = 1073
Timeout, sequence number = 1097
[CLIENT] Received ACK seq=1100
Timeout, sequence number = 1135
[CLIENT] Sent data seq=1200
Timeout, sequence number = 1152
[CLIENT] Received ACK seq=1200
Timeout, sequence number = 1222
[CLIENT] Sent data seq=1300
Timeout, sequence number = 1241
Timeout, sequence number = 1245
Timeout, sequence number = 1248
Timeout, sequence number = 1266
Timeout, sequence number = 1285
Timeout, sequence number = 1286
Timeout, sequence number = 1286
Timeout, sequence number = 1290
Timeout, sequence number = 1297
[CLIENT] Received ACK seq=1300
Timeout, sequence number = 1308
Timeout, sequence number = 1330
[CLIENT] Sent data seq=1400
Timeout, sequence number = 1342
[CLIENT] Received ACK seq=1400
Timeout, sequence number = 1402
Timeout, sequence number = 1406
Timeout, sequence number = 1412
[CLIENT] Sent data seq=1500
Timeout, sequence number = 1443
Timeout, sequence number = 1455
Timeout, sequence number = 1460
Timeout, sequence number = 1474
Timeout, sequence number = 1475
Timeout, sequence number = 1494
[CLIENT] Received ACK seq=1500
[CLIENT] Sent data seq=1600
Timeout, sequence number = 1549
Timeout, sequence number = 1564
Timeout, sequence number = 1566
Timeout, sequence number = 1569
Timeout, sequence number = 1584
[CLIENT] Received ACK seq=1600
Timeout, sequence number = 1611
Timeout, sequence number = 1634
Timeout, sequence number = 1636
[CLIENT] Sent data seq=1700
Timeout, sequence number = 1675
Timeout, sequence number = 1683
Timeout, sequence number = 1683
[CLIENT] Received ACK seq=1700
Timeout, sequence number = 1723
[CLIENT] Sent data seq=1800
Timeout, sequence number = 1747
Timeout, sequence number = 1764
Timeout, sequence number = 1764
Timeout, sequence number = 1793
[CLIENT] Received ACK seq=1800
Timeout, sequence number = 1809
Timeout, sequence number = 1814
[CLIENT] Sent data seq=1900
Timeout, sequence number = 1886
Timeout, sequence number = 1892
Timeout, sequence number = 1899
[CLIENT] Received ACK seq=1900
Timeout, sequence number = 1904
Timeout, sequence number = 1922
[CLIENT] Sent data seq=2000
Timeout, sequence number = 1986
[CLIENT] Received ACK seq=2000
Timeout, sequence number = 2003
Timeout, sequence number = 2004
Timeout, sequence number = 2006
Timeout, sequence number = 2020
Timeout, sequence number = 2022
Timeout, sequence number = 2035
[CLIENT] Sent data seq=2100
Timeout, sequence number = 2037
Timeout, sequence number = 2053
Timeout, sequence number = 2079
Timeout, sequence number = 2098
[CLIENT] Received ACK seq=2100
[CLIENT] Sent data seq=2200
Timeout, sequence number = 2169
[CLIENT] Received ACK seq=2200
Timeout, sequence number = 2210
Timeout, sequence number = 2215
Timeout, sequence number = 2229
Timeout, sequence number = 2230
[CLIENT] Sent data seq=2300
Timeout, sequence number = 2241
Timeout, sequence number = 2246
Timeout, sequence number = 2246
Timeout, sequence number = 2282
[CLIENT] Received ACK seq=2300
Timeout, sequence number = 2301
Timeout, sequence number = 2307
Timeout, sequence number = 2319
[CLIENT] Sent data seq=2400
Timeout, sequence number = 2360
Timeout, sequence number = 2379
Timeout, sequence number = 2383
[CLIENT] Received ACK seq=2400
[CLIENT] Summary: sent_packets=2401, ack_packets=2401, retransmitted_packets=8849, timeout_events=140
Transfer complete. Delay = 73.260579 seconds

=== STDERR ===
