=== STDOUT ===
[CLIENT] Starting transfer: server=10.153.27.102:7735, file=demo_input.bin, N=64, MSS=300, total_segments=4001
[CLIENT] Sent data seq=0
[CLIENT] Sent data seq=1
[CLIENT] Sent data seq=2
[CLIENT] Sent data seq=3
[CLIENT] Sent data seq=4
[CLIENT] Received ACK seq=0
[CLIENT] Received ACK seq=1
Timeout, sequence number = 2
[CLIENT] Received ACK seq=2
[CLIENT] Received ACK seq=3
[CLIENT] Received ACK seq=4
Timeout, sequence number = 24
Timeout, sequence number = 27
Timeout, sequence number = 32
[CLIENT] Sent data seq=100
Timeout, sequence number = 57
Timeout, sequence number = 75
[CLIENT] Received ACK seq=100
Timeout, sequence number = 109
[CLIENT] Sent data seq=200
Timeout, sequence number = 149
[CLIENT] Received ACK seq=200
[CLIENT] Sent data seq=300
Timeout, sequence number = 268
Timeout, sequence number = 269
Timeout, sequence number = 281
Timeout, sequence number = 292
Timeout, sequence number = 296
[CLIENT] Received ACK seq=300
Timeout, sequence number = 302
Timeout, sequence number = 302
Timeout, sequence number = 304
[CLIENT] Sent data seq=400
Timeout, sequence number = 340
Timeout, sequence number = 380
Timeout, sequence number = 382
[CLIENT] Received ACK seq=400
Timeout, sequence number = 415
Timeout, sequence number = 422
Timeout, sequence number = 427
[CLIENT] Sent data seq=500
Timeout, sequence number = 437
Timeout, sequence number = 446
Timeout, sequence number = 484
[CLIENT] Received ACK seq=500
[CLIENT] Sent data seq=600
Timeout, sequence number = 543
Timeout, sequence number = 551
[CLIENT] Received ACK seq=600
Timeout, sequence number = 613
Timeout, sequence number = 618
[CLIENT] Sent data seq=700
Timeout, sequence number = 643
Timeout, sequence number = 649
Timeout, sequence number = 682
Timeout, sequence number = 687
Timeout, sequence number = 688
Timeout, sequence number = 696
[CLIENT] Received ACK seq=700
Timeout, sequence number = 714
Timeout, sequence number = 721
Timeout, sequence number = 722
Timeout, sequence number = 733
[CLIENT] Sent data seq=800
Timeout, sequence number = 739
Timeout, sequence number = 745
Timeout, sequence number = 777
Timeout, sequence number = 795
[CLIENT] Received ACK seq=800
Timeout, sequence number = 816
[CLIENT] Sent data seq=900
Timeout, sequence number = 855
Timeout, sequence number = 898
[CLIENT] Received ACK seq=900
Timeout, sequence number = 910
Timeout, sequence number = 916
Timeout, sequence number = 924
Timeout, sequence number = 925
[CLIENT] Sent data seq=1000
Timeout, sequence number = 940
Timeout, sequence number = 966
Timeout, sequence number = 982
[CLIENT] Received ACK seq=1000
Timeout, sequence number = 1004
[CLIENT] Sent data seq=1100
Timeout, sequence number = 1043
Timeout, sequence number = 1074
[CLIENT] Received ACK seq=1100
Timeout, sequence number = 1104
Timeout, sequence number = 1118
[CLIENT] Sent data seq=1200
Timeout, sequence number = 1164
Timeout, sequence number = 1166
[CLIENT] Received ACK seq=1200
Timeout, sequence number = 1219
Timeout, sequence number = 1233
[CLIENT] Sent data seq=1300
Timeout, sequence number = 1268
Timeout, sequence number = 1295
[CLIENT] Received ACK seq=1300
[CLIENT] Sent data seq=1400
Timeout, sequence number = 1345
Timeout, sequence number = 1358
Timeout, sequence number = 1372
[CLIENT] Received ACK seq=1400
Timeout, sequence number = 1436
[CLIENT] Sent data seq=1500
Timeout, sequence number = 1441
Timeout, sequence number = 1463
Timeout, sequence number = 1479
[CLIENT] Received ACK seq=1500
Timeout, sequence number = 1501
Timeout, sequence number = 1502
Timeout, sequence number = 1516
Timeout, sequence number = 1525
Timeout, sequence number = 1530
Timeout, sequence number = 1534
[CLIENT] Sent data seq=1600
Timeout, sequence number = 1545
Timeout, sequence number = 1575
Timeout, sequence number = 1585
Timeout, sequence number = 1585
Timeout, sequence number = 1586
[CLIENT] Received ACK seq=1600
Timeout, sequence number = 1615
Timeout, sequence number = 1617
Timeout, sequence number = 1624
Timeout, sequence number = 1628
Timeout, sequence number = 1635
[CLIENT] Sent data seq=1700
[CLIENT] Received ACK seq=1700
Timeout, sequence number = 1718
[CLIENT] Sent data seq=1800
Timeout, sequence number = 1779
Timeout, sequence number = 1781
[CLIENT] Received ACK seq=1800
Timeout, sequence number = 1804
[CLIENT] Sent data seq=1900
Timeout, sequence number = 1843
Timeout, sequence number = 1852
Timeout, sequence number = 1871
Timeout, sequence number = 1876
Timeout, sequence number = 1882
Timeout, sequence number = 1883
[CLIENT] Received ACK seq=1900
Timeout, sequence number = 1911
Timeout, sequence number = 1922
Timeout, sequence number = 1928
[CLIENT] Sent data seq=2000
Timeout, sequence number = 1951
Timeout, sequence number = 1994
[CLIENT] Received ACK seq=2000
[CLIENT] Sent data seq=2100
Timeout, sequence number = 2048
Timeout, sequence number = 2048
Timeout, sequence number = 2058
Timeout, sequence number = 2061
Timeout, sequence number = 2061
Timeout, sequence number = 2073
[CLIENT] Received ACK seq=2100
Timeout, sequence number = 2102
Timeout, sequence number = 2105
Timeout, sequence number = 2111
[CLIENT] Sent data seq=2200
Timeout, sequence number = 2138
Timeout, sequence number = 2142
Timeout, sequence number = 2149
Timeout, sequence number = 2160
Timeout, sequence number = 2185
Timeout, sequence number = 2185
Timeout, sequence number = 2200
[CLIENT] Received ACK seq=2200
[CLIENT] Sent data seq=2300
Timeout, sequence number = 2241
Timeout, sequence number = 2257
Timeout, sequence number = 2269
[CLIENT] Received ACK seq=2300
Timeout, sequence number = 2316
Timeout, sequence number = 2327
[CLIENT] Sent data seq=2400
Timeout, sequence number = 2353
Timeout, sequence number = 2360
Timeout, sequence number = 2388
[CLIENT] Received ACK seq=2400
Timeout, sequence number = 2422
[CLIENT] Sent data seq=2500
Timeout, sequence number = 2440
Timeout, sequence number = 2447
Timeout, sequence number = 2452
Timeout, sequence number = 2477
Timeout, sequence number = 2489
[CLIENT] Received ACK seq=2500
Timeout, sequence number = 2511
[CLIENT] Sent data seq=2600
Timeout, sequence number = 2544
Timeout, sequence number = 2571
[CLIENT] Received ACK seq=2600
Timeout, sequence number = 2632
Timeout, sequence number = 2632
[CLIENT] Sent data seq=2700
Timeout, sequence number = 2643
Timeout, sequence number = 2666
Timeout, sequence number = 2676
Timeout, sequence number = 2683
Timeout, sequence number = 2684
[CLIENT] Received ACK seq=2700
Timeout, sequence number = 2706
Timeout, sequence number = 2712
Timeout, sequence number = 2715
Timeout, sequence number = 2724
[CLIENT] Sent data seq=2800
Timeout, sequence number = 2738
Timeout, sequence number = 2751
Timeout, sequence number = 2764
Timeout, sequence number = 2769
[CLIENT] Received ACK seq=2800
Timeout, sequence number = 2826
[CLIENT] Sent data seq=2900
Timeout, sequence number = 2864
Timeout, sequence number = 2864
Timeout, sequence number = 2890
[CLIENT] Received ACK seq=2900
Timeout, sequence number = 2908
Timeout, sequence number = 2927
Timeout, sequence number = 2935
[CLIENT] Sent data seq=3000
Timeout, sequence number = 2937
Timeout, sequence number = 2941
Timeout, sequence number = 2953
Timeout, sequence number = 2959
Timeout, sequence number = 2999
[CLIENT] Received ACK seq=3000
[CLIENT] Sent data seq=3100
Timeout, sequence number = 3043
Timeout, sequence number = 3056
Timeout, sequence number = 3069
[CLIENT] Received ACK seq=3100
[CLIENT] Sent data seq=3200
Timeout, sequence number = 3155
Timeout, sequence number = 3172
Timeout, sequence number = 3176
Timeout, sequence number = 3184
Timeout, sequence number = 3191
Timeout, sequence number = 3194
[CLIENT] Received ACK seq=3200
[CLIENT] Sent data seq=3300
Timeout, sequence number = 3243
Timeout, sequence number = 3243
Timeout, sequence number = 3249
[CLIENT] Received ACK seq=3300
Timeout, sequence number = 3314
Timeout, sequence number = 3317
Timeout, sequence number = 3319
Timeout, sequence number = 3330
Timeout, sequence number = 3335
[CLIENT] Sent data seq=3400
Timeout, sequence number = 3350
Timeout, sequence number = 3366
Timeout, sequence number = 3391
[CLIENT] Received ACK seq=3400
Timeout, sequence number = 3414
Timeout, sequence number = 3416
[CLIENT] Sent data seq=3500
Timeout, sequence number = 3446
Timeout, sequence number = 3486
Timeout, sequence number = 3495
[CLIENT] Received ACK seq=3500
[CLIENT] Sent data seq=3600
Timeout, sequence number = 3541
Timeout, sequence number = 3546
Timeout, sequence number = 3563
Timeout, sequence number = 3593
[CLIENT] Received ACK seq=3600
Timeout, sequence number = 3604
Timeout, sequence number = 3607
Timeout, sequence number = 3623
Timeout, sequence number = 3624
Timeout, sequence number = 3629
[CLIENT] Sent data seq=3700
Timeout, sequence number = 3646
Timeout, sequence number = 3653
Timeout, sequence number = 3655
Timeout, sequence number = 3667
Timeout, sequence number = 3678
Timeout, sequence number = 3679
Timeout, sequence number = 3686
Timeout, sequence number = 3690
[CLIENT] Received ACK seq=3700
Timeout, sequence number = 3709
Timeout, sequence number = 3716
Timeout, sequence number = 3719
Timeout, sequence number = 3728
[CLIENT] Sent data seq=3800
Timeout, sequence number = 3738
Timeout, sequence number = 3738
Timeout, sequence number = 3749
[CLIENT] Received ACK seq=3800
Timeout, sequence number = 3828
Timeout, sequence number = 3828
Timeout, sequence number = 3836
[CLIENT] Sent data seq=3900
Timeout, sequence number = 3837
Timeout, sequence number = 3893
[CLIENT] Received ACK seq=3900
Timeout, sequence number = 3911
Timeout, sequence number = 3913
[CLIENT] Sent data seq=4000
Timeout, sequence number = 3957
Timeout, sequence number = 3967
[CLIENT] Received ACK seq=4000
[CLIENT] Summary: sent_packets=4001, ack_packets=4001, retransmitted_packets=14030, timeout_events=220
Transfer complete. Delay = 115.146693 seconds

=== STDERR ===
