=== STDOUT ===
[CLIENT] Starting transfer: server=10.153.27.102:7735, file=demo_input.bin, N=64, MSS=500, total_segments=2401
[CLIENT] Sent data seq=0
[CLIENT] Sent data seq=1
[CLIENT] Sent data seq=2
[CLIENT] Sent data seq=3
[CLIENT] Sent data seq=4
[CLIENT] Received ACK seq=0
[CLIENT] Received ACK seq=1
Timeout, sequence number = 2
[CLIENT] Received ACK seq=2
[CLIENT] Received ACK seq=3
[CLIENT] Received ACK seq=4
Timeout, sequence number = 19
Timeout, sequence number = 21
Timeout, sequence number = 30
Timeout, sequence number = 32
[CLIENT] Sent data seq=100
Timeout, sequence number = 63
Timeout, sequence number = 74
Timeout, sequence number = 91
Timeout, sequence number = 91
Timeout, sequence number = 96
[CLIENT] Received ACK seq=100
Timeout, sequence number = 105
Timeout, sequence number = 112
Timeout, sequence number = 134
[CLIENT] Sent data seq=200
Timeout, sequence number = 142
Timeout, sequence number = 148
Timeout, sequence number = 163
Timeout, sequence number = 167
Timeout, sequence number = 172
Timeout, sequence number = 174
Timeout, sequence number = 186
[CLIENT] Received ACK seq=200
Timeout, sequence number = 208
[CLIENT] Sent data seq=300
Timeout, sequence number = 244
Timeout, sequence number = 248
Timeout, sequence number = 258
Timeout, sequence number = 261
Timeout, sequence number = 272
[CLIENT] Received ACK seq=300
Timeout, sequence number = 320
[CLIENT] Sent data seq=400
Timeout, sequence number = 337
Timeout, sequence number = 373
Timeout, sequence number = 382
Timeout, sequence number = 387
[CLIENT] Received ACK seq=400
Timeout, sequence number = 408
Timeout, sequence number = 412
Timeout, sequence number = 421
Timeout, sequence number = 425
[CLIENT] Sent data seq=500
Timeout, sequence number = 442
Timeout, sequence number = 468
[CLIENT] Received ACK seq=500
[CLIENT] Sent data seq=600
Timeout, sequence number = 542
Timeout, sequence number = 544
Timeout, sequence number = 545
Timeout, sequence number = 546
Timeout, sequence number = 561
Timeout, sequence number = 585
Timeout, sequence number = 592
Timeout, sequence number = 593
Timeout, sequence number = 597
[CLIENT] Received ACK seq=600
Timeout, sequence number = 627
[CLIENT] Sent data seq=700
Timeout, sequence number = 649
Timeout, sequence number = 669
Timeout, sequence number = 681
Timeout, sequence number = 683
Timeout, sequence number = 698
[CLIENT] Received ACK seq=700
Timeout, sequence number = 722
Timeout, sequence number = 732
[CLIENT] Sent data seq=800
Timeout, sequence number = 749
Timeout, sequence number = 754
Timeout, sequence number = 775
Timeout, sequence number = 780
Timeout, sequence number = 786
[CLIENT] Received ACK seq=800
Timeout, sequence number = 810
Timeout, sequence number = 810
Timeout, sequence number = 827
Timeout, sequence number = 828
[CLIENT] Sent data seq=900
Timeout, sequence number = 848
Timeout, sequence number = 852
Timeout, sequence number = 858
Timeout, sequence number = 864
Timeout, sequence number = 865
Timeout, sequence number = 884
Timeout, sequence number = 894
[CLIENT] Received ACK seq=900
Timeout, sequence number = 901
Timeout, sequence number = 903
Timeout, sequence number = 904
Timeout, sequence number = 915
Timeout, sequence number = 919
Timeout, sequence number = 936
[CLIENT] Sent data seq=1000
Timeout, sequence number = 955
Timeout, sequence number = 958
Timeout, sequence number = 970
Timeout, sequence number = 986
Timeout, sequence number = 990
Timeout, sequence number = 995
[CLIENT] Received ACK seq=1000
Timeout, sequence number = 1010
Timeout, sequence number = 1023
Timeout, sequence number = 1026
Timeout, sequence number = 1030
[CLIENT] Sent data seq=1100
Timeout, sequence number = 1046
Timeout, sequence number = 1046
Timeout, sequence number = 1066
Timeout, sequence number = 1066
Timeout, sequence number = 1067
Timeout, sequence number = 1068
Timeout, sequence number = 1089
Timeout, sequence number = 1090
[CLIENT] Received ACK seq=1100
Timeout, sequence number = 1101
Timeout, sequence number = 1123
Timeout, sequence number = 1125
Timeout, sequence number = 1130
Timeout, sequence number = 1133
Timeout, sequence number = 1134
[CLIENT] Sent data seq=1200
Timeout, sequence number = 1160
Timeout, sequence number = 1161
Timeout, sequence number = 1197
[CLIENT] Received ACK seq=1200
Timeout, sequence number = 1202
Timeout, sequence number = 1206
Timeout, sequence number = 1220
Timeout, sequence number = 1226
[CLIENT] Sent data seq=1300
Timeout, sequence number = 1239
Timeout, sequence number = 1239
Timeout, sequence number = 1239
Timeout, sequence number = 1265
Timeout, sequence number = 1283
Timeout, sequence number = 1291
[CLIENT] Received ACK seq=1300
Timeout, sequence number = 1301
Timeout, sequence number = 1304
Timeout, sequence number = 1318
[CLIENT] Sent data seq=1400
Timeout, sequence number = 1341
Timeout, sequence number = 1346
Timeout, sequence number = 1346
Timeout, sequence number = 1355
Timeout, sequence number = 1358
Timeout, sequence number = 1364
Timeout, sequence number = 1367
[CLIENT] Received ACK seq=1400
Timeout, sequence number = 1409
[CLIENT] Sent data seq=1500
Timeout, sequence number = 1439
Timeout, sequence number = 1453
Timeout, sequence number = 1486
[CLIENT] Received ACK seq=1500
Timeout, sequence number = 1504
Timeout, sequence number = 1507
Timeout, sequence number = 1523
Timeout, sequence number = 1528
[CLIENT] Sent data seq=1600
Timeout, sequence number = 1559
Timeout, sequence number = 1590
Timeout, sequence number = 1597
[CLIENT] Received ACK seq=1600
Timeout, sequence number = 1601
Timeout, sequence number = 1619
[CLIENT] Sent data seq=1700
Timeout, sequence number = 1660
Timeout, sequence number = 1661
Timeout, sequence number = 1695
[CLIENT] Received ACK seq=1700
Timeout, sequence number = 1713
Timeout, sequence number = 1722
Timeout, sequence number = 1736
[CLIENT] Sent data seq=1800
Timeout, sequence number = 1737
Timeout, sequence number = 1740
Timeout, sequence number = 1749
Timeout, sequence number = 1763
Timeout, sequence number = 1765
Timeout, sequence number = 1782
Timeout, sequence number = 1788
Timeout, sequence number = 1799
[CLIENT] Received ACK seq=1800
Timeout, sequence number = 1805
Timeout, sequence number = 1817
Timeout, sequence number = 1821
Timeout, sequence number = 1825
[CLIENT] Sent data seq=1900
Timeout, sequence number = 1846
Timeout, sequence number = 1859
Timeout, sequence number = 1865
Timeout, sequence number = 1874
Timeout, sequence number = 1880
Timeout, sequence number = 1899
[CLIENT] Received ACK seq=1900
Timeout, sequence number = 1913
Timeout, sequence number = 1923
Timeout, sequence number = 1923
Timeout, sequence number = 1926
[CLIENT] Sent data seq=2000
Timeout, sequence number = 1991
[CLIENT] Received ACK seq=2000
Timeout, sequence number = 2001
Timeout, sequence number = 2001
Timeout, sequence number = 2013
Timeout, sequence number = 2019
Timeout, sequence number = 2031
[CLIENT] Sent data seq=2100
Timeout, sequence number = 2041
Timeout, sequence number = 2047
Timeout, sequence number = 2053
Timeout, sequence number = 2095
[CLIENT] Received ACK seq=2100
Timeout, sequence number = 2125
Timeout, sequence number = 2132
[CLIENT] Sent data seq=2200
Timeout, sequence number = 2153
Timeout, sequence number = 2155
Timeout, sequence number = 2165
Timeout, sequence number = 2174
Timeout, sequence number = 2196
[CLIENT] Received ACK seq=2200
Timeout, sequence number = 2201
Timeout, sequence number = 2221
Timeout, sequence number = 2223
Timeout, sequence number = 2229
[CLIENT] Sent data seq=2300
Timeout, sequence number = 2241
Timeout, sequence number = 2254
Timeout, sequence number = 2255
Timeout, sequence number = 2255
Timeout, sequence number = 2258
[CLIENT] Received ACK seq=2300
Timeout, sequence number = 2312
[CLIENT] Sent data seq=2400
Timeout, sequence number = 2340
Timeout, sequence number = 2344
Timeout, sequence number = 2376
Timeout, sequence number = 2381
[CLIENT] Received ACK seq=2400
[CLIENT] Summary: sent_packets=2401, ack_packets=2401, retransmitted_packets=12387, timeout_events=195
Transfer complete. Delay = 102.353377 seconds

=== STDERR ===
