=== STDOUT ===
[CLIENT] Starting transfer: server=10.153.27.102:7735, file=demo_input.bin, N=64, MSS=500, total_segments=2401
[CLIENT] Sent data seq=0
[CLIENT] Sent data seq=1
[CLIENT] Sent data seq=2
[CLIENT] Sent data seq=3
[CLIENT] Sent data seq=4
[CLIENT] Received ACK seq=0
Timeout, sequence number = 1
[CLIENT] Received ACK seq=1
[CLIENT] Received ACK seq=2
[CLIENT] Received ACK seq=3
[CLIENT] Received ACK seq=4
Timeout, sequence number = 7
Timeout, sequence number = 31
Timeout, sequence number = 32
[CLIENT] Sent data seq=100
Timeout, sequence number = 41
Timeout, sequence number = 46
Timeout, sequence number = 76
Timeout, sequence number = 78
Timeout, sequence number = 78
Timeout, sequence number = 82
Timeout, sequence number = 95
[CLIENT] Received ACK seq=100
Timeout, sequence number = 109
Timeout, sequence number = 119
Timeout, sequence number = 122
Timeout, sequence number = 123
Timeout, sequence number = 135
[CLIENT] Sent data seq=200
Timeout, sequence number = 138
Timeout, sequence number = 157
Timeout, sequence number = 158
Timeout, sequence number = 166
Timeout, sequence number = 176
Timeout, sequence number = 177
Timeout, sequence number = 189
Timeout, sequence number = 192
Timeout, sequence number = 196
[CLIENT] Received ACK seq=200
Timeout, sequence number = 202
Timeout, sequence number = 208
[CLIENT] Sent data seq=300
Timeout, sequence number = 238
Timeout, sequence number = 238
Timeout, sequence number = 241
Timeout, sequence number = 271
Timeout, sequence number = 285
[CLIENT] Received ACK seq=300
Timeout, sequence number = 316
Timeout, sequence number = 322
Timeout, sequence number = 329
[CLIENT] Sent data seq=400
Timeout, sequence number = 340
Timeout, sequence number = 372
Timeout, sequence number = 374
Timeout, sequence number = 376
Timeout, sequence number = 385
[CLIENT] Received ACK seq=400
Timeout, sequence number = 407
Timeout, sequence number = 412
[CLIENT] Sent data seq=500
Timeout, sequence number = 476
Timeout, sequence number = 481
Timeout, sequence number = 492
[CLIENT] Received ACK seq=500
Timeout, sequence number = 513
Timeout, sequence number = 525
[CLIENT] Sent data seq=600
Timeout, sequence number = 554
Timeout, sequence number = 556
Timeout, sequence number = 562
Timeout, sequence number = 573
Timeout, sequence number = 593
Timeout, sequence number = 594
Timeout, sequence number = 595
[CLIENT] Received ACK seq=600
Timeout, sequence number = 601
Timeout, sequence number = 626
[CLIENT] Sent data seq=700
Timeout, sequence number = 685
Timeout, sequence number = 686
[CLIENT] Received ACK seq=700
Timeout, sequence number = 702
Timeout, sequence number = 707
Timeout, sequence number = 708
Timeout, sequence number = 712
Timeout, sequence number = 715
Timeout, sequence number = 719
Timeout, sequence number = 719
[CLIENT] Sent data seq=800
Timeout, sequence number = 741
Timeout, sequence number = 757
Timeout, sequence number = 763
Timeout, sequence number = 785
Timeout, sequence number = 786
Timeout, sequence number = 789
Timeout, sequence number = 795
[CLIENT] Received ACK seq=800
Timeout, sequence number = 809
[CLIENT] Sent data seq=900
Timeout, sequence number = 871
Timeout, sequence number = 874
Timeout, sequence number = 876
Timeout, sequence number = 876
Timeout, sequence number = 888
Timeout, sequence number = 895
[CLIENT] Received ACK seq=900
Timeout, sequence number = 903
Timeout, sequence number = 903
Timeout, sequence number = 904
Timeout, sequence number = 906
Timeout, sequence number = 917
[CLIENT] Sent data seq=1000
Timeout, sequence number = 938
Timeout, sequence number = 942
Timeout, sequence number = 960
Timeout, sequence number = 976
[CLIENT] Received ACK seq=1000
Timeout, sequence number = 1005
Timeout, sequence number = 1015
Timeout, sequence number = 1019
Timeout, sequence number = 1031
[CLIENT] Sent data seq=1100
Timeout, sequence number = 1049
Timeout, sequence number = 1053
Timeout, sequence number = 1053
Timeout, sequence number = 1066
Timeout, sequence number = 1078
Timeout, sequence number = 1093
Timeout, sequence number = 1093
[CLIENT] Received ACK seq=1100
Timeout, sequence number = 1117
Timeout, sequence number = 1122
[CLIENT] Sent data seq=1200
Timeout, sequence number = 1151
Timeout, sequence number = 1172
Timeout, sequence number = 1173
Timeout, sequence number = 1175
Timeout, sequence number = 1197
Timeout, sequence number = 1197
[CLIENT] Received ACK seq=1200
Timeout, sequence number = 1212
[CLIENT] Sent data seq=1300
Timeout, sequence number = 1246
Timeout, sequence number = 1256
Timeout, sequence number = 1260
Timeout, sequence number = 1269
Timeout, sequence number = 1269
Timeout, sequence number = 1273
Timeout, sequence number = 1286
Timeout, sequence number = 1298
[CLIENT] Received ACK seq=1300
[CLIENT] Sent data seq=1400
Timeout, sequence number = 1338
Timeout, sequence number = 1364
Timeout, sequence number = 1373
Timeout, sequence number = 1382
Timeout, sequence number = 1382
Timeout, sequence number = 1395
[CLIENT] Received ACK seq=1400
Timeout, sequence number = 1404
Timeout, sequence number = 1406
Timeout, sequence number = 1409
Timeout, sequence number = 1430
[CLIENT] Sent data seq=1500
Timeout, sequence number = 1444
Timeout, sequence number = 1450
Timeout, sequence number = 1469
Timeout, sequence number = 1495
[CLIENT] Received ACK seq=1500
[CLIENT] Sent data seq=1600
Timeout, sequence number = 1539
Timeout, sequence number = 1539
Timeout, sequence number = 1567
Timeout, sequence number = 1586
Timeout, sequence number = 1594
Timeout, sequence number = 1595
[CLIENT] Received ACK seq=1600
Timeout, sequence number = 1603
Timeout, sequence number = 1610
Timeout, sequence number = 1627
[CLIENT] Sent data seq=1700
Timeout, sequence number = 1647
Timeout, sequence number = 1659
Timeout, sequence number = 1672
Timeout, sequence number = 1676
Timeout, sequence number = 1677
Timeout, sequence number = 1683
Timeout, sequence number = 1688
Timeout, sequence number = 1688
Timeout, sequence number = 1698
[CLIENT] Received ACK seq=1700
Timeout, sequence number = 1717
Timeout, sequence number = 1720
[CLIENT] Sent data seq=1800
Timeout, sequence number = 1744
Timeout, sequence number = 1758
Timeout, sequence number = 1776
Timeout, sequence number = 1778
Timeout, sequence number = 1787
Timeout, sequence number = 1788
Timeout, sequence number = 1792
[CLIENT] Received ACK seq=1800
Timeout, sequence number = 1801
Timeout, sequence number = 1809
Timeout, sequence number = 1812
Timeout, sequence number = 1814
Timeout, sequence number = 1814
Timeout, sequence number = 1817
Timeout, sequence number = 1817
Timeout, sequence number = 1833
[CLIENT] Sent data seq=1900
Timeout, sequence number = 1846
Timeout, sequence number = 1851
[CLIENT] Received ACK seq=1900
Timeout, sequence number = 1906
Timeout, sequence number = 1908
Timeout, sequence number = 1919
[CLIENT] Sent data seq=2000
Timeout, sequence number = 1939
Timeout, sequence number = 1944
Timeout, sequence number = 1948
Timeout, sequence number = 1951
Timeout, sequence number = 1983
Timeout, sequence number = 1989
Timeout, sequence number = 1994
Timeout, sequence number = 1999
[CLIENT] Received ACK seq=2000
Timeout, sequence number = 2004
Timeout, sequence number = 2009
Timeout, sequence number = 2016
Timeout, sequence number = 2036
[CLIENT] Sent data seq=2100
Timeout, sequence number = 2041
Timeout, sequence number = 2049
Timeout, sequence number = 2050
Timeout, sequence number = 2064
Timeout, sequence number = 2068
Timeout, sequence number = 2073
Timeout, sequence number = 2097
Timeout, sequence number = 2099
[CLIENT] Received ACK seq=2100
Timeout, sequence number = 2102
Timeout, sequence number = 2105
[CLIENT] Sent data seq=2200
Timeout, sequence number = 2139
Timeout, sequence number = 2140
Timeout, sequence number = 2162
Timeout, sequence number = 2166
Timeout, sequence number = 2178
Timeout, sequence number = 2180
Timeout, sequence number = 2180
[CLIENT] Received ACK seq=2200
Timeout, sequence number = 2201
Timeout, sequence number = 2233
[CLIENT] Sent data seq=2300
Timeout, sequence number = 2248
Timeout, sequence number = 2262
Timeout, sequence number = 2279
Timeout, sequence number = 2279
Timeout, sequence number = 2299
Timeout, sequence number = 2299
[CLIENT] Received ACK seq=2300
Timeout, sequence number = 2326
[CLIENT] Sent data seq=2400
Timeout, sequence number = 2343
Timeout, sequence number = 2353
Timeout, sequence number = 2363
Timeout, sequence number = 2364
Timeout, sequence number = 2365
Timeout, sequence number = 2393
Timeout, sequence number = 2399
[CLIENT] Received ACK seq=2400
[CLIENT] Summary: sent_packets=2401, ack_packets=2401, retransmitted_packets=13539, timeout_events=215
Transfer complete. Delay = 112.513759 seconds

=== STDERR ===
