=== STDOUT ===
[CLIENT] Starting transfer: server=10.153.27.102:7735, file=demo_input.bin, N=64, MSS=500, total_segments=2401
[CLIENT] Sent data seq=0
[CLIENT] Sent data seq=1
[CLIENT] Sent data seq=2
[CLIENT] Sent data seq=3
[CLIENT] Sent data seq=4
[CLIENT] Received ACK seq=0
[CLIENT] Received ACK seq=1
Timeout, sequence number = 2
[CLIENT] Received ACK seq=2
[CLIENT] Received ACK seq=3
[CLIENT] Received ACK seq=4
Timeout, sequence number = 9
Timeout, sequence number = 19
Timeout, sequence number = 35
[CLIENT] Sent data seq=100
Timeout, sequence number = 39
Timeout, sequence number = 60
Timeout, sequence number = 72
Timeout, sequence number = 91
Timeout, sequence number = 96
[CLIENT] Received ACK seq=100
Timeout, sequence number = 107
Timeout, sequence number = 116
[CLIENT] Sent data seq=200
[CLIENT] Received ACK seq=200
Timeout, sequence number = 223
Timeout, sequence number = 226
Timeout, sequence number = 232
[CLIENT] Sent data seq=300
Timeout, sequence number = 246
Timeout, sequence number = 250
Timeout, sequence number = 282
[CLIENT] Received ACK seq=300
[CLIENT] Sent data seq=400
Timeout, sequence number = 368
Timeout, sequence number = 376
Timeout, sequence number = 382
[CLIENT] Received ACK seq=400
Timeout, sequence number = 404
Timeout, sequence number = 409
[CLIENT] Sent data seq=500
Timeout, sequence number = 462
Timeout, sequence number = 476
Timeout, sequence number = 476
Timeout, sequence number = 497
[CLIENT] Received ACK seq=500
Timeout, sequence number = 515
Timeout, sequence number = 527
[CLIENT] Sent data seq=600
Timeout, sequence number = 598
[CLIENT] Received ACK seq=600
Timeout, sequence number = 619
[CLIENT] Sent data seq=700
Timeout, sequence number = 675
[CLIENT] Received ACK seq=700
[CLIENT] Sent data seq=800
Timeout, sequence number = 739
Timeout, sequence number = 752
[CLIENT] Received ACK seq=800
[CLIENT] Sent data seq=900
Timeout, sequence number = 855
Timeout, sequence number = 867
Timeout, sequence number = 872
Timeout, sequence number = 886
Timeout, sequence number = 886
Timeout, sequence number = 893
[CLIENT] Received ACK seq=900
[CLIENT] Sent data seq=1000
Timeout, sequence number = 998
[CLIENT] Received ACK seq=1000
Timeout, sequence number = 1016
Timeout, sequence number = 1017
Timeout, sequence number = 1019
Timeout, sequence number = 1023
[CLIENT] Sent data seq=1100
Timeout, sequence number = 1053
Timeout, sequence number = 1055
Timeout, sequence number = 1078
Timeout, sequence number = 1094
[CLIENT] Received ACK seq=1100
Timeout, sequence number = 1103
Timeout, sequence number = 1111
Timeout, sequence number = 1122
Timeout, sequence number = 1129
Timeout, sequence number = 1129
[CLIENT] Sent data seq=1200
Timeout, sequence number = 1155
[CLIENT] Received ACK seq=1200
Timeout, sequence number = 1204
[CLIENT] Sent data seq=1300
Timeout, sequence number = 1262
Timeout, sequence number = 1280
[CLIENT] Received ACK seq=1300
Timeout, sequence number = 1313
Timeout, sequence number = 1323
Timeout, sequence number = 1324
[CLIENT] Sent data seq=1400
Timeout, sequence number = 1362
Timeout, sequence number = 1390
Timeout, sequence number = 1396
[CLIENT] Received ACK seq=1400
Timeout, sequence number = 1407
Timeout, sequence number = 1411
[CLIENT] Sent data seq=1500
Timeout, sequence number = 1439
Timeout, sequence number = 1492
Timeout, sequence number = 1498
[CLIENT] Received ACK seq=1500
[CLIENT] Sent data seq=1600
Timeout, sequence number = 1541
Timeout, sequence number = 1571
Timeout, sequence number = 1575
Timeout, sequence number = 1581
Timeout, sequence number = 1591
Timeout, sequence number = 1599
[CLIENT] Received ACK seq=1600
Timeout, sequence number = 1606
Timeout, sequence number = 1620
[CLIENT] Sent data seq=1700
Timeout, sequence number = 1647
Timeout, sequence number = 1648
Timeout, sequence number = 1667
Timeout, sequence number = 1680
Timeout, sequence number = 1684
Timeout, sequence number = 1691
Timeout, sequence number = 1699
[CLIENT] Received ACK seq=1700
Timeout, sequence number = 1721
Timeout, sequence number = 1727
[CLIENT] Sent data seq=1800
Timeout, sequence number = 1743
Timeout, sequence number = 1767
[CLIENT] Received ACK seq=1800
Timeout, sequence number = 1830
Timeout, sequence number = 1832
Timeout, sequence number = 1833
[CLIENT] Sent data seq=1900
Timeout, sequence number = 1843
Timeout, sequence number = 1851
Timeout, sequence number = 1856
Timeout, sequence number = 1879
[CLIENT] Received ACK seq=1900
Timeout, sequence number = 1905
Timeout, sequence number = 1910
[CLIENT] Sent data seq=2000
Timeout, sequence number = 1942
Timeout, sequence number = 1949
Timeout, sequence number = 1970
Timeout, sequence number = 1972
[CLIENT] Received ACK seq=2000
Timeout, sequence number = 2003
Timeout, sequence number = 2033
[CLIENT] Sent data seq=2100
Timeout, sequence number = 2050
Timeout, sequence number = 2096
[CLIENT] Received ACK seq=2100
Timeout, sequence number = 2114
Timeout, sequence number = 2114
[CLIENT] Sent data seq=2200
Timeout, sequence number = 2138
Timeout, sequence number = 2171
Timeout, sequence number = 2196
[CLIENT] Received ACK seq=2200
Timeout, sequence number = 2201
Timeout, sequence number = 2202
Timeout, sequence number = 2205
Timeout, sequence number = 2222
Timeout, sequence number = 2225
[CLIENT] Sent data seq=2300
Timeout, sequence number = 2242
Timeout, sequence number = 2245
Timeout, sequence number = 2260
Timeout, sequence number = 2288
Timeout, sequence number = 2288
Timeout, sequence number = 2297
[CLIENT] Received ACK seq=2300
Timeout, sequence number = 2304
Timeout, sequence number = 2312
[CLIENT] Sent data seq=2400
Timeout, sequence number = 2346
Timeout, sequence number = 2363
Timeout, sequence number = 2384
[CLIENT] Received ACK seq=2400
[CLIENT] Summary: sent_packets=2401, ack_packets=2401, retransmitted_packets=7918, timeout_events=125
Transfer complete. Delay = 65.742339 seconds

=== STDERR ===
