=== STDOUT ===
[CLIENT] Starting transfer: server=10.153.27.102:7735, file=demo_input.bin, N=64, MSS=500, total_segments=2401
[CLIENT] Sent data seq=0
[CLIENT] Sent data seq=1
[CLIENT] Sent data seq=2
[CLIENT] Sent data seq=3
[CLIENT] Sent data seq=4
[CLIENT] Received ACK seq=0
[CLIENT] Received ACK seq=1
[CLIENT] Received ACK seq=2
[CLIENT] Received ACK seq=3
[CLIENT] Received ACK seq=4
Timeout, sequence number = 22
Timeout, sequence number = 24
Timeout, sequence number = 30
[CLIENT] Sent data seq=100
Timeout, sequence number = 51
Timeout, sequence number = 66
Timeout, sequence number = 99
[CLIENT] Received ACK seq=100
Timeout, sequence number = 120
Timeout, sequence number = 135
[CLIENT] Sent data seq=200
Timeout, sequence number = 138
Timeout, sequence number = 162
Timeout, sequence number = 184
Timeout, sequence number = 185
[CLIENT] Received ACK seq=200
Timeout, sequence number = 210
Timeout, sequence number = 216
[CLIENT] Sent data seq=300
Timeout, sequence number = 239
Timeout, sequence number = 291
Timeout, sequence number = 296
[CLIENT] Received ACK seq=300
Timeout, sequence number = 315
[CLIENT] Sent data seq=400
Timeout, sequence number = 346
Timeout, sequence number = 362
Timeout, sequence number = 365
Timeout, sequence number = 393
Timeout, sequence number = 398
Timeout, sequence number = 398
[CLIENT] Received ACK seq=400
Timeout, sequence number = 427
[CLIENT] Sent data seq=500
Timeout, sequence number = 437
Timeout, sequence number = 448
Timeout, sequence number = 461
Timeout, sequence number = 463
Timeout, sequence number = 464
Timeout, sequence number = 492
Timeout, sequence number = 494
[CLIENT] Received ACK seq=500
Timeout, sequence number = 512
[CLIENT] Sent data seq=600
Timeout, sequence number = 541
Timeout, sequence number = 580
Timeout, sequence number = 584
Timeout, sequence number = 588
[CLIENT] Received ACK seq=600
[CLIENT] Sent data seq=700
Timeout, sequence number = 684
Timeout, sequence number = 697
[CLIENT] Received ACK seq=700
Timeout, sequence number = 705
Timeout, sequence number = 729
Timeout, sequence number = 735
[CLIENT] Sent data seq=800
Timeout, sequence number = 751
Timeout, sequence number = 772
Timeout, sequence number = 780
Timeout, sequence number = 789
[CLIENT] Received ACK seq=800
Timeout, sequence number = 820
Timeout, sequence number = 825
Timeout, sequence number = 826
Timeout, sequence number = 833
[CLIENT] Sent data seq=900
Timeout, sequence number = 857
Timeout, sequence number = 861
Timeout, sequence number = 868
Timeout, sequence number = 876
Timeout, sequence number = 883
[CLIENT] Received ACK seq=900
Timeout, sequence number = 909
[CLIENT] Sent data seq=1000
Timeout, sequence number = 945
Timeout, sequence number = 946
Timeout, sequence number = 953
Timeout, sequence number = 963
Timeout, sequence number = 978
[CLIENT] Received ACK seq=1000
Timeout, sequence number = 1018
Timeout, sequence number = 1021
Timeout, sequence number = 1036
[CLIENT] Sent data seq=1100
Timeout, sequence number = 1051
[CLIENT] Received ACK seq=1100
Timeout, sequence number = 1126
[CLIENT] Sent data seq=1200
Timeout, sequence number = 1141
Timeout, sequence number = 1147
Timeout, sequence number = 1181
[CLIENT] Received ACK seq=1200
Timeout, sequence number = 1203
Timeout, sequence number = 1217
[CLIENT] Sent data seq=1300
Timeout, sequence number = 1252
Timeout, sequence number = 1255
Timeout, sequence number = 1261
Timeout, sequence number = 1271
Timeout, sequence number = 1274
Timeout, sequence number = 1281
Timeout, sequence number = 1300
[CLIENT] Received ACK seq=1300
[CLIENT] Sent data seq=1400
[CLIENT] Received ACK seq=1400
Timeout, sequence number = 1409
Timeout, sequence number = 1420
Timeout, sequence number = 1423
Timeout, sequence number = 1433
[CLIENT] Sent data seq=1500
Timeout, sequence number = 1451
Timeout, sequence number = 1455
[CLIENT] Received ACK seq=1500
Timeout, sequence number = 1510
Timeout, sequence number = 1513
[CLIENT] Sent data seq=1600
Timeout, sequence number = 1556
Timeout, sequence number = 1578
Timeout, sequence number = 1592
[CLIENT] Received ACK seq=1600
Timeout, sequence number = 1622
[CLIENT] Sent data seq=1700
Timeout, sequence number = 1692
[CLIENT] Received ACK seq=1700
Timeout, sequence number = 1721
Timeout, sequence number = 1729
[CLIENT] Sent data seq=1800
Timeout, sequence number = 1746
Timeout, sequence number = 1784
[CLIENT] Received ACK seq=1800
Timeout, sequence number = 1823
Timeout, sequence number = 1830
Timeout, sequence number = 1833
[CLIENT] Sent data seq=1900
Timeout, sequence number = 1840
Timeout, sequence number = 1849
Timeout, sequence number = 1850
Timeout, sequence number = 1874
Timeout, sequence number = 1876
Timeout, sequence number = 1882
[CLIENT] Received ACK seq=1900
Timeout, sequence number = 1908
Timeout, sequence number = 1920
[CLIENT] Sent data seq=2000
Timeout, sequence number = 1937
Timeout, sequence number = 1943
Timeout, sequence number = 1974
Timeout, sequence number = 1985
Timeout, sequence number = 1985
[CLIENT] Received ACK seq=2000
Timeout, sequence number = 2002
Timeout, sequence number = 2018
Timeout, sequence number = 2018
[CLIENT] Sent data seq=2100
Timeout, sequence number = 2052
Timeout, sequence number = 2080
Timeout, sequence number = 2084
Timeout, sequence number = 2086
Timeout, sequence number = 2090
Timeout, sequence number = 2092
[CLIENT] Received ACK seq=2100
Timeout, sequence number = 2114
Timeout, sequence number = 2129
[CLIENT] Sent data seq=2200
Timeout, sequence number = 2183
Timeout, sequence number = 2185
[CLIENT] Received ACK seq=2200
Timeout, sequence number = 2217
[CLIENT] Sent data seq=2300
Timeout, sequence number = 2254
[CLIENT] Received ACK seq=2300
[CLIENT] Sent data seq=2400
Timeout, sequence number = 2360
Timeout, sequence number = 2392
Timeout, sequence number = 2393
[CLIENT] Received ACK seq=2400
[CLIENT] Summary: sent_packets=2401, ack_packets=2401, retransmitted_packets=8122, timeout_events=129
Transfer complete. Delay = 67.862674 seconds

=== STDERR ===
