=== STDOUT ===
[CLIENT] Starting transfer: server=10.153.27.102:7735, file=demo_input.bin, N=64, MSS=500, total_segments=2401
[CLIENT] Sent data seq=0
[CLIENT] Sent data seq=1
[CLIENT] Sent data seq=2
[CLIENT] Sent data seq=3
[CLIENT] Sent data seq=4
[CLIENT] Received ACK seq=0
[CLIENT] Received ACK seq=1
[CLIENT] Received ACK seq=2
[CLIENT] Received ACK seq=3
[CLIENT] Received ACK seq=4
Timeout, sequence number = 17
[CLIENT] Sent data seq=100
Timeout, sequence number = 53
[CLIENT] Received ACK seq=100
Timeout, sequence number = 126
[CLIENT] Sent data seq=200
[CLIENT] Received ACK seq=200
Timeout, sequence number = 226
[CLIENT] Sent data seq=300
[CLIENT] Received ACK seq=300
Timeout, sequence number = 325
[CLIENT] Sent data seq=400
Timeout, sequence number = 370
Timeout, sequence number = 387
[CLIENT] Received ACK seq=400
Timeout, sequence number = 402
[CLIENT] Sent data seq=500
[CLIENT] Received ACK seq=500
Timeout, sequence number = 515
[CLIENT] Sent data seq=600
Timeout, sequence number = 567
[CLIENT] Received ACK seq=600
[CLIENT] Sent data seq=700
Timeout, sequence number = 640
Timeout, sequence number = 646
Timeout, sequence number = 646
[CLIENT] Received ACK seq=700
Timeout, sequence number = 723
[CLIENT] Sent data seq=800
[CLIENT] Received ACK seq=800
Timeout, sequence number = 818
[CLIENT] Sent data seq=900
[CLIENT] Received ACK seq=900
Timeout, sequence number = 907
[CLIENT] Sent data seq=1000
Timeout, sequence number = 961
[CLIENT] Received ACK seq=1000
[CLIENT] Sent data seq=1100
[CLIENT] Received ACK seq=1100
Timeout, sequence number = 1126
[CLIENT] Sent data seq=1200
Timeout, sequence number = 1137
Timeout, sequence number = 1146
Timeout, sequence number = 1149
[CLIENT] Received ACK seq=1200
[CLIENT] Sent data seq=1300
Timeout, sequence number = 1259
Timeout, sequence number = 1290
[CLIENT] Received ACK seq=1300
Timeout, sequence number = 1325
Timeout, sequence number = 1328
[CLIENT] Sent data seq=1400
Timeout, sequence number = 1367
[CLIENT] Received ACK seq=1400
[CLIENT] Sent data seq=1500
[CLIENT] Received ACK seq=1500
[CLIENT] Sent data seq=1600
Timeout, sequence number = 1573
[CLIENT] Received ACK seq=1600
[CLIENT] Sent data seq=1700
Timeout, sequence number = 1676
[CLIENT] Received ACK seq=1700
[CLIENT] Sent data seq=1800
Timeout, sequence number = 1756
[CLIENT] Received ACK seq=1800
Timeout, sequence number = 1805
Timeout, sequence number = 1822
[CLIENT] Sent data seq=1900
Timeout, sequence number = 1872
[CLIENT] Received ACK seq=1900
Timeout, sequence number = 1916
[CLIENT] Sent data seq=2000
Timeout, sequence number = 1964
Timeout, sequence number = 1983
[CLIENT] Received ACK seq=2000
[CLIENT] Sent data seq=2100
Timeout, sequence number = 2084
[CLIENT] Received ACK seq=2100
Timeout, sequence number = 2132
[CLIENT] Sent data seq=2200
[CLIENT] Received ACK seq=2200
[CLIENT] Sent data seq=2300
Timeout, sequence number = 2247
Timeout, sequence number = 2275
[CLIENT] Received ACK seq=2300
Timeout, sequence number = 2334
[CLIENT] Sent data seq=2400
Timeout, sequence number = 2339
Timeout, sequence number = 2383
[CLIENT] Received ACK seq=2400
[CLIENT] Summary: sent_packets=2401, ack_packets=2401, retransmitted_packets=2640, timeout_events=42
Transfer complete. Delay = 22.324928 seconds

=== STDERR ===
