=== STDOUT ===
[CLIENT] Starting transfer: server=10.153.27.102:7735, file=demo_input.bin, N=64, MSS=1000, total_segments=1201
[CLIENT] Sent data seq=0
[CLIENT] Sent data seq=1
[CLIENT] Sent data seq=2
[CLIENT] Sent data seq=3
[CLIENT] Sent data seq=4
[CLIENT] Received ACK seq=0
[CLIENT] Received ACK seq=1
[CLIENT] Received ACK seq=2
[CLIENT] Received ACK seq=3
[CLIENT] Received ACK seq=4
Timeout, sequence number = 10
Timeout, sequence number = 25
[CLIENT] Sent data seq=100
Timeout, sequence number = 52
Timeout, sequence number = 55
Timeout, sequence number = 68
Timeout, sequence number = 71
Timeout, sequence number = 96
Timeout, sequence number = 98
[CLIENT] Received ACK seq=100
Timeout, sequence number = 103
Timeout, sequence number = 106
Timeout, sequence number = 117
Timeout, sequence number = 119
[CLIENT] Sent data seq=200
Timeout, sequence number = 184
Timeout, sequence number = 200
[CLIENT] Received ACK seq=200
Timeout, sequence number = 212
[CLIENT] Sent data seq=300
Timeout, sequence number = 238
Timeout, sequence number = 272
Timeout, sequence number = 286
Timeout, sequence number = 299
[CLIENT] Received ACK seq=300
Timeout, sequence number = 307
Timeout, sequence number = 332
Timeout, sequence number = 332
[CLIENT] Sent data seq=400
Timeout, sequence number = 369
Timeout, sequence number = 392
[CLIENT] Received ACK seq=400
Timeout, sequence number = 412
Timeout, sequence number = 436
[CLIENT] Sent data seq=500
Timeout, sequence number = 470
Timeout, sequence number = 480
[CLIENT] Received ACK seq=500
Timeout, sequence number = 507
Timeout, sequence number = 511
Timeout, sequence number = 521
Timeout, sequence number = 521
[CLIENT] Sent data seq=600
[CLIENT] Received ACK seq=600
[CLIENT] Sent data seq=700
Timeout, sequence number = 643
Timeout, sequence number = 655
Timeout, sequence number = 668
Timeout, sequence number = 676
Timeout, sequence number = 693
[CLIENT] Received ACK seq=700
Timeout, sequence number = 712
Timeout, sequence number = 728
[CLIENT] Sent data seq=800
Timeout, sequence number = 762
Timeout, sequence number = 776
[CLIENT] Received ACK seq=800
Timeout, sequence number = 810
Timeout, sequence number = 826
[CLIENT] Sent data seq=900
Timeout, sequence number = 850
Timeout, sequence number = 894
Timeout, sequence number = 895
[CLIENT] Received ACK seq=900
Timeout, sequence number = 914
Timeout, sequence number = 914
[CLIENT] Sent data seq=1000
Timeout, sequence number = 952
Timeout, sequence number = 975
Timeout, sequence number = 975
Timeout, sequence number = 975
[CLIENT] Received ACK seq=1000
Timeout, sequence number = 1023
[CLIENT] Sent data seq=1100
Timeout, sequence number = 1065
[CLIENT] Received ACK seq=1100
Timeout, sequence number = 1103
Timeout, sequence number = 1111
Timeout, sequence number = 1114
[CLIENT] Sent data seq=1200
Timeout, sequence number = 1149
Timeout, sequence number = 1165
[CLIENT] Received ACK seq=1200
[CLIENT] Summary: sent_packets=1201, ack_packets=1201, retransmitted_packets=3736, timeout_events=59
Transfer complete. Delay = 31.358650 seconds

=== STDERR ===
