=== STDOUT ===
[CLIENT] Starting transfer: server=10.153.27.102:7735, file=demo_input.bin, N=64, MSS=500, total_segments=2401
[CLIENT] Sent data seq=0
[CLIENT] Sent data seq=1
[CLIENT] Sent data seq=2
[CLIENT] Sent data seq=3
[CLIENT] Sent data seq=4
[CLIENT] Received ACK seq=0
[CLIENT] Received ACK seq=1
[CLIENT] Received ACK seq=2
[CLIENT] Received ACK seq=3
[CLIENT] Received ACK seq=4
Timeout, sequence number = 8
[CLIENT] Sent data seq=100
Timeout, sequence number = 64
Timeout, sequence number = 94
[CLIENT] Received ACK seq=100
Timeout, sequence number = 101
[CLIENT] Sent data seq=200
Timeout, sequence number = 174
[CLIENT] Received ACK seq=200
[CLIENT] Sent data seq=300
Timeout, sequence number = 238
Timeout, sequence number = 265
Timeout, sequence number = 273
Timeout, sequence number = 290
[CLIENT] Received ACK seq=300
Timeout, sequence number = 329
[CLIENT] Sent data seq=400
Timeout, sequence number = 366
Timeout, sequence number = 377
Timeout, sequence number = 379
[CLIENT] Received ACK seq=400
Timeout, sequence number = 420
Timeout, sequence number = 423
Timeout, sequence number = 433
[CLIENT] Sent data seq=500
[CLIENT] Received ACK seq=500
Timeout, sequence number = 519
[CLIENT] Sent data seq=600
Timeout, sequence number = 558
[CLIENT] Received ACK seq=600
[CLIENT] Sent data seq=700
Timeout, sequence number = 675
Timeout, sequence number = 678
[CLIENT] Received ACK seq=700
[CLIENT] Sent data seq=800
Timeout, sequence number = 770
Timeout, sequence number = 785
[CLIENT] Received ACK seq=800
Timeout, sequence number = 824
[CLIENT] Sent data seq=900
Timeout, sequence number = 838
Timeout, sequence number = 840
Timeout, sequence number = 842
Timeout, sequence number = 861
Timeout, sequence number = 877
[CLIENT] Received ACK seq=900
Timeout, sequence number = 911
Timeout, sequence number = 923
Timeout, sequence number = 930
[CLIENT] Sent data seq=1000
Timeout, sequence number = 941
Timeout, sequence number = 944
Timeout, sequence number = 957
Timeout, sequence number = 968
[CLIENT] Received ACK seq=1000
Timeout, sequence number = 1012
Timeout, sequence number = 1022
Timeout, sequence number = 1031
[CLIENT] Sent data seq=1100
Timeout, sequence number = 1061
Timeout, sequence number = 1069
Timeout, sequence number = 1074
[CLIENT] Received ACK seq=1100
Timeout, sequence number = 1110
Timeout, sequence number = 1121
Timeout, sequence number = 1123
[CLIENT] Sent data seq=1200
Timeout, sequence number = 1159
[CLIENT] Received ACK seq=1200
Timeout, sequence number = 1224
[CLIENT] Sent data seq=1300
Timeout, sequence number = 1273
Timeout, sequence number = 1283
Timeout, sequence number = 1295
[CLIENT] Received ACK seq=1300
Timeout, sequence number = 1324
[CLIENT] Sent data seq=1400
Timeout, sequence number = 1382
[CLIENT] Received ACK seq=1400
Timeout, sequence number = 1406
[CLIENT] Sent data seq=1500
Timeout, sequence number = 1446
Timeout, sequence number = 1452
Timeout, sequence number = 1479
[CLIENT] Received ACK seq=1500
Timeout, sequence number = 1533
[CLIENT] Sent data seq=1600
Timeout, sequence number = 1560
Timeout, sequence number = 1569
Timeout, sequence number = 1600
[CLIENT] Received ACK seq=1600
[CLIENT] Sent data seq=1700
Timeout, sequence number = 1647
Timeout, sequence number = 1665
Timeout, sequence number = 1674
[CLIENT] Received ACK seq=1700
Timeout, sequence number = 1717
Timeout, sequence number = 1720
Timeout, sequence number = 1727
[CLIENT] Sent data seq=1800
Timeout, sequence number = 1791
[CLIENT] Received ACK seq=1800
Timeout, sequence number = 1809
Timeout, sequence number = 1833
[CLIENT] Sent data seq=1900
Timeout, sequence number = 1837
Timeout, sequence number = 1870
Timeout, sequence number = 1888
Timeout, sequence number = 1890
Timeout, sequence number = 1892
[CLIENT] Received ACK seq=1900
Timeout, sequence number = 1931
[CLIENT] Sent data seq=2000
Timeout, sequence number = 1984
[CLIENT] Received ACK seq=2000
Timeout, sequence number = 2008
[CLIENT] Sent data seq=2100
Timeout, sequence number = 2064
Timeout, sequence number = 2064
Timeout, sequence number = 2064
Timeout, sequence number = 2076
Timeout, sequence number = 2080
Timeout, sequence number = 2082
[CLIENT] Received ACK seq=2100
[CLIENT] Sent data seq=2200
Timeout, sequence number = 2184
Timeout, sequence number = 2184
Timeout, sequence number = 2195
[CLIENT] Received ACK seq=2200
Timeout, sequence number = 2235
[CLIENT] Sent data seq=2300
Timeout, sequence number = 2287
Timeout, sequence number = 2299
[CLIENT] Received ACK seq=2300
Timeout, sequence number = 2308
Timeout, sequence number = 2321
[CLIENT] Sent data seq=2400
Timeout, sequence number = 2351
Timeout, sequence number = 2359
Timeout, sequence number = 2381
Timeout, sequence number = 2400
[CLIENT] Received ACK seq=2400
[CLIENT] Summary: sent_packets=2401, ack_packets=2401, retransmitted_packets=5873, timeout_events=94
Transfer complete. Delay = 49.563914 seconds

=== STDERR ===
