=== STDOUT ===
[CLIENT] Starting transfer: server=10.153.27.102:7735, file=demo_input.bin, N=64, MSS=400, total_segments=3001
[CLIENT] Sent data seq=0
[CLIENT] Sent data seq=1
[CLIENT] Sent data seq=2
[CLIENT] Sent data seq=3
[CLIENT] Sent data seq=4
[CLIENT] Received ACK seq=0
[CLIENT] Received ACK seq=1
[CLIENT] Received ACK seq=2
Timeout, sequence number = 3
[CLIENT] Received ACK seq=3
Timeout, sequence number = 4
[CLIENT] Received ACK seq=4
Timeout, sequence number = 15
Timeout, sequence number = 26
Timeout, sequence number = 26
[CLIENT] Sent data seq=100
Timeout, sequence number = 51
Timeout, sequence number = 68
Timeout, sequence number = 78
Timeout, sequence number = 91
Timeout, sequence number = 100
Timeout, sequence number = 100
[CLIENT] Received ACK seq=100
Timeout, sequence number = 118
Timeout, sequence number = 118
Timeout, sequence number = 119
[CLIENT] Sent data seq=200
Timeout, sequence number = 150
Timeout, sequence number = 151
Timeout, sequence number = 177
Timeout, sequence number = 180
Timeout, sequence number = 198
[CLIENT] Received ACK seq=200
[CLIENT] Sent data seq=300
Timeout, sequence number = 265
[CLIENT] Received ACK seq=300
Timeout, sequence number = 313
Timeout, sequence number = 336
[CLIENT] Sent data seq=400
Timeout, sequence number = 337
Timeout, sequence number = 371
Timeout, sequence number = 383
Timeout, sequence number = 399
[CLIENT] Received ACK seq=400
Timeout, sequence number = 410
Timeout, sequence number = 426
Timeout, sequence number = 426
[CLIENT] Sent data seq=500
Timeout, sequence number = 440
Timeout, sequence number = 473
Timeout, sequence number = 479
Timeout, sequence number = 483
Timeout, sequence number = 493
[CLIENT] Received ACK seq=500
Timeout, sequence number = 521
Timeout, sequence number = 532
[CLIENT] Sent data seq=600
Timeout, sequence number = 559
Timeout, sequence number = 560
Timeout, sequence number = 595
[CLIENT] Received ACK seq=600
Timeout, sequence number = 612
Timeout, sequence number = 615
Timeout, sequence number = 624
Timeout, sequence number = 636
[CLIENT] Sent data seq=700
Timeout, sequence number = 646
Timeout, sequence number = 657
Timeout, sequence number = 679
Timeout, sequence number = 686
Timeout, sequence number = 690
Timeout, sequence number = 700
[CLIENT] Received ACK seq=700
Timeout, sequence number = 708
Timeout, sequence number = 723
Timeout, sequence number = 732
Timeout, sequence number = 732
[CLIENT] Sent data seq=800
Timeout, sequence number = 754
Timeout, sequence number = 757
[CLIENT] Received ACK seq=800
Timeout, sequence number = 814
Timeout, sequence number = 832
Timeout, sequence number = 832
[CLIENT] Sent data seq=900
Timeout, sequence number = 840
Timeout, sequence number = 894
[CLIENT] Received ACK seq=900
Timeout, sequence number = 914
Timeout, sequence number = 935
Timeout, sequence number = 936
[CLIENT] Sent data seq=1000
Timeout, sequence number = 954
Timeout, sequence number = 959
Timeout, sequence number = 976
Timeout, sequence number = 979
[CLIENT] Received ACK seq=1000
[CLIENT] Sent data seq=1100
Timeout, sequence number = 1059
Timeout, sequence number = 1073
[CLIENT] Received ACK seq=1100
Timeout, sequence number = 1126
Timeout, sequence number = 1131
Timeout, sequence number = 1134
[CLIENT] Sent data seq=1200
Timeout, sequence number = 1140
Timeout, sequence number = 1155
Timeout, sequence number = 1192
[CLIENT] Received ACK seq=1200
Timeout, sequence number = 1215
[CLIENT] Sent data seq=1300
Timeout, sequence number = 1239
Timeout, sequence number = 1293
Timeout, sequence number = 1300
[CLIENT] Received ACK seq=1300
Timeout, sequence number = 1326
[CLIENT] Sent data seq=1400
Timeout, sequence number = 1345
Timeout, sequence number = 1363
Timeout, sequence number = 1384
[CLIENT] Received ACK seq=1400
Timeout, sequence number = 1403
Timeout, sequence number = 1407
Timeout, sequence number = 1409
Timeout, sequence number = 1425
[CLIENT] Sent data seq=1500
Timeout, sequence number = 1447
Timeout, sequence number = 1465
Timeout, sequence number = 1467
Timeout, sequence number = 1475
Timeout, sequence number = 1500
[CLIENT] Received ACK seq=1500
Timeout, sequence number = 1535
[CLIENT] Sent data seq=1600
Timeout, sequence number = 1559
Timeout, sequence number = 1575
Timeout, sequence number = 1578
Timeout, sequence number = 1579
[CLIENT] Received ACK seq=1600
Timeout, sequence number = 1603
Timeout, sequence number = 1636
[CLIENT] Sent data seq=1700
Timeout, sequence number = 1654
Timeout, sequence number = 1695
Timeout, sequence number = 1695
[CLIENT] Received ACK seq=1700
Timeout, sequence number = 1723
[CLIENT] Sent data seq=1800
Timeout, sequence number = 1741
Timeout, sequence number = 1745
Timeout, sequence number = 1764
Timeout, sequence number = 1772
Timeout, sequence number = 1799
[CLIENT] Received ACK seq=1800
Timeout, sequence number = 1817
Timeout, sequence number = 1820
Timeout, sequence number = 1821
[CLIENT] Sent data seq=1900
Timeout, sequence number = 1842
Timeout, sequence number = 1854
[CLIENT] Received ACK seq=1900
Timeout, sequence number = 1909
Timeout, sequence number = 1913
Timeout, sequence number = 1928
Timeout, sequence number = 1933
[CLIENT] Sent data seq=2000
[CLIENT] Received ACK seq=2000
Timeout, sequence number = 2021
[CLIENT] Sent data seq=2100
Timeout, sequence number = 2047
Timeout, sequence number = 2078
Timeout, sequence number = 2093
[CLIENT] Received ACK seq=2100
Timeout, sequence number = 2110
Timeout, sequence number = 2121
Timeout, sequence number = 2130
[CLIENT] Sent data seq=2200
Timeout, sequence number = 2142
Timeout, sequence number = 2150
Timeout, sequence number = 2157
Timeout, sequence number = 2157
Timeout, sequence number = 2160
[CLIENT] Received ACK seq=2200
[CLIENT] Sent data seq=2300
Timeout, sequence number = 2249
Timeout, sequence number = 2261
Timeout, sequence number = 2265
Timeout, sequence number = 2292
[CLIENT] Received ACK seq=2300
Timeout, sequence number = 2302
Timeout, sequence number = 2307
Timeout, sequence number = 2312
Timeout, sequence number = 2331
[CLIENT] Sent data seq=2400
Timeout, sequence number = 2346
Timeout, sequence number = 2362
Timeout, sequence number = 2376
Timeout, sequence number = 2389
[CLIENT] Received ACK seq=2400
Timeout, sequence number = 2428
[CLIENT] Sent data seq=2500
Timeout, sequence number = 2441
Timeout, sequence number = 2458
Timeout, sequence number = 2481
Timeout, sequence number = 2495
[CLIENT] Received ACK seq=2500
Timeout, sequence number = 2520
Timeout, sequence number = 2534
[CLIENT] Sent data seq=2600
Timeout, sequence number = 2565
Timeout, sequence number = 2567
Timeout, sequence number = 2568
Timeout, sequence number = 2586
[CLIENT] Received ACK seq=2600
Timeout, sequence number = 2607
[CLIENT] Sent data seq=2700
Timeout, sequence number = 2687
Timeout, sequence number = 2689
Timeout, sequence number = 2696
[CLIENT] Received ACK seq=2700
Timeout, sequence number = 2703
Timeout, sequence number = 2728
Timeout, sequence number = 2736
[CLIENT] Sent data seq=2800
Timeout, sequence number = 2740
Timeout, sequence number = 2751
Timeout, sequence number = 2768
Timeout, sequence number = 2776
Timeout, sequence number = 2789
[CLIENT] Received ACK seq=2800
Timeout, sequence number = 2815
Timeout, sequence number = 2835
[CLIENT] Sent data seq=2900
Timeout, sequence number = 2842
Timeout, sequence number = 2846
Timeout, sequence number = 2855
Timeout, sequence number = 2869
Timeout, sequence number = 2877
Timeout, sequence number = 2877
Timeout, sequence number = 2883
Timeout, sequence number = 2894
Timeout, sequence number = 2900
Timeout, sequence number = 2900
[CLIENT] Received ACK seq=2900
Timeout, sequence number = 2901
Timeout, sequence number = 2905
Timeout, sequence number = 2910
Timeout, sequence number = 2916
Timeout, sequence number = 2934
Timeout, sequence number = 2934
[CLIENT] Sent data seq=3000
Timeout, sequence number = 2965
Timeout, sequence number = 2970
[CLIENT] Received ACK seq=3000
[CLIENT] Summary: sent_packets=3001, ack_packets=3001, retransmitted_packets=11715, timeout_events=184
Transfer complete. Delay = 96.415439 seconds

=== STDERR ===
